#                                                                                     --- full sequence --- -------------- this domain -------------   hmm coord   ali coord   env coord
# target name                 accession   tlen query name           accession   qlen   E-value  score  bias   #  of  c-Evalue  i-Evalue  score  bias  from    to  from    to  from    to  acc description of target
#         ------------------- ---------- ----- -------------------- ---------- ----- --------- ------ ----- --- --- --------- --------- ------ ----- ----- ----- ----- ----- ----- ----- ---- ---------------------
h1tg000043l:1296050-1303270   -            291 115992at33090        -            255  4.1e-132  436.9   9.8   1   1  5.9e-134  4.6e-132  436.7   9.8     1   255    13   291    13   291 0.94 -
h1tg000025l:6451950-6458152   -            308 115992at33090        -            255   2.5e-41  139.4   3.7   1   1   8.3e-43   6.6e-41  138.0   3.7     2   244    22   292    21   305 0.86 -
h1tg000049l:7084076-7084966   -            297 115992at33090        -            255   7.3e-28   95.3  10.3   1   1     1e-29   8.3e-28   95.1  10.3     2   240    12   275    11   296 0.80 -
h1tg000014l:840487-841518     -            344 115992at33090        -            255   5.3e-24   82.6   0.5   1   2   1.5e-16   1.2e-14   52.0   0.1     1   145    52   213    52   220 0.79 -
h1tg000014l:840487-841518     -            344 115992at33090        -            255   5.3e-24   82.6   0.5   2   2   3.3e-09   2.6e-07   27.9   0.0     1    87   221   323   221   341 0.77 -
h1tg000033l:791992-792864     -            291 115992at33090        -            255     2e-23   80.7   3.6   1   3   5.9e-14   4.7e-12   43.5   0.3     1    77     2    87     2    99 0.86 -
h1tg000033l:791992-792864     -            291 115992at33090        -            255     2e-23   80.7   3.6   2   3   1.2e-06   9.7e-05   19.5   0.2    53   103   107   162    93   166 0.80 -
h1tg000033l:791992-792864     -            291 115992at33090        -            255     2e-23   80.7   3.6   3   3   4.7e-06   0.00037   17.6   0.0   151   248   178   282   167   287 0.77 -
h1tg000037l:4004971-4019965   -            909 115992at33090        -            255   1.9e-20   71.0  15.6   1   7    0.0091      0.72    6.8   0.1   153   192    68   107    62   118 0.68 -
h1tg000037l:4004971-4019965   -            909 115992at33090        -            255   1.9e-20   71.0  15.6   2   7   3.8e-09     3e-07   27.7   1.0     1   243   104   366   104   377 0.59 -
h1tg000037l:4004971-4019965   -            909 115992at33090        -            255   1.9e-20   71.0  15.6   3   7     0.079       6.3    3.7   0.0   151   186   407   442   393   449 0.76 -
h1tg000037l:4004971-4019965   -            909 115992at33090        -            255   1.9e-20   71.0  15.6   4   7      0.02       1.6    5.7   0.0   157   225   453   520   444   539 0.82 -
h1tg000037l:4004971-4019965   -            909 115992at33090        -            255   1.9e-20   71.0  15.6   5   7    0.0032      0.25    8.3   0.2   148   233   538   623   531   624 0.86 -
h1tg000037l:4004971-4019965   -            909 115992at33090        -            255   1.9e-20   71.0  15.6   6   7   1.8e-06   0.00014   19.0   0.0     2    34   623   655   622   663 0.93 -
h1tg000037l:4004971-4019965   -            909 115992at33090        -            255   1.9e-20   71.0  15.6   7   7     0.011       0.9    6.5   0.1     1    32   664   695   664   702 0.88 -
h1tg000049l:7096250-7097143   -            298 115992at33090        -            255   4.3e-20   69.8   6.9   1   1   6.9e-22   5.5e-20   69.5   6.9     2   255    12   298    11   298 0.72 -
h1tg000024l:1549910-1550584   -            225 115992at33090        -            255   1.4e-19   68.1   0.7   1   3     6e-17   4.7e-15   53.3   0.3     2   106    31   147    30   159 0.85 -
h1tg000024l:1549910-1550584   -            225 115992at33090        -            255   1.4e-19   68.1   0.7   2   3   0.00019     0.015   12.3   0.0     2    37   157   192   156   200 0.89 -
h1tg000024l:1549910-1550584   -            225 115992at33090        -            255   1.4e-19   68.1   0.7   3   3       1.6   1.3e+02   -0.6   0.0     6    26   204   224   198   225 0.79 -
h1tg000038l:6949893-6950654   -            254 115992at33090        -            255   4.7e-17   59.8   4.1   1   2     8e-11   6.3e-09   33.2   0.9     2   113     8   137     7   140 0.75 -
h1tg000038l:6949893-6950654   -            254 115992at33090        -            255   4.7e-17   59.8   4.1   2   2   2.1e-08   1.7e-06   25.3   0.1     2   102   142   254   141   254 0.79 -
h1tg000037l:7692471-7729306   -            847 115992at33090        -            255   5.5e-15   53.1   6.5   1   3     4e-05    0.0032   14.5   0.2   125   255   151   295   131   295 0.74 -
h1tg000037l:7692471-7729306   -            847 115992at33090        -            255   5.5e-15   53.1   6.5   2   3   0.00017     0.013   12.5   0.0     1    32   312   343   312   359 0.89 -
h1tg000037l:7692471-7729306   -            847 115992at33090        -            255   5.5e-15   53.1   6.5   3   3   1.8e-08   1.5e-06   25.5   1.6     2   122   480   612   479   628 0.77 -
h1tg000005l:14508857-14514934 -            898 115992at33090        -            255   8.6e-15   52.4   3.5   1   6       5.6   4.5e+02   -2.3   0.0   148   168    91   111    85   121 0.73 -
h1tg000005l:14508857-14514934 -            898 115992at33090        -            255   8.6e-15   52.4   3.5   2   6       0.1       8.1    3.4   0.0     4    31   142   169   139   175 0.88 -
h1tg000005l:14508857-14514934 -            898 115992at33090        -            255   8.6e-15   52.4   3.5   3   6   4.2e-07   3.3e-05   21.0   0.9     7   114   351   472   346   509 0.66 -
h1tg000005l:14508857-14514934 -            898 115992at33090        -            255   8.6e-15   52.4   3.5   4   6   1.5e-05    0.0012   15.9   0.0    61   104   499   547   482   557 0.80 -
h1tg000005l:14508857-14514934 -            898 115992at33090        -            255   8.6e-15   52.4   3.5   5   6     0.022       1.7    5.6   0.0     2    54   559   610   558   616 0.85 -
h1tg000005l:14508857-14514934 -            898 115992at33090        -            255   8.6e-15   52.4   3.5   6   6      0.41        32    1.4   0.0    48   231   632   661   603   678 0.61 -
h1tg000045l:9451054-9451689   -            212 115992at33090        -            255   7.5e-14   49.4   0.1   1   1   1.6e-15   1.3e-13   48.6   0.1    49   216    27   209    13   212 0.79 -
h1tg000010l:30320343-30325525 -            452 115992at33090        -            255   1.6e-12   45.0   3.7   1   3       4.1   3.3e+02   -1.9   0.0     2    33    42    74    41    80 0.68 -
h1tg000010l:30320343-30325525 -            452 115992at33090        -            255   1.6e-12   45.0   3.7   2   3   2.5e-06    0.0002   18.5   1.1    52   106   161   221   101   226 0.76 -
h1tg000010l:30320343-30325525 -            452 115992at33090        -            255   1.6e-12   45.0   3.7   3   3   1.1e-07   8.3e-06   23.0   0.1     2    84   313   406   312   413 0.78 -
h1tg000037l:2830820-2831212   -            131 115992at33090        -            255   1.7e-11   41.6   0.1   1   2   2.9e-05    0.0023   15.0   0.0     2    43     6    47     5    52 0.89 -
h1tg000037l:2830820-2831212   -            131 115992at33090        -            255   1.7e-11   41.6   0.1   2   2   1.2e-08   9.8e-07   26.0   0.1     2    79    47   131    46   131 0.87 -
h1tg000036l:4009965-4010558   -            198 115992at33090        -            255   2.6e-11   41.0   0.0   1   1   4.3e-13   3.4e-11   40.6   0.0    48   215    14   196     1   198 0.80 -
h1tg000024l:2533116-2533865   -            250 115992at33090        -            255   8.5e-11   39.3   4.2   1   3     0.027       2.1    5.3   0.0    62    80    33    51    18    61 0.81 -
h1tg000024l:2533116-2533865   -            250 115992at33090        -            255   8.5e-11   39.3   4.2   2   3   4.9e-10   3.9e-08   30.6   0.8    49   116    63   136    54   173 0.70 -
h1tg000024l:2533116-2533865   -            250 115992at33090        -            255   8.5e-11   39.3   4.2   3   3      0.02       1.6    5.7   0.0    35    85   131   186   127   219 0.78 -
h1tg000024l:8305338-8305943   -            202 115992at33090        -            255   3.4e-09   34.1   0.1   1   1   1.6e-10   1.2e-08   32.3   0.1    49   216    17   201    14   202 0.81 -
h1tg000032l:6972449-6973069   -            207 115992at33090        -            255   5.1e-09   33.5   8.1   1   2   1.2e-08   9.1e-07   26.1   3.4     5   107     7   124     3   141 0.74 -
h1tg000032l:6972449-6973069   -            207 115992at33090        -            255   5.1e-09   33.5   8.1   2   2    0.0015      0.12    9.4   0.4     2   102   134   207   128   207 0.45 -
h1tg000040l:6039645-6040400   -            252 115992at33090        -            255   5.4e-09   33.4   1.1   1   2   6.6e-06   0.00052   17.1   0.1    53    86    70   104    50   134 0.72 -
h1tg000040l:6039645-6040400   -            252 115992at33090        -            255   5.4e-09   33.4   1.1   2   2   5.9e-05    0.0047   14.0   0.1    10    67   148   217   141   224 0.56 -
h1tg000010l:26367815-26368390 -            192 115992at33090        -            255   8.3e-09   32.8   0.2   1   1   1.5e-10   1.2e-08   32.3   0.2    54   172    29   157    18   191 0.82 -
h1tg000025l:13131845-13132228 -            128 115992at33090        -            255   2.6e-08   31.2   0.9   1   1   4.7e-10   3.7e-08   30.7   0.9    57   171     1   125     1   128 0.82 -
h1tg000030l:5660223-5661197   -            325 115992at33090        -            255   5.1e-08   30.2   4.5   1   3     0.072       5.7    3.9   0.1    14    76    17    88     6   102 0.62 -
h1tg000030l:5660223-5661197   -            325 115992at33090        -            255   5.1e-08   30.2   4.5   2   3     0.016       1.2    6.0   0.0     1    32   123   154   123   164 0.91 -
h1tg000030l:5660223-5661197   -            325 115992at33090        -            255   5.1e-08   30.2   4.5   3   3   1.1e-06   8.9e-05   19.6   0.8     2   104   167   288   166   314 0.72 -
h1tg000002l:22673346-22673552 -             69 115992at33090        -            255   9.6e-08   29.3   0.1   1   2   9.1e-06   0.00072   16.6   0.1    54    81     2    29     1    36 0.88 -
h1tg000002l:22673346-22673552 -             69 115992at33090        -            255   9.6e-08   29.3   0.1   2   2   0.00062     0.049   10.6   0.0    49    79    39    69    35    69 0.82 -
h1tg000005l:16782550-16783128 -            193 115992at33090        -            255     1e-07   29.2   1.4   1   2   2.4e-05    0.0019   15.3   0.4    52   103    22    77    15    90 0.84 -
h1tg000005l:16782550-16783128 -            193 115992at33090        -            255     1e-07   29.2   1.4   2   2   0.00013     0.011   12.8   0.0   150   217    97   165    92   180 0.88 -
h1tg000047l:5042790-5043266   -            159 115992at33090        -            255   1.7e-07   28.5   0.4   1   2   1.1e-08   8.8e-07   26.2   0.4     2    89     7   102     6   131 0.79 -
h1tg000047l:5042790-5043266   -            159 115992at33090        -            255   1.7e-07   28.5   0.4   2   2      0.46        36    1.2   0.1   202   223   109   130   101   149 0.72 -
h1tg000047l:9651112-9655100   -            304 115992at33090        -            255   2.1e-07   28.2   0.5   1   2   1.4e-05    0.0011   16.0   0.1    74   149    13   102     9   140 0.68 -
h1tg000047l:9651112-9655100   -            304 115992at33090        -            255   2.1e-07   28.2   0.5   2   2    0.0042      0.33    7.9   0.0     5    47   234   274   230   299 0.84 -
h1tg000029l:4337099-4337740   -            214 115992at33090        -            255   2.8e-07   27.8   2.8   1   2   2.5e-08   1.9e-06   25.1   1.4    47   191    11   176     8   200 0.71 -
h1tg000029l:4337099-4337740   -            214 115992at33090        -            255   2.8e-07   27.8   2.8   2   2         1        81    0.1   0.0    89   103   198   212   188   214 0.84 -
h1tg000001l:19024566-19025252 -            229 115992at33090        -            255   5.8e-07   26.8   0.5   1   2         1        82    0.1   0.0   208   223    29    44    18    53 0.53 -
h1tg000001l:19024566-19025252 -            229 115992at33090        -            255   5.8e-07   26.8   0.5   2   2   4.4e-08   3.5e-06   24.2   0.1   127   241    82   204    68   213 0.73 -
h1tg000038l:838841-839746     -            302 115992at33090        -            255   6.4e-07   26.6   6.8   1   4      0.15        12    2.8   0.0    13    32    11    30     2    78 0.82 -
h1tg000038l:838841-839746     -            302 115992at33090        -            255   6.4e-07   26.6   6.8   2   4         2   1.6e+02   -0.9   0.0    90   105    63    78    45    87 0.65 -
h1tg000038l:838841-839746     -            302 115992at33090        -            255   6.4e-07   26.6   6.8   3   4    0.0069      0.54    7.2   0.4    49   102   135   193    92   207 0.61 -
h1tg000038l:838841-839746     -            302 115992at33090        -            255   6.4e-07   26.6   6.8   4   4   1.8e-07   1.4e-05   22.2   1.4     2   111   166   291   165   297 0.73 -
h1tg000016l:5265188-5265379   -             64 115992at33090        -            255   9.1e-07   26.1   0.1   1   1   1.2e-08   9.9e-07   26.0   0.1    47    83    12    48     5    59 0.87 -
h1tg000017l:8571414-8571785   -            124 115992at33090        -            255   9.3e-07   26.1   0.1   1   2    0.0059      0.46    7.4   0.0     2    38    20    56     9    71 0.78 -
h1tg000017l:8571414-8571785   -            124 115992at33090        -            255   9.3e-07   26.1   0.1   2   2     7e-06   0.00056   17.0   0.0     2    34    81   113    80   121 0.88 -
h1tg000038l:4309328-4309933   -            202 115992at33090        -            255   1.6e-06   25.3   0.2   1   4     0.069       5.5    3.9   0.0     9    37     4    32     1    36 0.91 -
h1tg000038l:4309328-4309933   -            202 115992at33090        -            255   1.6e-06   25.3   0.2   2   4     0.012      0.97    6.4   0.0     1    36    38    73    38    81 0.93 -
h1tg000038l:4309328-4309933   -            202 115992at33090        -            255   1.6e-06   25.3   0.2   3   4         2   1.6e+02   -0.9   0.0   154   191    93   131    86   140 0.61 -
h1tg000038l:4309328-4309933   -            202 115992at33090        -            255   1.6e-06   25.3   0.2   4   4   0.00082     0.065   10.2   0.1    53    84   147   178   141   184 0.79 -
h1tg000037l:7868343-7871088   -            338 115992at33090        -            255   1.8e-06   25.1   3.7   1   3    0.0076       0.6    7.1   0.3    85   141    46   111    39   200 0.63 -
h1tg000037l:7868343-7871088   -            338 115992at33090        -            255   1.8e-06   25.1   3.7   2   3     0.002      0.16    9.0   0.5    50   105   217   287   214   292 0.55 -
h1tg000037l:7868343-7871088   -            338 115992at33090        -            255   1.8e-06   25.1   3.7   3   3    0.0072      0.57    7.1   0.0   128   156   272   300   244   317 0.68 -
h1tg000022l:17572710-17573327 -            206 115992at33090        -            255   6.8e-06   23.3   1.6   1   2   0.00013      0.01   12.9   0.1     1   106     3   129     3   136 0.66 -
h1tg000022l:17572710-17573327 -            206 115992at33090        -            255   6.8e-06   23.3   1.6   2   2   0.00044     0.035   11.1   0.7   151   236   101   181    97   204 0.78 -
h1tg000029l:4100271-4122906   -            669 115992at33090        -            255   7.2e-06   23.2   0.2   1   3      0.55        44    1.0   0.0    18    33    32    47     4    60 0.57 -
h1tg000029l:4100271-4122906   -            669 115992at33090        -            255   7.2e-06   23.2   0.2   2   3   2.3e-05    0.0018   15.3   0.0    52   102    83   135    78   173 0.74 -
h1tg000029l:4100271-4122906   -            669 115992at33090        -            255   7.2e-06   23.2   0.2   3   3      0.18        14    2.5   0.0     2    37   187   221   186   228 0.81 -
h1tg000029l:3756661-3756975   -            105 115992at33090        -            255   9.7e-06   22.8   1.4   1   1   2.2e-06   0.00017   18.7   1.4    90   147     2    64     1    98 0.66 -
h1tg000023l:16744138-16744707 -            190 115992at33090        -            255   1.2e-05   22.5   1.9   1   2   2.4e-05    0.0019   15.3   0.1    49   116    20    94     4   107 0.76 -
h1tg000023l:16744138-16744707 -            190 115992at33090        -            255   1.2e-05   22.5   1.9   2   2    0.0059      0.46    7.4   0.2    14    36   112   136    98   188 0.72 -
h1tg000023l:8791947-8792825   -            293 115992at33090        -            255   1.5e-05   22.1   0.3   1   3    0.0058      0.46    7.4   0.0   153   184     2    34     1    50 0.67 -
h1tg000023l:8791947-8792825   -            293 115992at33090        -            255   1.5e-05   22.1   0.3   2   3   0.00075     0.059   10.4   0.0     7    31   151   175   145   209 0.85 -
h1tg000023l:8791947-8792825   -            293 115992at33090        -            255   1.5e-05   22.1   0.3   3   3      0.58        46    0.9   0.0   200   222   230   256   201   285 0.63 -
h1tg000008l:5143232-5144020   -            263 115992at33090        -            255   2.3e-05   21.5   0.1   1   2       9.9   7.8e+02   -3.1   0.0    89   106     9    26     7    27 0.66 -
h1tg000008l:5143232-5144020   -            263 115992at33090        -            255   2.3e-05   21.5   0.1   2   2   6.8e-07   5.4e-05   20.3   0.0    92   218   119   261    96   263 0.76 -
h1tg000024l:8043476-8047979   -            675 115992at33090        -            255   4.2e-05   20.7   0.3   1   3     0.083       6.6    3.7   0.0    88   107   221   240   202   247 0.64 -
h1tg000024l:8043476-8047979   -            675 115992at33090        -            255   4.2e-05   20.7   0.3   2   3      0.74        58    0.6   0.0    90   105   325   340   318   390 0.65 -
h1tg000024l:8043476-8047979   -            675 115992at33090        -            255   4.2e-05   20.7   0.3   3   3   0.00019     0.015   12.3   0.0    57   116   377   443   366   458 0.74 -
h1tg000037l:5642051-5642731   -            227 115992at33090        -            255     7e-05   20.0   4.8   1   2   8.8e-06   0.00069   16.7   1.2    46   112    72   142    39   148 0.85 -
h1tg000037l:5642051-5642731   -            227 115992at33090        -            255     7e-05   20.0   4.8   2   2     0.051         4    4.4   0.1    52    69   210   227   205   227 0.92 -
h1tg000025l:9346749-9347495   -            249 115992at33090        -            255    0.0002   18.5   1.6   1   2      0.27        21    2.0   0.0   122   154    67    99    20   112 0.65 -
h1tg000025l:9346749-9347495   -            249 115992at33090        -            255    0.0002   18.5   1.6   2   2     3e-05    0.0024   14.9   1.0    52   103   146   201   122   249 0.60 -
h1tg000002l:25180139-25180984 -            282 115992at33090        -            255   0.00046   17.3   5.4   1   3      0.38        30    1.5   0.0    15    34    13    32     4    41 0.83 -
h1tg000002l:25180139-25180984 -            282 115992at33090        -            255   0.00046   17.3   5.4   2   3   0.00014     0.011   12.7   1.5    92   220    79   224    73   238 0.62 -
h1tg000002l:25180139-25180984 -            282 115992at33090        -            255   0.00046   17.3   5.4   3   3       0.7        56    0.6   0.0    89   105   262   278   244   280 0.79 -
h1tg000047l:384241-384930     -            230 115992at33090        -            255     0.002   15.2   0.0   1   3     0.054       4.3    4.3   0.0   151   217    11    76     7    90 0.73 -
h1tg000047l:384241-384930     -            230 115992at33090        -            255     0.002   15.2   0.0   2   3     0.036       2.9    4.8   0.0     1    37   103   139   103   185 0.76 -
h1tg000047l:384241-384930     -            230 115992at33090        -            255     0.002   15.2   0.0   3   3      0.19        15    2.5   0.0     4    35   198   229   195   230 0.55 -
h1tg000008l:5136244-5136903   -            220 115992at33090        -            255     0.002   15.2   0.4   1   2      0.49        39    1.1   0.0    23    39   108   124    89   178 0.70 -
h1tg000008l:5136244-5136903   -            220 115992at33090        -            255     0.002   15.2   0.4   2   2   0.00033     0.026   11.5   0.1     1    43   176   218   176   220 0.64 -
h1tg000001l:18007430-18008014 -            195 115992at33090        -            255     0.013   12.6   1.0   1   2    0.0012     0.094    9.7   0.3   150   217    11    83     5    99 0.59 -
h1tg000001l:18007430-18008014 -            195 115992at33090        -            255     0.013   12.6   1.0   2   2       0.8        64    0.4   0.0    98   115   142   160   112   194 0.49 -
#
# Program:         hmmsearch
# Version:         3.3.2 (Nov 2020)
# Pipeline mode:   SEARCH
# Query file:      /work/sablok/grapevineassemblies/assemblyhifiasm/busco_hifiasmtriobinning/busco_downloads/lineages/viridiplantae_odb10/hmms/115992at33090.hmm
# Target file:     /work/sablok/grapevineassemblies/assemblyhifiasm/busco_hifiasmtriobinning/maternalpaternal.asm.dip.hap1.p_ctg.fa.busco/run_viridiplantae_odb10/metaeuk_output/initial_results/maternalpaternal.asm.dip.hap1.p_ctg.fa.modified.fas
# Option settings: hmmsearch --domtblout /work/sablok/grapevineassemblies/assemblyhifiasm/busco_hifiasmtriobinning/maternalpaternal.asm.dip.hap1.p_ctg.fa.busco/run_viridiplantae_odb10/hmmer_output/initial_run_results/115992at33090.out --cpu 1 /work/sablok/grapevineassemblies/assemblyhifiasm/busco_hifiasmtriobinning/busco_downloads/lineages/viridiplantae_odb10/hmms/115992at33090.hmm /work/sablok/grapevineassemblies/assemblyhifiasm/busco_hifiasmtriobinning/maternalpaternal.asm.dip.hap1.p_ctg.fa.busco/run_viridiplantae_odb10/metaeuk_output/initial_results/maternalpaternal.asm.dip.hap1.p_ctg.fa.modified.fas 
# Current dir:     /work/sablok/grapevineassemblies/assemblyhifiasm/busco_hifiasmtriobinning
# Date:            Thu Apr 18 11:10:15 2024
# [ok]
