#                                                                                     --- full sequence --- -------------- this domain -------------   hmm coord   ali coord   env coord
# target name                 accession   tlen query name           accession   qlen   E-value  score  bias   #  of  c-Evalue  i-Evalue  score  bias  from    to  from    to  from    to  acc description of target
#         ------------------- ---------- ----- -------------------- ---------- ----- --------- ------ ----- --- --- --------- --------- ------ ----- ----- ----- ----- ----- ----- ----- ---- ---------------------
h1tg000002l:26638588-26653800 -            585 116585at33090        -            292  3.1e-118  392.0  13.5   1   3   4.5e-45   6.1e-43  144.9   0.1     1   114    31   135    31   172 0.86 -
h1tg000002l:26638588-26653800 -            585 116585at33090        -            292  3.1e-118  392.0  13.5   2   3     2e-77   2.8e-75  251.0   6.6   120   284   177   364   163   368 0.83 -
h1tg000002l:26638588-26653800 -            585 116585at33090        -            292  3.1e-118  392.0  13.5   3   3       9.1   1.2e+03   -3.8   0.0   172   193   454   475   449   512 0.71 -
h1tg000047l:3098661-3098939   -             93 116585at33090        -            292   5.4e-16   56.4   4.9   1   1   5.4e-18   7.3e-16   56.0   4.9   228   288    21    90     6    92 0.81 -
h1tg000030l:4313170-4313595   -            142 116585at33090        -            292   4.3e-10   37.0   0.4   1   1   3.8e-12   5.1e-10   36.8   0.4   208   276    68   142    45   142 0.73 -
h1tg000029l:6693878-6694099   -             74 116585at33090        -            292   8.6e-09   32.8   4.2   1   1   6.5e-11   8.7e-09   32.8   4.2   230   277    24    74     5    74 0.81 -
h1tg000008l:923316-923519     -             68 116585at33090        -            292   2.5e-08   31.3   3.2   1   1   1.9e-10   2.6e-08   31.2   3.2   229   279    10    65     3    68 0.79 -
h1tg000020l:5803626-5824645   -            567 116585at33090        -            292   2.6e-08   31.2   2.5   1   1   3.2e-10   4.3e-08   30.5   2.5   234   282   127   179   106   186 0.83 -
h1tg000022l:5658628-5658864   -             79 116585at33090        -            292   3.3e-08   30.9   4.1   1   1   2.5e-10   3.4e-08   30.8   4.1   226   278    20    76     7    79 0.82 -
h1tg000010l:32890307-32890552 -             82 116585at33090        -            292   5.2e-08   30.2   3.5   1   1   3.9e-10   5.2e-08   30.2   3.5   234   277    34    81    10    82 0.84 -
h1tg000024l:6392271-6392483   -             71 116585at33090        -            292   1.6e-07   28.6   1.7   1   1   1.3e-09   1.7e-07   28.5   1.7   234   277    24    71    14    71 0.80 -
h1tg000003l:5693333-5693623   -             97 116585at33090        -            292     3e-07   27.7   9.7   1   1   2.7e-09   3.7e-07   27.4   9.7   235   288    35    97    17    97 0.77 -
h1tg000006l:8639057-8639275   -             73 116585at33090        -            292   3.8e-07   27.4   4.4   1   1   3.2e-09   4.3e-07   27.2   4.4   234   276    27    73    17    73 0.82 -
h1tg000038l:353588-353827     -             80 116585at33090        -            292   5.7e-07   26.8   6.7   1   1   4.2e-09   5.7e-07   26.8   6.7   216   282     9    78     1    80 0.74 -
h1tg000023l:13818608-13818826 -             73 116585at33090        -            292   9.8e-07   26.0   1.7   1   1   8.2e-09   1.1e-06   25.9   1.7   232   276    25    73    16    73 0.81 -
h1tg000029l:4231195-4231461   -             89 116585at33090        -            292     1e-06   26.0   0.6   1   1   7.5e-09     1e-06   26.0   0.6   232   276    41    89     9    89 0.81 -
h1tg000045l:7753774-7754058   -             95 116585at33090        -            292   1.2e-06   25.8   0.5   1   1   8.6e-09   1.2e-06   25.8   0.5   215   276    32    95     7    95 0.72 -
h1tg000033l:7971039-8014543   -           4277 116585at33090        -            292   1.3e-06   25.6   4.0   1   1   2.2e-08   2.9e-06   24.5   4.0   220   282  4211  4271  4177  4275 0.68 -
h1tg000025l:7608366-7608572   -             69 116585at33090        -            292   1.8e-06   25.2   2.1   1   1   1.4e-08   1.9e-06   25.1   2.1   233   276    22    69    10    69 0.80 -
h1tg000020l:5493731-5494162   -            144 116585at33090        -            292   2.2e-06   24.9   9.2   1   1   2.2e-08     3e-06   24.4   9.2   238   286     1    51     1    56 0.89 -
h1tg000001l:2082084-2082332   -             83 116585at33090        -            292   8.4e-06   23.0   3.9   1   1   6.2e-08   8.4e-06   23.0   3.9   231   276    34    83     5    83 0.77 -
h1tg000033l:7711115-7711324   -             70 116585at33090        -            292   9.1e-06   22.9   2.5   1   1   7.2e-08   9.7e-06   22.8   2.5   230   276    20    70     8    70 0.82 -
h1tg000040l:4901774-4902055   -             94 116585at33090        -            292   3.1e-05   21.1   5.4   1   1   2.7e-07   3.6e-05   20.9   5.4   234   276    48    94    38    94 0.85 -
h1tg000033l:8703584-8703796   -             71 116585at33090        -            292   3.9e-05   20.8   2.2   1   1     3e-07     4e-05   20.7   2.2   228   277    17    70     2    71 0.75 -
h1tg000003l:18944347-18963555 -            392 116585at33090        -            292     6e-05   20.2   0.0   1   2       1.5   2.1e+02   -1.3   0.0    90   124   112   146    95   153 0.78 -
h1tg000003l:18944347-18963555 -            392 116585at33090        -            292     6e-05   20.2   0.0   2   2   1.7e-06   0.00022   18.3   0.0   233   268   334   370   280   374 0.79 -
h1tg000003l:2425498-2425713   -             72 116585at33090        -            292   8.6e-05   19.7   7.0   1   1     7e-07   9.4e-05   19.5   7.0   228   277    19    72    10    72 0.81 -
h1tg000003l:7941440-7941748   -            103 116585at33090        -            292    0.0011   16.0   1.3   1   1   9.3e-06    0.0013   15.8   1.3   235   276    59   103    31   103 0.71 -
h1tg000022l:8310472-8332528   -           1904 116585at33090        -            292     0.035   11.1   4.1   1   1   0.00047     0.063   10.2   4.1   235   278  1851  1903  1809  1904 0.71 -
h1tg000025l:7627375-7628043   -            223 116585at33090        -            292      0.11    9.5   5.4   1   1     0.001      0.14    9.1   5.4   230   268   111   150    76   183 0.74 -
#
# Program:         hmmsearch
# Version:         3.3.2 (Nov 2020)
# Pipeline mode:   SEARCH
# Query file:      /work/sablok/grapevineassemblies/assemblyhifiasm/busco_hifiasmtriobinning/busco_downloads/lineages/viridiplantae_odb10/hmms/116585at33090.hmm
# Target file:     /work/sablok/grapevineassemblies/assemblyhifiasm/busco_hifiasmtriobinning/maternalpaternal.asm.dip.hap1.p_ctg.fa.busco/run_viridiplantae_odb10/metaeuk_output/initial_results/maternalpaternal.asm.dip.hap1.p_ctg.fa.modified.fas
# Option settings: hmmsearch --domtblout /work/sablok/grapevineassemblies/assemblyhifiasm/busco_hifiasmtriobinning/maternalpaternal.asm.dip.hap1.p_ctg.fa.busco/run_viridiplantae_odb10/hmmer_output/initial_run_results/116585at33090.out --cpu 1 /work/sablok/grapevineassemblies/assemblyhifiasm/busco_hifiasmtriobinning/busco_downloads/lineages/viridiplantae_odb10/hmms/116585at33090.hmm /work/sablok/grapevineassemblies/assemblyhifiasm/busco_hifiasmtriobinning/maternalpaternal.asm.dip.hap1.p_ctg.fa.busco/run_viridiplantae_odb10/metaeuk_output/initial_results/maternalpaternal.asm.dip.hap1.p_ctg.fa.modified.fas 
# Current dir:     /work/sablok/grapevineassemblies/assemblyhifiasm/busco_hifiasmtriobinning
# Date:            Thu Apr 18 11:10:06 2024
# [ok]
