#                                                                                   --- full sequence --- -------------- this domain -------------   hmm coord   ali coord   env coord
# target name               accession   tlen query name           accession   qlen   E-value  score  bias   #  of  c-Evalue  i-Evalue  score  bias  from    to  from    to  from    to  acc description of target
#       ------------------- ---------- ----- -------------------- ---------- ----- --------- ------ ----- --- --- --------- --------- ------ ----- ----- ----- ----- ----- ----- ----- ---- ---------------------
h1tg000010l:3303235-3327961 -            333 117247at33090        -            273    1e-143  475.3   0.0   1   1  4.8e-146  1.6e-143  474.7   0.0     1   272    44   333    44   333 0.95 -
h1tg000012l:3422048-3548513 -           1711 117247at33090        -            273   2.6e-07   27.9   0.5   1   1   1.7e-09   5.6e-07   26.9   0.5    32   119  1420  1518  1394  1535 0.70 -
h1tg000003l:6554177-6555812 -            169 117247at33090        -            273   1.5e-05   22.2   0.1   1   1   5.2e-08   1.7e-05   22.0   0.1    39   117    11    94     2   143 0.70 -
h1tg000010l:5020714-5021936 -            173 117247at33090        -            273   3.7e-05   20.9   0.0   1   1   1.5e-07     5e-05   20.4   0.0    40   114    13    92     4   110 0.67 -
h1tg000033l:9490897-9491831 -            163 117247at33090        -            273   8.1e-05   19.8   0.1   1   1     3e-07   9.9e-05   19.5   0.1    39   115     9    88     3   118 0.78 -
h1tg000002l:5283005-5309202 -            999 117247at33090        -            273   8.3e-05   19.7   0.1   1   2   0.00011     0.038   11.0   0.0    26    93   663   737   645   762 0.67 -
h1tg000002l:5283005-5309202 -            999 117247at33090        -            273   8.3e-05   19.7   0.1   2   2    0.0032         1    6.3   0.0   235   264   968   997   965   999 0.87 -
h1tg000025l:9192700-9194056 -            215 117247at33090        -            273   0.00038   17.6   0.0   1   1     2e-06   0.00067   16.8   0.0    35   121     4    94     1   112 0.71 -
h1tg000025l:9202629-9205200 -            213 117247at33090        -            273    0.0042   14.2   0.1   1   1   1.7e-05    0.0057   13.7   0.1    43   125    14    96     2   108 0.71 -
h1tg000025l:9206996-9214910 -            157 117247at33090        -            273    0.0053   13.8   0.1   1   1   2.1e-05    0.0069   13.4   0.1    45   127    15    95     3   106 0.68 -
h1tg000029l:4743584-4744535 -            197 117247at33090        -            273    0.0091   13.0   0.0   1   1   3.3e-05     0.011   12.8   0.0    42   131     5    98     2   140 0.72 -
h1tg000010l:1559447-1560157 -            237 117247at33090        -            273     0.052   10.6   0.3   1   1   0.00079      0.26    8.3   0.3    31   120    36   135    29   150 0.67 -
#
# Program:         hmmsearch
# Version:         3.3.2 (Nov 2020)
# Pipeline mode:   SEARCH
# Query file:      /work/sablok/grapevineassemblies/assemblyhifiasm/busco_hifiasmtriobinning/busco_downloads/lineages/viridiplantae_odb10/hmms/117247at33090.hmm
# Target file:     /work/sablok/grapevineassemblies/assemblyhifiasm/busco_hifiasmtriobinning/maternalpaternal.asm.dip.hap1.p_ctg.fa.busco/run_viridiplantae_odb10/metaeuk_output/initial_results/maternalpaternal.asm.dip.hap1.p_ctg.fa.modified.fas
# Option settings: hmmsearch --domtblout /work/sablok/grapevineassemblies/assemblyhifiasm/busco_hifiasmtriobinning/maternalpaternal.asm.dip.hap1.p_ctg.fa.busco/run_viridiplantae_odb10/hmmer_output/initial_run_results/117247at33090.out --cpu 1 /work/sablok/grapevineassemblies/assemblyhifiasm/busco_hifiasmtriobinning/busco_downloads/lineages/viridiplantae_odb10/hmms/117247at33090.hmm /work/sablok/grapevineassemblies/assemblyhifiasm/busco_hifiasmtriobinning/maternalpaternal.asm.dip.hap1.p_ctg.fa.busco/run_viridiplantae_odb10/metaeuk_output/initial_results/maternalpaternal.asm.dip.hap1.p_ctg.fa.modified.fas 
# Current dir:     /work/sablok/grapevineassemblies/assemblyhifiasm/busco_hifiasmtriobinning
# Date:            Thu Apr 18 11:10:06 2024
# [ok]
