#                                                                                     --- full sequence --- -------------- this domain -------------   hmm coord   ali coord   env coord
# target name                 accession   tlen query name           accession   qlen   E-value  score  bias   #  of  c-Evalue  i-Evalue  score  bias  from    to  from    to  from    to  acc description of target
#         ------------------- ---------- ----- -------------------- ---------- ----- --------- ------ ----- --- --- --------- --------- ------ ----- ----- ----- ----- ----- ----- ----- ---- ---------------------
h1tg000077l:843289-844770     -            494 122367at33090        -            337  4.5e-148  490.1   0.7   1   1  1.1e-149  8.4e-147  486.0   0.7     1   337    73   489    73   489 0.86 -
h1tg000043l:62757-89740       -            582 122367at33090        -            337   4.9e-14   49.5   0.1   1   2   4.7e-11   3.4e-08   30.3   0.0     1    60   112   177   112   185 0.86 -
h1tg000043l:62757-89740       -            582 122367at33090        -            337   4.9e-14   49.5   0.1   2   2   4.8e-07   0.00035   17.1   0.0   297   336   521   563   509   564 0.88 -
h1tg000031l:22531861-22532802 -            314 122367at33090        -            337   3.7e-05   20.3   0.3   1   1   7.2e-08   5.2e-05   19.8   0.3     1    39    20    63    20    66 0.85 -
h1tg000001l:18606066-18606941 -            292 122367at33090        -            337    0.0012   15.3   0.3   1   2   2.1e-05     0.015   11.7   0.3     1    43    10    62    10    72 0.74 -
h1tg000001l:18606066-18606941 -            292 122367at33090        -            337    0.0012   15.3   0.3   2   2     0.034        25    1.1   0.0   160   196   239   275   234   288 0.83 -
h1tg000002l:26173711-26174022 -            104 122367at33090        -            337    0.0022   14.4   0.0   1   1   3.7e-06    0.0027   14.2   0.0     3    32     4    36     2    57 0.84 -
#
# Program:         hmmsearch
# Version:         3.3.2 (Nov 2020)
# Pipeline mode:   SEARCH
# Query file:      /work/sablok/grapevineassemblies/assemblyhifiasm/busco_hifiasmtriobinning/busco_downloads/lineages/viridiplantae_odb10/hmms/122367at33090.hmm
# Target file:     /work/sablok/grapevineassemblies/assemblyhifiasm/busco_hifiasmtriobinning/maternalpaternal.asm.dip.hap1.p_ctg.fa.busco/run_viridiplantae_odb10/metaeuk_output/initial_results/maternalpaternal.asm.dip.hap1.p_ctg.fa.modified.fas
# Option settings: hmmsearch --domtblout /work/sablok/grapevineassemblies/assemblyhifiasm/busco_hifiasmtriobinning/maternalpaternal.asm.dip.hap1.p_ctg.fa.busco/run_viridiplantae_odb10/hmmer_output/initial_run_results/122367at33090.out --cpu 1 /work/sablok/grapevineassemblies/assemblyhifiasm/busco_hifiasmtriobinning/busco_downloads/lineages/viridiplantae_odb10/hmms/122367at33090.hmm /work/sablok/grapevineassemblies/assemblyhifiasm/busco_hifiasmtriobinning/maternalpaternal.asm.dip.hap1.p_ctg.fa.busco/run_viridiplantae_odb10/metaeuk_output/initial_results/maternalpaternal.asm.dip.hap1.p_ctg.fa.modified.fas 
# Current dir:     /work/sablok/grapevineassemblies/assemblyhifiasm/busco_hifiasmtriobinning
# Date:            Thu Apr 18 11:10:07 2024
# [ok]
