#                                                                                     --- full sequence --- -------------- this domain -------------   hmm coord   ali coord   env coord
# target name                 accession   tlen query name           accession   qlen   E-value  score  bias   #  of  c-Evalue  i-Evalue  score  bias  from    to  from    to  from    to  acc description of target
#         ------------------- ---------- ----- -------------------- ---------- ----- --------- ------ ----- --- --- --------- --------- ------ ----- ----- ----- ----- ----- ----- ----- ---- ---------------------
h1tg000006l:4723928-4751592   -            523 126138at33090        -            440  1.1e-177  589.3   9.2   1   1  1.7e-178    2e-176  585.2   9.2     1   440    11   518    11   518 0.88 -
h1tg000038l:3424091-3424333   -             81 126138at33090        -            440   1.7e-31  107.6   0.7   1   1   1.6e-33   1.9e-31  107.4   0.7     2    74     4    77     3    79 0.96 -
h1tg000007l:10026977-10027321 -             80 126138at33090        -            440   9.7e-28   95.2   1.6   1   1   9.2e-30   1.1e-27   95.0   1.6     2    72     4    75     3    78 0.95 -
h1tg000032l:5956499-5957253   -             80 126138at33090        -            440   1.1e-27   95.0   1.2   1   1     1e-29   1.2e-27   94.9   1.2     2    72     4    75     3    78 0.95 -
h1tg000024l:4157497-4157812   -             68 126138at33090        -            440   2.8e-26   90.3   1.7   1   1   2.6e-28   3.1e-26   90.2   1.7     3    72     1    68     1    68 0.98 -
h1tg000002l:24339808-24341091 -             75 126138at33090        -            440     3e-26   90.3   0.4   1   1   2.8e-28   3.3e-26   90.1   0.4     2    72     4    75     3    75 0.96 -
h1tg000030l:4983455-4983667   -             71 126138at33090        -            440   3.5e-24   83.5   2.4   1   1   3.2e-26   3.8e-24   83.3   2.4     2    67     4    71     3    71 0.93 -
h1tg000007l:13564304-13564513 -             70 126138at33090        -            440   3.7e-19   66.9   0.2   1   1   3.4e-21   3.9e-19   66.8   0.2     2    64     2    69     1    70 0.90 -
h1tg000025l:12818272-12818496 -             75 126138at33090        -            440     4e-18   63.5   0.0   1   1   3.6e-20   4.2e-18   63.4   0.0     2    71     2    73     1    75 0.90 -
h1tg000029l:1471533-1471721   -             63 126138at33090        -            440   4.4e-17   60.0   0.1   1   1   4.1e-19   4.8e-17   59.9   0.1     4    64     1    63     1    63 0.93 -
h1tg000038l:8738550-8741156   -            869 126138at33090        -            440     3e-16   57.3   0.0   1   1   5.7e-18   6.7e-16   56.1   0.0     2    65    74   136    73   139 0.96 -
h1tg000002l:4471753-4471941   -             63 126138at33090        -            440   5.1e-16   56.6   0.2   1   1   4.6e-18   5.5e-16   56.5   0.2     4    64     1    63     1    63 0.93 -
h1tg000077l:2351546-2351743   -             66 126138at33090        -            440   6.9e-15   52.8   0.2   1   1   6.4e-17   7.5e-15   52.7   0.2     2    64     1    66     1    66 0.93 -
h1tg000010l:25354500-25354688 -             63 126138at33090        -            440   1.5e-14   51.7   0.4   1   1   1.4e-16   1.7e-14   51.6   0.4     4    64     1    63     1    63 0.93 -
h1tg000012l:8299926-8302127   -            734 126138at33090        -            440   1.9e-14   51.4   0.0   1   1   3.2e-16   3.8e-14   50.4   0.0     2    64    62   123    61   132 0.94 -
h1tg000014l:9639489-9639686   -             66 126138at33090        -            440     8e-14   49.3   0.0   1   1   7.3e-16   8.6e-14   49.2   0.0     2    64     2    66     1    66 0.91 -
h1tg000003l:26276872-26279079 -            736 126138at33090        -            440   2.4e-13   47.7   0.2   1   1     3e-15   3.6e-13   47.2   0.2     2    65    63   125    62   132 0.94 -
h1tg000033l:9173818-9174015   -             66 126138at33090        -            440     1e-12   45.7   5.0   1   1   1.7e-13     2e-11   41.4   5.0    13    64     1    66     1    66 0.75 -
h1tg000006l:10184761-10184985 -             75 126138at33090        -            440   1.1e-12   45.6   0.1   1   1     1e-14   1.2e-12   45.5   0.1     2    65     1    63     1    72 0.93 -
h1tg000010l:32207036-32207224 -             63 126138at33090        -            440   1.3e-12   45.4   0.4   1   1   1.2e-14   1.4e-12   45.2   0.4     2    64     1    63     1    63 0.93 -
h1tg000001l:16007532-16007732 -             67 126138at33090        -            440   1.3e-12   45.3   0.1   1   1   1.2e-14   1.4e-12   45.2   0.1     1    60     9    67     9    67 0.95 -
h1tg000021l:2091349-2091507   -             53 126138at33090        -            440   1.5e-12   45.1   0.0   1   1   1.4e-14   1.6e-12   45.0   0.0     2    53     1    53     1    53 0.94 -
h1tg000045l:2373241-2375349   -            703 126138at33090        -            440   1.8e-12   44.8   0.0   1   1   1.6e-14   1.8e-12   44.8   0.0     2    65    62   124    61   134 0.92 -
h1tg000008l:2558229-2560349   -            707 126138at33090        -            440   3.4e-12   44.0   0.0   1   1   4.5e-14   5.3e-12   43.3   0.0     2    63    62   122    61   131 0.93 -
h1tg000020l:2131164-2133356   -            731 126138at33090        -            440   3.5e-12   43.9   0.1   1   1   4.7e-14   5.5e-12   43.3   0.1     2    65    63   125    62   136 0.93 -
h1tg000011l:6061-6408         -            116 126138at33090        -            440   3.7e-12   43.8   0.0   1   1   3.8e-14   4.4e-12   43.6   0.0     1    56    62   116    62   116 0.93 -
h1tg000032l:195844-210205     -            815 126138at33090        -            440   1.2e-10   38.9   1.0   1   1   1.7e-12     2e-10   38.1   1.0     2    64    30    90    29    93 0.92 -
h1tg000001l:4571029-4571202   -             58 126138at33090        -            440   9.1e-09   32.7   0.0   1   1   8.2e-11   9.6e-09   32.6   0.0     2    59     2    58     1    58 0.94 -
h1tg000036l:169468-169650     -             61 126138at33090        -            440   1.6e-07   28.6   0.0   1   1   1.5e-09   1.7e-07   28.4   0.0     2    64     1    61     1    61 0.87 -
h1tg000007l:5115889-5122729   -            267 126138at33090        -            440     4e-06   23.9   0.4   1   1   5.3e-08   6.2e-06   23.3   0.4    13    75   121   187   108   235 0.76 -
h1tg000010l:13241234-13254424 -            553 126138at33090        -            440   5.8e-06   23.4   0.0   1   1     9e-08   1.1e-05   22.5   0.0     4    64   278   337   275   340 0.94 -
#
# Program:         hmmsearch
# Version:         3.3.2 (Nov 2020)
# Pipeline mode:   SEARCH
# Query file:      /work/sablok/grapevineassemblies/assemblyhifiasm/busco_hifiasmtriobinning/busco_downloads/lineages/viridiplantae_odb10/hmms/126138at33090.hmm
# Target file:     /work/sablok/grapevineassemblies/assemblyhifiasm/busco_hifiasmtriobinning/maternalpaternal.asm.dip.hap1.p_ctg.fa.busco/run_viridiplantae_odb10/metaeuk_output/initial_results/maternalpaternal.asm.dip.hap1.p_ctg.fa.modified.fas
# Option settings: hmmsearch --domtblout /work/sablok/grapevineassemblies/assemblyhifiasm/busco_hifiasmtriobinning/maternalpaternal.asm.dip.hap1.p_ctg.fa.busco/run_viridiplantae_odb10/hmmer_output/initial_run_results/126138at33090.out --cpu 1 /work/sablok/grapevineassemblies/assemblyhifiasm/busco_hifiasmtriobinning/busco_downloads/lineages/viridiplantae_odb10/hmms/126138at33090.hmm /work/sablok/grapevineassemblies/assemblyhifiasm/busco_hifiasmtriobinning/maternalpaternal.asm.dip.hap1.p_ctg.fa.busco/run_viridiplantae_odb10/metaeuk_output/initial_results/maternalpaternal.asm.dip.hap1.p_ctg.fa.modified.fas 
# Current dir:     /work/sablok/grapevineassemblies/assemblyhifiasm/busco_hifiasmtriobinning
# Date:            Thu Apr 18 11:10:07 2024
# [ok]
