#                                                                                     --- full sequence --- -------------- this domain -------------   hmm coord   ali coord   env coord
# target name                 accession   tlen query name           accession   qlen   E-value  score  bias   #  of  c-Evalue  i-Evalue  score  bias  from    to  from    to  from    to  acc description of target
#         ------------------- ---------- ----- -------------------- ---------- ----- --------- ------ ----- --- --- --------- --------- ------ ----- ----- ----- ----- ----- ----- ----- ---- ---------------------
h1tg000032l:444617-469299     -           1516 13039at33090         -            703         0 1218.8   6.4   1   3   1.8e-57   2.1e-54  182.3   0.6     1    93   617   710   617   713 0.97 -
h1tg000032l:444617-469299     -           1516 13039at33090         -            703         0 1218.8   6.4   2   3  3.6e-142  4.3e-139  462.3   0.1    89   342   736   999   711  1004 0.92 -
h1tg000032l:444617-469299     -           1516 13039at33090         -            703         0 1218.8   6.4   3   3  4.8e-174  5.8e-171  567.6   0.1   335   703  1019  1506  1013  1506 0.85 -
h1tg000039l:265988-275576     -            611 13039at33090         -            703     1e-09   34.6   0.0   1   3   2.5e-08     3e-05   19.9   0.0    35   163    70   196    56   260 0.85 -
h1tg000039l:265988-275576     -            611 13039at33090         -            703     1e-09   34.6   0.0   2   3   5.3e-06    0.0065   12.2   0.0   524   553   362   391   352   412 0.89 -
h1tg000039l:265988-275576     -            611 13039at33090         -            703     1e-09   34.6   0.0   3   3       0.3   3.7e+02   -3.6   0.0   633   656   523   546   512   551 0.81 -
h1tg000025l:16657827-16665020 -             87 13039at33090         -            703     7e-07   25.3   0.0   1   1   6.3e-10   7.7e-07   25.1   0.0    55   108     9    62     2    68 0.87 -
#
# Program:         hmmsearch
# Version:         3.3.2 (Nov 2020)
# Pipeline mode:   SEARCH
# Query file:      /work/sablok/grapevineassemblies/assemblyhifiasm/busco_hifiasmtriobinning/busco_downloads/lineages/viridiplantae_odb10/hmms/13039at33090.hmm
# Target file:     /work/sablok/grapevineassemblies/assemblyhifiasm/busco_hifiasmtriobinning/maternalpaternal.asm.dip.hap1.p_ctg.fa.busco/run_viridiplantae_odb10/metaeuk_output/initial_results/maternalpaternal.asm.dip.hap1.p_ctg.fa.modified.fas
# Option settings: hmmsearch --domtblout /work/sablok/grapevineassemblies/assemblyhifiasm/busco_hifiasmtriobinning/maternalpaternal.asm.dip.hap1.p_ctg.fa.busco/run_viridiplantae_odb10/hmmer_output/initial_run_results/13039at33090.out --cpu 1 /work/sablok/grapevineassemblies/assemblyhifiasm/busco_hifiasmtriobinning/busco_downloads/lineages/viridiplantae_odb10/hmms/13039at33090.hmm /work/sablok/grapevineassemblies/assemblyhifiasm/busco_hifiasmtriobinning/maternalpaternal.asm.dip.hap1.p_ctg.fa.busco/run_viridiplantae_odb10/metaeuk_output/initial_results/maternalpaternal.asm.dip.hap1.p_ctg.fa.modified.fas 
# Current dir:     /work/sablok/grapevineassemblies/assemblyhifiasm/busco_hifiasmtriobinning
# Date:            Thu Apr 18 11:10:09 2024
# [ok]
