#                                                                                     --- full sequence --- -------------- this domain -------------   hmm coord   ali coord   env coord
# target name                 accession   tlen query name           accession   qlen   E-value  score  bias   #  of  c-Evalue  i-Evalue  score  bias  from    to  from    to  from    to  acc description of target
#         ------------------- ---------- ----- -------------------- ---------- ----- --------- ------ ----- --- --- --------- --------- ------ ----- ----- ----- ----- ----- ----- ----- ---- ---------------------
h1tg000025l:1965769-1980226   -            455 130637at33090        -            263  8.4e-115  380.1   0.1   1   2  4.9e-106  4.8e-105  348.1   0.0     1   201    34   251    34   281 0.87 -
h1tg000025l:1965769-1980226   -            455 130637at33090        -            263  8.4e-115  380.1   0.1   2   2     5e-09     5e-08   30.1   0.1   222   255   294   327   268   334 0.83 -
h1tg000012l:6929519-6931390   -            295 130637at33090        -            263   9.4e-79  261.9   0.0   1   1   1.1e-79   1.1e-78  261.7   0.0     2   261    20   287    19   289 0.92 -
h1tg000038l:8212643-8214146   -            257 130637at33090        -            263   1.4e-67  225.4   0.2   1   1   2.3e-68   2.3e-67  224.7   0.2     2   238     7   257     6   257 0.86 -
h1tg000003l:11135725-11156185 -            259 130637at33090        -            263     4e-57  191.1   0.9   1   1   5.6e-56   5.6e-55  184.0   0.9     3   250    12   259    10   259 0.83 -
h1tg000038l:6794757-6798572   -            251 130637at33090        -            263   7.9e-57  190.1   0.1   1   2   4.1e-52   4.1e-51  171.4   0.0    17   218     5   193     1   205 0.91 -
h1tg000038l:6794757-6798572   -            251 130637at33090        -            263   7.9e-57  190.1   0.1   2   2   5.3e-05   0.00053   16.9   0.0   224   250   225   251   213   251 0.90 -
h1tg000007l:369914-371010     -            209 130637at33090        -            263   2.4e-52  175.4   0.0   1   1   2.8e-53   2.8e-52  175.2   0.0     2   184    12   203    11   209 0.87 -
h1tg000021l:4411527-4412431   -            206 130637at33090        -            263   1.4e-51  172.9   0.0   1   1   1.6e-52   1.6e-51  172.7   0.0     2   194     4   206     3   206 0.85 -
h1tg000023l:13883984-13885995 -            166 130637at33090        -            263   5.5e-51  170.9   0.3   1   2   4.4e-15   4.4e-14   50.0   0.1     2    54     7    64     6    66 0.89 -
h1tg000023l:13883984-13885995 -            166 130637at33090        -            263   5.5e-51  170.9   0.3   2   2   8.3e-37   8.3e-36  121.2   0.0    98   208    64   165    63   166 0.92 -
h1tg000010l:14670998-14671678 -            227 130637at33090        -            263   4.6e-49  164.6   0.2   1   2   7.7e-14   7.7e-13   45.9   0.0     2    83     1    87     1   116 0.84 -
h1tg000010l:14670998-14671678 -            227 130637at33090        -            263   4.6e-49  164.6   0.2   2   2   1.2e-35   1.2e-34  117.3   0.0    89   193   122   225   111   227 0.91 -
h1tg000002l:5514655-5515398   -            248 130637at33090        -            263   4.3e-44  148.3   0.1   1   2   2.5e-38   2.5e-37  126.2   0.0    95   216    52   168    43   190 0.91 -
h1tg000002l:5514655-5515398   -            248 130637at33090        -            263   4.3e-44  148.3   0.1   2   2   4.4e-06   4.4e-05   20.5   0.0   220   256   201   239   187   246 0.81 -
h1tg000005l:5775753-5776396   -            204 130637at33090        -            263   1.6e-43  146.5   0.0   1   1   1.9e-44   1.9e-43  146.2   0.0     2   197     8   193     7   204 0.85 -
h1tg000020l:2534897-2539235   -            219 130637at33090        -            263   2.4e-43  145.9   0.1   1   2   1.9e-29   1.9e-28   97.1   0.1     2   138     6   151     5   152 0.88 -
h1tg000020l:2534897-2539235   -            219 130637at33090        -            263   2.4e-43  145.9   0.1   2   2   2.9e-14   2.9e-13   47.3   0.0   168   246   152   219   151   219 0.89 -
h1tg000033l:5311560-5313745   -            197 130637at33090        -            263   1.4e-40  136.8   0.4   1   2   8.1e-30   8.1e-29   98.3   0.2     3   138     8   152     6   153 0.88 -
h1tg000033l:5311560-5313745   -            197 130637at33090        -            263   1.4e-40  136.8   0.4   2   2   2.9e-11   2.9e-10   37.4   0.0   168   214   153   196   152   197 0.82 -
h1tg000010l:26768753-26769283 -            177 130637at33090        -            263   1.7e-40  136.6   0.0   1   2   1.4e-36   1.4e-35  120.5   0.0    98   213     1   111     1   121 0.91 -
h1tg000010l:26768753-26769283 -            177 130637at33090        -            263   1.7e-40  136.6   0.0   2   2   0.00029    0.0029   14.5   0.0   219   250   146   177   121   177 0.86 -
h1tg000001l:17461515-17464263 -            317 130637at33090        -            263   3.1e-39  132.4   0.0   1   2   1.1e-33   1.1e-32  111.0   0.0     2   216    27   225    26   230 0.84 -
h1tg000001l:17461515-17464263 -            317 130637at33090        -            263   3.1e-39  132.4   0.0   2   2    0.0021     0.021   11.7   0.0   227   258   265   296   242   300 0.90 -
h1tg000038l:7103783-7106368   -            199 130637at33090        -            263   3.3e-39  132.3   0.2   1   2   5.7e-28   5.7e-27   92.2   0.1     3   138     8   151     6   152 0.88 -
h1tg000038l:7103783-7106368   -            199 130637at33090        -            263   3.3e-39  132.3   0.2   2   2     1e-11     1e-10   38.9   0.0   168   214   152   195   151   199 0.84 -
h1tg000078l:275537-276199     -            123 130637at33090        -            263     5e-39  131.7   0.0   1   2   1.7e-37   1.7e-36  123.5   0.0    95   196     1    99     1   101 0.92 -
h1tg000078l:275537-276199     -            123 130637at33090        -            263     5e-39  131.7   0.0   2   2     0.052      0.52    7.1   0.0   225   243   101   119    99   123 0.88 -
h1tg000023l:1481511-1482758   -            132 130637at33090        -            263   1.1e-38  130.6   0.1   1   2     7e-38     7e-37  124.7   0.0    89   195    11   114     6   116 0.92 -
h1tg000023l:1481511-1482758   -            132 130637at33090        -            263   1.1e-38  130.6   0.1   2   2      0.28       2.8    4.7   0.0   226   241   116   131   114   132 0.92 -
h1tg000045l:6617061-6617372   -            104 130637at33090        -            263   1.5e-37  126.9   0.0   1   1   1.6e-38   1.6e-37  126.8   0.0    91   194     1   103     1   104 0.96 -
h1tg000022l:4386164-4386472   -            103 130637at33090        -            263   1.9e-37  126.5   0.0   1   1   2.1e-38   2.1e-37  126.4   0.0    94   195     4   102     1   103 0.91 -
h1tg000014l:722526-722822     -             99 130637at33090        -            263   5.3e-37  125.1   0.0   1   1   5.8e-38   5.8e-37  125.0   0.0    95   195     1    98     1    99 0.93 -
h1tg000003l:361271-361597     -            109 130637at33090        -            263   9.7e-37  124.2   0.1   1   1   1.2e-37   1.2e-36  124.0   0.1    91   197     1   106     1   108 0.95 -
h1tg000047l:2815892-2816209   -            106 130637at33090        -            263     1e-36  124.2   0.0   1   1   1.1e-37   1.1e-36  124.1   0.0    90   194     2   105     1   106 0.95 -
h1tg000038l:9154116-9154451   -            112 130637at33090        -            263   1.2e-36  124.0   0.0   1   1   1.4e-37   1.4e-36  123.7   0.0    91   197     1   106     1   110 0.92 -
h1tg000022l:4572848-4573162   -            105 130637at33090        -            263   1.3e-36  123.8   0.1   1   1   1.4e-37   1.4e-36  123.7   0.1    93   195     5   104     1   105 0.91 -
h1tg000020l:1921045-1921374   -            110 130637at33090        -            263     4e-36  122.2   0.0   1   1   4.6e-37   4.6e-36  122.0   0.0    91   197     1   106     1   109 0.92 -
h1tg000010l:3728320-3728643   -            108 130637at33090        -            263     1e-35  120.9   0.0   1   1   1.2e-36   1.2e-35  120.7   0.0    91   196     1   104     1   107 0.95 -
h1tg000038l:2278728-2279021   -             98 130637at33090        -            263     3e-35  119.3   0.0   1   1   3.3e-36   3.3e-35  119.2   0.0    97   194     1    97     1    98 0.94 -
h1tg000006l:9244922-9245239   -            106 130637at33090        -            263   3.2e-35  119.2   0.0   1   1   3.5e-36   3.5e-35  119.1   0.0    90   194     2   105     1   106 0.95 -
h1tg000047l:2295349-2295666   -            106 130637at33090        -            263   8.9e-35  117.8   0.0   1   1   9.5e-36   9.5e-35  117.7   0.0    90   194     2   105     1   106 0.95 -
h1tg000014l:3778651-3778956   -            102 130637at33090        -            263   2.7e-34  116.2   0.0   1   1   2.9e-35   2.9e-34  116.1   0.0    90   190     2   101     1   102 0.95 -
h1tg000032l:7096017-7096790   -            258 130637at33090        -            263   1.2e-32  110.8   0.0   1   1   1.5e-33   1.5e-32  110.5   0.0     3   252     8   257     6   258 0.88 -
h1tg000032l:7080536-7081378   -            281 130637at33090        -            263     4e-30  102.6   0.0   1   1   5.2e-31   5.2e-30  102.2   0.0     3   257    11   265     9   275 0.82 -
h1tg000007l:12972646-12973428 -            261 130637at33090        -            263   4.1e-30  102.5   0.0   1   1   5.3e-31   5.3e-30  102.2   0.0     3   253     8   258     6   261 0.85 -
h1tg000007l:12908310-12909104 -            265 130637at33090        -            263   4.6e-30  102.4   0.0   1   1   5.9e-31   5.9e-30  102.0   0.0     3   254    10   261     8   265 0.84 -
h1tg000022l:8564908-8565678   -            257 130637at33090        -            263   6.4e-30  101.9   0.0   1   1     8e-31   7.9e-30  101.6   0.0     3   252     8   257     6   257 0.82 -
h1tg000027l:1175403-1176179   -            259 130637at33090        -            263   1.1e-29  101.2   0.0   1   1   1.4e-30   1.4e-29  100.8   0.0     2   250     7   256     6   259 0.80 -
h1tg000002l:22718785-22719555 -            257 130637at33090        -            263   2.1e-28   96.9   0.0   1   1   2.6e-29   2.6e-28   96.6   0.0     3   252     8   257     6   257 0.80 -
h1tg000005l:5953657-5954289   -            211 130637at33090        -            263     4e-28   96.0   0.0   1   1   4.6e-29   4.6e-28   95.8   0.0     3   193    13   208    11   211 0.86 -
h1tg000005l:6036106-6036855   -            250 130637at33090        -            263   6.2e-28   95.4   0.0   1   1   7.6e-29   7.6e-28   95.1   0.0     3   243     7   247     5   250 0.83 -
h1tg000002l:27721582-27752650 -           1413 130637at33090        -            263   3.9e-26   89.5   0.2   1   2   1.9e-11   1.9e-10   38.0   0.0     4   160   304   482   301   493 0.68 -
h1tg000002l:27721582-27752650 -           1413 130637at33090        -            263   3.9e-26   89.5   0.2   2   2   9.2e-14   9.2e-13   45.6   0.0     5   162  1106  1285  1102  1317 0.70 -
h1tg000001l:12632878-12633507 -            210 130637at33090        -            263   1.9e-25   87.2   0.0   1   1   2.2e-26   2.2e-25   87.0   0.0     3   192    14   208    12   210 0.83 -
h1tg000039l:1712632-1713240   -            203 130637at33090        -            263   5.2e-25   85.8   0.0   1   1   5.8e-26   5.7e-25   85.7   0.0     4   187     8   196     5   203 0.85 -
h1tg000020l:4673872-4674480   -            203 130637at33090        -            263   6.9e-25   85.4   0.0   1   1   8.6e-26   8.6e-25   85.1   0.0     3   183     7   192     5   201 0.86 -
h1tg000021l:4451130-4451900   -            257 130637at33090        -            263   9.9e-25   84.9   0.0   1   1   1.3e-25   1.3e-24   84.5   0.0     3   250     1   257     1   257 0.79 -
h1tg000020l:6410723-6411478   -            252 130637at33090        -            263   1.2e-23   81.3   0.0   1   1   1.3e-24   1.3e-23   81.2   0.0    39   246    50   252     5   252 0.79 -
h1tg000038l:8023133-8023897   -            255 130637at33090        -            263   1.4e-23   81.1   0.0   1   1   1.9e-24   1.9e-23   80.7   0.0     4   250     2   255     1   255 0.75 -
h1tg000038l:2152091-2152999   -            303 130637at33090        -            263   1.4e-21   74.6   0.0   1   1   1.6e-22   1.6e-21   74.3   0.0     3   257     1   264     1   270 0.75 -
h1tg000021l:2875960-2892607   -            291 130637at33090        -            263   1.5e-21   74.5   0.0   1   1   2.4e-22   2.4e-21   73.8   0.0     2   256    13   271    12   278 0.77 -
h1tg000025l:4408168-4409016   -            283 130637at33090        -            263     2e-21   74.1   0.0   1   1   2.5e-22   2.5e-21   73.7   0.0    90   251    94   255    70   264 0.89 -
h1tg000045l:2620491-2627979   -            783 130637at33090        -            263   2.1e-21   74.0   0.0   1   1   3.3e-22   3.3e-21   73.3   0.0    31   252   559   777   524   781 0.78 -
h1tg000077l:902119-902940     -            274 130637at33090        -            263   2.3e-21   73.9   0.1   1   1   2.8e-22   2.8e-21   73.6   0.1     3   197     2   204     1   220 0.76 -
h1tg000007l:11650107-11650742 -            212 130637at33090        -            263   4.9e-21   72.8   0.0   1   1   5.7e-22   5.7e-21   72.5   0.0    14   187    17   192     1   205 0.79 -
h1tg000039l:2128784-2129641   -            286 130637at33090        -            263   7.4e-21   72.2   0.0   1   1   9.1e-22   9.1e-21   71.9   0.0     3   186     2   190     1   214 0.84 -
h1tg000003l:20773557-20774174 -            206 130637at33090        -            263   9.7e-21   71.8   0.0   1   1   1.2e-21   1.2e-20   71.5   0.0     2   195     2   198     1   205 0.76 -
h1tg000025l:420062-420841     -            260 130637at33090        -            263   5.9e-20   69.2   0.0   1   1   1.2e-20   1.2e-19   68.2   0.0    88   215   122   255   113   260 0.83 -
h1tg000014l:15677351-15678537 -            273 130637at33090        -            263   9.7e-20   68.5   0.0   1   1   1.3e-20   1.3e-19   68.1   0.0    18   188    10   182     3   188 0.77 -
h1tg000010l:36000036-36000707 -            224 130637at33090        -            263   9.7e-20   68.5   0.0   1   1   1.3e-20   1.3e-19   68.1   0.0     3   191     1   195     1   207 0.77 -
h1tg000031l:11978424-11979158 -            245 130637at33090        -            263   1.9e-19   67.6   0.0   1   1   2.3e-20   2.3e-19   67.3   0.0    38   186    92   244    67   245 0.84 -
h1tg000010l:35992838-35993476 -            213 130637at33090        -            263   2.6e-19   67.1   0.0   1   1   3.1e-20   3.1e-19   66.9   0.0     3   187    23   213    21   213 0.80 -
h1tg000045l:3268531-3416314   -            274 130637at33090        -            263     3e-19   66.9   0.0   1   1   3.6e-20   3.6e-19   66.6   0.0     7   189     9   186     1   219 0.78 -
h1tg000001l:18629997-18631925 -            269 130637at33090        -            263   5.1e-19   66.1   0.0   1   1   1.8e-19   1.8e-18   64.4   0.0     3   192     2   199     1   212 0.76 -
h1tg000023l:20906666-20907599 -            279 130637at33090        -            263   6.3e-19   65.9   0.0   1   1     4e-19     4e-18   63.2   0.0     3   198     2   218     1   224 0.72 -
h1tg000038l:161984-162415     -            144 130637at33090        -            263   8.9e-19   65.4   0.0   1   1   1.1e-19   1.1e-18   65.1   0.0    95   193    45   139    24   143 0.87 -
h1tg000038l:4891534-4892145   -            204 130637at33090        -            263   9.9e-19   65.2   0.0   1   1   1.2e-19   1.2e-18   65.0   0.0     2   189     3   193     1   202 0.73 -
h1tg000010l:35934073-35934825 -            251 130637at33090        -            263   1.3e-18   64.8   0.0   1   1   1.9e-19   1.9e-18   64.3   0.0     3   188    28   219    26   231 0.79 -
h1tg000037l:2363427-2364125   -            233 130637at33090        -            263   1.5e-18   64.6   0.0   1   1   2.7e-19   2.7e-18   63.8   0.0     2   208     1   221     1   227 0.76 -
h1tg000010l:6284668-6285381   -            238 130637at33090        -            263   1.5e-18   64.6   0.0   1   1     2e-19     2e-18   64.2   0.0     2   205     6   221     5   230 0.78 -
h1tg000033l:9447434-9448006   -            191 130637at33090        -            263   2.2e-18   64.1   0.0   1   1   2.6e-19   2.5e-18   63.9   0.0     3   186     1   190     1   191 0.83 -
h1tg000033l:5991319-5991957   -            213 130637at33090        -            263   2.4e-18   63.9   0.0   1   1     3e-19     3e-18   63.6   0.0     2   185     2   194     1   207 0.79 -
h1tg000003l:6673339-6673929   -            197 130637at33090        -            263   2.5e-18   63.9   0.0   1   1   2.9e-19   2.9e-18   63.7   0.0     3   186     8   196     6   197 0.81 -
h1tg000032l:5615212-5615640   -            143 130637at33090        -            263   2.9e-18   63.7   0.0   1   1   3.6e-19   3.6e-18   63.4   0.0    93   187    45   135    28   142 0.87 -
h1tg000023l:1962210-1963301   -            364 130637at33090        -            263   3.2e-18   63.5   0.0   1   1   4.4e-19   4.4e-18   63.1   0.0    35   243    45   273    22   294 0.81 -
h1tg000043l:1915069-1916633   -            262 130637at33090        -            263   3.8e-18   63.3   0.0   1   1   1.5e-18   1.5e-17   61.3   0.0     3   191     2   191     1   205 0.82 -
h1tg000002l:25970999-25971817 -            273 130637at33090        -            263   3.8e-18   63.3   0.0   1   1   4.9e-19   4.9e-18   62.9   0.0     3   187     7   198     5   210 0.81 -
h1tg000056l:132194-133045     -            284 130637at33090        -            263   4.3e-18   63.1   0.0   1   1   6.2e-19   6.2e-18   62.6   0.0     4   197     2   204     1   212 0.79 -
h1tg000008l:1517152-1517781   -            210 130637at33090        -            263   4.4e-18   63.1   0.0   1   1   6.1e-19     6e-18   62.6   0.0     2   185    14   206    13   209 0.84 -
h1tg000020l:3337951-3338817   -            289 130637at33090        -            263   4.5e-18   63.1   0.2   1   1   7.2e-19   7.2e-18   62.4   0.2     3   190    12   206    10   230 0.77 -
h1tg000040l:6855136-6856578   -            266 130637at33090        -            263   5.2e-18   62.8   0.0   1   1   5.5e-19   5.5e-18   62.8   0.0    12   198     5   193     1   263 0.77 -
h1tg000008l:2209705-2210259   -            185 130637at33090        -            263   5.9e-18   62.7   0.0   1   1   6.8e-19   6.8e-18   62.5   0.0     4   163     1   168     1   184 0.84 -
h1tg000045l:5518282-5518926   -            215 130637at33090        -            263     8e-18   62.2   0.0   1   1   8.4e-19   8.4e-18   62.2   0.0    90   250    58   212     1   215 0.82 -
h1tg000008l:1315919-1316503   -            195 130637at33090        -            263   8.3e-18   62.2   0.0   1   1     1e-18     1e-17   61.9   0.0     2   184     2   193     1   195 0.77 -
h1tg000045l:6625166-6625765   -            200 130637at33090        -            263     9e-18   62.1   0.2   1   1   1.1e-18   1.1e-17   61.8   0.2     8   185    18   199     9   200 0.79 -
h1tg000010l:35921379-35922131 -            251 130637at33090        -            263   9.5e-18   62.0   0.0   1   1   1.8e-18   1.8e-17   61.1   0.0     3   194    28   225    26   235 0.75 -
h1tg000010l:35925959-35926711 -            251 130637at33090        -            263   1.1e-17   61.8   0.0   1   1   1.5e-18   1.5e-17   61.3   0.0     3   190     8   201     6   215 0.75 -
h1tg000047l:4555923-4593118   -            311 130637at33090        -            263   1.1e-17   61.8   0.0   1   1   1.4e-18   1.4e-17   61.4   0.0     4   189     2   193     1   211 0.73 -
h1tg000016l:297293-297922     -            210 130637at33090        -            263   1.2e-17   61.7   0.0   1   1   1.5e-18   1.4e-17   61.4   0.0     2   185    14   206    13   209 0.77 -
h1tg000008l:1530003-1530794   -            264 130637at33090        -            263   1.3e-17   61.6   0.0   1   1   1.5e-18   1.5e-17   61.3   0.0     4   215     2   220     1   239 0.79 -
h1tg000031l:25702170-25702988 -            273 130637at33090        -            263   1.4e-17   61.4   0.0   1   1   1.9e-18   1.9e-17   61.0   0.0     3   189     2   194     1   207 0.77 -
h1tg000008l:5172694-5173542   -            283 130637at33090        -            263   1.5e-17   61.4   0.0   1   1   1.7e-18   1.7e-17   61.2   0.0     4   192     2   199     1   281 0.75 -
h1tg000032l:5546269-5546856   -            196 130637at33090        -            263   1.5e-17   61.3   0.0   1   1   1.9e-18   1.9e-17   61.0   0.0     7   186     9   191     1   195 0.79 -
h1tg000032l:618739-619203     -            155 130637at33090        -            263   1.5e-17   61.3   0.0   1   1   1.9e-18   1.9e-17   61.0   0.0    93   246     9   153     4   155 0.82 -
h1tg000010l:336619-337431     -            271 130637at33090        -            263   1.6e-17   61.2   0.0   1   1   2.5e-18   2.5e-17   60.6   0.0     3   194     7   204     5   217 0.78 -
h1tg000019l:2188827-2197096   -            262 130637at33090        -            263   1.7e-17   61.2   0.0   1   1   2.3e-18   2.3e-17   60.7   0.0    38   189    20   175     2   190 0.80 -
h1tg000033l:8440101-8440409   -            103 130637at33090        -            263   1.9e-17   61.0   0.0   1   1   2.2e-18   2.2e-17   60.8   0.0    91   188     2    95     1   103 0.86 -
h1tg000045l:9136059-9136904   -            282 130637at33090        -            263   2.1e-17   60.9   0.0   1   1   2.6e-18   2.6e-17   60.5   0.0     3   189     6   196     4   222 0.77 -
h1tg000045l:9095669-9096244   -            192 130637at33090        -            263   2.2e-17   60.8   0.0   1   1   2.7e-18   2.7e-17   60.5   0.0     3   186     3   190     1   191 0.77 -
h1tg000037l:7640608-7641417   -            270 130637at33090        -            263   2.2e-17   60.8   0.0   1   1     3e-18     3e-17   60.3   0.0     4   186     2   190     1   205 0.75 -
h1tg000024l:5496228-5497622   -            465 130637at33090        -            263   2.7e-17   60.5   0.0   1   1   3.9e-18   3.9e-17   60.0   0.0     3   186   276   464   274   465 0.78 -
h1tg000016l:190737-191585     -            283 130637at33090        -            263   2.7e-17   60.5   0.0   1   1     4e-18     4e-17   59.9   0.0     4   194     2   201     1   213 0.77 -
h1tg000032l:5540393-5540983   -            197 130637at33090        -            263   2.9e-17   60.4   0.0   1   1   3.2e-18   3.2e-17   60.3   0.0     3   185     7   196     5   197 0.78 -
h1tg000006l:20339832-20341133 -            272 130637at33090        -            263   2.9e-17   60.4   0.0   1   1   3.6e-18   3.6e-17   60.1   0.0    14   204     7   199     1   227 0.76 -
h1tg000016l:366374-366997     -            208 130637at33090        -            263   3.1e-17   60.3   0.1   1   1   3.8e-18   3.8e-17   60.0   0.1     2   185    15   207    14   208 0.78 -
h1tg000027l:1407445-1407945   -            167 130637at33090        -            263   3.4e-17   60.2   0.0   1   1   3.8e-18   3.8e-17   60.0   0.0     4   160     2   167     1   167 0.81 -
h1tg000022l:7529880-7530659   -            260 130637at33090        -            263   4.1e-17   59.9   0.0   1   1   1.3e-17   1.3e-16   58.3   0.0     3   250     2   260     1   260 0.71 -
h1tg000036l:4437110-4438548   -            275 130637at33090        -            263   4.3e-17   59.9   0.0   1   1   4.6e-18   4.6e-17   59.7   0.0    14   191     7   186     1   270 0.80 -
h1tg000008l:2421604-2449612   -            543 130637at33090        -            263   4.3e-17   59.8   0.0   1   1   6.2e-18   6.1e-17   59.3   0.0     2   186     2   191     1   222 0.82 -
h1tg000003l:26821603-26822226 -            208 130637at33090        -            263   4.4e-17   59.8   0.0   1   1     5e-17     5e-16   56.4   0.0     3   196     1   204     1   207 0.73 -
h1tg000016l:402961-403821     -            287 130637at33090        -            263   4.4e-17   59.8   0.0   1   1   5.7e-18   5.7e-17   59.4   0.0     4   187     2   194     1   221 0.78 -
h1tg000008l:8271363-8272187   -            275 130637at33090        -            263   4.4e-17   59.8   0.0   1   1   5.6e-18   5.6e-17   59.5   0.0     2   187     1   195     1   221 0.82 -
h1tg000141l:57522-58953       -            267 130637at33090        -            263   4.7e-17   59.7   0.0   1   1   6.1e-18   6.1e-17   59.3   0.0    14   189     7   184     1   202 0.83 -
h1tg000038l:7854976-7855872   -            299 130637at33090        -            263   5.2e-17   59.6   0.1   1   1   7.1e-18   7.1e-17   59.1   0.1     3   190    11   201     7   234 0.74 -
h1tg000029l:11556133-11556963 -            277 130637at33090        -            263   5.3e-17   59.5   0.0   1   1   6.7e-18   6.6e-17   59.2   0.0     2   198     1   202     1   227 0.76 -
h1tg000049l:806761-808056     -            274 130637at33090        -            263   6.4e-17   59.3   0.0   1   1   9.1e-18     9e-17   58.8   0.0    38   189    27   182     4   197 0.76 -
h1tg000032l:1603386-1605132   -            208 130637at33090        -            263   7.2e-17   59.1   0.0   1   1   8.3e-18   8.3e-17   58.9   0.0    91   197    42   144    28   200 0.85 -
h1tg000019l:9224017-9224769   -            251 130637at33090        -            263     1e-16   58.6   0.0   1   2     1e-10     1e-09   35.7   0.0    67   136    37   110    10   123 0.76 -
h1tg000019l:9224017-9224769   -            251 130637at33090        -            263     1e-16   58.6   0.0   2   2     3e-06     3e-05   21.0   0.0   141   240   148   248   133   250 0.76 -
h1tg000014l:6138720-6140687   -            269 130637at33090        -            263   1.2e-16   58.4   0.0   1   1   1.9e-17   1.9e-16   57.8   0.0     3   190     2   196     1   208 0.79 -
h1tg000005l:14766362-14766784 -            141 130637at33090        -            263   1.3e-16   58.3   0.1   1   1   1.5e-17   1.5e-16   58.0   0.1    64   186    15   141     2   141 0.81 -
h1tg000029l:11821439-11822254 -            272 130637at33090        -            263   1.4e-16   58.1   0.0   1   1   1.9e-17   1.9e-16   57.7   0.0     4   191     8   201     5   236 0.77 -
h1tg000037l:2329752-2330624   -            291 130637at33090        -            263   1.4e-16   58.1   0.0   1   1   2.7e-17   2.7e-16   57.2   0.0     2   197    27   236    26   242 0.73 -
h1tg000029l:7935877-7936668   -            264 130637at33090        -            263   1.6e-16   58.0   0.0   1   1   2.3e-17   2.3e-16   57.5   0.0     4   186     2   189     1   212 0.72 -
h1tg000029l:2605883-2606787   -            200 130637at33090        -            263   1.7e-16   57.9   0.2   1   1   1.9e-17   1.9e-16   57.7   0.2     3   186    14   199    12   200 0.83 -
h1tg000033l:1991414-2013058   -            297 130637at33090        -            263   1.7e-16   57.9   0.0   1   1   2.8e-17   2.8e-16   57.2   0.0    37   207    27   200     3   235 0.77 -
h1tg000010l:6255577-6256452   -            292 130637at33090        -            263   1.8e-16   57.8   0.1   1   1   2.5e-17   2.5e-16   57.3   0.1     2   207     3   217     1   253 0.74 -
h1tg000037l:5102899-5103612   -            238 130637at33090        -            263   1.9e-16   57.7   0.0   1   2   1.9e-09   1.9e-08   31.5   0.0    98   136     2    40     1    53 0.90 -
h1tg000037l:5102899-5103612   -            238 130637at33090        -            263   1.9e-16   57.7   0.0   2   2   3.1e-07   3.1e-06   24.3   0.0   148   251   124   227   111   230 0.77 -
h1tg000020l:4714202-4714867   -            222 130637at33090        -            263   1.9e-16   57.7   0.1   1   1   2.1e-17   2.1e-16   57.6   0.1    46   190     1   147     1   203 0.88 -
h1tg000049l:7943956-7944786   -            277 130637at33090        -            263   2.1e-16   57.6   0.0   1   1   3.5e-17   3.5e-16   56.8   0.0     4   186    15   202    12   219 0.77 -
h1tg000002l:25569451-25569945 -            165 130637at33090        -            263   2.2e-16   57.5   0.0   1   1   2.5e-17   2.5e-16   57.3   0.0     5   138    23   165    19   165 0.75 -
h1tg000022l:2168324-2169430   -            369 130637at33090        -            263   2.3e-16   57.5   0.0   1   2   1.1e-10   1.1e-09   35.6   0.0    79   146   100   172    40   178 0.84 -
h1tg000022l:2168324-2169430   -            369 130637at33090        -            263   2.3e-16   57.5   0.0   2   2   8.5e-06   8.4e-05   19.6   0.0   141   252   223   331   190   337 0.76 -
h1tg000014l:15173710-15175212 -            501 130637at33090        -            263   2.5e-16   57.3   0.0   1   1   3.7e-17   3.7e-16   56.8   0.0     7   144   342   483   333   498 0.80 -
h1tg000010l:7771407-7772255   -            283 130637at33090        -            263   2.5e-16   57.3   0.1   1   1   3.2e-17   3.2e-16   57.0   0.1     3   193     7   204     5   279 0.72 -
h1tg000008l:2307971-2308588   -            206 130637at33090        -            263   2.7e-16   57.2   0.0   1   1   3.7e-17   3.7e-16   56.8   0.0     2   183    13   203    12   206 0.72 -
h1tg000029l:12078045-12079028 -            328 130637at33090        -            263   2.9e-16   57.1   0.0   1   1   5.2e-17   5.2e-16   56.3   0.0     2   190    16   207    13   219 0.76 -
h1tg000008l:1811553-1812188   -            212 130637at33090        -            263   2.9e-16   57.1   0.0   1   1   4.4e-17   4.4e-16   56.5   0.0     3   187     1   194     1   205 0.75 -
h1tg000023l:19623627-19700037 -            280 130637at33090        -            263     3e-16   57.1   0.0   1   1   3.7e-17   3.6e-16   56.8   0.0    14   188     7   184     1   206 0.83 -
h1tg000017l:4394205-4395533   -            279 130637at33090        -            263   3.2e-16   57.0   0.0   1   1   4.4e-17   4.4e-16   56.5   0.0    17   190     9   184     3   225 0.76 -
h1tg000032l:3863087-3968569   -            283 130637at33090        -            263   3.3e-16   57.0   0.0   1   1   4.3e-17   4.2e-16   56.6   0.0     4   187     3   192     1   205 0.74 -
h1tg000020l:3265179-3265751   -            191 130637at33090        -            263   3.5e-16   56.9   0.0   1   1   5.2e-17   5.2e-16   56.3   0.0     3   185     1   190     1   191 0.74 -
h1tg000029l:12029844-12030608 -            255 130637at33090        -            263   3.9e-16   56.7   0.0   1   1   5.9e-17   5.9e-16   56.1   0.0     4   190    44   236    41   246 0.74 -
h1tg000196l:6339-26209        -            288 130637at33090        -            263   4.6e-16   56.5   0.0   1   1   6.3e-17   6.3e-16   56.0   0.0    29   189    11   174     1   188 0.74 -
h1tg000032l:2925592-3085703   -            475 130637at33090        -            263   4.6e-16   56.5   0.0   1   1   6.4e-17   6.4e-16   56.0   0.0     4   189     2   193     1   226 0.75 -
h1tg000020l:5359967-5360656   -            230 130637at33090        -            263   5.9e-16   56.1   0.0   1   1   8.6e-17   8.6e-16   55.6   0.0    18   190    41   225    18   229 0.73 -
h1tg000017l:7628092-7628697   -            202 130637at33090        -            263   6.1e-16   56.1   0.0   1   1   7.5e-17   7.5e-16   55.8   0.0     4   188     2   192     1   200 0.78 -
h1tg000024l:4539190-4540080   -            297 130637at33090        -            263   6.1e-16   56.1   0.0   1   1   7.9e-17   7.9e-16   55.7   0.0     3   193    22   218    20   233 0.78 -
h1tg000025l:5025525-5037166   -            335 130637at33090        -            263   6.2e-16   56.1   0.0   1   1   1.4e-16   1.4e-15   54.8   0.0     3   192    20   214    18   232 0.75 -
h1tg000020l:6699163-6699738   -            192 130637at33090        -            263     7e-16   55.9   0.0   1   1   7.5e-17   7.5e-16   55.8   0.0     2   181     1   188     1   192 0.76 -
h1tg000056l:1446811-1448282   -            271 130637at33090        -            263   7.2e-16   55.8   0.1   1   1   1.7e-16   1.7e-15   54.6   0.1     3   162     2   171     1   205 0.67 -
h1tg000020l:6702543-6703340   -            266 130637at33090        -            263   7.7e-16   55.7   0.0   1   1     1e-16     1e-15   55.4   0.0     4   192     2   197     1   213 0.76 -
h1tg000033l:6462199-6463050   -            284 130637at33090        -            263   7.7e-16   55.7   0.0   1   1   1.5e-16   1.5e-15   54.8   0.0     2   182    19   208    18   244 0.79 -
h1tg000049l:7166952-7167803   -            284 130637at33090        -            263     8e-16   55.7   0.0   1   1   1.2e-16   1.2e-15   55.1   0.0    38   189    52   210     1   232 0.69 -
h1tg000024l:7914217-7917184   -            959 130637at33090        -            263   8.4e-16   55.6   0.1   1   1   1.4e-16   1.3e-15   54.9   0.1     3   191   692   892   690   900 0.79 -
h1tg000040l:6804321-6828390   -            279 130637at33090        -            263   8.6e-16   55.6   0.0   1   1   1.3e-16   1.3e-15   55.0   0.0    18   188    11   186     3   192 0.72 -
h1tg000003l:7118831-7119844   -            338 130637at33090        -            263     9e-16   55.5   0.0   1   1   1.2e-16   1.2e-15   55.1   0.0     3   195     9   209     7   238 0.79 -
h1tg000038l:4873744-4874652   -            303 130637at33090        -            263     9e-16   55.5   0.0   1   1   7.3e-16   7.3e-15   52.5   0.0     3   257    17   288    13   294 0.62 -
h1tg000025l:16368602-16393162 -            277 130637at33090        -            263   9.9e-16   55.4   0.0   1   1   1.4e-16   1.4e-15   54.9   0.0    37   187    31   186     8   210 0.75 -
h1tg000022l:4021030-4021842   -            271 130637at33090        -            263   1.3e-15   55.0   0.1   1   1   1.7e-16   1.7e-15   54.6   0.1     3   189     1   193     1   243 0.80 -
h1tg000008l:2112711-2185947   -            185 130637at33090        -            263   1.6e-15   54.7   0.0   1   1   1.8e-16   1.8e-15   54.5   0.0    18   163    19   168     1   184 0.75 -
h1tg000037l:2355102-2355929   -            276 130637at33090        -            263   1.7e-15   54.6   0.0   1   1   3.5e-16   3.5e-15   53.6   0.0     4   207     3   220     1   228 0.72 -
h1tg000020l:3319794-3320702   -            303 130637at33090        -            263   1.9e-15   54.4   0.0   1   1   2.9e-16   2.9e-15   53.8   0.0     2   189    27   221    26   239 0.75 -
h1tg000038l:7327676-7328473   -            266 130637at33090        -            263     2e-15   54.4   0.0   1   1     3e-16     3e-15   53.8   0.0     4   191     5   195     1   207 0.72 -
h1tg000045l:8791959-8792762   -            268 130637at33090        -            263     2e-15   54.3   0.0   1   1   2.5e-16   2.4e-15   54.1   0.0     4   196     2   198     1   232 0.79 -
h1tg000003l:2916605-2917712   -            265 130637at33090        -            263   2.1e-15   54.3   0.0   1   1   2.9e-16   2.9e-15   53.9   0.0    37   203    26   190     5   225 0.72 -
h1tg000008l:6349859-6350341   -            161 130637at33090        -            263   2.3e-15   54.2   0.0   1   1   2.6e-16   2.6e-15   54.0   0.0     2   139     7   154     6   160 0.72 -
h1tg000029l:11799385-11800050 -            222 130637at33090        -            263   2.7e-15   54.0   0.0   1   1   3.3e-16   3.3e-15   53.7   0.0     1   191     1   196     1   220 0.71 -
h1tg000033l:6354612-6355094   -            161 130637at33090        -            263   2.9e-15   53.8   0.0   1   1   3.4e-16   3.4e-15   53.6   0.0     2   140     1   149     1   159 0.81 -
h1tg000003l:10113523-10114377 -            285 130637at33090        -            263     3e-15   53.8   0.0   1   1   4.1e-16   4.1e-15   53.3   0.0     2   186     5   201     4   222 0.77 -
h1tg000039l:1448197-1448994   -            266 130637at33090        -            263     3e-15   53.8   0.0   1   1   5.2e-16   5.2e-15   53.0   0.0     4   194     2   197     1   205 0.80 -
h1tg000005l:16386389-16438212 -            302 130637at33090        -            263   3.2e-15   53.7   0.0   1   1     4e-16   3.9e-15   53.4   0.0    11   196     4   191     1   245 0.76 -
h1tg000024l:2367148-2367984   -            279 130637at33090        -            263   3.5e-15   53.6   0.0   1   1   2.5e-15   2.5e-14   50.8   0.0     3   190     2   198     1   209 0.70 -
h1tg000020l:3285314-3285976   -            221 130637at33090        -            263     4e-15   53.4   0.0   1   1   6.1e-16   6.1e-15   52.8   0.0    94   190    48   145    39   170 0.86 -
h1tg000038l:4853788-4854483   -            232 130637at33090        -            263   4.4e-15   53.3   0.0   1   1   5.3e-16   5.3e-15   53.0   0.0     3   189     4   193     1   207 0.73 -
h1tg000003l:10323450-10323773 -            108 130637at33090        -            263   4.4e-15   53.3   0.1   1   1   5.7e-16   5.7e-15   52.9   0.1    38   139     2   108     1   108 0.79 -
h1tg000008l:4066137-4067048   -            304 130637at33090        -            263   4.9e-15   53.1   0.0   1   1   9.9e-16   9.8e-15   52.1   0.0     3   192    14   209    12   222 0.80 -
h1tg000056l:990200-990850     -            217 130637at33090        -            263   5.3e-15   53.0   0.0   1   1   7.4e-16   7.4e-15   52.5   0.0    94   210    60   182    53   198 0.84 -
h1tg000025l:5044239-5044805   -            189 130637at33090        -            263   5.8e-15   52.9   0.0   1   1   1.2e-15   1.2e-14   51.8   0.0     3   186     1   189     1   189 0.76 -
h1tg000007l:11646243-11646536 -             98 130637at33090        -            263   5.9e-15   52.8   0.0   1   1     6e-16     6e-15   52.8   0.0   100   185     7    93     1    98 0.87 -
h1tg000031l:640709-641290     -            194 130637at33090        -            263     6e-15   52.8   0.0   1   1   6.9e-16   6.9e-15   52.6   0.0     3   187     2   192     1   194 0.69 -
h1tg000038l:4783342-4784157   -            272 130637at33090        -            263   6.1e-15   52.8   0.0   1   1   8.3e-16   8.3e-15   52.4   0.0     4   190     9   201     6   220 0.73 -
h1tg000038l:5998091-6001228   -            435 130637at33090        -            263   6.2e-15   52.8   0.0   1   1   9.6e-16   9.6e-15   52.1   0.0    16   200     8   194     3   225 0.77 -
h1tg000002l:27234861-27235376 -            172 130637at33090        -            263   6.3e-15   52.7   0.2   1   1   2.3e-15   2.3e-14   50.9   0.2     9   141    11   162     2   172 0.71 -
h1tg000017l:7135094-7135900   -            269 130637at33090        -            263   6.3e-15   52.7   0.1   1   1   8.2e-16   8.2e-15   52.4   0.1     3   190     7   200     5   266 0.68 -
h1tg000017l:7562387-7563178   -            264 130637at33090        -            263   6.6e-15   52.7   0.1   1   1   9.2e-16   9.1e-15   52.2   0.1     4   190     2   194     1   209 0.73 -
h1tg000010l:29719995-29720708 -            238 130637at33090        -            263   7.2e-15   52.6   0.0   1   1   9.5e-16   9.5e-15   52.2   0.0     7   190    10   192     1   208 0.81 -
h1tg000003l:7068711-7069616   -            302 130637at33090        -            263   8.6e-15   52.3   0.0   1   1   1.2e-15   1.2e-14   51.8   0.0     3   191     7   203     5   212 0.76 -
h1tg000021l:2597176-2597934   -            253 130637at33090        -            263   8.8e-15   52.3   0.0   1   1   9.5e-16   9.5e-15   52.2   0.0    90   250    96   253     2   253 0.75 -
h1tg000011l:1152773-1153651   -            293 130637at33090        -            263   9.2e-15   52.2   0.0   1   1   1.2e-15   1.2e-14   51.9   0.0     3   192     2   197     1   214 0.77 -
h1tg000045l:8913445-8914023   -            193 130637at33090        -            263   1.1e-14   52.0   0.0   1   1   1.2e-15   1.2e-14   51.8   0.0     2   185     5   192     4   193 0.77 -
h1tg000003l:7183699-7184286   -            196 130637at33090        -            263   1.2e-14   51.9   0.0   1   1   1.5e-15   1.5e-14   51.5   0.0     3   188     1   194     1   196 0.75 -
h1tg000022l:1628725-1629318   -            198 130637at33090        -            263   1.2e-14   51.8   0.0   1   1   1.5e-15   1.5e-14   51.5   0.0     4   195     2   195     1   198 0.76 -
h1tg000003l:7134310-7135206   -            299 130637at33090        -            263   1.2e-14   51.8   0.0   1   1   1.7e-15   1.7e-14   51.3   0.0     2   195    21   221    20   228 0.72 -
h1tg000047l:4608929-4838587   -            307 130637at33090        -            263   1.3e-14   51.8   0.0   1   1   1.7e-15   1.6e-14   51.4   0.0     4   187     2   191     1   200 0.72 -
h1tg000023l:8185691-8186437   -            249 130637at33090        -            263   1.4e-14   51.6   0.0   1   2   2.4e-08   2.4e-07   27.9   0.0   102   136     1    35     1    46 0.92 -
h1tg000023l:8185691-8186437   -            249 130637at33090        -            263   1.4e-14   51.6   0.0   2   2   1.8e-06   1.8e-05   21.7   0.0   152   251   126   225   114   229 0.73 -
h1tg000031l:7620119-7624716   -           1405 130637at33090        -            263   1.6e-14   51.5   0.0   1   1   2.6e-15   2.6e-14   50.7   0.0     3   184  1136  1325  1134  1340 0.77 -
h1tg000012l:2088264-2089987   -            258 130637at33090        -            263   1.6e-14   51.5   0.0   1   1   2.8e-15   2.8e-14   50.6   0.0     3   142     2   150     1   213 0.80 -
h1tg000082l:246408-248133     -            258 130637at33090        -            263   1.6e-14   51.4   0.0   1   1   2.7e-15   2.7e-14   50.7   0.0     3   142     2   150     1   220 0.81 -
h1tg000038l:6193781-6194461   -            227 130637at33090        -            263   1.7e-14   51.4   0.2   1   1     6e-15     6e-14   49.5   0.0    36   186    73   226    49   227 0.74 -
h1tg000007l:15769733-15770602 -            290 130637at33090        -            263   1.7e-14   51.3   0.0   1   1   2.5e-15   2.5e-14   50.8   0.0     3   185     2   188     1   200 0.73 -
h1tg000045l:3271546-3272085   -            180 130637at33090        -            263   1.8e-14   51.3   0.0   1   2      0.16       1.6    5.6   0.0    18    65     8    53     3    64 0.73 -
h1tg000045l:3271546-3272085   -            180 130637at33090        -            263   1.8e-14   51.3   0.0   2   2   3.2e-13   3.2e-12   43.9   0.0    96   153   119   179   112   180 0.87 -
h1tg000038l:4880452-4881180   -            243 130637at33090        -            263     2e-14   51.1   0.0   1   1   2.5e-15   2.5e-14   50.8   0.0     4   190     5   194     1   208 0.73 -
h1tg000008l:5916851-5920603   -           1251 130637at33090        -            263   2.2e-14   51.0   0.0   1   1   4.5e-15   4.5e-14   49.9   0.0     2   189   982  1176   981  1224 0.76 -
h1tg000033l:6274539-6275351   -            271 130637at33090        -            263   2.2e-14   51.0   0.0   1   1   3.4e-15   3.4e-14   50.3   0.0    37   193    22   181     3   250 0.78 -
h1tg000014l:5327037-5327858   -            274 130637at33090        -            263   2.3e-14   50.9   0.0   1   1   4.8e-15   4.8e-14   49.8   0.0     2   203     3   216     2   231 0.77 -
h1tg000010l:37612024-37612833 -            270 130637at33090        -            263   2.6e-14   50.7   0.0   1   1   4.8e-15   4.8e-14   49.8   0.0    38   190    22   184    11   193 0.79 -
h1tg000037l:7534871-7535722   -            284 130637at33090        -            263   2.6e-14   50.7   0.0   1   1   3.2e-15   3.2e-14   50.4   0.0     3   193     1   202     1   239 0.73 -
h1tg000003l:5887030-5887464   -            145 130637at33090        -            263   3.2e-14   50.4   0.0   1   1   3.4e-15   3.3e-14   50.4   0.0    18   139    20   144     1   145 0.70 -
h1tg000010l:14627222-14627821 -            200 130637at33090        -            263   3.2e-14   50.4   0.0   1   1   1.6e-14   1.6e-13   48.2   0.0     2   186     2   199     1   200 0.70 -
h1tg000002l:27835697-27836167 -            157 130637at33090        -            263   3.8e-14   50.2   0.1   1   1   1.6e-14   1.6e-13   48.1   0.1     5   137     3   156     1   157 0.71 -
h1tg000007l:14231124-14243879 -            686 130637at33090        -            263   4.2e-14   50.0   0.0   1   1   1.7e-14   1.7e-13   48.1   0.0    38   196   100   271    66   283 0.70 -
h1tg000002l:4823215-4824765   -            517 130637at33090        -            263   4.3e-14   50.0   0.0   1   1   5.8e-15   5.8e-14   49.6   0.0    34   187   356   515   324   517 0.77 -
h1tg000003l:10129335-10129919 -            195 130637at33090        -            263     6e-14   49.5   0.0   1   1   8.5e-15   8.5e-14   49.0   0.0     2   163     1   172     1   195 0.75 -
h1tg000025l:3103192-3105948   -            919 130637at33090        -            263   6.5e-14   49.4   0.0   1   1   1.1e-14   1.1e-13   48.7   0.0     3   191   682   878   680   888 0.79 -
h1tg000031l:25442780-25443634 -            285 130637at33090        -            263   6.8e-14   49.4   0.0   1   1   2.4e-14   2.4e-13   47.5   0.0     3   189    16   210    14   220 0.76 -
h1tg000047l:10890119-10890838 -            240 130637at33090        -            263   6.8e-14   49.3   0.0   1   1   9.2e-15   9.2e-14   48.9   0.0     3   191    32   229    30   236 0.78 -
h1tg000030l:5009313-5010161   -            283 130637at33090        -            263   7.1e-14   49.3   0.0   1   1   9.5e-15   9.5e-14   48.9   0.0     3   187     1   208     1   238 0.74 -
h1tg000037l:7296055-7296633   -            193 130637at33090        -            263   7.2e-14   49.3   0.1   1   1     3e-14     3e-13   47.2   0.1     3   185     6   192     4   193 0.71 -
h1tg000010l:8019794-8022795   -            969 130637at33090        -            263   7.7e-14   49.2   0.0   1   1   1.5e-14   1.5e-13   48.2   0.0     3   190   672   878   670   886 0.74 -
h1tg000020l:3268939-3269376   -            146 130637at33090        -            263   8.1e-14   49.1   0.0   1   1   1.3e-14   1.3e-13   48.5   0.0     2   137     1   145     1   146 0.75 -
h1tg000038l:2317081-2317965   -            295 130637at33090        -            263   8.4e-14   49.1   0.0   1   1   1.4e-14   1.4e-13   48.3   0.0     3   192     1   196     1   209 0.78 -
h1tg000010l:35469261-35469971 -            237 130637at33090        -            263   9.7e-14   48.9   0.0   1   1   1.3e-14   1.3e-13   48.5   0.0     3   192     1   202     1   212 0.75 -
h1tg000025l:5113675-5114697   -            341 130637at33090        -            263   1.1e-13   48.7   0.0   1   1   4.9e-14   4.9e-13   46.5   0.0     3   193    53   254    51   262 0.72 -
h1tg000033l:3654524-3657058   -            845 130637at33090        -            263   1.2e-13   48.5   0.0   1   1   1.8e-14   1.8e-13   48.0   0.0     3   190   613   810   611   820 0.76 -
h1tg000002l:78952-80275       -            260 130637at33090        -            263   1.3e-13   48.5   0.0   1   1     2e-14     2e-13   47.8   0.0    61   191    34   172    10   186 0.81 -
h1tg000031l:621599-622213     -            205 130637at33090        -            263   1.3e-13   48.5   0.0   1   1   2.8e-14   2.8e-13   47.3   0.0     2   193     1   197     1   203 0.78 -
h1tg000025l:5094142-5095137   -            332 130637at33090        -            263   1.3e-13   48.4   0.0   1   1   2.9e-14   2.9e-13   47.3   0.0     2   194    26   229    25   238 0.74 -
h1tg000033l:1179911-1180531   -            207 130637at33090        -            263   1.4e-13   48.3   0.0   1   1   1.8e-14   1.8e-13   47.9   0.0    15   186    32   205    15   206 0.77 -
h1tg000021l:2128463-2129368   -            302 130637at33090        -            263   1.7e-13   48.1   0.0   1   2       0.1         1    6.2   0.0     3    56     1    56     1    66 0.80 -
h1tg000021l:2128463-2129368   -            302 130637at33090        -            263   1.7e-13   48.1   0.0   2   2   5.5e-12   5.4e-11   39.8   0.0    92   187   112   208   107   218 0.88 -
h1tg000031l:635537-636385     -            283 130637at33090        -            263   1.8e-13   48.0   0.0   1   1   3.1e-14   3.1e-13   47.2   0.0     4   194     2   197     1   208 0.78 -
h1tg000003l:1517585-1518049   -            155 130637at33090        -            263   1.8e-13   48.0   0.1   1   1     2e-14     2e-13   47.8   0.1     3   137     9   154     7   155 0.77 -
h1tg000022l:15208391-15208903 -            171 130637at33090        -            263   1.9e-13   47.9   0.0   1   1   2.1e-14   2.1e-13   47.7   0.0     3   141     2   152     1   171 0.72 -
h1tg000039l:2497276-2498139   -            288 130637at33090        -            263   1.9e-13   47.9   0.0   1   1   2.9e-14   2.9e-13   47.3   0.0     2   196     7   219     6   222 0.72 -
h1tg000006l:422700-423539     -            280 130637at33090        -            263     2e-13   47.9   0.0   1   1   2.6e-14   2.6e-13   47.5   0.0    39   241     8   231     4   251 0.78 -
h1tg000033l:4041856-4042773   -            306 130637at33090        -            263     2e-13   47.8   0.0   1   2     0.055      0.54    7.1   0.0     3    56     1    55     1    69 0.88 -
h1tg000033l:4041856-4042773   -            306 130637at33090        -            263     2e-13   47.8   0.0   2   2   1.1e-11   1.1e-10   38.9   0.0    99   194   119   215   107   272 0.77 -
h1tg000026l:1496199-1496708   -            170 130637at33090        -            263   2.3e-13   47.6   0.1   1   2   4.6e-09   4.6e-08   30.3   0.0    99   136     5    42     2    57 0.89 -
h1tg000026l:1496199-1496708   -            170 130637at33090        -            263   2.3e-13   47.6   0.1   2   2   0.00014    0.0014   15.6   0.0   152   197   125   169   112   170 0.89 -
h1tg000679l:1955-2782         -            276 130637at33090        -            263   2.9e-13   47.3   0.0   1   1   3.9e-14   3.9e-13   46.9   0.0     3   195     1   197     1   223 0.75 -
h1tg000017l:8191045-8191533   -            163 130637at33090        -            263   3.2e-13   47.1   0.0   1   1   3.6e-14   3.6e-13   47.0   0.0     4   160     2   163     1   163 0.73 -
h1tg000047l:8961816-8962478   -            221 130637at33090        -            263   3.3e-13   47.1   0.0   1   1   3.9e-14   3.9e-13   46.9   0.0    48   187     1   145     1   175 0.81 -
h1tg000002l:27750818-27751813 -            332 130637at33090        -            263   3.4e-13   47.1   0.1   1   2   1.3e-12   1.3e-11   41.9   0.0     4   160    25   203    22   215 0.68 -
h1tg000002l:27750818-27751813 -            332 130637at33090        -            263   3.4e-13   47.1   0.1   2   2       2.7        27    1.5   0.0   171   199   244   272   236   293 0.83 -
h1tg000045l:8601412-8601837   -            142 130637at33090        -            263   3.5e-13   47.0   0.3   1   1   3.9e-14   3.9e-13   46.9   0.3     3   137     1   141     1   142 0.75 -
h1tg000003l:1163392-1165326   -            645 130637at33090        -            263   3.7e-13   46.9   0.0   1   1   5.6e-14   5.6e-13   46.4   0.0     3   140   476   624   474   643 0.78 -
h1tg000031l:660560-661222     -            221 130637at33090        -            263   3.9e-13   46.9   0.0   1   1   5.7e-14   5.7e-13   46.3   0.0    94   194    47   150    39   182 0.84 -
h1tg000032l:9328174-9328695   -            174 130637at33090        -            263   4.3e-13   46.7   0.0   1   1   4.6e-14   4.6e-13   46.6   0.0    17   143    19   153     1   174 0.73 -
h1tg000037l:7368179-7368994   -            272 130637at33090        -            263   4.6e-13   46.6   0.0   1   1   2.1e-13   2.1e-12   44.5   0.0    16   187    18   189     1   218 0.62 -
h1tg000023l:1658431-1658994   -            188 130637at33090        -            263     5e-13   46.5   0.0   1   1   6.8e-14   6.8e-13   46.1   0.0     2   185     1   187     1   188 0.69 -
h1tg000034l:1892768-1895050   -            761 130637at33090        -            263   5.1e-13   46.5   0.0   1   1   8.2e-14   8.2e-13   45.8   0.0     3   140   598   746   596   753 0.83 -
h1tg000025l:3105259-3106092   -            278 130637at33090        -            263   5.3e-13   46.4   0.0   1   1     7e-14   6.9e-13   46.1   0.0    39   191    31   189     2   203 0.78 -
h1tg000036l:1215726-1217479   -            253 130637at33090        -            263   5.5e-13   46.4   0.1   1   1   6.4e-14   6.4e-13   46.2   0.1     3   142     1   151     1   249 0.78 -
h1tg000032l:3128704-3129258   -            185 130637at33090        -            263     6e-13   46.3   0.6   1   2    0.0026     0.025   11.4   0.1    17    67     7    55     2    87 0.79 -
h1tg000032l:3128704-3129258   -            185 130637at33090        -            263     6e-13   46.3   0.6   2   2   5.5e-10   5.5e-09   33.3   0.0    98   139   141   185   125   185 0.88 -
h1tg000045l:8567308-8567733   -            142 130637at33090        -            263   6.5e-13   46.1   0.3   1   1   7.3e-14   7.3e-13   46.0   0.3     3   137     1   141     1   142 0.70 -
h1tg000025l:5059435-5060052   -            206 130637at33090        -            263   6.6e-13   46.1   0.0   1   1   2.1e-13   2.1e-12   44.5   0.0     3   192     1   203     1   206 0.69 -
h1tg000047l:9148979-9149812   -            278 130637at33090        -            263     7e-13   46.0   0.0   1   1   9.8e-14   9.7e-13   45.6   0.0     2   189    11   203    10   216 0.73 -
h1tg000045l:3193858-3194409   -            184 130637at33090        -            263   7.1e-13   46.0   0.0   1   1   8.8e-14   8.7e-13   45.7   0.0    38   185    30   181     5   183 0.71 -
h1tg000025l:5055255-5056280   -            342 130637at33090        -            263   8.6e-13   45.8   0.0   1   1   3.4e-13   3.4e-12   43.8   0.0     3   193     9   212     7   275 0.77 -
h1tg000010l:26246333-26247802 -            490 130637at33090        -            263   8.6e-13   45.8   0.0   1   1   1.2e-13   1.2e-12   45.3   0.0     4   187   298   488   295   490 0.82 -
h1tg000037l:7326739-7327395   -            219 130637at33090        -            263     1e-12   45.5   0.0   1   1   4.5e-13   4.5e-12   43.4   0.0    15   187    17   189     1   216 0.63 -
h1tg000005l:13687612-13688616 -            335 130637at33090        -            263   1.1e-12   45.4   0.0   1   1   1.6e-13   1.6e-12   44.9   0.0     2   197    24   225    23   239 0.75 -
h1tg000002l:2288904-2289683   -            260 130637at33090        -            263   1.1e-12   45.4   0.0   1   1   1.4e-13   1.4e-12   45.0   0.0     3   189     2   193     1   206 0.72 -
h1tg000039l:943418-943969     -            184 130637at33090        -            263   1.2e-12   45.3   0.0   1   1     2e-13     2e-12   44.6   0.0    37   186    29   182     2   183 0.76 -
h1tg000022l:1642449-1643045   -            199 130637at33090        -            263   1.2e-12   45.3   0.0   1   1   1.3e-13   1.3e-12   45.2   0.0    18   192    25   198     1   199 0.70 -
h1tg000025l:12987934-12988461 -            176 130637at33090        -            263   1.2e-12   45.2   0.0   1   1   1.8e-13   1.8e-12   44.7   0.0     3   137     7   153     5   176 0.73 -
h1tg000002l:11689322-11689765 -            148 130637at33090        -            263   1.3e-12   45.2   0.2   1   1   3.8e-13   3.8e-12   43.6   0.2     4   137     2   147     1   148 0.73 -
h1tg000037l:7339418-7340236   -            273 130637at33090        -            263   1.3e-12   45.1   0.0   1   1   5.4e-13   5.4e-12   43.1   0.0    15   188    18   191     1   237 0.64 -
h1tg000007l:13472268-13473086 -            273 130637at33090        -            263   1.3e-12   45.1   0.0   1   1   1.9e-13   1.9e-12   44.6   0.0    38   192    31   189     6   202 0.79 -
h1tg000047l:3678420-3679214   -            265 130637at33090        -            263   1.3e-12   45.1   0.0   1   1   3.2e-13   3.2e-12   43.9   0.0    38   193    30   189     2   201 0.73 -
h1tg000022l:1632810-1633661   -            284 130637at33090        -            263   1.4e-12   45.1   0.0   1   1   1.6e-13   1.6e-12   44.8   0.0    38   193    40   196     1   264 0.72 -
h1tg000003l:9835817-9862362   -            457 130637at33090        -            263   1.4e-12   45.0   0.0   1   1   3.7e-13   3.7e-12   43.7   0.0    16   186     9   181     1   197 0.76 -
h1tg000019l:14657044-14657556 -            171 130637at33090        -            263   1.5e-12   45.0   0.0   1   2   1.1e-09   1.1e-08   32.3   0.0    98   136     4    42     1    58 0.89 -
h1tg000019l:14657044-14657556 -            171 130637at33090        -            263   1.5e-12   45.0   0.0   2   2    0.0033     0.033   11.1   0.0   152   187   132   166   106   171 0.85 -
h1tg000003l:7033733-7034566   -            278 130637at33090        -            263   1.5e-12   44.9   0.0   1   1   2.1e-13   2.1e-12   44.5   0.0     3   190     1   193     1   204 0.76 -
h1tg000031l:630168-630977     -            270 130637at33090        -            263   1.6e-12   44.9   0.0   1   1   3.8e-13   3.8e-12   43.6   0.0     4   194     2   197     1   207 0.74 -
h1tg000006l:3327831-3328283   -            151 130637at33090        -            263   1.6e-12   44.8   0.0   1   1   1.8e-13   1.8e-12   44.7   0.0     4   136     9   151     6   151 0.70 -
h1tg000016l:4549297-4550118   -            274 130637at33090        -            263   1.7e-12   44.8   0.0   1   1   2.3e-13   2.3e-12   44.3   0.0     3   187     7   199     5   209 0.80 -
h1tg000003l:1473981-1474439   -            153 130637at33090        -            263   1.8e-12   44.7   0.1   1   1   2.1e-13   2.1e-12   44.5   0.1     3   137     7   152     5   153 0.76 -
h1tg000038l:2172442-2175036   -            865 130637at33090        -            263   2.1e-12   44.5   0.0   1   1     3e-13     3e-12   44.0   0.0    47   197   645   796   593   801 0.69 -
h1tg000002l:26681737-26683416 -            197 130637at33090        -            263   2.2e-12   44.4   0.0   1   1   6.3e-13   6.3e-12   42.9   0.0    98   187   110   190   103   196 0.87 -
h1tg000001l:18936965-18937666 -            234 130637at33090        -            263   2.4e-12   44.3   0.0   1   1   2.9e-13   2.9e-12   44.0   0.0    65   189    23   158     2   182 0.75 -
h1tg000033l:6457279-6458070   -            264 130637at33090        -            263     3e-12   44.0   0.1   1   1   1.3e-12   1.2e-11   41.9   0.1    36   166    28   164     6   191 0.68 -
h1tg000010l:20698625-20699443 -            273 130637at33090        -            263   3.6e-12   43.7   0.0   1   1   1.3e-12   1.3e-11   41.8   0.0    93   195    97   202     1   211 0.65 -
h1tg000007l:15179739-15183422 -           1228 130637at33090        -            263   3.6e-12   43.7   0.0   1   1   5.8e-13   5.8e-12   43.0   0.0    97   189  1061  1153   959  1164 0.69 -
h1tg000025l:6348072-6348506   -            145 130637at33090        -            263   4.4e-12   43.4   0.0   1   1   5.9e-13   5.9e-12   43.0   0.0     4   137     2   145     1   145 0.73 -
h1tg000026l:1736836-1737663   -            276 130637at33090        -            263   4.6e-12   43.4   0.0   1   1   7.7e-13   7.7e-12   42.6   0.0    14   189    20   194     1   209 0.65 -
h1tg000021l:4078447-4080550   -            266 130637at33090        -            263   4.8e-12   43.3   0.0   1   1   7.3e-13   7.3e-12   42.7   0.0     3   189     2   195     1   209 0.73 -
h1tg000003l:6984079-6984894   -            272 130637at33090        -            263   5.5e-12   43.1   0.0   1   1   7.7e-13   7.7e-12   42.6   0.0    38   190    31   185     4   197 0.77 -
h1tg000037l:7357376-7358074   -            233 130637at33090        -            263   7.3e-12   42.7   0.1   1   1   2.6e-12   2.6e-11   40.9   0.1    97   186   110   202    13   209 0.66 -
h1tg000014l:5299682-5301208   -            509 130637at33090        -            263   7.9e-12   42.6   0.0   1   1   1.3e-12   1.3e-11   41.9   0.0     3   189   307   500   305   507 0.77 -
h1tg000023l:4998611-4999051   -            147 130637at33090        -            263   8.1e-12   42.6   0.0   1   1   8.1e-13   8.1e-12   42.6   0.0    93   137   100   147     1   147 0.66 -
h1tg000043l:49618-52218       -            867 130637at33090        -            263   8.7e-12   42.5   0.0   1   1   1.9e-12   1.9e-11   41.3   0.0     3   190   606   800   604   812 0.72 -
h1tg000001l:2125357-2128214   -            905 130637at33090        -            263   9.3e-12   42.4   0.0   1   1   1.5e-12   1.5e-11   41.7   0.0     3   189   633   824   631   843 0.78 -
h1tg000012l:9512106-9512906   -            267 130637at33090        -            263   9.9e-12   42.3   0.0   1   1   1.7e-12   1.7e-11   41.5   0.0    16   189    11   184     3   206 0.76 -
h1tg000022l:4848580-4849416   -            279 130637at33090        -            263   1.1e-11   42.2   0.0   1   1   3.1e-12   3.1e-11   40.7   0.0    27   192    20   188     2   192 0.73 -
h1tg000003l:10133281-10134054 -            258 130637at33090        -            263   1.2e-11   42.0   0.0   1   1   1.8e-12   1.8e-11   41.4   0.0    27   185    15   183     6   211 0.74 -
h1tg000082l:105969-106418     -            150 130637at33090        -            263   1.2e-11   42.0   0.1   1   1   1.4e-12   1.4e-11   41.7   0.1     5   137     3   150     1   150 0.80 -
h1tg000029l:3172777-3173562   -            262 130637at33090        -            263   1.2e-11   41.9   0.0   1   1   3.1e-12   3.1e-11   40.6   0.0    29   193    22   189     5   202 0.73 -
h1tg000003l:28104703-28134879 -            993 130637at33090        -            263   1.3e-11   41.9   0.1   1   1   6.3e-12   6.3e-11   39.6   0.1     3   139   712   860   710   866 0.74 -
h1tg000023l:1066936-1067619   -            228 130637at33090        -            263   1.3e-11   41.8   0.0   1   1   1.9e-12   1.9e-11   41.3   0.0    97   203    60   175    52   218 0.78 -
h1tg000012l:5249683-5252640   -            986 130637at33090        -            263   1.5e-11   41.7   0.0   1   1   2.6e-12   2.5e-11   40.9   0.0     3   191   727   922   725   942 0.73 -
h1tg000001l:603204-667359     -            182 130637at33090        -            263   1.6e-11   41.5   0.0   1   1     2e-12     2e-11   41.3   0.0    30   162    27   162     1   174 0.73 -
h1tg000014l:2589794-2590585   -            264 130637at33090        -            263   1.8e-11   41.4   0.0   1   1   2.5e-12   2.5e-11   40.9   0.0     3   188     2   198     1   209 0.75 -
h1tg000002l:23202509-23202928 -            140 130637at33090        -            263     2e-11   41.3   0.0   1   1   2.2e-12   2.2e-11   41.2   0.0    47   184     2   138     1   140 0.71 -
h1tg000010l:24005094-24005561 -            156 130637at33090        -            263     2e-11   41.2   0.0   1   1   2.4e-12   2.4e-11   41.0   0.0     3   137    12   155    10   156 0.72 -
h1tg000038l:7363944-7382341   -            264 130637at33090        -            263   2.1e-11   41.2   0.1   1   1   2.9e-12   2.9e-11   40.8   0.1     3   186     1   194     1   203 0.74 -
h1tg000031l:23610825-23611568 -            248 130637at33090        -            263   2.2e-11   41.1   0.1   1   1   4.4e-12   4.4e-11   40.2   0.1     4   144     2   150     1   176 0.75 -
h1tg000036l:1073114-1075564   -            817 130637at33090        -            263   2.5e-11   41.0   0.1   1   1   4.5e-12   4.5e-11   40.1   0.1     3   140   648   796   646   807 0.80 -
h1tg000002l:1951330-1952115   -            262 130637at33090        -            263   2.5e-11   40.9   0.0   1   1     4e-12     4e-11   40.3   0.0     3   184     1   187     1   196 0.63 -
h1tg000017l:7868599-7869453   -            285 130637at33090        -            263   2.8e-11   40.8   0.0   1   1   6.9e-12   6.9e-11   39.5   0.0    38   191    30   187     9   199 0.76 -
h1tg000002l:2016384-2017154   -            257 130637at33090        -            263   2.9e-11   40.7   0.0   1   1   4.2e-12   4.2e-11   40.2   0.0     3   183     1   186     1   198 0.70 -
h1tg000032l:9316075-9318357   -            761 130637at33090        -            263   3.1e-11   40.6   0.0   1   1   4.4e-12   4.4e-11   40.1   0.0     3   138   612   759   610   761 0.78 -
h1tg000047l:2571346-2574399   -           1018 130637at33090        -            263   3.3e-11   40.5   0.0   1   1   5.8e-12   5.8e-11   39.8   0.0     3   213   748   965   746  1009 0.72 -
h1tg000022l:7365801-7366484   -            228 130637at33090        -            263   4.2e-11   40.2   0.0   1   1   5.8e-12   5.8e-11   39.7   0.0    98   193    59   157    41   164 0.86 -
h1tg000047l:9162235-9163086   -            284 130637at33090        -            263   4.5e-11   40.1   0.0   1   1   6.2e-12   6.2e-11   39.7   0.0     3   143    17   164    15   215 0.66 -
h1tg000002l:2276743-2277594   -            284 130637at33090        -            263   4.5e-11   40.1   0.0   1   1   6.2e-12   6.2e-11   39.7   0.0     3   143    17   164    15   215 0.66 -
h1tg000017l:7282896-7283627   -            244 130637at33090        -            263   4.6e-11   40.1   0.0   1   1   5.7e-12   5.7e-11   39.8   0.0    46   190     5   153     2   222 0.65 -
h1tg000002l:23048161-23048955 -            265 130637at33090        -            263   4.6e-11   40.1   0.0   1   1   6.7e-12   6.7e-11   39.5   0.0     4   186     2   190     1   206 0.67 -
h1tg000012l:8366027-8366476   -            150 130637at33090        -            263     8e-11   39.3   0.1   1   1   9.4e-12   9.3e-11   39.1   0.1     5   137     3   150     1   150 0.79 -
h1tg000005l:273039-275980     -            928 130637at33090        -            263   8.8e-11   39.2   0.0   1   1   4.5e-11   4.5e-10   36.8   0.0     3   142   639   792   637   845 0.73 -
h1tg000027l:253463-253894     -            144 130637at33090        -            263   1.2e-10   38.8   0.0   1   1   1.3e-11   1.3e-10   38.6   0.0     4   137     2   143     1   144 0.80 -
h1tg000032l:6006891-6010190   -            932 130637at33090        -            263   1.3e-10   38.6   0.0   1   1   2.1e-11     2e-10   38.0   0.0     3   143   667   825   665   869 0.75 -
h1tg000010l:6122259-6123236   -            326 130637at33090        -            263   1.5e-10   38.4   0.0   1   1   2.5e-11   2.5e-10   37.7   0.0     2   198    14   234    13   253 0.68 -
h1tg000033l:6247411-6247752   -            114 130637at33090        -            263   1.5e-10   38.4   0.0   1   1   1.7e-11   1.7e-10   38.2   0.0    94   163    25    97    16   113 0.81 -
h1tg000031l:13315107-13315583 -            159 130637at33090        -            263   1.8e-10   38.1   0.1   1   1   2.1e-11   2.1e-10   37.9   0.1     2   135    15   158    14   159 0.80 -
h1tg000029l:3044990-3046054   -            268 130637at33090        -            263   1.9e-10   38.0   0.0   1   1   2.9e-11   2.9e-10   37.5   0.0   101   187    82   173    65   186 0.83 -
h1tg000002l:17597461-17597892 -            144 130637at33090        -            263   2.3e-10   37.8   0.2   1   1   2.8e-11   2.8e-10   37.5   0.2     6   137     1   143     1   144 0.68 -
h1tg000045l:8500880-8501317   -            146 130637at33090        -            263   3.2e-10   37.3   0.2   1   1   3.7e-11   3.7e-10   37.1   0.2     3   137     5   145     3   146 0.75 -
h1tg000045l:8416913-8437095   -            874 130637at33090        -            263   3.5e-10   37.2   0.0   1   1   5.4e-11   5.4e-10   36.6   0.0     4   142   609   753   606   787 0.73 -
h1tg000007l:15516897-15517619 -            241 130637at33090        -            263   3.5e-10   37.2   0.1   1   1   1.6e-10   1.6e-09   35.0   0.1     3   135     2   142     1   166 0.73 -
h1tg000024l:7583505-7584405   -            262 130637at33090        -            263   5.4e-10   36.6   0.0   1   1   7.7e-11   7.7e-10   36.1   0.0     3   140     1   151     1   166 0.75 -
h1tg000045l:8490255-8572852   -            541 130637at33090        -            263   8.4e-10   35.9   0.0   1   1   1.3e-10   1.3e-09   35.3   0.0     4   138   397   537   394   540 0.74 -
h1tg000017l:8190615-8280281   -            873 130637at33090        -            263   9.4e-10   35.8   0.1   1   1   1.5e-10   1.5e-09   35.2   0.1     3   141   611   755   609   779 0.73 -
h1tg000045l:7268143-7269254   -            245 130637at33090        -            263   9.8e-10   35.7   0.0   1   1   1.8e-10   1.8e-09   34.9   0.0    11   141    13   160     1   170 0.66 -
h1tg000001l:2131107-2134179   -            963 130637at33090        -            263   1.8e-09   34.8   0.0   1   1   2.9e-10   2.9e-09   34.2   0.0     4   187   688   872   685   884 0.70 -
h1tg000002l:25670533-25671219 -            229 130637at33090        -            263   1.9e-09   34.8   0.0   1   1   2.7e-10   2.7e-09   34.3   0.0    98   190    61   159    51   181 0.71 -
h1tg000010l:23960385-24006337 -            342 130637at33090        -            263   1.9e-09   34.8   0.0   1   1   3.6e-10   3.6e-09   33.9   0.0    33   144    67   192    28   220 0.62 -
h1tg000001l:8055696-8056901   -            253 130637at33090        -            263   2.1e-09   34.6   0.0   1   1   6.3e-10   6.3e-09   33.1   0.0    98   190    74   172    64   185 0.70 -
h1tg000010l:23762353-23765433 -            967 130637at33090        -            263   2.1e-09   34.6   0.0   1   1   4.2e-10   4.2e-09   33.6   0.0     3   190   656   862   654   879 0.63 -
h1tg000037l:6500402-6503693   -            996 130637at33090        -            263   2.2e-09   34.6   0.1   1   2       1.3        13    2.6   0.0     3    55   688   743   686   754 0.67 -
h1tg000037l:6500402-6503693   -            996 130637at33090        -            263   2.2e-09   34.6   0.1   2   2   7.3e-09   7.3e-08   29.6   0.0    98   140   801   846   794   899 0.88 -
h1tg000002l:26944995-26945645 -            217 130637at33090        -            263   2.4e-09   34.5   0.0   1   1   3.5e-10   3.5e-09   33.9   0.0    98   192    61   161    52   172 0.78 -
h1tg000043l:1547592-1548275   -            228 130637at33090        -            263   2.5e-09   34.4   0.0   1   1   2.9e-10   2.9e-09   34.2   0.0    98   191    61   160     2   179 0.79 -
h1tg000025l:9401544-9402209   -            222 130637at33090        -            263   2.9e-09   34.2   0.0   1   1   7.2e-10   7.2e-09   32.9   0.0    46   143     1   103     1   164 0.76 -
h1tg000039l:2790970-2794101   -           1044 130637at33090        -            263   2.9e-09   34.2   0.0   1   2     0.059      0.58    7.0   0.0     3    56   681   737   679   752 0.75 -
h1tg000039l:2790970-2794101   -           1044 130637at33090        -            263   2.9e-09   34.2   0.0   2   2     2e-07     2e-06   24.9   0.0   101   161   797   865   787   872 0.74 -
h1tg000024l:7565444-7567549   -            702 130637at33090        -            263   3.5e-09   33.9   0.0   1   1   5.7e-10   5.6e-09   33.2   0.0     3   140   537   687   535   695 0.70 -
h1tg000027l:3501345-3501998   -            218 130637at33090        -            263   4.6e-09   33.5   0.0   1   1   6.5e-10   6.5e-09   33.0   0.0    97   190    60   159    52   180 0.68 -
h1tg000027l:286938-287363     -            142 130637at33090        -            263     7e-09   32.9   0.0   1   1   7.9e-10   7.8e-09   32.8   0.0     4   136     2   142     1   142 0.79 -
h1tg000021l:2644592-2646652   -            687 130637at33090        -            263   7.1e-09   32.9   0.0   1   1   1.1e-09   1.1e-08   32.3   0.0     3   121   558   687   556   687 0.78 -
h1tg000019l:9181221-9183410   -            730 130637at33090        -            263     1e-08   32.4   0.0   1   1   1.5e-09   1.5e-08   31.9   0.0     3   121   602   730   600   730 0.73 -
h1tg000045l:3887417-3913057   -            484 130637at33090        -            263     3e-08   30.9   0.0   1   1   4.5e-09   4.5e-08   30.3   0.0    34   187    24   181     4   196 0.77 -
h1tg000025l:11517649-11518242 -            198 130637at33090        -            263   3.1e-08   30.8   0.0   1   1   1.2e-08   1.2e-07   28.8   0.0    10   187    12   194     1   197 0.68 -
h1tg000003l:4332131-4332886   -            252 130637at33090        -            263   3.3e-08   30.7   0.0   1   1   1.3e-08   1.3e-07   28.8   0.0    99   191   128   223    42   230 0.79 -
h1tg000021l:3473326-3473985   -            220 130637at33090        -            263   3.6e-08   30.6   0.0   1   1   4.2e-09   4.2e-08   30.4   0.0    94   185    50   145     3   162 0.74 -
h1tg000006l:2090385-2090819   -            145 130637at33090        -            263   3.7e-08   30.5   0.0   1   1   5.3e-09   5.3e-08   30.0   0.0    93   192    32   139    26   145 0.70 -
h1tg000039l:2815911-2818895   -            923 130637at33090        -            263   3.8e-08   30.5   0.0   1   1   8.4e-09   8.4e-08   29.4   0.0     3   126   687   822   685   827 0.73 -
h1tg000031l:7529828-7531882   -            685 130637at33090        -            263   4.2e-07   27.1   0.0   1   1   6.7e-08   6.7e-07   26.4   0.0     3   121   556   685   554   685 0.74 -
h1tg000005l:1954461-1954892   -            144 130637at33090        -            263   7.5e-07   26.3   0.0   1   1   8.4e-08   8.4e-07   26.1   0.0    95   137    99   144     1   144 0.79 -
h1tg000038l:7485919-7488057   -            713 130637at33090        -            263   2.1e-06   24.8   0.0   1   1   2.9e-07   2.9e-06   24.3   0.0     3   121   586   713   584   713 0.74 -
h1tg000006l:3787457-3790090   -            844 130637at33090        -            263   2.6e-06   24.5   0.0   1   1   4.8e-07   4.8e-06   23.6   0.0   100   192   679   772   568   781 0.82 -
h1tg000002l:27671850-27674276 -            809 130637at33090        -            263   2.7e-06   24.5   0.2   1   1   6.6e-07   6.6e-06   23.2   0.2     4   121   670   809   667   809 0.65 -
h1tg000014l:14985063-14987300 -            746 130637at33090        -            263   3.1e-06   24.3   0.0   1   1   4.1e-07   4.1e-06   23.8   0.0     3   121   611   746   609   746 0.74 -
h1tg000082l:104055-106370     -            772 130637at33090        -            263   3.3e-06   24.2   0.1   1   1     5e-07     5e-06   23.6   0.1     4   121   640   772   638   772 0.78 -
h1tg000012l:2231128-2233443   -            772 130637at33090        -            263   3.3e-06   24.2   0.1   1   1     5e-07     5e-06   23.6   0.1     4   121   640   772   638   772 0.78 -
h1tg000030l:5365716-5366522   -            269 130637at33090        -            263   5.6e-06   23.4   0.0   1   1   7.8e-07   7.8e-06   22.9   0.0    10   192     6   196     2   231 0.66 -
h1tg000001l:12879914-12880816 -            301 130637at33090        -            263   6.3e-06   23.2   0.0   1   2       6.4        64    0.3   0.0    34    56    34    56     2    74 0.75 -
h1tg000001l:12879914-12880816 -            301 130637at33090        -            263   6.3e-06   23.2   0.0   2   2   4.3e-06   4.3e-05   20.5   0.0   100   189   130   220   118   229 0.78 -
h1tg000014l:463525-464340     -            272 130637at33090        -            263   1.4e-05   22.1   0.0   1   1     2e-06     2e-05   21.6   0.0     5   141    11   155     7   212 0.80 -
h1tg000006l:4045214-4046195   -            263 130637at33090        -            263   1.7e-05   21.9   0.0   1   1   3.2e-06   3.2e-05   20.9   0.0    34   189    36   200     9   209 0.79 -
h1tg000027l:202684-271639     -            724 130637at33090        -            263   6.3e-05   20.0   0.0   1   1   1.1e-05   0.00011   19.1   0.0     3   121   598   724   596   724 0.75 -
h1tg000033l:6867845-6872653   -            186 130637at33090        -            263    0.0001   19.3   0.2   1   1   1.3e-05   0.00013   19.0   0.2    62   122   122   186    51   186 0.69 -
h1tg000005l:10784609-10787395 -            929 130637at33090        -            263   0.00017   18.5   0.1   1   1   2.4e-05   0.00024   18.1   0.1     4   121   806   929   803   929 0.72 -
h1tg000025l:6374080-6376473   -            798 130637at33090        -            263   0.00028   17.9   0.0   1   1   3.8e-05   0.00038   17.4   0.0     3   121   671   798   669   798 0.70 -
h1tg000029l:9256104-9258461   -            786 130637at33090        -            263   0.00058   16.8   0.0   1   1   9.9e-05   0.00099   16.0   0.0    39   121   699   786   643   786 0.70 -
#
# Program:         hmmsearch
# Version:         3.3.2 (Nov 2020)
# Pipeline mode:   SEARCH
# Query file:      /work/sablok/grapevineassemblies/assemblyhifiasm/busco_hifiasmtriobinning/busco_downloads/lineages/viridiplantae_odb10/hmms/130637at33090.hmm
# Target file:     /work/sablok/grapevineassemblies/assemblyhifiasm/busco_hifiasmtriobinning/maternalpaternal.asm.dip.hap1.p_ctg.fa.busco/run_viridiplantae_odb10/metaeuk_output/initial_results/maternalpaternal.asm.dip.hap1.p_ctg.fa.modified.fas
# Option settings: hmmsearch --domtblout /work/sablok/grapevineassemblies/assemblyhifiasm/busco_hifiasmtriobinning/maternalpaternal.asm.dip.hap1.p_ctg.fa.busco/run_viridiplantae_odb10/hmmer_output/initial_run_results/130637at33090.out --cpu 1 /work/sablok/grapevineassemblies/assemblyhifiasm/busco_hifiasmtriobinning/busco_downloads/lineages/viridiplantae_odb10/hmms/130637at33090.hmm /work/sablok/grapevineassemblies/assemblyhifiasm/busco_hifiasmtriobinning/maternalpaternal.asm.dip.hap1.p_ctg.fa.busco/run_viridiplantae_odb10/metaeuk_output/initial_results/maternalpaternal.asm.dip.hap1.p_ctg.fa.modified.fas 
# Current dir:     /work/sablok/grapevineassemblies/assemblyhifiasm/busco_hifiasmtriobinning
# Date:            Thu Apr 18 11:10:37 2024
# [ok]
