#                                                                                   --- full sequence --- -------------- this domain -------------   hmm coord   ali coord   env coord
# target name               accession   tlen query name           accession   qlen   E-value  score  bias   #  of  c-Evalue  i-Evalue  score  bias  from    to  from    to  from    to  acc description of target
#       ------------------- ---------- ----- -------------------- ---------- ----- --------- ------ ----- --- --- --------- --------- ------ ----- ----- ----- ----- ----- ----- ----- ---- ---------------------
h1tg000049l:6354471-6364468 -            682 137771at33090        -            511  4.4e-273  904.2  23.9   1   3  2.2e-193  1.6e-190  631.7   4.3     1   332     1   354     1   360 0.95 -
h1tg000049l:6354471-6364468 -            682 137771at33090        -            511  4.4e-273  904.2  23.9   2   3   3.3e-39   2.4e-36  123.1   2.3   329   409   445   525   437   534 0.93 -
h1tg000049l:6354471-6364468 -            682 137771at33090        -            511  4.4e-273  904.2  23.9   3   3   1.2e-50   8.5e-48  160.9   2.5   392   511   535   660   526   660 0.86 -
h1tg000038l:3799864-3803882 -            375 137771at33090        -            511   1.8e-26   90.6   0.0   1   2   9.5e-17   6.9e-14   49.0   0.0   119   235     9   120     1   124 0.87 -
h1tg000038l:3799864-3803882 -            375 137771at33090        -            511   1.8e-26   90.6   0.0   2   2   2.1e-15   1.5e-12   44.6   0.0   117   235   111   221   107   228 0.87 -
h1tg000045l:1987418-1988032 -            205 137771at33090        -            511   8.9e-19   65.2   0.3   1   1   1.8e-21   1.3e-18   64.6   0.3   101   298     1   201     1   205 0.80 -
h1tg000033l:4309716-4310522 -            269 137771at33090        -            511   5.3e-18   62.6   0.1   1   3   2.1e-09   1.5e-06   24.8   0.1   112   217     1   101     1   103 0.71 -
h1tg000033l:4309716-4310522 -            269 137771at33090        -            511   5.3e-18   62.6   0.1   2   3   3.1e-12   2.2e-09   34.2   0.0    99   217    91   210    85   231 0.82 -
h1tg000033l:4309716-4310522 -            269 137771at33090        -            511   5.3e-18   62.6   0.1   3   3     0.016        12    2.1   0.0   117   144   230   258   204   265 0.83 -
h1tg000027l:2936652-2937458 -            269 137771at33090        -            511   5.1e-16   56.1   0.1   1   3   4.2e-07   0.00031   17.2   0.0   176   236     1    65     1    82 0.77 -
h1tg000027l:2936652-2937458 -            269 137771at33090        -            511   5.1e-16   56.1   0.1   2   3   1.1e-12   8.3e-10   35.6   0.0   112   266    49   210    46   216 0.63 -
h1tg000027l:2936652-2937458 -            269 137771at33090        -            511   5.1e-16   56.1   0.1   3   3    0.0031       2.2    4.5   0.0   270   304   233   269   224   269 0.76 -
#
# Program:         hmmsearch
# Version:         3.3.2 (Nov 2020)
# Pipeline mode:   SEARCH
# Query file:      /work/sablok/grapevineassemblies/assemblyhifiasm/busco_hifiasmtriobinning/busco_downloads/lineages/viridiplantae_odb10/hmms/137771at33090.hmm
# Target file:     /work/sablok/grapevineassemblies/assemblyhifiasm/busco_hifiasmtriobinning/maternalpaternal.asm.dip.hap1.p_ctg.fa.busco/run_viridiplantae_odb10/metaeuk_output/initial_results/maternalpaternal.asm.dip.hap1.p_ctg.fa.modified.fas
# Option settings: hmmsearch --domtblout /work/sablok/grapevineassemblies/assemblyhifiasm/busco_hifiasmtriobinning/maternalpaternal.asm.dip.hap1.p_ctg.fa.busco/run_viridiplantae_odb10/hmmer_output/initial_run_results/137771at33090.out --cpu 1 /work/sablok/grapevineassemblies/assemblyhifiasm/busco_hifiasmtriobinning/busco_downloads/lineages/viridiplantae_odb10/hmms/137771at33090.hmm /work/sablok/grapevineassemblies/assemblyhifiasm/busco_hifiasmtriobinning/maternalpaternal.asm.dip.hap1.p_ctg.fa.busco/run_viridiplantae_odb10/metaeuk_output/initial_results/maternalpaternal.asm.dip.hap1.p_ctg.fa.modified.fas 
# Current dir:     /work/sablok/grapevineassemblies/assemblyhifiasm/busco_hifiasmtriobinning
# Date:            Thu Apr 18 11:10:09 2024
# [ok]
