#                                                                                     --- full sequence --- -------------- this domain -------------   hmm coord   ali coord   env coord
# target name                 accession   tlen query name           accession   qlen   E-value  score  bias   #  of  c-Evalue  i-Evalue  score  bias  from    to  from    to  from    to  acc description of target
#         ------------------- ---------- ----- -------------------- ---------- ----- --------- ------ ----- --- --- --------- --------- ------ ----- ----- ----- ----- ----- ----- ----- ---- ---------------------
h1tg000002l:24329120-24332827 -            314 140876at33090        -            220  1.8e-102  339.2   3.0   1   2       1.4   1.6e+03   -4.0   0.0     6    18    79    91    77    93 0.83 -
h1tg000002l:24329120-24332827 -            314 140876at33090        -            220  1.8e-102  339.2   3.0   2   2    3e-105  3.6e-102  338.2   3.2    20   220   110   313   102   313 0.96 -
h1tg000002l:24329120-24332674 -            209 140876at33090        -            220   4.4e-71  236.6   3.6   1   3      0.54   6.6e+02   -2.7   0.0     6    19    28    41    25    45 0.83 -
h1tg000002l:24329120-24332674 -            209 140876at33090        -            220   4.4e-71  236.6   3.6   2   3   1.6e-62   1.9e-59  198.5   1.3    20   136    58   174    48   177 0.95 -
h1tg000002l:24329120-24332674 -            209 140876at33090        -            220   4.4e-71  236.6   3.6   3   3   1.8e-13   2.2e-10   38.1   0.1   189   220   177   208   174   208 0.97 -
h1tg000003l:29136684-29137721 -            290 140876at33090        -            220   2.6e-06   24.8   0.0   1   2      0.51   6.2e+02   -2.6   0.0    29    51   111   133   103   189 0.54 -
h1tg000003l:29136684-29137721 -            290 140876at33090        -            220   2.6e-06   24.8   0.0   2   2     4e-09   4.9e-06   23.9   0.0   152   204   242   289   198   290 0.86 -
#
# Program:         hmmsearch
# Version:         3.3.2 (Nov 2020)
# Pipeline mode:   SEARCH
# Query file:      /work/sablok/grapevineassemblies/assemblyhifiasm/busco_hifiasmtriobinning/busco_downloads/lineages/viridiplantae_odb10/hmms/140876at33090.hmm
# Target file:     /work/sablok/grapevineassemblies/assemblyhifiasm/busco_hifiasmtriobinning/maternalpaternal.asm.dip.hap1.p_ctg.fa.busco/run_viridiplantae_odb10/metaeuk_output/initial_results/maternalpaternal.asm.dip.hap1.p_ctg.fa.modified.fas
# Option settings: hmmsearch --domtblout /work/sablok/grapevineassemblies/assemblyhifiasm/busco_hifiasmtriobinning/maternalpaternal.asm.dip.hap1.p_ctg.fa.busco/run_viridiplantae_odb10/hmmer_output/initial_run_results/140876at33090.out --cpu 1 /work/sablok/grapevineassemblies/assemblyhifiasm/busco_hifiasmtriobinning/busco_downloads/lineages/viridiplantae_odb10/hmms/140876at33090.hmm /work/sablok/grapevineassemblies/assemblyhifiasm/busco_hifiasmtriobinning/maternalpaternal.asm.dip.hap1.p_ctg.fa.busco/run_viridiplantae_odb10/metaeuk_output/initial_results/maternalpaternal.asm.dip.hap1.p_ctg.fa.modified.fas 
# Current dir:     /work/sablok/grapevineassemblies/assemblyhifiasm/busco_hifiasmtriobinning
# Date:            Thu Apr 18 11:10:34 2024
# [ok]
