#                                                                                     --- full sequence --- -------------- this domain -------------   hmm coord   ali coord   env coord
# target name                 accession   tlen query name           accession   qlen   E-value  score  bias   #  of  c-Evalue  i-Evalue  score  bias  from    to  from    to  from    to  acc description of target
#         ------------------- ---------- ----- -------------------- ---------- ----- --------- ------ ----- --- --- --------- --------- ------ ----- ----- ----- ----- ----- ----- ----- ---- ---------------------
h1tg000010l:37487867-37493159 -            305 142077at33090        -            239  7.6e-113  373.6   2.2   1   2   1.2e-10   2.7e-08   31.3   0.0     1    37    47    83    47    89 0.95 -
h1tg000010l:37487867-37493159 -            305 142077at33090        -            239  7.6e-113  373.6   2.2   2   2    3e-105  6.8e-103  341.0   1.4    28   219    98   305    86   305 0.90 -
h1tg000024l:5054578-5055285   -            236 142077at33090        -            239   2.9e-66  221.1   0.0   1   1   1.6e-68   3.6e-66  220.8   0.0    37   238    21   228    10   229 0.91 -
h1tg000045l:2432390-2433028   -            213 142077at33090        -            239   6.4e-65  216.7   0.1   1   1   3.4e-67   7.7e-65  216.4   0.1    40   238     1   205     1   206 0.92 -
h1tg000032l:9300240-9300929   -            230 142077at33090        -            239   2.3e-64  214.9   0.1   1   1   1.3e-66   2.9e-64  214.5   0.1    37   238    15   222    10   223 0.91 -
h1tg000047l:173281-173979     -            233 142077at33090        -            239   2.6e-64  214.7   0.1   1   1   1.4e-66   3.2e-64  214.4   0.1    37   238    18   225     8   226 0.92 -
h1tg000032l:9312312-9313001   -            230 142077at33090        -            239   9.8e-64  212.8   0.0   1   1   5.6e-66   1.3e-63  212.4   0.0    37   238    15   222    10   223 0.91 -
h1tg000045l:10145258-10145899 -            214 142077at33090        -            239   1.6e-63  212.1   0.1   1   1   8.3e-66   1.9e-63  211.9   0.1    39   238     1   206     1   207 0.92 -
h1tg000047l:3864978-3866090   -            209 142077at33090        -            239   1.5e-62  208.9   0.6   1   1   1.4e-64   3.3e-62  207.8   0.6    39   237     2   208     1   209 0.89 -
h1tg000032l:4421400-4422126   -            212 142077at33090        -            239   1.9e-62  208.6   0.4   1   1   1.8e-64     4e-62  207.5   0.4    38   238     2   210     1   211 0.89 -
h1tg000031l:23613720-23614520 -            170 142077at33090        -            239   8.2e-37  124.7   0.1   1   2   9.2e-14   2.1e-11   41.5   0.0    63   105     2    47     1    72 0.79 -
h1tg000031l:23613720-23614520 -            170 142077at33090        -            239   8.2e-37  124.7   0.1   2   2   5.7e-26   1.3e-23   81.5   0.0   170   238   102   170    98   170 0.94 -
h1tg000012l:8139653-8140859   -            183 142077at33090        -            239   2.1e-35  120.1   0.0   1   2   4.6e-15   1.1e-12   45.8   0.0    60   105     2    50     1    80 0.80 -
h1tg000012l:8139653-8140859   -            183 142077at33090        -            239   2.1e-35  120.1   0.0   2   2   2.6e-23   5.9e-21   72.8   0.0   168   236   112   181    96   183 0.92 -
h1tg000023l:23202758-23203384 -            209 142077at33090        -            239     3e-35  119.5   0.3   1   1   3.2e-36   7.2e-34  115.0   0.3    59   239     8   206     5   206 0.80 -
h1tg000037l:6425295-6426109   -            231 142077at33090        -            239   2.8e-34  116.4   0.6   1   3   6.4e-06    0.0015   15.8   0.1    43    74    13    45     8    69 0.81 -
h1tg000037l:6425295-6426109   -            231 142077at33090        -            239   2.8e-34  116.4   0.6   2   3   3.2e-07   7.3e-05   20.1   0.1    76   103    92   120    50   134 0.88 -
h1tg000037l:6425295-6426109   -            231 142077at33090        -            239   2.8e-34  116.4   0.6   3   3   8.1e-25   1.8e-22   77.7   0.0   168   238   160   230   156   231 0.95 -
h1tg000038l:2559626-2560257   -            180 142077at33090        -            239   7.1e-30  102.0   0.3   1   1     7e-31   1.6e-28   97.5   0.3    60   238     1   176     1   177 0.77 -
h1tg000001l:19701305-19701847 -            181 142077at33090        -            239   8.3e-29   98.5   0.2   1   1   1.4e-29   3.3e-27   93.2   0.2    80   239    16   175     2   175 0.78 -
h1tg000077l:2218620-2219150   -            177 142077at33090        -            239   6.6e-23   79.2   1.1   1   2   7.1e-14   1.6e-11   41.9   0.2    60   112     2    58     1    63 0.85 -
h1tg000077l:2218620-2219150   -            177 142077at33090        -            239   6.6e-23   79.2   1.1   2   2   4.2e-12   9.5e-10   36.1   0.0   168   215   115   171   111   177 0.83 -
#
# Program:         hmmsearch
# Version:         3.3.2 (Nov 2020)
# Pipeline mode:   SEARCH
# Query file:      /work/sablok/grapevineassemblies/assemblyhifiasm/busco_hifiasmtriobinning/busco_downloads/lineages/viridiplantae_odb10/hmms/142077at33090.hmm
# Target file:     /work/sablok/grapevineassemblies/assemblyhifiasm/busco_hifiasmtriobinning/maternalpaternal.asm.dip.hap1.p_ctg.fa.busco/run_viridiplantae_odb10/metaeuk_output/initial_results/maternalpaternal.asm.dip.hap1.p_ctg.fa.modified.fas
# Option settings: hmmsearch --domtblout /work/sablok/grapevineassemblies/assemblyhifiasm/busco_hifiasmtriobinning/maternalpaternal.asm.dip.hap1.p_ctg.fa.busco/run_viridiplantae_odb10/hmmer_output/initial_run_results/142077at33090.out --cpu 1 /work/sablok/grapevineassemblies/assemblyhifiasm/busco_hifiasmtriobinning/busco_downloads/lineages/viridiplantae_odb10/hmms/142077at33090.hmm /work/sablok/grapevineassemblies/assemblyhifiasm/busco_hifiasmtriobinning/maternalpaternal.asm.dip.hap1.p_ctg.fa.busco/run_viridiplantae_odb10/metaeuk_output/initial_results/maternalpaternal.asm.dip.hap1.p_ctg.fa.modified.fas 
# Current dir:     /work/sablok/grapevineassemblies/assemblyhifiasm/busco_hifiasmtriobinning
# Date:            Thu Apr 18 11:10:09 2024
# [ok]
