#                                                                                     --- full sequence --- -------------- this domain -------------   hmm coord   ali coord   env coord
# target name                 accession   tlen query name           accession   qlen   E-value  score  bias   #  of  c-Evalue  i-Evalue  score  bias  from    to  from    to  from    to  acc description of target
#         ------------------- ---------- ----- -------------------- ---------- ----- --------- ------ ----- --- --- --------- --------- ------ ----- ----- ----- ----- ----- ----- ----- ---- ---------------------
h1tg000024l:522903-535915     -            609 163701at33090        -            149     4e-38  128.4   0.4   1   1   1.3e-39   2.2e-37  126.0   0.4    25   149   460   607   447   607 0.84 -
h1tg000043l:156085-157109     -            151 163701at33090        -            149   4.2e-05   21.3   0.0   1   1   3.6e-07     6e-05   20.8   0.0     5    78    25   100    22   126 0.82 -
h1tg000002l:23874288-23874422 -             45 163701at33090        -            149   0.00024   18.8   0.0   1   1   1.4e-06   0.00024   18.8   0.0     4    37     3    36     1    42 0.88 -
h1tg000020l:1270840-1271094   -             85 163701at33090        -            149   0.00025   18.7   0.0   1   2       2.1   3.4e+02   -1.2   0.0    23    30     2     9     1    16 0.84 -
h1tg000020l:1270840-1271094   -             85 163701at33090        -            149   0.00025   18.7   0.0   2   2   4.4e-06   0.00072   17.3   0.0     4    38    28    62    26    80 0.84 -
h1tg000005l:14812335-14813147 -            128 163701at33090        -            149    0.0013   16.4   0.0   1   1   1.4e-05    0.0023   15.6   0.0     4    37     4    37     2    61 0.88 -
h1tg000007l:15145398-15145634 -             79 163701at33090        -            149    0.0021   15.7   0.0   1   1   1.4e-05    0.0022   15.7   0.0     4    32    15    43    13    71 0.86 -
h1tg000001l:20134711-20135396 -            158 163701at33090        -            149    0.0022   15.7   0.0   1   1   2.4e-05     0.004   14.8   0.0     5    37    28    60    25    72 0.87 -
h1tg000049l:8337195-8337431   -             79 163701at33090        -            149    0.0039   14.9   0.0   1   1   2.4e-05    0.0039   14.9   0.0     4    32    15    43    13    71 0.85 -
h1tg000023l:4606900-4607037   -             46 163701at33090        -            149    0.0041   14.8   0.0   1   1   2.6e-05    0.0042   14.8   0.0     4    26    11    33     8    43 0.87 -
h1tg000008l:621595-621852     -             86 163701at33090        -            149    0.0042   14.8   0.1   1   1   3.6e-05    0.0059   14.3   0.1     4    28    45    69    43    77 0.89 -
h1tg000029l:3181338-3182121   -            112 163701at33090        -            149    0.0074   14.0   0.0   1   1   6.7e-05     0.011   13.4   0.0     4    28     4    28     2    46 0.88 -
h1tg000012l:6978431-6980397   -            104 163701at33090        -            149    0.0089   13.7   0.0   1   1   6.1e-05      0.01   13.5   0.0     4    34    41    71    39    97 0.85 -
h1tg000026l:1902253-1907829   -            128 163701at33090        -            149     0.015   13.0   0.0   1   1   0.00012      0.02   12.6   0.0     4    25    38    59    36    93 0.89 -
h1tg000033l:7901614-7901968   -             74 163701at33090        -            149     0.015   13.0   0.1   1   2       8.2   1.4e+03   -3.1   0.0    18    30    11    24     9    26 0.62 -
h1tg000033l:7901614-7901968   -             74 163701at33090        -            149     0.015   13.0   0.1   2   2   0.00016     0.026   12.2   0.0     4    33    37    66    35    72 0.83 -
h1tg000031l:18969930-18975549 -            126 163701at33090        -            149     0.017   12.8   0.0   1   1   0.00015     0.024   12.3   0.0     4    24    36    56    33    82 0.90 -
h1tg000040l:8305669-8305935   -             89 163701at33090        -            149     0.019   12.6   0.1   1   1   0.00022     0.036   11.7   0.1     4    21    21    38    18    42 0.88 -
h1tg000034l:2612105-2613298   -            112 163701at33090        -            149     0.022   12.5   0.4   1   1   0.00026     0.043   11.5   0.1     4    22    30    48    27    58 0.82 -
h1tg000008l:3275643-3276128   -            162 163701at33090        -            149     0.033   11.9   0.1   1   1   0.00037     0.061   11.0   0.1     4    26    43    65    41    74 0.83 -
h1tg000006l:66647-67132       -            162 163701at33090        -            149     0.033   11.9   0.1   1   1   0.00037     0.061   11.0   0.1     4    26    43    65    41    74 0.83 -
h1tg000010l:36679254-36679688 -            145 163701at33090        -            149     0.039   11.6   0.3   1   2    0.0017      0.29    8.8   0.2     4    20     4    20     2    25 0.89 -
h1tg000010l:36679254-36679688 -            145 163701at33090        -            149     0.039   11.6   0.3   2   2      0.72   1.2e+02    0.3   0.0     9    33    75    99    69   103 0.80 -
h1tg000038l:3573515-3573952   -            146 163701at33090        -            149     0.044   11.5   0.9   1   2    0.0013      0.21    9.3   0.2     4    22     6    24     5    45 0.82 -
h1tg000038l:3573515-3573952   -            146 163701at33090        -            149     0.044   11.5   0.9   2   2       0.5        83    0.8   0.1    79   125    39    82    34    99 0.65 -
h1tg000005l:15477115-15477687 -            114 163701at33090        -            149     0.044   11.5   0.0   1   1   0.00036      0.06   11.0   0.0     4    23    43    62    41    91 0.89 -
#
# Program:         hmmsearch
# Version:         3.3.2 (Nov 2020)
# Pipeline mode:   SEARCH
# Query file:      /work/sablok/grapevineassemblies/assemblyhifiasm/busco_hifiasmtriobinning/busco_downloads/lineages/viridiplantae_odb10/hmms/163701at33090.hmm
# Target file:     /work/sablok/grapevineassemblies/assemblyhifiasm/busco_hifiasmtriobinning/maternalpaternal.asm.dip.hap1.p_ctg.fa.busco/run_viridiplantae_odb10/metaeuk_output/initial_results/maternalpaternal.asm.dip.hap1.p_ctg.fa.modified.fas
# Option settings: hmmsearch --domtblout /work/sablok/grapevineassemblies/assemblyhifiasm/busco_hifiasmtriobinning/maternalpaternal.asm.dip.hap1.p_ctg.fa.busco/run_viridiplantae_odb10/hmmer_output/initial_run_results/163701at33090.out --cpu 1 /work/sablok/grapevineassemblies/assemblyhifiasm/busco_hifiasmtriobinning/busco_downloads/lineages/viridiplantae_odb10/hmms/163701at33090.hmm /work/sablok/grapevineassemblies/assemblyhifiasm/busco_hifiasmtriobinning/maternalpaternal.asm.dip.hap1.p_ctg.fa.busco/run_viridiplantae_odb10/metaeuk_output/initial_results/maternalpaternal.asm.dip.hap1.p_ctg.fa.modified.fas 
# Current dir:     /work/sablok/grapevineassemblies/assemblyhifiasm/busco_hifiasmtriobinning
# Date:            Thu Apr 18 11:10:11 2024
# [ok]
