#                                                                               --- full sequence --- -------------- this domain -------------   hmm coord   ali coord   env coord
# target name           accession   tlen query name           accession   qlen   E-value  score  bias   #  of  c-Evalue  i-Evalue  score  bias  from    to  from    to  from    to  acc description of target
#   ------------------- ---------- ----- -------------------- ---------- ----- --------- ------ ----- --- --- --------- --------- ------ ----- ----- ----- ----- ----- ----- ----- ---- ---------------------
h1tg000003l:17147-49631 -           1856 166645at33090        -            973         0 1252.5  68.3   1   9   3.8e-27   1.4e-23   80.8   3.1    15    97   242   343   233   348 0.88 -
h1tg000003l:17147-49631 -           1856 166645at33090        -            973         0 1252.5  68.3   2   9   1.2e-22   4.5e-19   65.8   3.3    93   172   427   507   413   513 0.83 -
h1tg000003l:17147-49631 -           1856 166645at33090        -            973         0 1252.5  68.3   3   9   1.5e-10   5.4e-07   25.8   0.2   138   171   510   543   490   549 0.91 -
h1tg000003l:17147-49631 -           1856 166645at33090        -            973         0 1252.5  68.3   4   9   9.5e-21   3.5e-17   59.6   0.1   171   223   567   626   552   632 0.82 -
h1tg000003l:17147-49631 -           1856 166645at33090        -            973         0 1252.5  68.3   5   9     5e-19   1.8e-15   53.9   0.2   219   269   648   702   645   706 0.91 -
h1tg000003l:17147-49631 -           1856 166645at33090        -            973         0 1252.5  68.3   6   9  1.6e-250  5.9e-247  820.1  19.9   262   837   796  1510   785  1515 0.87 -
h1tg000003l:17147-49631 -           1856 166645at33090        -            973         0 1252.5  68.3   7   9   1.1e-36   4.1e-33  112.3   0.0   831   911  1539  1627  1534  1631 0.92 -
h1tg000003l:17147-49631 -           1856 166645at33090        -            973         0 1252.5  68.3   8   9   1.8e-16   6.5e-13   45.4   0.2   910   955  1707  1756  1696  1769 0.87 -
h1tg000003l:17147-49631 -           1856 166645at33090        -            973         0 1252.5  68.3   9   9   4.7e-05      0.17    7.6   0.2   952   973  1779  1800  1770  1800 0.90 -
#
# Program:         hmmsearch
# Version:         3.3.2 (Nov 2020)
# Pipeline mode:   SEARCH
# Query file:      /work/sablok/grapevineassemblies/assemblyhifiasm/busco_hifiasmtriobinning/busco_downloads/lineages/viridiplantae_odb10/hmms/166645at33090.hmm
# Target file:     /work/sablok/grapevineassemblies/assemblyhifiasm/busco_hifiasmtriobinning/maternalpaternal.asm.dip.hap1.p_ctg.fa.busco/run_viridiplantae_odb10/metaeuk_output/initial_results/maternalpaternal.asm.dip.hap1.p_ctg.fa.modified.fas
# Option settings: hmmsearch --domtblout /work/sablok/grapevineassemblies/assemblyhifiasm/busco_hifiasmtriobinning/maternalpaternal.asm.dip.hap1.p_ctg.fa.busco/run_viridiplantae_odb10/hmmer_output/initial_run_results/166645at33090.out --cpu 1 /work/sablok/grapevineassemblies/assemblyhifiasm/busco_hifiasmtriobinning/busco_downloads/lineages/viridiplantae_odb10/hmms/166645at33090.hmm /work/sablok/grapevineassemblies/assemblyhifiasm/busco_hifiasmtriobinning/maternalpaternal.asm.dip.hap1.p_ctg.fa.busco/run_viridiplantae_odb10/metaeuk_output/initial_results/maternalpaternal.asm.dip.hap1.p_ctg.fa.modified.fas 
# Current dir:     /work/sablok/grapevineassemblies/assemblyhifiasm/busco_hifiasmtriobinning
# Date:            Thu Apr 18 11:10:10 2024
# [ok]
