#                                                                                     --- full sequence --- -------------- this domain -------------   hmm coord   ali coord   env coord
# target name                 accession   tlen query name           accession   qlen   E-value  score  bias   #  of  c-Evalue  i-Evalue  score  bias  from    to  from    to  from    to  acc description of target
#         ------------------- ---------- ----- -------------------- ---------- ----- --------- ------ ----- --- --- --------- --------- ------ ----- ----- ----- ----- ----- ----- ----- ---- ---------------------
h1tg000024l:2959184-2987234   -           2578 16726at33090         -            701  7.6e-299  991.0  16.0   1   8     0.026       1.7    4.9   0.0     1    26     1    26     1    39 0.85 -
h1tg000024l:2959184-2987234   -           2578 16726at33090         -            701  7.6e-299  991.0  16.0   2   8   2.2e-12   1.4e-10   38.2   0.0    27    76    69   118    55   126 0.91 -
h1tg000024l:2959184-2987234   -           2578 16726at33090         -            701  7.6e-299  991.0  16.0   3   8   6.7e-09   4.4e-07   26.6   0.0    73   108   146   181   131   198 0.86 -
h1tg000024l:2959184-2987234   -           2578 16726at33090         -            701  7.6e-299  991.0  16.0   4   8     2e-20   1.3e-18   64.8   0.0    97   173   208   292   203   313 0.85 -
h1tg000024l:2959184-2987234   -           2578 16726at33090         -            701  7.6e-299  991.0  16.0   5   8   2.8e-63   1.8e-61  206.4   0.1   175   334   341   512   318   517 0.90 -
h1tg000024l:2959184-2987234   -           2578 16726at33090         -            701  7.6e-299  991.0  16.0   6   8   2.7e-26   1.7e-24   84.2   0.0   328   416   530   630   514   638 0.82 -
h1tg000024l:2959184-2987234   -           2578 16726at33090         -            701  7.6e-299  991.0  16.0   7   8   5.3e-47   3.5e-45  152.6   0.1   408   484   658   734   649   748 0.95 -
h1tg000024l:2959184-2987234   -           2578 16726at33090         -            701  7.6e-299  991.0  16.0   8   8  6.9e-127  4.5e-125  416.6   0.2   483   701   772   982   769   982 0.98 -
h1tg000007l:15142993-15148217 -            544 16726at33090         -            701  1.3e-101  339.1   0.1   1   3       0.2        13    1.9   0.0    20    60    21    60     5    78 0.79 -
h1tg000007l:15142993-15148217 -            544 16726at33090         -            701  1.3e-101  339.1   0.1   2   3   0.00044     0.029   10.7   0.1   627   668   136   176   128   189 0.85 -
h1tg000007l:15142993-15148217 -            544 16726at33090         -            701  1.3e-101  339.1   0.1   3   3   2.1e-98   1.4e-96  322.5   0.0   406   663   189   447   178   454 0.90 -
h1tg000049l:8334606-8336841   -            414 16726at33090         -            701   2.3e-96  321.7   0.6   1   3   0.00079     0.051    9.9   0.1   627   668     1    41     1    52 0.83 -
h1tg000049l:8334606-8336841   -            414 16726at33090         -            701   2.3e-96  321.7   0.6   2   3     1e-94   6.7e-93  310.3   0.0   404   663    52   314    42   323 0.92 -
h1tg000049l:8334606-8336841   -            414 16726at33090         -            701   2.3e-96  321.7   0.6   3   3       9.8   6.4e+02   -3.6   0.0   666   695   340   369   332   373 0.79 -
h1tg000022l:21317539-21321586 -            524 16726at33090         -            701   1.4e-82  276.2   0.2   1   3       5.5   3.6e+02   -2.8   0.0    28    61    27    60    14    70 0.82 -
h1tg000022l:21317539-21321586 -            524 16726at33090         -            701   1.4e-82  276.2   0.2   2   3     4e-05    0.0026   14.2   0.1   623   669   138   183   127   198 0.85 -
h1tg000022l:21317539-21321586 -            524 16726at33090         -            701   1.4e-82  276.2   0.2   3   3   2.7e-79   1.8e-77  259.3   0.0   451   663   219   432   213   458 0.93 -
h1tg000007l:14413653-14414510 -            163 16726at33090         -            701   2.3e-67  225.9   0.1   1   1   3.9e-69   2.6e-67  225.7   0.1   431   594     1   162     1   163 0.97 -
h1tg000017l:3908765-3919507   -            157 16726at33090         -            701   3.4e-57  192.3   0.1   1   1   6.5e-59   4.2e-57  192.0   0.1   436   602     1   154     1   157 0.95 -
h1tg000014l:2801054-2801878   -            275 16726at33090         -            701   1.7e-53  180.1   0.0   1   1   3.5e-55   2.3e-53  179.6   0.0   434   678     2   251     1   270 0.90 -
h1tg000047l:2330929-2331759   -            277 16726at33090         -            701   3.1e-52  175.9   0.0   1   1   5.8e-54   3.8e-52  175.6   0.0   436   661     1   231     1   239 0.92 -
h1tg000045l:8803693-8804184   -            164 16726at33090         -            701   4.7e-47  158.8   0.4   1   1     8e-49   5.2e-47  158.6   0.4   434   594     1   164     1   164 0.90 -
h1tg000003l:939106-939609     -            168 16726at33090         -            701   3.2e-46  156.0   0.1   1   1   5.4e-48   3.5e-46  155.9   0.1   434   594     5   168     1   168 0.90 -
h1tg000001l:20134711-20135396 -            158 16726at33090         -            701   3.2e-44  149.4   0.3   1   1   5.4e-46   3.5e-44  149.3   0.3   450   602     1   157     1   158 0.91 -
h1tg000010l:36679254-36679688 -            145 16726at33090         -            701   6.4e-44  148.4   0.9   1   1   1.1e-45     7e-44  148.3   0.9   472   614     1   145     1   145 0.90 -
h1tg000005l:14812335-14813147 -            128 16726at33090         -            701   8.5e-43  144.7   0.0   1   1   1.4e-44   9.3e-43  144.5   0.0   472   597     1   128     1   128 0.95 -
h1tg000043l:156085-157109     -            151 16726at33090         -            701   5.4e-41  138.7   0.4   1   1   9.1e-43   5.9e-41  138.6   0.4   453   601     1   149     1   151 0.90 -
h1tg000012l:6968684-6969955   -            208 16726at33090         -            701   4.4e-40  135.7   0.0   1   1   5.6e-41   3.6e-39  132.7   0.0   472   662     1   203     1   206 0.85 -
h1tg000003l:8200379-8201414   -            180 16726at33090         -            701   5.1e-40  135.5   0.5   1   1   3.1e-41     2e-39  133.5   0.5   472   659     1   175     1   179 0.93 -
h1tg000026l:1902253-1907829   -            128 16726at33090         -            701   1.6e-39  133.9   0.0   1   1   2.6e-41   1.7e-39  133.8   0.0   432   563     1   125     1   128 0.95 -
h1tg000002l:27086931-27087401 -            157 16726at33090         -            701   2.5e-39  133.2   0.0   1   1   4.5e-41   2.9e-39  133.0   0.0   472   617     1   145     1   152 0.92 -
h1tg000012l:6978431-6980397   -            104 16726at33090         -            701   2.4e-38  130.0   0.0   1   1   4.1e-40   2.7e-38  129.8   0.0   431   537     1   103     1   104 0.93 -
h1tg000043l:3459174-3460092   -            137 16726at33090         -            701   3.8e-38  129.3   0.7   1   1     7e-40   4.6e-38  129.0   0.7   472   601     1   125     1   130 0.95 -
h1tg000008l:3275643-3276128   -            162 16726at33090         -            701   4.9e-38  129.0   0.0   1   1   8.3e-40   5.4e-38  128.8   0.0   434   591     1   162     1   162 0.94 -
h1tg000005l:15477115-15477687 -            114 16726at33090         -            701   1.4e-37  127.5   0.0   1   1   2.3e-39   1.5e-37  127.3   0.0   432   546     1   114     1   114 0.96 -
h1tg000006l:66647-67132       -            162 16726at33090         -            701   7.6e-37  125.0   0.0   1   1   1.3e-38   8.4e-37  124.9   0.0   434   591     1   162     1   162 0.94 -
h1tg000031l:18969930-18975549 -            126 16726at33090         -            701   1.1e-36  124.5   0.0   1   1   1.7e-38   1.1e-36  124.4   0.0   432   563     1   123     1   126 0.94 -
h1tg000029l:3181338-3182121   -            112 16726at33090         -            701   3.1e-31  106.5   1.6   1   2   1.6e-13   1.1e-11   41.9   0.0   472   504     1    33     1    33 0.97 -
h1tg000029l:3181338-3182121   -            112 16726at33090         -            701   3.1e-31  106.5   1.6   2   2   5.2e-21   3.4e-19   66.7   0.3   529   601    32   107    29   112 0.89 -
h1tg000022l:6882758-6883333   -            106 16726at33090         -            701   1.8e-29  100.6   1.1   1   2   1.2e-20     8e-19   65.4   0.1   477   538     4    65     1    66 0.97 -
h1tg000022l:6882758-6883333   -            106 16726at33090         -            701   1.8e-29  100.6   1.1   2   2   1.3e-11   8.6e-10   35.6   0.1   562   600    65   105    64   106 0.85 -
h1tg000033l:7901614-7901968   -             74 16726at33090         -            701   4.9e-25   86.0   0.1   1   1   7.9e-27   5.1e-25   85.9   0.1   434   507     1    69     1    74 0.96 -
h1tg000049l:8337195-8337431   -             79 16726at33090         -            701   1.6e-24   84.3   0.0   1   1   2.6e-26   1.7e-24   84.2   0.0   465   539     5    79     1    79 0.95 -
h1tg000007l:15145398-15145634 -             79 16726at33090         -            701   1.9e-24   84.1   0.1   1   1     3e-26     2e-24   84.0   0.1   465   539     5    79     1    79 0.95 -
h1tg000008l:621595-621852     -             86 16726at33090         -            701   1.4e-23   81.1   0.1   1   1   2.4e-25   1.5e-23   81.0   0.1   433   516     1    86     1    86 0.95 -
h1tg000037l:7831661-7831972   -            104 16726at33090         -            701   1.6e-22   77.7   0.1   1   1   2.5e-24   1.7e-22   77.6   0.1   441   541     3   103     1   104 0.93 -
h1tg000020l:1270840-1271094   -             85 16726at33090         -            701   6.2e-18   62.5   0.0   1   1   9.7e-20   6.3e-18   62.5   0.0   450   536     2    84     1    85 0.83 -
h1tg000002l:23874288-23874422 -             45 16726at33090         -            701     2e-16   57.5   0.0   1   1   3.2e-18   2.1e-16   57.5   0.0   473   515     1    43     1    45 0.96 -
h1tg000002l:1296473-1296700   -             76 16726at33090         -            701   1.4e-14   51.4   0.0   1   1   2.3e-16   1.5e-14   51.3   0.0   434   508     1    75     1    76 0.94 -
h1tg000019l:13713366-13714379 -             93 16726at33090         -            701   4.9e-14   49.6   0.0   1   1   8.3e-16   5.4e-14   49.5   0.0   472   543     2    71     1    83 0.87 -
h1tg000007l:14423193-14423318 -             42 16726at33090         -            701   6.5e-11   39.3   0.1   1   1   1.1e-12   6.9e-11   39.2   0.1   473   514     1    42     1    42 0.99 -
h1tg000023l:4606900-4607037   -             46 16726at33090         -            701   9.1e-11   38.8   0.4   1   1   1.6e-12     1e-10   38.7   0.4   471   503     7    39     6    45 0.91 -
h1tg000049l:7770408-7777400   -            486 16726at33090         -            701   1.9e-08   31.1   0.0   1   2   2.4e-07   1.6e-05   21.5   0.0   473   524   192   252   189   257 0.77 -
h1tg000049l:7770408-7777400   -            486 16726at33090         -            701   1.9e-08   31.1   0.0   2   2    0.0055      0.36    7.1   0.0   536   590   300   358   293   387 0.78 -
h1tg000003l:1998940-1999656   -            239 16726at33090         -            701   2.3e-08   30.9   0.0   1   2   1.9e-05    0.0013   15.2   0.0   459   491    35    68    18    96 0.76 -
h1tg000003l:1998940-1999656   -            239 16726at33090         -            701   2.3e-08   30.9   0.0   2   2   5.1e-05    0.0033   13.8   0.0   559   600   148   193   137   207 0.85 -
h1tg000021l:3070320-3070871   -            184 16726at33090         -            701   2.3e-08   30.9   0.0   1   2   4.5e-05    0.0029   14.0   0.0   470   491    28    49    11    51 0.83 -
h1tg000021l:3070320-3070871   -            184 16726at33090         -            701   2.3e-08   30.9   0.0   2   2   2.4e-05    0.0016   14.9   0.0   544   600   119   179   110   183 0.83 -
h1tg000003l:1706687-1707448   -            254 16726at33090         -            701   3.2e-08   30.4   0.0   1   2   3.7e-05    0.0024   14.3   0.0   469   491    48    70    21    75 0.71 -
h1tg000003l:1706687-1707448   -            254 16726at33090         -            701   3.2e-08   30.4   0.0   2   2   4.1e-05    0.0027   14.1   0.0   556   600   150   198   135   211 0.79 -
h1tg000021l:3092434-3093036   -            201 16726at33090         -            701   5.1e-08   29.7   0.0   1   2   2.8e-05    0.0018   14.7   0.0   467   491    48    72    23    74 0.73 -
h1tg000021l:3092434-3093036   -            201 16726at33090         -            701   5.1e-08   29.7   0.0   2   2   7.6e-05     0.005   13.2   0.0   545   597   143   199   134   201 0.81 -
h1tg000031l:256445-256852     -            136 16726at33090         -            701   5.5e-08   29.6   0.1   1   2   0.00013    0.0085   12.5   0.1   472   491     3    22     1    28 0.87 -
h1tg000031l:256445-256852     -            136 16726at33090         -            701   5.5e-08   29.6   0.1   2   2   1.7e-05    0.0011   15.4   0.0   542   594    79   136    70   136 0.89 -
h1tg000003l:2028591-2029208   -            206 16726at33090         -            701   1.7e-07   28.0   0.0   1   2   1.1e-05   0.00071   16.0   0.0   458   491    45    79    28   112 0.78 -
h1tg000003l:2028591-2029208   -            206 16726at33090         -            701   1.7e-07   28.0   0.0   2   2   0.00061     0.039   10.3   0.0   559   597   162   204   153   206 0.83 -
h1tg000021l:3056188-3056628   -            147 16726at33090         -            701   5.1e-07   26.4   1.3   1   2   0.00022     0.014   11.7   0.6   472   491     1    20     1    22 0.84 -
h1tg000021l:3056188-3056628   -            147 16726at33090         -            701   5.1e-07   26.4   1.3   2   2   5.9e-05    0.0038   13.6   0.0   548   597    94   147    82   147 0.80 -
h1tg000003l:2035553-2036173   -            207 16726at33090         -            701   5.4e-07   26.3   0.0   1   2   8.4e-05    0.0055   13.1   0.1   471   491     4    24     2    40 0.89 -
h1tg000003l:2035553-2036173   -            207 16726at33090         -            701   5.4e-07   26.3   0.0   2   2    0.0003      0.02   11.3   0.0   559   601   104   150    99   168 0.79 -
h1tg000038l:3573515-3573952   -            146 16726at33090         -            701   7.3e-07   25.9   0.1   1   2   4.1e-05    0.0027   14.1   0.1   472   492     3    23     1    39 0.86 -
h1tg000038l:3573515-3573952   -            146 16726at33090         -            701   7.3e-07   25.9   0.1   2   2   0.00067     0.044   10.1   0.0   559   597   104   146    94   146 0.84 -
h1tg000040l:8305669-8305935   -             89 16726at33090         -            701   1.5e-06   24.9   0.0   1   1   2.8e-08   1.8e-06   24.6   0.0   457   527     1    70     1    75 0.68 -
h1tg000023l:3440424-3440864   -            147 16726at33090         -            701     3e-06   23.9   0.1   1   2     0.003       0.2    8.0   0.0   469   491    28    49     2    54 0.83 -
h1tg000023l:3440424-3440864   -            147 16726at33090         -            701     3e-06   23.9   0.1   2   2   3.3e-05    0.0021   14.5   0.0   570   600   117   147    76   147 0.70 -
h1tg000021l:3119846-3120364   -            173 16726at33090         -            701   6.5e-06   22.8   0.0   1   2   2.3e-05    0.0015   15.0   0.0   470   491    28    49     3    83 0.85 -
h1tg000021l:3119846-3120364   -            173 16726at33090         -            701   6.5e-06   22.8   0.0   2   2    0.0097      0.63    6.3   0.0   545   594   120   173   111   173 0.81 -
h1tg000012l:7085931-7086170   -             80 16726at33090         -            701   0.00017   18.1   0.0   1   1   2.7e-06   0.00018   18.0   0.0   469   492    51    74    25    79 0.80 -
h1tg000012l:7209255-7209497   -             81 16726at33090         -            701   0.00034   17.1   0.0   1   1   5.2e-06   0.00034   17.1   0.0   470   491    57    78    31    80 0.87 -
h1tg000034l:2612105-2613298   -            112 16726at33090         -            701   0.00079   15.9   0.0   1   1   1.3e-05   0.00082   15.8   0.0   473   501    28    56    13   100 0.87 -
h1tg000022l:13928739-13960260 -            386 16726at33090         -            701    0.0079   12.6   0.0   1   1   0.00018     0.012   12.0   0.0   474   501     4    31     2    77 0.84 -
h1tg000002l:13243560-13280636 -            685 16726at33090         -            701    0.0086   12.5   0.0   1   1    0.0002     0.013   11.9   0.0   473   502   322   351   314   400 0.79 -
h1tg000043l:1327250-1388259   -           5420 16726at33090         -            701       0.3    7.3   7.6   1   5      0.01      0.67    6.2   0.0   469   501   334   366   317   382 0.83 -
h1tg000043l:1327250-1388259   -           5420 16726at33090         -            701       0.3    7.3   7.6   2   5       3.5   2.3e+02   -2.2   0.0   472   491   666   685   651   699 0.76 -
h1tg000043l:1327250-1388259   -           5420 16726at33090         -            701       0.3    7.3   7.6   3   5       0.3        19    1.4   0.0   460   499  1058  1097  1050  1112 0.83 -
h1tg000043l:1327250-1388259   -           5420 16726at33090         -            701       0.3    7.3   7.6   4   5      0.47        31    0.7   0.0   238   277  1360  1402  1345  1407 0.82 -
h1tg000043l:1327250-1388259   -           5420 16726at33090         -            701       0.3    7.3   7.6   5   5       8.4   5.5e+02   -3.4   0.0   172   267  2022  2121  2005  2132 0.67 -
#
# Program:         hmmsearch
# Version:         3.3.2 (Nov 2020)
# Pipeline mode:   SEARCH
# Query file:      /work/sablok/grapevineassemblies/assemblyhifiasm/busco_hifiasmtriobinning/busco_downloads/lineages/viridiplantae_odb10/hmms/16726at33090.hmm
# Target file:     /work/sablok/grapevineassemblies/assemblyhifiasm/busco_hifiasmtriobinning/maternalpaternal.asm.dip.hap1.p_ctg.fa.busco/run_viridiplantae_odb10/metaeuk_output/initial_results/maternalpaternal.asm.dip.hap1.p_ctg.fa.modified.fas
# Option settings: hmmsearch --domtblout /work/sablok/grapevineassemblies/assemblyhifiasm/busco_hifiasmtriobinning/maternalpaternal.asm.dip.hap1.p_ctg.fa.busco/run_viridiplantae_odb10/hmmer_output/initial_run_results/16726at33090.out --cpu 1 /work/sablok/grapevineassemblies/assemblyhifiasm/busco_hifiasmtriobinning/busco_downloads/lineages/viridiplantae_odb10/hmms/16726at33090.hmm /work/sablok/grapevineassemblies/assemblyhifiasm/busco_hifiasmtriobinning/maternalpaternal.asm.dip.hap1.p_ctg.fa.busco/run_viridiplantae_odb10/metaeuk_output/initial_results/maternalpaternal.asm.dip.hap1.p_ctg.fa.modified.fas 
# Current dir:     /work/sablok/grapevineassemblies/assemblyhifiasm/busco_hifiasmtriobinning
# Date:            Thu Apr 18 11:10:15 2024
# [ok]
