#                                                                                     --- full sequence --- -------------- this domain -------------   hmm coord   ali coord   env coord
# target name                 accession   tlen query name           accession   qlen   E-value  score  bias   #  of  c-Evalue  i-Evalue  score  bias  from    to  from    to  from    to  acc description of target
#         ------------------- ---------- ----- -------------------- ---------- ----- --------- ------ ----- --- --- --------- --------- ------ ----- ----- ----- ----- ----- ----- ----- ---- ---------------------
h1tg000010l:24325619-24328097 -            279 167932at33090        -            210    2e-110  364.8   0.0   1   1  4.4e-113  2.7e-110  364.3   0.0    18   210    86   279    62   279 0.95 -
h1tg000007l:14309704-14311545 -            264 167932at33090        -            210   2.5e-26   90.0   0.0   1   1   5.8e-29   3.5e-26   89.5   0.0    90   209   139   264   134   264 0.93 -
h1tg000031l:1438266-1438688   -            141 167932at33090        -            210   5.3e-14   49.7   0.1   1   1   5.7e-16   3.5e-13   47.1   0.1    67   209     1   140     1   141 0.88 -
h1tg000003l:30512051-30514785 -            280 167932at33090        -            210   7.8e-05   19.8   0.2   1   2   0.00011     0.069   10.1   0.1   109   196   149   235    97   242 0.59 -
h1tg000003l:30512051-30514785 -            280 167932at33090        -            210   7.8e-05   19.8   0.2   2   2    0.0017         1    6.3   0.0   177   209   243   275   231   276 0.91 -
h1tg000002l:24329120-24332827 -            314 167932at33090        -            210    0.0016   15.5   0.0   1   1   8.3e-06     0.005   13.9   0.0   143   209   215   296   167   297 0.63 -
h1tg000003l:29136684-29137721 -            290 167932at33090        -            210    0.0034   14.4   0.0   1   1   9.1e-06    0.0055   13.7   0.0    99   209   172   288   168   289 0.72 -
#
# Program:         hmmsearch
# Version:         3.3.2 (Nov 2020)
# Pipeline mode:   SEARCH
# Query file:      /work/sablok/grapevineassemblies/assemblyhifiasm/busco_hifiasmtriobinning/busco_downloads/lineages/viridiplantae_odb10/hmms/167932at33090.hmm
# Target file:     /work/sablok/grapevineassemblies/assemblyhifiasm/busco_hifiasmtriobinning/maternalpaternal.asm.dip.hap1.p_ctg.fa.busco/run_viridiplantae_odb10/metaeuk_output/initial_results/maternalpaternal.asm.dip.hap1.p_ctg.fa.modified.fas
# Option settings: hmmsearch --domtblout /work/sablok/grapevineassemblies/assemblyhifiasm/busco_hifiasmtriobinning/maternalpaternal.asm.dip.hap1.p_ctg.fa.busco/run_viridiplantae_odb10/hmmer_output/initial_run_results/167932at33090.out --cpu 1 /work/sablok/grapevineassemblies/assemblyhifiasm/busco_hifiasmtriobinning/busco_downloads/lineages/viridiplantae_odb10/hmms/167932at33090.hmm /work/sablok/grapevineassemblies/assemblyhifiasm/busco_hifiasmtriobinning/maternalpaternal.asm.dip.hap1.p_ctg.fa.busco/run_viridiplantae_odb10/metaeuk_output/initial_results/maternalpaternal.asm.dip.hap1.p_ctg.fa.modified.fas 
# Current dir:     /work/sablok/grapevineassemblies/assemblyhifiasm/busco_hifiasmtriobinning
# Date:            Thu Apr 18 11:10:09 2024
# [ok]
