#                                                                                     --- full sequence --- -------------- this domain -------------   hmm coord   ali coord   env coord
# target name                 accession   tlen query name           accession   qlen   E-value  score  bias   #  of  c-Evalue  i-Evalue  score  bias  from    to  from    to  from    to  acc description of target
#         ------------------- ---------- ----- -------------------- ---------- ----- --------- ------ ----- --- --- --------- --------- ------ ----- ----- ----- ----- ----- ----- ----- ---- ---------------------
h1tg000024l:218356-234981     -            675 168269at33090        -            225  1.3e-100  333.5   0.5   1   1  2.4e-103  2.2e-100  332.7   0.5     1   195    12   222    12   231 0.95 -
h1tg000001l:16866782-16885858 -           1183 168269at33090        -            225   4.6e-60  200.8   0.2   1   1   8.7e-63   7.9e-60  200.0   0.2     2   214   821  1046   820  1056 0.88 -
h1tg000003l:4067574-4068425   -            284 168269at33090        -            225   5.5e-53  177.7   0.6   1   2   1.6e-51   1.4e-48  163.2   0.2     4   178     1   191     1   211 0.87 -
h1tg000003l:4067574-4068425   -            284 168269at33090        -            225   5.5e-53  177.7   0.6   2   2   1.3e-05     0.012   13.0   0.0   170   213   220   266   205   276 0.84 -
h1tg000008l:4035316-4036137   -            274 168269at33090        -            225   4.7e-09   34.0   3.7   1   3   1.6e-09   1.5e-06   25.8   0.4     6    56    31    84    27    94 0.86 -
h1tg000008l:4035316-4036137   -            274 168269at33090        -            225   4.7e-09   34.0   3.7   2   3      0.41   3.8e+02   -1.7   0.0    92   110   101   119    97   134 0.85 -
h1tg000008l:4035316-4036137   -            274 168269at33090        -            225   4.7e-09   34.0   3.7   3   3   0.00046      0.42    8.0   0.2    98   213   143   254   124   260 0.74 -
#
# Program:         hmmsearch
# Version:         3.3.2 (Nov 2020)
# Pipeline mode:   SEARCH
# Query file:      /work/sablok/grapevineassemblies/assemblyhifiasm/busco_hifiasmtriobinning/busco_downloads/lineages/viridiplantae_odb10/hmms/168269at33090.hmm
# Target file:     /work/sablok/grapevineassemblies/assemblyhifiasm/busco_hifiasmtriobinning/maternalpaternal.asm.dip.hap1.p_ctg.fa.busco/run_viridiplantae_odb10/metaeuk_output/initial_results/maternalpaternal.asm.dip.hap1.p_ctg.fa.modified.fas
# Option settings: hmmsearch --domtblout /work/sablok/grapevineassemblies/assemblyhifiasm/busco_hifiasmtriobinning/maternalpaternal.asm.dip.hap1.p_ctg.fa.busco/run_viridiplantae_odb10/hmmer_output/initial_run_results/168269at33090.out --cpu 1 /work/sablok/grapevineassemblies/assemblyhifiasm/busco_hifiasmtriobinning/busco_downloads/lineages/viridiplantae_odb10/hmms/168269at33090.hmm /work/sablok/grapevineassemblies/assemblyhifiasm/busco_hifiasmtriobinning/maternalpaternal.asm.dip.hap1.p_ctg.fa.busco/run_viridiplantae_odb10/metaeuk_output/initial_results/maternalpaternal.asm.dip.hap1.p_ctg.fa.modified.fas 
# Current dir:     /work/sablok/grapevineassemblies/assemblyhifiasm/busco_hifiasmtriobinning
# Date:            Thu Apr 18 11:10:10 2024
# [ok]
