#                                                                                     --- full sequence --- -------------- this domain -------------   hmm coord   ali coord   env coord
# target name                 accession   tlen query name           accession   qlen   E-value  score  bias   #  of  c-Evalue  i-Evalue  score  bias  from    to  from    to  from    to  acc description of target
#         ------------------- ---------- ----- -------------------- ---------- ----- --------- ------ ----- --- --- --------- --------- ------ ----- ----- ----- ----- ----- ----- ----- ---- ---------------------
h1tg000006l:548755-558893     -            777 171708at33090        -            234   3.7e-86  286.1   7.2   1   2     0.079       8.7    3.4   0.0   184   222   453   490   441   492 0.75 -
h1tg000006l:548755-558893     -            777 171708at33090        -            234   3.7e-86  286.1   7.2   2   2   1.9e-86   2.1e-84  280.3   5.2    13   234   497   773   493   773 0.86 -
h1tg000047l:9213633-9214484   -            284 171708at33090        -            234   3.1e-28   96.5  19.3   1   5       1.2   1.3e+02   -0.5   0.0    37    52     3    18     1    33 0.59 -
h1tg000047l:9213633-9214484   -            284 171708at33090        -            234   3.1e-28   96.5  19.3   2   5   7.9e-09   8.8e-07   26.3   0.2    27    64    39    78    19    82 0.81 -
h1tg000047l:9213633-9214484   -            284 171708at33090        -            234   3.1e-28   96.5  19.3   3   5   6.3e-07   6.9e-05   20.0   0.1    24    57    83   116    74   125 0.83 -
h1tg000047l:9213633-9214484   -            284 171708at33090        -            234   3.1e-28   96.5  19.3   4   5       0.6        66    0.5   0.1   139   161   120   142   114   149 0.73 -
h1tg000047l:9213633-9214484   -            284 171708at33090        -            234   3.1e-28   96.5  19.3   5   5   9.6e-18   1.1e-15   55.5   7.4   123   232   164   278   155   280 0.87 -
h1tg000003l:1740474-1741211   -            246 171708at33090        -            234   5.1e-27   92.5  19.1   1   4   5.3e-09   5.8e-07   26.8   0.2    27    65    11    51     6    54 0.84 -
h1tg000003l:1740474-1741211   -            246 171708at33090        -            234   5.1e-27   92.5  19.1   2   4   5.2e-07   5.7e-05   20.3   0.0    24    57    55    88    48    97 0.83 -
h1tg000003l:1740474-1741211   -            246 171708at33090        -            234   5.1e-27   92.5  19.1   3   4      0.53        59    0.7   0.1   141   161    94   114    87   120 0.73 -
h1tg000003l:1740474-1741211   -            246 171708at33090        -            234   5.1e-27   92.5  19.1   4   4   1.9e-16   2.1e-14   51.2   7.7   123   228   136   246   128   246 0.88 -
h1tg000047l:9220607-9221344   -            246 171708at33090        -            234     7e-27   92.0  17.3   1   4   8.8e-09   9.7e-07   26.1   0.2    27    64    11    50     3    54 0.83 -
h1tg000047l:9220607-9221344   -            246 171708at33090        -            234     7e-27   92.0  17.3   2   4   1.2e-06   0.00013   19.2   0.0    24    57    55    88    46    97 0.82 -
h1tg000047l:9220607-9221344   -            246 171708at33090        -            234     7e-27   92.0  17.3   3   4      0.52        57    0.7   0.1   139   161    92   114    86   120 0.73 -
h1tg000047l:9220607-9221344   -            246 171708at33090        -            234     7e-27   92.0  17.3   4   4   1.5e-16   1.6e-14   51.6   7.2   123   228   136   246   128   246 0.88 -
h1tg000047l:9204457-9205155   -            233 171708at33090        -            234   8.9e-26   88.4  17.6   1   4   2.5e-07   2.8e-05   21.4   0.1    30    64     1    37     1    41 0.83 -
h1tg000047l:9204457-9205155   -            233 171708at33090        -            234   8.9e-26   88.4  17.6   2   4   4.6e-07   5.1e-05   20.5   0.0    24    57    42    75    33    84 0.83 -
h1tg000047l:9204457-9205155   -            233 171708at33090        -            234   8.9e-26   88.4  17.6   3   4      0.49        55    0.8   0.1   142   161    82   101    74   108 0.73 -
h1tg000047l:9204457-9205155   -            233 171708at33090        -            234   8.9e-26   88.4  17.6   4   4   1.2e-16   1.4e-14   51.8   7.1   123   228   123   233   115   233 0.88 -
h1tg000031l:18440195-18440893 -            233 171708at33090        -            234   9.9e-26   88.3  19.1   1   4   1.6e-07   1.8e-05   22.0   0.1    30    65     1    38     1    41 0.84 -
h1tg000031l:18440195-18440893 -            233 171708at33090        -            234   9.9e-26   88.3  19.1   2   4   4.7e-07   5.2e-05   20.4   0.1    24    57    42    75    33    84 0.82 -
h1tg000031l:18440195-18440893 -            233 171708at33090        -            234   9.9e-26   88.3  19.1   3   4       0.2        22    2.0   0.1   135   161    75   101    73   107 0.81 -
h1tg000031l:18440195-18440893 -            233 171708at33090        -            234   9.9e-26   88.3  19.1   4   4   1.6e-16   1.8e-14   51.4   7.7   123   228   123   233   115   233 0.88 -
h1tg000047l:9651112-9655100   -            304 171708at33090        -            234   3.8e-12   43.8   3.7   1   5   1.3e-05    0.0015   15.7   0.2   192   226    18    52     7    59 0.87 -
h1tg000047l:9651112-9655100   -            304 171708at33090        -            234   3.8e-12   43.8   3.7   2   5   0.00016     0.018   12.2   0.1   192   223    64    96    53   106 0.79 -
h1tg000047l:9651112-9655100   -            304 171708at33090        -            234   3.8e-12   43.8   3.7   3   5    0.0026      0.29    8.2   0.0   176   219   131   174   114   179 0.77 -
h1tg000047l:9651112-9655100   -            304 171708at33090        -            234   3.8e-12   43.8   3.7   4   5      0.14        15    2.6   0.0   173   217   211   256   199   270 0.69 -
h1tg000047l:9651112-9655100   -            304 171708at33090        -            234   3.8e-12   43.8   3.7   5   5      0.39        43    1.1   0.0   194   215   274   295   254   299 0.83 -
h1tg000014l:840487-841518     -            344 171708at33090        -            234   5.3e-09   33.5   0.6   1   3    0.0019      0.21    8.7   0.0   192   221    53    82    42    87 0.91 -
h1tg000014l:840487-841518     -            344 171708at33090        -            234   5.3e-09   33.5   0.6   2   3   0.00013     0.014   12.5   0.1   172   222    74   126    67   136 0.87 -
h1tg000014l:840487-841518     -            344 171708at33090        -            234   5.3e-09   33.5   0.6   3   3   4.7e-05    0.0052   13.9   0.1    78   221   158   301   151   304 0.75 -
h1tg000038l:4309328-4309933   -            202 171708at33090        -            234   5.9e-09   33.4   0.0   1   3      0.11        13    2.8   0.0   198   220     3    25     1    31 0.86 -
h1tg000038l:4309328-4309933   -            202 171708at33090        -            234   5.9e-09   33.4   0.0   2   3    0.0079      0.88    6.6   0.0   180   221    27    68    23    73 0.88 -
h1tg000038l:4309328-4309933   -            202 171708at33090        -            234   5.9e-09   33.4   0.0   3   3   3.5e-07   3.9e-05   20.9   0.0   105   222    91   202    84   202 0.83 -
h1tg000049l:7084076-7084966   -            297 171708at33090        -            234   2.4e-08   31.4   4.1   1   3       0.6        67    0.5   0.0   205   223    25    43     5    47 0.75 -
h1tg000049l:7084076-7084966   -            297 171708at33090        -            234   2.4e-08   31.4   4.1   2   3   0.00034     0.038   11.1   0.2   143   221    91   167    61   179 0.67 -
h1tg000049l:7084076-7084966   -            297 171708at33090        -            234   2.4e-08   31.4   4.1   3   3   7.1e-07   7.8e-05   19.9   0.4    98   220   176   296   142   297 0.68 -
h1tg000037l:5642051-5642731   -            227 171708at33090        -            234   5.1e-08   30.3   0.2   1   2   3.6e-05    0.0039   14.3   0.2   149   220    63   132    31   135 0.79 -
h1tg000037l:5642051-5642731   -            227 171708at33090        -            234   5.1e-08   30.3   0.2   2   2     4e-06   0.00044   17.4   0.0    78   182   123   226   119   227 0.76 -
h1tg000038l:6949893-6950654   -            254 171708at33090        -            234     7e-08   29.8   0.4   1   1   2.4e-09   2.7e-07   27.9   0.4    26   221    10   215     2   219 0.70 -
h1tg000023l:3014402-3029709   -           2515 171708at33090        -            234   2.3e-07   28.2   5.8   1   7   0.00057     0.063   10.4   0.8   142   222    83   168    55   177 0.80 -
h1tg000023l:3014402-3029709   -           2515 171708at33090        -            234   2.3e-07   28.2   5.8   2   7       1.4   1.5e+02   -0.7   0.0    40    57   270   287   265   293 0.82 -
h1tg000023l:3014402-3029709   -           2515 171708at33090        -            234   2.3e-07   28.2   5.8   3   7       2.2   2.4e+02   -1.4   0.0   145   186   550   591   528   597 0.78 -
h1tg000023l:3014402-3029709   -           2515 171708at33090        -            234   2.3e-07   28.2   5.8   4   7      0.05       5.5    4.0   0.0   175   223   711   761   707   765 0.78 -
h1tg000023l:3014402-3029709   -           2515 171708at33090        -            234   2.3e-07   28.2   5.8   5   7      0.54        60    0.6   0.1    35    63   791   819   784   841 0.88 -
h1tg000023l:3014402-3029709   -           2515 171708at33090        -            234   2.3e-07   28.2   5.8   6   7    0.0051      0.57    7.2   0.0   195   226  2277  2308  2272  2312 0.91 -
h1tg000023l:3014402-3029709   -           2515 171708at33090        -            234   2.3e-07   28.2   5.8   7   7       8.1   8.9e+02   -3.2   0.0   210   223  2438  2451  2431  2454 0.81 -
h1tg000049l:7096250-7097143   -            298 171708at33090        -            234   2.7e-07   28.0   4.8   1   3      0.38        42    1.1   0.0   167   223    28    85    23    94 0.75 -
h1tg000049l:7096250-7097143   -            298 171708at33090        -            234   2.7e-07   28.0   4.8   2   3    0.0067      0.74    6.9   0.2   168   221    70   126    57   131 0.81 -
h1tg000049l:7096250-7097143   -            298 171708at33090        -            234   2.7e-07   28.0   4.8   3   3   1.3e-08   1.4e-06   25.6   2.6    38   220   110   298    88   298 0.74 -
h1tg000032l:6972449-6973069   -            207 171708at33090        -            234     4e-07   27.4   0.9   1   2   1.5e-06   0.00017   18.8   0.2   100   221     2   120     1   125 0.82 -
h1tg000032l:6972449-6973069   -            207 171708at33090        -            234     4e-07   27.4   0.9   2   2    0.0049      0.54    7.3   0.0    26    73   137   183   126   195 0.83 -
h1tg000001l:19024566-19025252 -            229 171708at33090        -            234     9e-07   26.2   1.4   1   3       3.4   3.7e+02   -2.0   0.1   207   221    26    41    22    52 0.47 -
h1tg000001l:19024566-19025252 -            229 171708at33090        -            234     9e-07   26.2   1.4   2   3   0.00041     0.046   10.8   0.0    27    90    71   141    66   147 0.64 -
h1tg000001l:19024566-19025252 -            229 171708at33090        -            234     9e-07   26.2   1.4   3   3   0.00013     0.014   12.5   0.1   192   225   152   185   145   194 0.90 -
h1tg000005l:14508857-14514934 -            898 171708at33090        -            234   1.1e-06   25.9   0.3   1   2     0.062       6.8    3.7   0.0   166   220   106   168    85   172 0.64 -
h1tg000005l:14508857-14514934 -            898 171708at33090        -            234   1.1e-06   25.9   0.3   2   2     0.015       1.6    5.7   0.5   175   221   499   546   370   553 0.81 -
h1tg000024l:1549910-1550584   -            225 171708at33090        -            234     2e-06   25.1   0.2   1   3    0.0065      0.71    6.9   0.0   191   223    30    62    22    67 0.90 -
h1tg000024l:1549910-1550584   -            225 171708at33090        -            234     2e-06   25.1   0.2   2   3      0.16        17    2.4   0.1   192   222    73   103    62   107 0.86 -
h1tg000024l:1549910-1550584   -            225 171708at33090        -            234     2e-06   25.1   0.2   3   3   6.6e-05    0.0073   13.4   0.1   138   223   105   188    80   192 0.78 -
h1tg000025l:6451950-6458152   -            308 171708at33090        -            234   5.7e-06   23.6   0.2   1   3     0.066       7.3    3.6   0.0   186   222    16    52    10    57 0.89 -
h1tg000025l:6451950-6458152   -            308 171708at33090        -            234   5.7e-06   23.6   0.2   2   3   0.00019     0.021   11.9   0.0   144   222   103   179    99   184 0.82 -
h1tg000025l:6451950-6458152   -            308 171708at33090        -            234   5.7e-06   23.6   0.2   3   3       1.2   1.3e+02   -0.5   0.0    46   182   258   268   228   308 0.52 -
h1tg000023l:16744138-16744707 -            190 171708at33090        -            234     6e-06   23.5   1.7   1   2   5.5e-06    0.0006   17.0   0.3   181   221    40    80    10    93 0.86 -
h1tg000023l:16744138-16744707 -            190 171708at33090        -            234     6e-06   23.5   1.7   2   2     0.018         2    5.5   0.1   144   202    95   153    83   177 0.59 -
h1tg000037l:4004971-4019965   -            909 171708at33090        -            234   2.5e-05   21.5   4.0   1   7      0.56        62    0.6   0.0    35    56    73    94    43   100 0.72 -
h1tg000037l:4004971-4019965   -            909 171708at33090        -            234   2.5e-05   21.5   4.0   2   7   0.00074     0.081   10.0   0.1   175   221    87   134    65   138 0.78 -
h1tg000037l:4004971-4019965   -            909 171708at33090        -            234   2.5e-05   21.5   4.0   3   7     0.041       4.6    4.3   0.0   167   221   163   218   147   224 0.85 -
h1tg000037l:4004971-4019965   -            909 171708at33090        -            234   2.5e-05   21.5   4.0   4   7       2.8   3.1e+02   -1.7   0.0   188   219   258   289   241   292 0.77 -
h1tg000037l:4004971-4019965   -            909 171708at33090        -            234   2.5e-05   21.5   4.0   5   7       3.2   3.5e+02   -1.9   0.0   187   221   481   515   461   526 0.75 -
h1tg000037l:4004971-4019965   -            909 171708at33090        -            234   2.5e-05   21.5   4.0   6   7      0.52        58    0.7   0.0   149   222   540   611   482   619 0.58 -
h1tg000037l:4004971-4019965   -            909 171708at33090        -            234   2.5e-05   21.5   4.0   7   7      0.26        29    1.7   0.1   173   223   603   654   552   696 0.69 -
h1tg000038l:838841-839746     -            302 171708at33090        -            234     3e-05   21.2   2.9   1   4    0.0042      0.46    7.5   0.0   203   228    11    36     2    42 0.85 -
h1tg000038l:838841-839746     -            302 171708at33090        -            234     3e-05   21.2   2.9   2   4      0.11        12    2.9   0.0   203   223    58    78    40    90 0.71 -
h1tg000038l:838841-839746     -            302 171708at33090        -            234     3e-05   21.2   2.9   3   4    0.0035      0.39    7.8   0.0   172   227   186   246   180   253 0.80 -
h1tg000038l:838841-839746     -            302 171708at33090        -            234     3e-05   21.2   2.9   4   4       4.2   4.6e+02   -2.3   0.0    39    58   268   287   258   295 0.71 -
h1tg000010l:27983149-27984030 -            294 171708at33090        -            234   3.9e-05   20.9   5.0   1   3      0.29        32    1.5   0.0   204   221    19    36     4    48 0.80 -
h1tg000010l:27983149-27984030 -            294 171708at33090        -            234   3.9e-05   20.9   5.0   2   3   0.00031     0.034   11.2   0.2   174   232   104   162    96   164 0.79 -
h1tg000010l:27983149-27984030 -            294 171708at33090        -            234   3.9e-05   20.9   5.0   3   3    0.0028      0.31    8.1   0.8    32   150   177   288   163   294 0.60 -
h1tg000003l:18157356-18157574 -             65 171708at33090        -            234   6.8e-05   20.1   0.0   1   1   6.5e-07   7.2e-05   20.0   0.0    22    52    35    65    10    65 0.75 -
h1tg000049l:7111293-7111832   -            180 171708at33090        -            234   0.00012   19.3   0.1   1   2   0.00051     0.057   10.5   0.1    74   153    27   109     4   117 0.74 -
h1tg000049l:7111293-7111832   -            180 171708at33090        -            234   0.00012   19.3   0.1   2   2    0.0082      0.91    6.6   0.0   207   230   117   140   112   144 0.84 -
h1tg000016l:5996026-5996586   -            187 171708at33090        -            234   0.00015   18.9   2.2   1   2   5.1e-05    0.0057   13.8   0.3   192   224     3    35     1    45 0.88 -
h1tg000016l:5996026-5996586   -            187 171708at33090        -            234   0.00015   18.9   2.2   2   2     0.018         2    5.4   1.0   134   181    37    84    30   127 0.66 -
h1tg000016l:5265188-5265379   -             64 171708at33090        -            234   0.00024   18.3   0.0   1   1   2.7e-06    0.0003   18.0   0.0   192   222     2    32     1    37 0.94 -
h1tg000043l:1296050-1303270   -            291 171708at33090        -            234    0.0003   18.0   0.1   1   3    0.0067      0.74    6.9   0.0   188   222    10    44     3    47 0.88 -
h1tg000043l:1296050-1303270   -            291 171708at33090        -            234    0.0003   18.0   0.1   2   3      0.56        61    0.6   0.0    25    58    95   128    82   187 0.59 -
h1tg000043l:1296050-1303270   -            291 171708at33090        -            234    0.0003   18.0   0.1   3   3    0.0095         1    6.4   0.1    41    87   237   291   217   291 0.66 -
h1tg000045l:9451054-9451689   -            212 171708at33090        -            234   0.00048   17.3   0.2   1   2   2.2e-05    0.0024   15.0   0.1   144   225    11    88     7   101 0.79 -
h1tg000045l:9451054-9451689   -            212 171708at33090        -            234   0.00048   17.3   0.2   2   2       0.8        88    0.1   0.0    36    58   110   132    91   178 0.71 -
h1tg000030l:5660223-5661197   -            325 171708at33090        -            234   0.00084   16.5   2.3   1   4       1.6   1.7e+02   -0.9   0.0   203   222    16    35     7    43 0.84 -
h1tg000030l:5660223-5661197   -            325 171708at33090        -            234   0.00084   16.5   2.3   2   4     0.038       4.2    4.4   0.0   181   223    40    80    20    91 0.71 -
h1tg000030l:5660223-5661197   -            325 171708at33090        -            234   0.00084   16.5   2.3   3   4      0.73        81    0.2   0.1    13    55   110   154   102   184 0.65 -
h1tg000030l:5660223-5661197   -            325 171708at33090        -            234   0.00084   16.5   2.3   4   4    0.0017      0.19    8.8   0.2   125   187   189   248   178   300 0.69 -
h1tg000024l:8043476-8047979   -            675 171708at33090        -            234     0.001   16.2   0.0   1   3       1.1   1.2e+02   -0.4   0.0   188   221   203   236   195   247 0.83 -
h1tg000024l:8043476-8047979   -            675 171708at33090        -            234     0.001   16.2   0.0   2   3   0.00015     0.017   12.2   0.0    83   221   231   386   208   395 0.71 -
h1tg000024l:8043476-8047979   -            675 171708at33090        -            234     0.001   16.2   0.0   3   3       1.6   1.8e+02   -0.9   0.0    38    57   416   435   399   452 0.71 -
h1tg000002l:22673346-22673552 -             69 171708at33090        -            234     0.003   14.7   0.1   1   1   4.1e-05    0.0045   14.1   0.1   171   221     5    56     1    60 0.86 -
h1tg000037l:2830820-2831212   -            131 171708at33090        -            234     0.035   11.2   0.0   1   1    0.0011      0.12    9.5   0.0   149   222     7    77     2    83 0.77 -
#
# Program:         hmmsearch
# Version:         3.3.2 (Nov 2020)
# Pipeline mode:   SEARCH
# Query file:      /work/sablok/grapevineassemblies/assemblyhifiasm/busco_hifiasmtriobinning/busco_downloads/lineages/viridiplantae_odb10/hmms/171708at33090.hmm
# Target file:     /work/sablok/grapevineassemblies/assemblyhifiasm/busco_hifiasmtriobinning/maternalpaternal.asm.dip.hap1.p_ctg.fa.busco/run_viridiplantae_odb10/metaeuk_output/initial_results/maternalpaternal.asm.dip.hap1.p_ctg.fa.modified.fas
# Option settings: hmmsearch --domtblout /work/sablok/grapevineassemblies/assemblyhifiasm/busco_hifiasmtriobinning/maternalpaternal.asm.dip.hap1.p_ctg.fa.busco/run_viridiplantae_odb10/hmmer_output/initial_run_results/171708at33090.out --cpu 1 /work/sablok/grapevineassemblies/assemblyhifiasm/busco_hifiasmtriobinning/busco_downloads/lineages/viridiplantae_odb10/hmms/171708at33090.hmm /work/sablok/grapevineassemblies/assemblyhifiasm/busco_hifiasmtriobinning/maternalpaternal.asm.dip.hap1.p_ctg.fa.busco/run_viridiplantae_odb10/metaeuk_output/initial_results/maternalpaternal.asm.dip.hap1.p_ctg.fa.modified.fas 
# Current dir:     /work/sablok/grapevineassemblies/assemblyhifiasm/busco_hifiasmtriobinning
# Date:            Thu Apr 18 11:10:12 2024
# [ok]
