#                                                                                   --- full sequence --- -------------- this domain -------------   hmm coord   ali coord   env coord
# target name               accession   tlen query name           accession   qlen   E-value  score  bias   #  of  c-Evalue  i-Evalue  score  bias  from    to  from    to  from    to  acc description of target
#       ------------------- ---------- ----- -------------------- ---------- ----- --------- ------ ----- --- --- --------- --------- ------ ----- ----- ----- ----- ----- ----- ----- ---- ---------------------
h1tg000023l:7052158-7066984 -            219 175583at33090        -            132   2.8e-53  177.0   0.5   1   1     2e-55   1.8e-52  174.3   0.5     1   132    49   212    49   212 0.85 -
h1tg000022l:1408277-1414727 -            384 175583at33090        -            132   8.7e-06   23.3   3.3   1   2   8.1e-06    0.0074   13.8   0.1    28   131   111   241    88   242 0.72 -
h1tg000022l:1408277-1414727 -            384 175583at33090        -            132   8.7e-06   23.3   3.3   2   2    0.0013       1.2    6.7   0.7    23   127   277   377   261   382 0.53 -
h1tg000023l:4119759-4124671 -            275 175583at33090        -            132   0.00071   17.1   0.0   1   2      0.02        19    2.8   0.0     5    40    26    61    22    80 0.70 -
h1tg000023l:4119759-4124671 -            275 175583at33090        -            132   0.00071   17.1   0.0   2   2   4.4e-05      0.04   11.5   0.0    24    61   100   137    64   148 0.64 -
h1tg000020l:6976671-6979115 -            296 175583at33090        -            132     0.014   12.9   0.1   1   3      0.13   1.2e+02    0.2   0.0    24    38   143   157   103   164 0.86 -
h1tg000020l:6976671-6979115 -            296 175583at33090        -            132     0.014   12.9   0.1   2   3      0.46   4.2e+02   -1.6   0.0    54    65   181   192   174   201 0.81 -
h1tg000020l:6976671-6979115 -            296 175583at33090        -            132     0.014   12.9   0.1   3   3   0.00026      0.24    9.0   0.0   103   128   266   291   258   294 0.85 -
#
# Program:         hmmsearch
# Version:         3.3.2 (Nov 2020)
# Pipeline mode:   SEARCH
# Query file:      /work/sablok/grapevineassemblies/assemblyhifiasm/busco_hifiasmtriobinning/busco_downloads/lineages/viridiplantae_odb10/hmms/175583at33090.hmm
# Target file:     /work/sablok/grapevineassemblies/assemblyhifiasm/busco_hifiasmtriobinning/maternalpaternal.asm.dip.hap1.p_ctg.fa.busco/run_viridiplantae_odb10/metaeuk_output/initial_results/maternalpaternal.asm.dip.hap1.p_ctg.fa.modified.fas
# Option settings: hmmsearch --domtblout /work/sablok/grapevineassemblies/assemblyhifiasm/busco_hifiasmtriobinning/maternalpaternal.asm.dip.hap1.p_ctg.fa.busco/run_viridiplantae_odb10/hmmer_output/initial_run_results/175583at33090.out --cpu 1 /work/sablok/grapevineassemblies/assemblyhifiasm/busco_hifiasmtriobinning/busco_downloads/lineages/viridiplantae_odb10/hmms/175583at33090.hmm /work/sablok/grapevineassemblies/assemblyhifiasm/busco_hifiasmtriobinning/maternalpaternal.asm.dip.hap1.p_ctg.fa.busco/run_viridiplantae_odb10/metaeuk_output/initial_results/maternalpaternal.asm.dip.hap1.p_ctg.fa.modified.fas 
# Current dir:     /work/sablok/grapevineassemblies/assemblyhifiasm/busco_hifiasmtriobinning
# Date:            Thu Apr 18 11:10:10 2024
# [ok]
