#                                                                                     --- full sequence --- -------------- this domain -------------   hmm coord   ali coord   env coord
# target name                 accession   tlen query name           accession   qlen   E-value  score  bias   #  of  c-Evalue  i-Evalue  score  bias  from    to  from    to  from    to  acc description of target
#         ------------------- ---------- ----- -------------------- ---------- ----- --------- ------ ----- --- --- --------- --------- ------ ----- ----- ----- ----- ----- ----- ----- ---- ---------------------
h1tg000006l:3923889-3926947   -            327 192750at33090        -            220  1.8e-115  381.7   0.0   1   2   8.1e-50   1.5e-48  163.0   0.0     4    97    63   156    60   167 0.93 -
h1tg000006l:3923889-3926947   -            327 192750at33090        -            220  1.8e-115  381.7   0.0   2   2   2.6e-66   4.8e-65  216.9   0.0    93   217   188   315   175   319 0.95 -
h1tg000033l:8073687-8075230   -            188 192750at33090        -            220   1.4e-53  179.4   0.0   1   1   9.4e-55   1.7e-53  179.1   0.0    41   213     5   180     2   186 0.96 -
h1tg000202l:34494-35700       -            132 192750at33090        -            220   4.5e-43  145.0   0.0   1   1   2.6e-44   4.8e-43  145.0   0.0    19   140    10   131     1   132 0.97 -
h1tg000694l:23612-24779       -            119 192750at33090        -            220   2.4e-42  142.7   0.0   1   1   1.4e-43   2.6e-42  142.5   0.0    21   139     1   119     1   119 0.99 -
h1tg000004l:81671-82838       -            119 192750at33090        -            220   6.9e-42  141.2   0.0   1   1   4.1e-43   7.5e-42  141.0   0.0    21   139     1   119     1   119 0.99 -
h1tg000013l:67040-68207       -            119 192750at33090        -            220   6.9e-42  141.2   0.0   1   1   4.1e-43   7.5e-42  141.0   0.0    21   139     1   119     1   119 0.99 -
h1tg000041l:86897-88064       -            119 192750at33090        -            220   6.9e-42  141.2   0.0   1   1   4.1e-43   7.5e-42  141.0   0.0    21   139     1   119     1   119 0.99 -
h1tg000050l:27914-29081       -            119 192750at33090        -            220   6.9e-42  141.2   0.0   1   1   4.1e-43   7.5e-42  141.0   0.0    21   139     1   119     1   119 0.99 -
h1tg000064l:22170-23337       -            119 192750at33090        -            220   6.9e-42  141.2   0.0   1   1   4.1e-43   7.5e-42  141.0   0.0    21   139     1   119     1   119 0.99 -
h1tg000068l:11169-12336       -            119 192750at33090        -            220   6.9e-42  141.2   0.0   1   1   4.1e-43   7.5e-42  141.0   0.0    21   139     1   119     1   119 0.99 -
h1tg000074l:22723-23890       -            119 192750at33090        -            220   6.9e-42  141.2   0.0   1   1   4.1e-43   7.5e-42  141.0   0.0    21   139     1   119     1   119 0.99 -
h1tg000075l:19342-20509       -            119 192750at33090        -            220   6.9e-42  141.2   0.0   1   1   4.1e-43   7.5e-42  141.0   0.0    21   139     1   119     1   119 0.99 -
h1tg000080l:14923-16090       -            119 192750at33090        -            220   6.9e-42  141.2   0.0   1   1   4.1e-43   7.5e-42  141.0   0.0    21   139     1   119     1   119 0.99 -
h1tg000084l:56402-57569       -            119 192750at33090        -            220   6.9e-42  141.2   0.0   1   1   4.1e-43   7.5e-42  141.0   0.0    21   139     1   119     1   119 0.99 -
h1tg000097l:8722-9889         -            119 192750at33090        -            220   6.9e-42  141.2   0.0   1   1   4.1e-43   7.5e-42  141.0   0.0    21   139     1   119     1   119 0.99 -
h1tg000102l:45951-47118       -            119 192750at33090        -            220   6.9e-42  141.2   0.0   1   1   4.1e-43   7.5e-42  141.0   0.0    21   139     1   119     1   119 0.99 -
h1tg000117l:4541-5708         -            119 192750at33090        -            220   6.9e-42  141.2   0.0   1   1   4.1e-43   7.5e-42  141.0   0.0    21   139     1   119     1   119 0.99 -
h1tg000120l:31182-32349       -            119 192750at33090        -            220   6.9e-42  141.2   0.0   1   1   4.1e-43   7.5e-42  141.0   0.0    21   139     1   119     1   119 0.99 -
h1tg000125l:55974-57141       -            119 192750at33090        -            220   6.9e-42  141.2   0.0   1   1   4.1e-43   7.5e-42  141.0   0.0    21   139     1   119     1   119 0.99 -
h1tg000129l:19706-20873       -            119 192750at33090        -            220   6.9e-42  141.2   0.0   1   1   4.1e-43   7.5e-42  141.0   0.0    21   139     1   119     1   119 0.99 -
h1tg000133l:16759-17926       -            119 192750at33090        -            220   6.9e-42  141.2   0.0   1   1   4.1e-43   7.5e-42  141.0   0.0    21   139     1   119     1   119 0.99 -
h1tg000139l:22757-23924       -            119 192750at33090        -            220   6.9e-42  141.2   0.0   1   1   4.1e-43   7.5e-42  141.0   0.0    21   139     1   119     1   119 0.99 -
h1tg000147l:36368-37538       -            119 192750at33090        -            220   6.9e-42  141.2   0.0   1   1   4.1e-43   7.5e-42  141.0   0.0    21   139     1   119     1   119 0.99 -
h1tg000148l:17538-18705       -            119 192750at33090        -            220   6.9e-42  141.2   0.0   1   1   4.1e-43   7.5e-42  141.0   0.0    21   139     1   119     1   119 0.99 -
h1tg000151l:9816-10983        -            119 192750at33090        -            220   6.9e-42  141.2   0.0   1   1   4.1e-43   7.5e-42  141.0   0.0    21   139     1   119     1   119 0.99 -
h1tg000154l:2293-3460         -            119 192750at33090        -            220   6.9e-42  141.2   0.0   1   1   4.1e-43   7.5e-42  141.0   0.0    21   139     1   119     1   119 0.99 -
h1tg000171l:19589-20756       -            119 192750at33090        -            220   6.9e-42  141.2   0.0   1   1   4.1e-43   7.5e-42  141.0   0.0    21   139     1   119     1   119 0.99 -
h1tg000173l:41956-43123       -            119 192750at33090        -            220   6.9e-42  141.2   0.0   1   1   4.1e-43   7.5e-42  141.0   0.0    21   139     1   119     1   119 0.99 -
h1tg000174l:59887-61054       -            119 192750at33090        -            220   6.9e-42  141.2   0.0   1   1   4.1e-43   7.5e-42  141.0   0.0    21   139     1   119     1   119 0.99 -
h1tg000177l:27241-28408       -            119 192750at33090        -            220   6.9e-42  141.2   0.0   1   1   4.1e-43   7.5e-42  141.0   0.0    21   139     1   119     1   119 0.99 -
h1tg000178l:11475-12642       -            119 192750at33090        -            220   6.9e-42  141.2   0.0   1   1   4.1e-43   7.5e-42  141.0   0.0    21   139     1   119     1   119 0.99 -
h1tg000179l:43820-44987       -            119 192750at33090        -            220   6.9e-42  141.2   0.0   1   1   4.1e-43   7.5e-42  141.0   0.0    21   139     1   119     1   119 0.99 -
h1tg000183l:25561-26728       -            119 192750at33090        -            220   6.9e-42  141.2   0.0   1   1   4.1e-43   7.5e-42  141.0   0.0    21   139     1   119     1   119 0.99 -
h1tg000185l:53880-55047       -            119 192750at33090        -            220   6.9e-42  141.2   0.0   1   1   4.1e-43   7.5e-42  141.0   0.0    21   139     1   119     1   119 0.99 -
h1tg000186l:22296-23465       -            119 192750at33090        -            220   6.9e-42  141.2   0.0   1   1   4.1e-43   7.5e-42  141.0   0.0    21   139     1   119     1   119 0.99 -
h1tg000189l:3200-4367         -            119 192750at33090        -            220   6.9e-42  141.2   0.0   1   1   4.1e-43   7.5e-42  141.0   0.0    21   139     1   119     1   119 0.99 -
h1tg000200l:31954-33121       -            119 192750at33090        -            220   6.9e-42  141.2   0.0   1   1   4.1e-43   7.5e-42  141.0   0.0    21   139     1   119     1   119 0.99 -
h1tg000208l:3071-4238         -            119 192750at33090        -            220   6.9e-42  141.2   0.0   1   1   4.1e-43   7.5e-42  141.0   0.0    21   139     1   119     1   119 0.99 -
h1tg000210l:31243-32410       -            119 192750at33090        -            220   6.9e-42  141.2   0.0   1   1   4.1e-43   7.5e-42  141.0   0.0    21   139     1   119     1   119 0.99 -
h1tg000213l:10707-11874       -            119 192750at33090        -            220   6.9e-42  141.2   0.0   1   1   4.1e-43   7.5e-42  141.0   0.0    21   139     1   119     1   119 0.99 -
h1tg000218l:131329-132496     -            119 192750at33090        -            220   6.9e-42  141.2   0.0   1   1   4.1e-43   7.5e-42  141.0   0.0    21   139     1   119     1   119 0.99 -
h1tg000219l:42368-43535       -            119 192750at33090        -            220   6.9e-42  141.2   0.0   1   1   4.1e-43   7.5e-42  141.0   0.0    21   139     1   119     1   119 0.99 -
h1tg000222l:37097-38264       -            119 192750at33090        -            220   6.9e-42  141.2   0.0   1   1   4.1e-43   7.5e-42  141.0   0.0    21   139     1   119     1   119 0.99 -
h1tg000226l:82455-83622       -            119 192750at33090        -            220   6.9e-42  141.2   0.0   1   1   4.1e-43   7.5e-42  141.0   0.0    21   139     1   119     1   119 0.99 -
h1tg000227l:35951-37118       -            119 192750at33090        -            220   6.9e-42  141.2   0.0   1   1   4.1e-43   7.5e-42  141.0   0.0    21   139     1   119     1   119 0.99 -
h1tg000228l:19357-20524       -            119 192750at33090        -            220   6.9e-42  141.2   0.0   1   1   4.1e-43   7.5e-42  141.0   0.0    21   139     1   119     1   119 0.99 -
h1tg000230l:3778-4945         -            119 192750at33090        -            220   6.9e-42  141.2   0.0   1   1   4.1e-43   7.5e-42  141.0   0.0    21   139     1   119     1   119 0.99 -
h1tg000239l:54393-55558       -            119 192750at33090        -            220   6.9e-42  141.2   0.0   1   1   4.1e-43   7.5e-42  141.0   0.0    21   139     1   119     1   119 0.99 -
h1tg000242l:24085-25252       -            119 192750at33090        -            220   6.9e-42  141.2   0.0   1   1   4.1e-43   7.5e-42  141.0   0.0    21   139     1   119     1   119 0.99 -
h1tg000254l:5920-7087         -            119 192750at33090        -            220   6.9e-42  141.2   0.0   1   1   4.1e-43   7.5e-42  141.0   0.0    21   139     1   119     1   119 0.99 -
h1tg000258l:32861-34024       -            119 192750at33090        -            220   6.9e-42  141.2   0.0   1   1   4.1e-43   7.5e-42  141.0   0.0    21   139     1   119     1   119 0.99 -
h1tg000260l:18731-19898       -            119 192750at33090        -            220   6.9e-42  141.2   0.0   1   1   4.1e-43   7.5e-42  141.0   0.0    21   139     1   119     1   119 0.99 -
h1tg000261l:3862-5031         -            119 192750at33090        -            220   6.9e-42  141.2   0.0   1   1   4.1e-43   7.5e-42  141.0   0.0    21   139     1   119     1   119 0.99 -
h1tg000265l:29336-30503       -            119 192750at33090        -            220   6.9e-42  141.2   0.0   1   1   4.1e-43   7.5e-42  141.0   0.0    21   139     1   119     1   119 0.99 -
h1tg000275l:35942-37112       -            119 192750at33090        -            220   6.9e-42  141.2   0.0   1   1   4.1e-43   7.5e-42  141.0   0.0    21   139     1   119     1   119 0.99 -
h1tg000277l:42174-43341       -            119 192750at33090        -            220   6.9e-42  141.2   0.0   1   1   4.1e-43   7.5e-42  141.0   0.0    21   139     1   119     1   119 0.99 -
h1tg000279l:24176-25343       -            119 192750at33090        -            220   6.9e-42  141.2   0.0   1   1   4.1e-43   7.5e-42  141.0   0.0    21   139     1   119     1   119 0.99 -
h1tg000282l:9712-10879        -            119 192750at33090        -            220   6.9e-42  141.2   0.0   1   1   4.1e-43   7.5e-42  141.0   0.0    21   139     1   119     1   119 0.99 -
h1tg000284l:47491-48658       -            119 192750at33090        -            220   6.9e-42  141.2   0.0   1   1   4.1e-43   7.5e-42  141.0   0.0    21   139     1   119     1   119 0.99 -
h1tg000286l:22613-23780       -            119 192750at33090        -            220   6.9e-42  141.2   0.0   1   1   4.1e-43   7.5e-42  141.0   0.0    21   139     1   119     1   119 0.99 -
h1tg000287l:41336-42503       -            119 192750at33090        -            220   6.9e-42  141.2   0.0   1   1   4.1e-43   7.5e-42  141.0   0.0    21   139     1   119     1   119 0.99 -
h1tg000289l:41390-42557       -            119 192750at33090        -            220   6.9e-42  141.2   0.0   1   1   4.1e-43   7.5e-42  141.0   0.0    21   139     1   119     1   119 0.99 -
h1tg000292l:20110-21278       -            119 192750at33090        -            220   6.9e-42  141.2   0.0   1   1   4.1e-43   7.5e-42  141.0   0.0    21   139     1   119     1   119 0.99 -
h1tg000293l:13868-15034       -            119 192750at33090        -            220   6.9e-42  141.2   0.0   1   1   4.1e-43   7.5e-42  141.0   0.0    21   139     1   119     1   119 0.99 -
h1tg000301l:31869-33036       -            119 192750at33090        -            220   6.9e-42  141.2   0.0   1   1   4.1e-43   7.5e-42  141.0   0.0    21   139     1   119     1   119 0.99 -
h1tg000306l:64675-65842       -            119 192750at33090        -            220   6.9e-42  141.2   0.0   1   1   4.1e-43   7.5e-42  141.0   0.0    21   139     1   119     1   119 0.99 -
h1tg000312l:5732-6899         -            119 192750at33090        -            220   6.9e-42  141.2   0.0   1   1   4.1e-43   7.5e-42  141.0   0.0    21   139     1   119     1   119 0.99 -
h1tg000313l:34600-35767       -            119 192750at33090        -            220   6.9e-42  141.2   0.0   1   1   4.1e-43   7.5e-42  141.0   0.0    21   139     1   119     1   119 0.99 -
h1tg000319l:447-1615          -            119 192750at33090        -            220   6.9e-42  141.2   0.0   1   1   4.1e-43   7.5e-42  141.0   0.0    21   139     1   119     1   119 0.99 -
h1tg000320l:23616-24784       -            119 192750at33090        -            220   6.9e-42  141.2   0.0   1   1   4.1e-43   7.5e-42  141.0   0.0    21   139     1   119     1   119 0.99 -
h1tg000328l:5987-7154         -            119 192750at33090        -            220   6.9e-42  141.2   0.0   1   1   4.1e-43   7.5e-42  141.0   0.0    21   139     1   119     1   119 0.99 -
h1tg000329l:57684-58851       -            119 192750at33090        -            220   6.9e-42  141.2   0.0   1   1   4.1e-43   7.5e-42  141.0   0.0    21   139     1   119     1   119 0.99 -
h1tg000330l:42134-43301       -            119 192750at33090        -            220   6.9e-42  141.2   0.0   1   1   4.1e-43   7.5e-42  141.0   0.0    21   139     1   119     1   119 0.99 -
h1tg000340l:15454-16621       -            119 192750at33090        -            220   6.9e-42  141.2   0.0   1   1   4.1e-43   7.5e-42  141.0   0.0    21   139     1   119     1   119 0.99 -
h1tg000341l:3474-4641         -            119 192750at33090        -            220   6.9e-42  141.2   0.0   1   1   4.1e-43   7.5e-42  141.0   0.0    21   139     1   119     1   119 0.99 -
h1tg000348l:13685-14852       -            119 192750at33090        -            220   6.9e-42  141.2   0.0   1   1   4.1e-43   7.5e-42  141.0   0.0    21   139     1   119     1   119 0.99 -
h1tg000351l:10928-12095       -            119 192750at33090        -            220   6.9e-42  141.2   0.0   1   1   4.1e-43   7.5e-42  141.0   0.0    21   139     1   119     1   119 0.99 -
h1tg000353l:49024-50191       -            119 192750at33090        -            220   6.9e-42  141.2   0.0   1   1   4.1e-43   7.5e-42  141.0   0.0    21   139     1   119     1   119 0.99 -
h1tg000354l:33733-34900       -            119 192750at33090        -            220   6.9e-42  141.2   0.0   1   1   4.1e-43   7.5e-42  141.0   0.0    21   139     1   119     1   119 0.99 -
h1tg000357l:28662-29829       -            119 192750at33090        -            220   6.9e-42  141.2   0.0   1   1   4.1e-43   7.5e-42  141.0   0.0    21   139     1   119     1   119 0.99 -
h1tg000359l:23954-25122       -            119 192750at33090        -            220   6.9e-42  141.2   0.0   1   1   4.1e-43   7.5e-42  141.0   0.0    21   139     1   119     1   119 0.99 -
h1tg000366l:8311-9478         -            119 192750at33090        -            220   6.9e-42  141.2   0.0   1   1   4.1e-43   7.5e-42  141.0   0.0    21   139     1   119     1   119 0.99 -
h1tg000367l:6279-7444         -            119 192750at33090        -            220   6.9e-42  141.2   0.0   1   1   4.1e-43   7.5e-42  141.0   0.0    21   139     1   119     1   119 0.99 -
h1tg000373l:13668-14835       -            119 192750at33090        -            220   6.9e-42  141.2   0.0   1   1   4.1e-43   7.5e-42  141.0   0.0    21   139     1   119     1   119 0.99 -
h1tg000375l:14616-15783       -            119 192750at33090        -            220   6.9e-42  141.2   0.0   1   1   4.1e-43   7.5e-42  141.0   0.0    21   139     1   119     1   119 0.99 -
h1tg000376l:3988-5155         -            119 192750at33090        -            220   6.9e-42  141.2   0.0   1   1   4.1e-43   7.5e-42  141.0   0.0    21   139     1   119     1   119 0.99 -
h1tg000378l:67491-68658       -            119 192750at33090        -            220   6.9e-42  141.2   0.0   1   1   4.1e-43   7.5e-42  141.0   0.0    21   139     1   119     1   119 0.99 -
h1tg000380l:29785-30952       -            119 192750at33090        -            220   6.9e-42  141.2   0.0   1   1   4.1e-43   7.5e-42  141.0   0.0    21   139     1   119     1   119 0.99 -
h1tg000385l:5404-6571         -            119 192750at33090        -            220   6.9e-42  141.2   0.0   1   1   4.1e-43   7.5e-42  141.0   0.0    21   139     1   119     1   119 0.99 -
h1tg000388l:25765-26932       -            119 192750at33090        -            220   6.9e-42  141.2   0.0   1   1   4.1e-43   7.5e-42  141.0   0.0    21   139     1   119     1   119 0.99 -
h1tg000389l:20007-21175       -            119 192750at33090        -            220   6.9e-42  141.2   0.0   1   1   4.1e-43   7.5e-42  141.0   0.0    21   139     1   119     1   119 0.99 -
h1tg000390l:29982-31148       -            119 192750at33090        -            220   6.9e-42  141.2   0.0   1   1   4.1e-43   7.5e-42  141.0   0.0    21   139     1   119     1   119 0.99 -
h1tg000401l:20217-21384       -            119 192750at33090        -            220   6.9e-42  141.2   0.0   1   1   4.1e-43   7.5e-42  141.0   0.0    21   139     1   119     1   119 0.99 -
h1tg000403l:5643-6810         -            119 192750at33090        -            220   6.9e-42  141.2   0.0   1   1   4.1e-43   7.5e-42  141.0   0.0    21   139     1   119     1   119 0.99 -
h1tg000416l:7319-8486         -            119 192750at33090        -            220   6.9e-42  141.2   0.0   1   1   4.1e-43   7.5e-42  141.0   0.0    21   139     1   119     1   119 0.99 -
h1tg000417l:25599-26769       -            119 192750at33090        -            220   6.9e-42  141.2   0.0   1   1   4.1e-43   7.5e-42  141.0   0.0    21   139     1   119     1   119 0.99 -
h1tg000422l:31712-32879       -            119 192750at33090        -            220   6.9e-42  141.2   0.0   1   1   4.1e-43   7.5e-42  141.0   0.0    21   139     1   119     1   119 0.99 -
h1tg000425l:59585-60752       -            119 192750at33090        -            220   6.9e-42  141.2   0.0   1   1   4.1e-43   7.5e-42  141.0   0.0    21   139     1   119     1   119 0.99 -
h1tg000427l:18057-19224       -            119 192750at33090        -            220   6.9e-42  141.2   0.0   1   1   4.1e-43   7.5e-42  141.0   0.0    21   139     1   119     1   119 0.99 -
h1tg000432l:10253-11420       -            119 192750at33090        -            220   6.9e-42  141.2   0.0   1   1   4.1e-43   7.5e-42  141.0   0.0    21   139     1   119     1   119 0.99 -
h1tg000437l:15146-16313       -            119 192750at33090        -            220   6.9e-42  141.2   0.0   1   1   4.1e-43   7.5e-42  141.0   0.0    21   139     1   119     1   119 0.99 -
h1tg000449l:26540-27709       -            119 192750at33090        -            220   6.9e-42  141.2   0.0   1   1   4.1e-43   7.5e-42  141.0   0.0    21   139     1   119     1   119 0.99 -
h1tg000451l:5850-7017         -            119 192750at33090        -            220   6.9e-42  141.2   0.0   1   1   4.1e-43   7.5e-42  141.0   0.0    21   139     1   119     1   119 0.99 -
h1tg000452l:3125-4292         -            119 192750at33090        -            220   6.9e-42  141.2   0.0   1   1   4.1e-43   7.5e-42  141.0   0.0    21   139     1   119     1   119 0.99 -
h1tg000458l:32247-33414       -            119 192750at33090        -            220   6.9e-42  141.2   0.0   1   1   4.1e-43   7.5e-42  141.0   0.0    21   139     1   119     1   119 0.99 -
h1tg000459l:3704-4871         -            119 192750at33090        -            220   6.9e-42  141.2   0.0   1   1   4.1e-43   7.5e-42  141.0   0.0    21   139     1   119     1   119 0.99 -
h1tg000462l:89142-90310       -            119 192750at33090        -            220   6.9e-42  141.2   0.0   1   1   4.1e-43   7.5e-42  141.0   0.0    21   139     1   119     1   119 0.99 -
h1tg000464l:75950-77117       -            119 192750at33090        -            220   6.9e-42  141.2   0.0   1   1   4.1e-43   7.5e-42  141.0   0.0    21   139     1   119     1   119 0.99 -
h1tg000468l:15897-17064       -            119 192750at33090        -            220   6.9e-42  141.2   0.0   1   1   4.1e-43   7.5e-42  141.0   0.0    21   139     1   119     1   119 0.99 -
h1tg000469l:62861-64028       -            119 192750at33090        -            220   6.9e-42  141.2   0.0   1   1   4.1e-43   7.5e-42  141.0   0.0    21   139     1   119     1   119 0.99 -
h1tg000473l:24937-26105       -            119 192750at33090        -            220   6.9e-42  141.2   0.0   1   1   4.1e-43   7.5e-42  141.0   0.0    21   139     1   119     1   119 0.99 -
h1tg000474l:10013-11180       -            119 192750at33090        -            220   6.9e-42  141.2   0.0   1   1   4.1e-43   7.5e-42  141.0   0.0    21   139     1   119     1   119 0.99 -
h1tg000478l:2951-4118         -            119 192750at33090        -            220   6.9e-42  141.2   0.0   1   1   4.1e-43   7.5e-42  141.0   0.0    21   139     1   119     1   119 0.99 -
h1tg000482l:24769-25936       -            119 192750at33090        -            220   6.9e-42  141.2   0.0   1   1   4.1e-43   7.5e-42  141.0   0.0    21   139     1   119     1   119 0.99 -
h1tg000491l:50230-51396       -            119 192750at33090        -            220   6.9e-42  141.2   0.0   1   1   4.1e-43   7.5e-42  141.0   0.0    21   139     1   119     1   119 0.99 -
h1tg000495l:37328-38495       -            119 192750at33090        -            220   6.9e-42  141.2   0.0   1   1   4.1e-43   7.5e-42  141.0   0.0    21   139     1   119     1   119 0.99 -
h1tg000496l:35760-36927       -            119 192750at33090        -            220   6.9e-42  141.2   0.0   1   1   4.1e-43   7.5e-42  141.0   0.0    21   139     1   119     1   119 0.99 -
h1tg000508l:32653-33820       -            119 192750at33090        -            220   6.9e-42  141.2   0.0   1   1   4.1e-43   7.5e-42  141.0   0.0    21   139     1   119     1   119 0.99 -
h1tg000510l:21510-22678       -            119 192750at33090        -            220   6.9e-42  141.2   0.0   1   1   4.1e-43   7.5e-42  141.0   0.0    21   139     1   119     1   119 0.99 -
h1tg000517l:24872-26039       -            119 192750at33090        -            220   6.9e-42  141.2   0.0   1   1   4.1e-43   7.5e-42  141.0   0.0    21   139     1   119     1   119 0.99 -
h1tg000518l:35544-36711       -            119 192750at33090        -            220   6.9e-42  141.2   0.0   1   1   4.1e-43   7.5e-42  141.0   0.0    21   139     1   119     1   119 0.99 -
h1tg000522l:35735-36903       -            119 192750at33090        -            220   6.9e-42  141.2   0.0   1   1   4.1e-43   7.5e-42  141.0   0.0    21   139     1   119     1   119 0.99 -
h1tg000523l:16909-18076       -            119 192750at33090        -            220   6.9e-42  141.2   0.0   1   1   4.1e-43   7.5e-42  141.0   0.0    21   139     1   119     1   119 0.99 -
h1tg000528l:5589-6755         -            119 192750at33090        -            220   6.9e-42  141.2   0.0   1   1   4.1e-43   7.5e-42  141.0   0.0    21   139     1   119     1   119 0.99 -
h1tg000530l:22686-23853       -            119 192750at33090        -            220   6.9e-42  141.2   0.0   1   1   4.1e-43   7.5e-42  141.0   0.0    21   139     1   119     1   119 0.99 -
h1tg000536l:2164-3331         -            119 192750at33090        -            220   6.9e-42  141.2   0.0   1   1   4.1e-43   7.5e-42  141.0   0.0    21   139     1   119     1   119 0.99 -
h1tg000539l:65605-66773       -            119 192750at33090        -            220   6.9e-42  141.2   0.0   1   1   4.1e-43   7.5e-42  141.0   0.0    21   139     1   119     1   119 0.99 -
h1tg000543l:20411-21578       -            119 192750at33090        -            220   6.9e-42  141.2   0.0   1   1   4.1e-43   7.5e-42  141.0   0.0    21   139     1   119     1   119 0.99 -
h1tg000547l:8276-9443         -            119 192750at33090        -            220   6.9e-42  141.2   0.0   1   1   4.1e-43   7.5e-42  141.0   0.0    21   139     1   119     1   119 0.99 -
h1tg000553l:36010-37177       -            119 192750at33090        -            220   6.9e-42  141.2   0.0   1   1   4.1e-43   7.5e-42  141.0   0.0    21   139     1   119     1   119 0.99 -
h1tg000558l:6790-7957         -            119 192750at33090        -            220   6.9e-42  141.2   0.0   1   1   4.1e-43   7.5e-42  141.0   0.0    21   139     1   119     1   119 0.99 -
h1tg000573l:16251-17418       -            119 192750at33090        -            220   6.9e-42  141.2   0.0   1   1   4.1e-43   7.5e-42  141.0   0.0    21   139     1   119     1   119 0.99 -
h1tg000576l:50889-52056       -            119 192750at33090        -            220   6.9e-42  141.2   0.0   1   1   4.1e-43   7.5e-42  141.0   0.0    21   139     1   119     1   119 0.99 -
h1tg000587l:23695-24862       -            119 192750at33090        -            220   6.9e-42  141.2   0.0   1   1   4.1e-43   7.5e-42  141.0   0.0    21   139     1   119     1   119 0.99 -
h1tg000588l:4877-6044         -            119 192750at33090        -            220   6.9e-42  141.2   0.0   1   1   4.1e-43   7.5e-42  141.0   0.0    21   139     1   119     1   119 0.99 -
h1tg000589l:41228-42395       -            119 192750at33090        -            220   6.9e-42  141.2   0.0   1   1   4.1e-43   7.5e-42  141.0   0.0    21   139     1   119     1   119 0.99 -
h1tg000590l:3118-4286         -            119 192750at33090        -            220   6.9e-42  141.2   0.0   1   1   4.1e-43   7.5e-42  141.0   0.0    21   139     1   119     1   119 0.99 -
h1tg000592l:33582-34749       -            119 192750at33090        -            220   6.9e-42  141.2   0.0   1   1   4.1e-43   7.5e-42  141.0   0.0    21   139     1   119     1   119 0.99 -
h1tg000593l:27958-29125       -            119 192750at33090        -            220   6.9e-42  141.2   0.0   1   1   4.1e-43   7.5e-42  141.0   0.0    21   139     1   119     1   119 0.99 -
h1tg000598l:17550-18718       -            119 192750at33090        -            220   6.9e-42  141.2   0.0   1   1   4.1e-43   7.5e-42  141.0   0.0    21   139     1   119     1   119 0.99 -
h1tg000599l:10590-11757       -            119 192750at33090        -            220   6.9e-42  141.2   0.0   1   1   4.1e-43   7.5e-42  141.0   0.0    21   139     1   119     1   119 0.99 -
h1tg000600l:1683-2850         -            119 192750at33090        -            220   6.9e-42  141.2   0.0   1   1   4.1e-43   7.5e-42  141.0   0.0    21   139     1   119     1   119 0.99 -
h1tg000615l:32557-33724       -            119 192750at33090        -            220   6.9e-42  141.2   0.0   1   1   4.1e-43   7.5e-42  141.0   0.0    21   139     1   119     1   119 0.99 -
h1tg000617l:16470-17637       -            119 192750at33090        -            220   6.9e-42  141.2   0.0   1   1   4.1e-43   7.5e-42  141.0   0.0    21   139     1   119     1   119 0.99 -
h1tg000619l:23764-24931       -            119 192750at33090        -            220   6.9e-42  141.2   0.0   1   1   4.1e-43   7.5e-42  141.0   0.0    21   139     1   119     1   119 0.99 -
h1tg000620l:19581-20748       -            119 192750at33090        -            220   6.9e-42  141.2   0.0   1   1   4.1e-43   7.5e-42  141.0   0.0    21   139     1   119     1   119 0.99 -
h1tg000626l:14482-15649       -            119 192750at33090        -            220   6.9e-42  141.2   0.0   1   1   4.1e-43   7.5e-42  141.0   0.0    21   139     1   119     1   119 0.99 -
h1tg000630l:26432-27599       -            119 192750at33090        -            220   6.9e-42  141.2   0.0   1   1   4.1e-43   7.5e-42  141.0   0.0    21   139     1   119     1   119 0.99 -
h1tg000633l:27045-28212       -            119 192750at33090        -            220   6.9e-42  141.2   0.0   1   1   4.1e-43   7.5e-42  141.0   0.0    21   139     1   119     1   119 0.99 -
h1tg000640l:16251-17418       -            119 192750at33090        -            220   6.9e-42  141.2   0.0   1   1   4.1e-43   7.5e-42  141.0   0.0    21   139     1   119     1   119 0.99 -
h1tg000641l:7790-8957         -            119 192750at33090        -            220   6.9e-42  141.2   0.0   1   1   4.1e-43   7.5e-42  141.0   0.0    21   139     1   119     1   119 0.99 -
h1tg000649l:32132-33299       -            119 192750at33090        -            220   6.9e-42  141.2   0.0   1   1   4.1e-43   7.5e-42  141.0   0.0    21   139     1   119     1   119 0.99 -
h1tg000651l:14935-16102       -            119 192750at33090        -            220   6.9e-42  141.2   0.0   1   1   4.1e-43   7.5e-42  141.0   0.0    21   139     1   119     1   119 0.99 -
h1tg000658l:14404-15571       -            119 192750at33090        -            220   6.9e-42  141.2   0.0   1   1   4.1e-43   7.5e-42  141.0   0.0    21   139     1   119     1   119 0.99 -
h1tg000659l:26942-28109       -            119 192750at33090        -            220   6.9e-42  141.2   0.0   1   1   4.1e-43   7.5e-42  141.0   0.0    21   139     1   119     1   119 0.99 -
h1tg000666l:27631-28798       -            119 192750at33090        -            220   6.9e-42  141.2   0.0   1   1   4.1e-43   7.5e-42  141.0   0.0    21   139     1   119     1   119 0.99 -
h1tg000673l:20315-21482       -            119 192750at33090        -            220   6.9e-42  141.2   0.0   1   1   4.1e-43   7.5e-42  141.0   0.0    21   139     1   119     1   119 0.99 -
h1tg000690l:16559-17726       -            119 192750at33090        -            220   6.9e-42  141.2   0.0   1   1   4.1e-43   7.5e-42  141.0   0.0    21   139     1   119     1   119 0.99 -
h1tg000691l:1381-2548         -            119 192750at33090        -            220   6.9e-42  141.2   0.0   1   1   4.1e-43   7.5e-42  141.0   0.0    21   139     1   119     1   119 0.99 -
h1tg000692l:9825-10993        -            119 192750at33090        -            220   6.9e-42  141.2   0.0   1   1   4.1e-43   7.5e-42  141.0   0.0    21   139     1   119     1   119 0.99 -
h1tg000695l:27698-28865       -            119 192750at33090        -            220   6.9e-42  141.2   0.0   1   1   4.1e-43   7.5e-42  141.0   0.0    21   139     1   119     1   119 0.99 -
h1tg000697l:12367-13534       -            119 192750at33090        -            220   6.9e-42  141.2   0.0   1   1   4.1e-43   7.5e-42  141.0   0.0    21   139     1   119     1   119 0.99 -
h1tg000700l:41778-42945       -            119 192750at33090        -            220   6.9e-42  141.2   0.0   1   1   4.1e-43   7.5e-42  141.0   0.0    21   139     1   119     1   119 0.99 -
h1tg000723l:34924-36091       -            119 192750at33090        -            220   6.9e-42  141.2   0.0   1   1   4.1e-43   7.5e-42  141.0   0.0    21   139     1   119     1   119 0.99 -
h1tg000729l:20469-21636       -            119 192750at33090        -            220   6.9e-42  141.2   0.0   1   1   4.1e-43   7.5e-42  141.0   0.0    21   139     1   119     1   119 0.99 -
h1tg000742l:19069-20236       -            119 192750at33090        -            220   6.9e-42  141.2   0.0   1   1   4.1e-43   7.5e-42  141.0   0.0    21   139     1   119     1   119 0.99 -
h1tg000744l:23017-24184       -            119 192750at33090        -            220   6.9e-42  141.2   0.0   1   1   4.1e-43   7.5e-42  141.0   0.0    21   139     1   119     1   119 0.99 -
h1tg000749l:20228-21395       -            119 192750at33090        -            220   6.9e-42  141.2   0.0   1   1   4.1e-43   7.5e-42  141.0   0.0    21   139     1   119     1   119 0.99 -
h1tg000754l:4345-5512         -            119 192750at33090        -            220   6.9e-42  141.2   0.0   1   1   4.1e-43   7.5e-42  141.0   0.0    21   139     1   119     1   119 0.99 -
h1tg000756l:20930-22097       -            119 192750at33090        -            220   6.9e-42  141.2   0.0   1   1   4.1e-43   7.5e-42  141.0   0.0    21   139     1   119     1   119 0.99 -
h1tg000760l:681-1847          -            119 192750at33090        -            220   6.9e-42  141.2   0.0   1   1   4.1e-43   7.5e-42  141.0   0.0    21   139     1   119     1   119 0.99 -
h1tg000768l:65178-66345       -            119 192750at33090        -            220   6.9e-42  141.2   0.0   1   1   4.1e-43   7.5e-42  141.0   0.0    21   139     1   119     1   119 0.99 -
h1tg000781l:1067-2234         -            119 192750at33090        -            220   6.9e-42  141.2   0.0   1   1   4.1e-43   7.5e-42  141.0   0.0    21   139     1   119     1   119 0.99 -
h1tg000782l:3309-4476         -            119 192750at33090        -            220   6.9e-42  141.2   0.0   1   1   4.1e-43   7.5e-42  141.0   0.0    21   139     1   119     1   119 0.99 -
h1tg000795l:52515-53682       -            119 192750at33090        -            220   6.9e-42  141.2   0.0   1   1   4.1e-43   7.5e-42  141.0   0.0    21   139     1   119     1   119 0.99 -
h1tg000796l:4389-5556         -            119 192750at33090        -            220   6.9e-42  141.2   0.0   1   1   4.1e-43   7.5e-42  141.0   0.0    21   139     1   119     1   119 0.99 -
h1tg000807l:23309-24476       -            119 192750at33090        -            220   6.9e-42  141.2   0.0   1   1   4.1e-43   7.5e-42  141.0   0.0    21   139     1   119     1   119 0.99 -
h1tg000809l:12914-14081       -            119 192750at33090        -            220   6.9e-42  141.2   0.0   1   1   4.1e-43   7.5e-42  141.0   0.0    21   139     1   119     1   119 0.99 -
h1tg000823l:12772-13939       -            119 192750at33090        -            220   6.9e-42  141.2   0.0   1   1   4.1e-43   7.5e-42  141.0   0.0    21   139     1   119     1   119 0.99 -
h1tg000246l:45062-46243       -            123 192750at33090        -            220   9.2e-34  114.6   0.0   1   1   5.6e-35     1e-33  114.4   0.0    21   117     1    97     1   111 0.94 -
h1tg000059l:48033-49212       -            123 192750at33090        -            220   2.7e-33  113.1   0.0   1   1   1.6e-34   2.9e-33  113.0   0.0    21   108     1    88     1   112 0.94 -
h1tg000003l:12112624-12117502 -            100 192750at33090        -            220   4.1e-33  112.5   0.2   1   1   2.4e-34   4.4e-33  112.4   0.2    59   155     2    98     1   100 0.97 -
h1tg000045l:9155852-9156199   -            116 192750at33090        -            220   5.1e-32  108.9   0.2   1   1   3.1e-33   5.6e-32  108.8   0.2    98   210     1   116     1   116 0.96 -
h1tg000285l:25548-26690       -            100 192750at33090        -            220   6.5e-31  105.3   0.1   1   1   7.4e-32   1.3e-30  104.2   0.1    21   130     1   100     1   100 0.98 -
h1tg000499l:17089-18230       -            100 192750at33090        -            220   6.5e-31  105.3   0.1   1   1   7.4e-32   1.3e-30  104.2   0.1    21   130     1   100     1   100 0.98 -
h1tg000652l:32045-33186       -            100 192750at33090        -            220   6.5e-31  105.3   0.1   1   1   7.4e-32   1.3e-30  104.2   0.1    21   130     1   100     1   100 0.98 -
h1tg000572l:508-1688          -            122 192750at33090        -            220   1.8e-30  103.8   0.0   1   1     1e-31   1.9e-30  103.7   0.0    20   126     3   109     1   122 0.90 -
h1tg000472l:21967-23153       -            120 192750at33090        -            220   2.4e-30  103.5   0.0   1   1   1.7e-31     3e-30  103.1   0.0    21   139     1   120     1   120 0.90 -
h1tg000529l:21950-23068       -            101 192750at33090        -            220   4.5e-30  102.5   0.0   1   1     3e-31   5.6e-30  102.2   0.0    23   130     1   101     1   101 0.97 -
h1tg000136l:642-956           -            105 192750at33090        -            220   1.3e-28   97.7   0.0   1   1   8.1e-30   1.5e-28   97.6   0.0    43   130    18   105     9   105 0.96 -
h1tg000221l:211-525           -            105 192750at33090        -            220   1.3e-28   97.7   0.0   1   1   8.1e-30   1.5e-28   97.6   0.0    43   130    18   105     9   105 0.96 -
h1tg000315l:12992-13306       -            105 192750at33090        -            220   1.3e-28   97.7   0.0   1   1   8.1e-30   1.5e-28   97.6   0.0    43   130    18   105     9   105 0.96 -
h1tg000360l:63167-63481       -            105 192750at33090        -            220   1.3e-28   97.7   0.0   1   1   8.1e-30   1.5e-28   97.6   0.0    43   130    18   105     9   105 0.96 -
h1tg000404l:452-766           -            105 192750at33090        -            220   1.3e-28   97.7   0.0   1   1   8.1e-30   1.5e-28   97.6   0.0    43   130    18   105     9   105 0.96 -
h1tg000423l:35290-35604       -            105 192750at33090        -            220   1.3e-28   97.7   0.0   1   1   8.1e-30   1.5e-28   97.6   0.0    43   130    18   105     9   105 0.96 -
h1tg000687l:12583-12897       -            105 192750at33090        -            220   1.3e-28   97.7   0.0   1   1   8.1e-30   1.5e-28   97.6   0.0    43   130    18   105     9   105 0.96 -
h1tg000814l:532-846           -            105 192750at33090        -            220   1.3e-28   97.7   0.0   1   1   8.1e-30   1.5e-28   97.6   0.0    43   130    18   105     9   105 0.96 -
h1tg000732l:43373-43630       -             86 192750at33090        -            220   1.4e-25   87.9   0.0   1   1   8.1e-27   1.5e-25   87.8   0.0    53   137     2    86     1    86 0.97 -
h1tg000137l:34270-35447       -            116 192750at33090        -            220   3.4e-22   76.8   0.0   1   1     2e-23   3.7e-22   76.6   0.0    21   139     1   114     1   116 0.80 -
#
# Program:         hmmsearch
# Version:         3.3.2 (Nov 2020)
# Pipeline mode:   SEARCH
# Query file:      /work/sablok/grapevineassemblies/assemblyhifiasm/busco_hifiasmtriobinning/busco_downloads/lineages/viridiplantae_odb10/hmms/192750at33090.hmm
# Target file:     /work/sablok/grapevineassemblies/assemblyhifiasm/busco_hifiasmtriobinning/maternalpaternal.asm.dip.hap1.p_ctg.fa.busco/run_viridiplantae_odb10/metaeuk_output/initial_results/maternalpaternal.asm.dip.hap1.p_ctg.fa.modified.fas
# Option settings: hmmsearch --domtblout /work/sablok/grapevineassemblies/assemblyhifiasm/busco_hifiasmtriobinning/maternalpaternal.asm.dip.hap1.p_ctg.fa.busco/run_viridiplantae_odb10/hmmer_output/initial_run_results/192750at33090.out --cpu 1 /work/sablok/grapevineassemblies/assemblyhifiasm/busco_hifiasmtriobinning/busco_downloads/lineages/viridiplantae_odb10/hmms/192750at33090.hmm /work/sablok/grapevineassemblies/assemblyhifiasm/busco_hifiasmtriobinning/maternalpaternal.asm.dip.hap1.p_ctg.fa.busco/run_viridiplantae_odb10/metaeuk_output/initial_results/maternalpaternal.asm.dip.hap1.p_ctg.fa.modified.fas 
# Current dir:     /work/sablok/grapevineassemblies/assemblyhifiasm/busco_hifiasmtriobinning
# Date:            Thu Apr 18 11:10:33 2024
# [ok]
