#                                                                                   --- full sequence --- -------------- this domain -------------   hmm coord   ali coord   env coord
# target name               accession   tlen query name           accession   qlen   E-value  score  bias   #  of  c-Evalue  i-Evalue  score  bias  from    to  from    to  from    to  acc description of target
#       ------------------- ---------- ----- -------------------- ---------- ----- --------- ------ ----- --- --- --------- --------- ------ ----- ----- ----- ----- ----- ----- ----- ---- ---------------------
h1tg000003l:9716270-9725422 -            346 196324at33090        -            204   2.9e-93  308.9   0.5   1   2   3.3e-38   1.2e-35  120.8   0.2     1    83    77   171    77   181 0.87 -
h1tg000003l:9716270-9725422 -            346 196324at33090        -            204   2.9e-93  308.9   0.5   2   2   2.2e-58     8e-56  186.7   0.0    74   204   181   331   176   331 0.90 -
h1tg000029l:4743584-4744535 -            197 196324at33090        -            204     5e-12   43.6   0.0   1   1     2e-14   7.2e-12   43.1   0.0     2    89     3   105     2   141 0.79 -
h1tg000025l:9202629-9205200 -            213 196324at33090        -            204     7e-11   39.9   0.9   1   1   3.3e-13   1.2e-10   39.1   0.9     1   125     6   142     6   154 0.67 -
h1tg000025l:9206996-9214910 -            157 196324at33090        -            204   5.1e-10   37.1   1.0   1   1   2.6e-12   9.3e-10   36.2   1.0     1    90     3   107     3   123 0.69 -
h1tg000003l:6554177-6555812 -            169 196324at33090        -            204   6.4e-10   36.8   0.2   1   1   2.3e-12   8.4e-10   36.4   0.2     1    93    11   119    11   137 0.75 -
h1tg000033l:9490897-9491831 -            163 196324at33090        -            204   6.4e-09   33.5   0.2   1   1   2.1e-11   7.8e-09   33.2   0.2     1    91     9   112     9   134 0.74 -
h1tg000025l:9192700-9194056 -            215 196324at33090        -            204   2.5e-08   31.6   0.1   1   1   1.1e-10     4e-08   30.9   0.1     1    88     8   110     8   116 0.67 -
h1tg000010l:5020714-5021936 -            173 196324at33090        -            204   3.9e-08   30.9   0.0   1   1   1.4e-10   5.2e-08   30.5   0.0     1    89    12   115    12   121 0.75 -
h1tg000010l:3303235-3327961 -            333 196324at33090        -            204    0.0058   14.0   0.2   1   1     3e-05     0.011   13.1   0.2    25    94   102   187    95   222 0.73 -
h1tg000039l:1276250-1276704 -            119 196324at33090        -            204    0.0086   13.5   0.1   1   1   3.7e-05     0.013   12.9   0.1     1    47     2    49     2    64 0.64 -
#
# Program:         hmmsearch
# Version:         3.3.2 (Nov 2020)
# Pipeline mode:   SEARCH
# Query file:      /work/sablok/grapevineassemblies/assemblyhifiasm/busco_hifiasmtriobinning/busco_downloads/lineages/viridiplantae_odb10/hmms/196324at33090.hmm
# Target file:     /work/sablok/grapevineassemblies/assemblyhifiasm/busco_hifiasmtriobinning/maternalpaternal.asm.dip.hap1.p_ctg.fa.busco/run_viridiplantae_odb10/metaeuk_output/initial_results/maternalpaternal.asm.dip.hap1.p_ctg.fa.modified.fas
# Option settings: hmmsearch --domtblout /work/sablok/grapevineassemblies/assemblyhifiasm/busco_hifiasmtriobinning/maternalpaternal.asm.dip.hap1.p_ctg.fa.busco/run_viridiplantae_odb10/hmmer_output/initial_run_results/196324at33090.out --cpu 1 /work/sablok/grapevineassemblies/assemblyhifiasm/busco_hifiasmtriobinning/busco_downloads/lineages/viridiplantae_odb10/hmms/196324at33090.hmm /work/sablok/grapevineassemblies/assemblyhifiasm/busco_hifiasmtriobinning/maternalpaternal.asm.dip.hap1.p_ctg.fa.busco/run_viridiplantae_odb10/metaeuk_output/initial_results/maternalpaternal.asm.dip.hap1.p_ctg.fa.modified.fas 
# Current dir:     /work/sablok/grapevineassemblies/assemblyhifiasm/busco_hifiasmtriobinning
# Date:            Thu Apr 18 11:10:14 2024
# [ok]
