#                                                                                     --- full sequence --- -------------- this domain -------------   hmm coord   ali coord   env coord
# target name                 accession   tlen query name           accession   qlen   E-value  score  bias   #  of  c-Evalue  i-Evalue  score  bias  from    to  from    to  from    to  acc description of target
#         ------------------- ---------- ----- -------------------- ---------- ----- --------- ------ ----- --- --- --------- --------- ------ ----- ----- ----- ----- ----- ----- ----- ---- ---------------------
h1tg000003l:18944347-18963555 -            392 207179at33090        -            304  1.3e-142  472.1   7.2   1   3   4.7e-50   4.3e-47  158.5   0.6     1    86     1    86     1    93 0.97 -
h1tg000003l:18944347-18963555 -            392 207179at33090        -            304  1.3e-142  472.1   7.2   2   3   9.3e-15   8.5e-12   42.6   0.1    85   125   110   150    91   152 0.86 -
h1tg000003l:18944347-18963555 -            392 207179at33090        -            304  1.3e-142  472.1   7.2   3   3   2.8e-85   2.5e-82  274.2   0.1   124   304   195   391   170   391 0.87 -
h1tg000002l:26638588-26653800 -            585 207179at33090        -            304   1.3e-05   22.2   3.3   1   1   2.6e-08   2.3e-05   21.4   3.3   249   294   315   359   305   364 0.88 -
h1tg000047l:3098661-3098939   -             93 207179at33090        -            304   3.6e-05   20.8   2.8   1   2   6.7e-08   6.1e-05   20.0   2.8   251   294    30    72    17    84 0.87 -
h1tg000047l:3098661-3098939   -             93 207179at33090        -            304   3.6e-05   20.8   2.8   2   2     0.048        44    0.8   0.1   247   265    69    87    67    91 0.73 -
h1tg000003l:5693333-5693623   -             97 207179at33090        -            304     0.047   10.6   4.4   1   1   6.4e-05     0.058   10.3   4.4   250   282    36    67    28    89 0.84 -
#
# Program:         hmmsearch
# Version:         3.3.2 (Nov 2020)
# Pipeline mode:   SEARCH
# Query file:      /work/sablok/grapevineassemblies/assemblyhifiasm/busco_hifiasmtriobinning/busco_downloads/lineages/viridiplantae_odb10/hmms/207179at33090.hmm
# Target file:     /work/sablok/grapevineassemblies/assemblyhifiasm/busco_hifiasmtriobinning/maternalpaternal.asm.dip.hap1.p_ctg.fa.busco/run_viridiplantae_odb10/metaeuk_output/initial_results/maternalpaternal.asm.dip.hap1.p_ctg.fa.modified.fas
# Option settings: hmmsearch --domtblout /work/sablok/grapevineassemblies/assemblyhifiasm/busco_hifiasmtriobinning/maternalpaternal.asm.dip.hap1.p_ctg.fa.busco/run_viridiplantae_odb10/hmmer_output/initial_run_results/207179at33090.out --cpu 1 /work/sablok/grapevineassemblies/assemblyhifiasm/busco_hifiasmtriobinning/busco_downloads/lineages/viridiplantae_odb10/hmms/207179at33090.hmm /work/sablok/grapevineassemblies/assemblyhifiasm/busco_hifiasmtriobinning/maternalpaternal.asm.dip.hap1.p_ctg.fa.busco/run_viridiplantae_odb10/metaeuk_output/initial_results/maternalpaternal.asm.dip.hap1.p_ctg.fa.modified.fas 
# Current dir:     /work/sablok/grapevineassemblies/assemblyhifiasm/busco_hifiasmtriobinning
# Date:            Thu Apr 18 11:10:16 2024
# [ok]
