#                                                                                     --- full sequence --- -------------- this domain -------------   hmm coord   ali coord   env coord
# target name                 accession   tlen query name           accession   qlen   E-value  score  bias   #  of  c-Evalue  i-Evalue  score  bias  from    to  from    to  from    to  acc description of target
#         ------------------- ---------- ----- -------------------- ---------- ----- --------- ------ ----- --- --- --------- --------- ------ ----- ----- ----- ----- ----- ----- ----- ---- ---------------------
h1tg000003l:29136684-29137721 -            290 212845at33090        -            181   1.4e-71  237.8   0.0   1   2   2.6e-55   3.2e-52  174.6   0.0     1   130    54   206    54   208 0.89 -
h1tg000003l:29136684-29137721 -            290 212845at33090        -            181   1.4e-71  237.8   0.0   2   2   2.5e-20     3e-17   60.7   0.0   135   174   232   273   222   288 0.83 -
h1tg000003l:30512051-30514785 -            280 212845at33090        -            181   5.2e-05   20.8   0.4   1   4      0.58     7e+02   -2.4   0.0    52    60   111   119    93   122 0.70 -
h1tg000003l:30512051-30514785 -            280 212845at33090        -            181   5.2e-05   20.8   0.4   2   4    0.0019       2.2    5.7   0.0   107   129   150   172   137   180 0.81 -
h1tg000003l:30512051-30514785 -            280 212845at33090        -            181   5.2e-05   20.8   0.4   3   4     0.019        23    2.4   0.1   134   154   201   222   181   230 0.77 -
h1tg000003l:30512051-30514785 -            280 212845at33090        -            181   5.2e-05   20.8   0.4   4   4   0.00024      0.29    8.6   0.0   145   172   231   258   226   264 0.91 -
h1tg000002l:24329120-24332827 -            314 212845at33090        -            181    0.0045   14.5   0.0   1   1   5.9e-06    0.0072   13.8   0.0   146   175   253   282   197   287 0.89 -
#
# Program:         hmmsearch
# Version:         3.3.2 (Nov 2020)
# Pipeline mode:   SEARCH
# Query file:      /work/sablok/grapevineassemblies/assemblyhifiasm/busco_hifiasmtriobinning/busco_downloads/lineages/viridiplantae_odb10/hmms/212845at33090.hmm
# Target file:     /work/sablok/grapevineassemblies/assemblyhifiasm/busco_hifiasmtriobinning/maternalpaternal.asm.dip.hap1.p_ctg.fa.busco/run_viridiplantae_odb10/metaeuk_output/initial_results/maternalpaternal.asm.dip.hap1.p_ctg.fa.modified.fas
# Option settings: hmmsearch --domtblout /work/sablok/grapevineassemblies/assemblyhifiasm/busco_hifiasmtriobinning/maternalpaternal.asm.dip.hap1.p_ctg.fa.busco/run_viridiplantae_odb10/hmmer_output/initial_run_results/212845at33090.out --cpu 1 /work/sablok/grapevineassemblies/assemblyhifiasm/busco_hifiasmtriobinning/busco_downloads/lineages/viridiplantae_odb10/hmms/212845at33090.hmm /work/sablok/grapevineassemblies/assemblyhifiasm/busco_hifiasmtriobinning/maternalpaternal.asm.dip.hap1.p_ctg.fa.busco/run_viridiplantae_odb10/metaeuk_output/initial_results/maternalpaternal.asm.dip.hap1.p_ctg.fa.modified.fas 
# Current dir:     /work/sablok/grapevineassemblies/assemblyhifiasm/busco_hifiasmtriobinning
# Date:            Thu Apr 18 11:10:16 2024
# [ok]
