#                                                                                     --- full sequence --- -------------- this domain -------------   hmm coord   ali coord   env coord
# target name                 accession   tlen query name           accession   qlen   E-value  score  bias   #  of  c-Evalue  i-Evalue  score  bias  from    to  from    to  from    to  acc description of target
#         ------------------- ---------- ----- -------------------- ---------- ----- --------- ------ ----- --- --- --------- --------- ------ ----- ----- ----- ----- ----- ----- ----- ---- ---------------------
h1tg000002l:10141218-10193165 -            854 22958at33090         -            679  2.8e-291  965.1  20.5   1   4  1.4e-243  6.8e-242  801.9   0.2     6   506    61   614    57   624 0.93 -
h1tg000002l:10141218-10193165 -            854 22958at33090         -            679  2.8e-291  965.1  20.5   2   4   0.00018     0.009   11.6   0.2   507   543   672   708   639   714 0.75 -
h1tg000002l:10141218-10193165 -            854 22958at33090         -            679  2.8e-291  965.1  20.5   3   4   9.2e-30   4.5e-28   95.2   6.8   525   589   714   780   712   783 0.94 -
h1tg000002l:10141218-10193165 -            854 22958at33090         -            679  2.8e-291  965.1  20.5   4   4   1.6e-20   7.7e-19   64.7   0.1   629   679   790   840   782   840 0.95 -
h1tg000040l:7226439-7228961   -            841 22958at33090         -            679   1.2e-38  130.2   0.1   1   5      0.84        41   -0.5   0.0   128   204    97   175    93   181 0.82 -
h1tg000040l:7226439-7228961   -            841 22958at33090         -            679   1.2e-38  130.2   0.1   2   5   4.7e-14   2.3e-12   43.3   0.0   100   296   171   371   159   388 0.83 -
h1tg000040l:7226439-7228961   -            841 22958at33090         -            679   1.2e-38  130.2   0.1   3   5   2.6e-15   1.3e-13   47.5   0.0    40   293   313   578   312   581 0.81 -
h1tg000040l:7226439-7228961   -            841 22958at33090         -            679   1.2e-38  130.2   0.1   4   5   2.5e-08   1.2e-06   24.4   0.0   106   230   565   688   564   690 0.90 -
h1tg000040l:7226439-7228961   -            841 22958at33090         -            679   1.2e-38  130.2   0.1   5   5   1.2e-09   5.9e-08   28.8   0.4   107   255   671   818   669   840 0.81 -
h1tg000045l:1791848-1794376   -            843 22958at33090         -            679   4.5e-36  121.7   2.1   1   6   0.00037     0.018   10.6   0.0   180   290   149   257    91   261 0.73 -
h1tg000045l:1791848-1794376   -            843 22958at33090         -            679   4.5e-36  121.7   2.1   2   6   1.7e-07   8.2e-06   21.7   0.1   108   241   249   381   246   389 0.88 -
h1tg000045l:1791848-1794376   -            843 22958at33090         -            679   4.5e-36  121.7   2.1   3   6   2.9e-11   1.4e-09   34.1   0.1   111   284   392   566   385   574 0.81 -
h1tg000045l:1791848-1794376   -            843 22958at33090         -            679   4.5e-36  121.7   2.1   4   6   1.3e-09   6.5e-08   28.6   0.0   128   249   549   669   546   681 0.86 -
h1tg000045l:1791848-1794376   -            843 22958at33090         -            679   4.5e-36  121.7   2.1   5   6     1e-06     5e-05   19.1   0.0   146   247   675   771   663   777 0.86 -
h1tg000045l:1791848-1794376   -            843 22958at33090         -            679   4.5e-36  121.7   2.1   6   6     3e-05    0.0015   14.2   0.1   127   207   757   839   753   842 0.87 -
h1tg000045l:2423208-2425739   -            844 22958at33090         -            679   1.2e-32  110.3   0.1   1   6   4.8e-08   2.4e-06   23.5   0.0   123   295   102   275    97   284 0.82 -
h1tg000045l:2423208-2425739   -            844 22958at33090         -            679   1.2e-32  110.3   0.1   2   6   6.1e-12     3e-10   36.3   0.0   101   245   325   468   287   482 0.83 -
h1tg000045l:2423208-2425739   -            844 22958at33090         -            679   1.2e-32  110.3   0.1   3   6   7.2e-12   3.6e-10   36.1   0.0   119   296   448   626   447   635 0.87 -
h1tg000045l:2423208-2425739   -            844 22958at33090         -            679   1.2e-32  110.3   0.1   4   6   1.6e-07   7.7e-06   21.8   0.0   107   247   541   680   540   692 0.92 -
h1tg000045l:2423208-2425739   -            844 22958at33090         -            679   1.2e-32  110.3   0.1   5   6   0.00073     0.036    9.6   0.0   574   666   700   792   690   801 0.92 -
h1tg000045l:2423208-2425739   -            844 22958at33090         -            679   1.2e-32  110.3   0.1   6   6   0.00058     0.029   10.0   0.0   107   188   740   824   722   839 0.81 -
h1tg000002l:21356001-21358529 -            843 22958at33090         -            679   1.2e-31  107.0   0.0   1   6       1.2        60   -1.0   0.1   267   294    24    51    13    64 0.83 -
h1tg000002l:21356001-21358529 -            843 22958at33090         -            679   1.2e-31  107.0   0.0   2   6      0.18       8.9    1.7   0.0   144   238    78   168    37   174 0.84 -
h1tg000002l:21356001-21358529 -            843 22958at33090         -            679   1.2e-31  107.0   0.0   3   6   3.3e-10   1.6e-08   30.6   0.0    61   206   159   314   128   317 0.83 -
h1tg000002l:21356001-21358529 -            843 22958at33090         -            679   1.2e-31  107.0   0.0   4   6   1.3e-14   6.3e-13   45.2   0.0   104   295   315   507   310   511 0.89 -
h1tg000002l:21356001-21358529 -            843 22958at33090         -            679   1.2e-31  107.0   0.0   5   6   6.4e-07   3.2e-05   19.7   0.1   106   241   457   590   457   619 0.82 -
h1tg000002l:21356001-21358529 -            843 22958at33090         -            679   1.2e-31  107.0   0.0   6   6     2e-05     0.001   14.8   0.0   107   223   668   785   653   823 0.78 -
h1tg000014l:79082-81370       -            763 22958at33090         -            679   5.8e-31  104.8   4.6   1   5   1.4e-05   0.00068   15.3   0.1   125   296    56   231    49   240 0.77 -
h1tg000014l:79082-81370       -            763 22958at33090         -            679   5.8e-31  104.8   4.6   2   5   8.2e-15   4.1e-13   45.8   0.0   106   283   250   428   234   440 0.83 -
h1tg000014l:79082-81370       -            763 22958at33090         -            679   5.8e-31  104.8   4.6   3   5     0.016      0.79    5.2   0.0   106   164   425   486   425   488 0.77 -
h1tg000014l:79082-81370       -            763 22958at33090         -            679   5.8e-31  104.8   4.6   4   5   4.4e-10   2.1e-08   30.2   0.0   119   283   473   638   460   641 0.85 -
h1tg000014l:79082-81370       -            763 22958at33090         -            679   5.8e-31  104.8   4.6   5   5   0.00051     0.025   10.2   0.1   576   664   662   750   655   757 0.84 -
h1tg000006l:19210523-19212292 -            590 22958at33090         -            679     3e-30  102.4   0.2   1   4   6.2e-06    0.0003   16.5   0.0   151   258     5   108     2   126 0.83 -
h1tg000006l:19210523-19212292 -            590 22958at33090         -            679     3e-30  102.4   0.2   2   4   5.6e-07   2.7e-05   20.0   0.0    99   187   121   215   109   269 0.79 -
h1tg000006l:19210523-19212292 -            590 22958at33090         -            679     3e-30  102.4   0.2   3   4   2.6e-12   1.3e-10   37.6   0.0   106   292   271   458   260   461 0.86 -
h1tg000006l:19210523-19212292 -            590 22958at33090         -            679     3e-30  102.4   0.2   4   4   3.4e-08   1.7e-06   24.0   0.0   120   244   460   583   458   589 0.89 -
h1tg000037l:4633636-4635567   -            644 22958at33090         -            679   3.4e-30  102.3   3.5   1   6   3.9e-08   1.9e-06   23.8   0.0   106   207    49   152    18   154 0.89 -
h1tg000037l:4633636-4635567   -            644 22958at33090         -            679   3.4e-30  102.3   3.5   2   6    0.0018      0.09    8.3   0.0   596   676   172   252   170   254 0.94 -
h1tg000037l:4633636-4635567   -            644 22958at33090         -            679   3.4e-30  102.3   3.5   3   6   1.4e-11   6.8e-10   35.2   0.1   106   244   259   396   246   405 0.86 -
h1tg000037l:4633636-4635567   -            644 22958at33090         -            679   3.4e-30  102.3   3.5   4   6   1.7e-06   8.4e-05   18.3   0.0   119   241   412   533   396   540 0.81 -
h1tg000037l:4633636-4635567   -            644 22958at33090         -            679   3.4e-30  102.3   3.5   5   6   1.1e-05   0.00055   15.6   0.0   107   221   435   552   434   570 0.78 -
h1tg000037l:4633636-4635567   -            644 22958at33090         -            679   3.4e-30  102.3   3.5   6   6   0.00071     0.035    9.7   0.0   124   201   556   635   537   642 0.75 -
h1tg000037l:8325919-8327787   -            623 22958at33090         -            679   2.6e-29   99.3   0.4   1   3   3.9e-09   1.9e-07   27.1   0.0   141   295    70   223    39   226 0.79 -
h1tg000037l:8325919-8327787   -            623 22958at33090         -            679   2.6e-29   99.3   0.4   2   3   1.8e-17   8.8e-16   54.6   0.3    66   296   230   469   224   470 0.84 -
h1tg000037l:8325919-8327787   -            623 22958at33090         -            679   2.6e-29   99.3   0.4   3   3   8.9e-08   4.4e-06   22.6   0.0   110   260   422   572   420   590 0.52 -
h1tg000022l:5235754-5238165   -            804 22958at33090         -            679   2.1e-27   93.0   0.0   1   5   0.00035     0.017   10.7   0.0   113   207   147   243   132   259 0.76 -
h1tg000022l:5235754-5238165   -            804 22958at33090         -            679   2.1e-27   93.0   0.0   2   5    0.0002      0.01   11.5   0.0   114   222   253   361   240   363 0.77 -
h1tg000022l:5235754-5238165   -            804 22958at33090         -            679   2.1e-27   93.0   0.0   3   5     9e-14   4.5e-12   42.4   0.0   107   301   351   546   349   554 0.85 -
h1tg000022l:5235754-5238165   -            804 22958at33090         -            679   2.1e-27   93.0   0.0   4   5   0.00015    0.0074   11.9   0.0   116   205   605   696   581   711 0.83 -
h1tg000022l:5235754-5238165   -            804 22958at33090         -            679   2.1e-27   93.0   0.0   5   5   6.6e-05    0.0032   13.1   0.0   125   239   684   796   678   802 0.77 -
h1tg000029l:2700141-2702108   -            656 22958at33090         -            679   5.4e-27   91.7   0.0   1   4   3.7e-05    0.0018   14.0   0.0   163   291     9   137     2   139 0.87 -
h1tg000029l:2700141-2702108   -            656 22958at33090         -            679   5.4e-27   91.7   0.0   2   4     1e-11   5.1e-10   35.6   0.0   106   295    91   285    86   289 0.88 -
h1tg000029l:2700141-2702108   -            656 22958at33090         -            679   5.4e-27   91.7   0.0   3   4     3e-05    0.0015   14.2   0.0   127   291   256   421   236   428 0.63 -
h1tg000029l:2700141-2702108   -            656 22958at33090         -            679   5.4e-27   91.7   0.0   4   4   2.3e-11   1.1e-09   34.5   0.0   106   277   468   639   456   654 0.80 -
h1tg000005l:13925083-13927089 -            669 22958at33090         -            679   1.1e-25   87.3   0.0   1   4     0.011      0.54    5.8   0.0   160   283    13   139     6   145 0.79 -
h1tg000005l:13925083-13927089 -            669 22958at33090         -            679   1.1e-25   87.3   0.0   2   4   2.1e-10   1.1e-08   31.2   0.0   107   219   172   284   168   286 0.89 -
h1tg000005l:13925083-13927089 -            669 22958at33090         -            679   1.1e-25   87.3   0.0   3   4   8.9e-08   4.4e-06   22.6   0.0   107   255   277   425   275   428 0.88 -
h1tg000005l:13925083-13927089 -            669 22958at33090         -            679   1.1e-25   87.3   0.0   4   4   1.4e-07   6.7e-06   22.0   0.0   152   291   430   567   424   581 0.57 -
h1tg000012l:5380436-5382385   -            650 22958at33090         -            679   1.5e-25   86.9   1.6   1   3   3.6e-14   1.8e-12   43.7   0.0   117   254   154   291   107   298 0.88 -
h1tg000012l:5380436-5382385   -            650 22958at33090         -            679   1.5e-25   86.9   1.6   2   3   1.6e-07   7.8e-06   21.8   0.8   107   237   284   413   283   471 0.83 -
h1tg000012l:5380436-5382385   -            650 22958at33090         -            679   1.5e-25   86.9   1.6   3   3   5.3e-07   2.6e-05   20.0   0.1   108   218   460   570   441   590 0.85 -
h1tg000038l:2784163-2786127   -            655 22958at33090         -            679   2.7e-23   79.5   0.0   1   3     5e-08   2.4e-06   23.4   0.0    71   295    22   253     8   259 0.81 -
h1tg000038l:2784163-2786127   -            655 22958at33090         -            679   2.7e-23   79.5   0.0   2   3   7.6e-10   3.7e-08   29.4   0.0   104   293   271   461   268   463 0.80 -
h1tg000038l:2784163-2786127   -            655 22958at33090         -            679   2.7e-23   79.5   0.0   3   3   2.9e-07   1.4e-05   20.9   0.0   126   294   468   638   461   645 0.79 -
h1tg000020l:1325716-1327815   -            700 22958at33090         -            679   5.1e-23   78.6   0.0   1   4   6.8e-07   3.3e-05   19.7   0.0   121   298    87   264    77   270 0.82 -
h1tg000020l:1325716-1327815   -            700 22958at33090         -            679   5.1e-23   78.6   0.0   2   4   6.6e-09   3.2e-07   26.3   0.0   128   293   269   434   264   440 0.82 -
h1tg000020l:1325716-1327815   -            700 22958at33090         -            679   5.1e-23   78.6   0.0   3   4   3.6e-05    0.0018   14.0   0.0   128   238   338   448   333   475 0.84 -
h1tg000020l:1325716-1327815   -            700 22958at33090         -            679   5.1e-23   78.6   0.0   4   4   3.7e-09   1.8e-07   27.2   0.0    94   277   511   698   475   700 0.77 -
h1tg000001l:1702622-1704160   -            513 22958at33090         -            679   8.7e-23   77.8   0.0   1   4     1e-10   4.9e-09   32.3   0.0   146   295    30   177    20   183 0.83 -
h1tg000001l:1702622-1704160   -            513 22958at33090         -            679   8.7e-23   77.8   0.0   2   4   6.1e-07     3e-05   19.8   0.0   124   245   180   300   175   332 0.78 -
h1tg000001l:1702622-1704160   -            513 22958at33090         -            679   8.7e-23   77.8   0.0   3   4     0.015      0.76    5.3   0.0   189   243   352   403   334   408 0.78 -
h1tg000001l:1702622-1704160   -            513 22958at33090         -            679   8.7e-23   77.8   0.0   4   4   0.00013    0.0065   12.1   0.0   147   244   416   509   408   511 0.85 -
h1tg000049l:6910835-6932349   -           1301 22958at33090         -            679   1.5e-22   77.0   0.4   1   3   1.1e-11   5.2e-10   35.6   0.1   105   245   904  1043   861  1051 0.83 -
h1tg000049l:6910835-6932349   -           1301 22958at33090         -            679   1.5e-22   77.0   0.4   2   3   1.2e-09   6.1e-08   28.7   0.0   143   247  1051  1151  1042  1162 0.87 -
h1tg000049l:6910835-6932349   -           1301 22958at33090         -            679   1.5e-22   77.0   0.4   3   3   0.00016    0.0077   11.9   0.0   126   207  1136  1219  1133  1225 0.80 -
h1tg000016l:2198496-2200520   -            675 22958at33090         -            679   9.9e-22   74.3   1.2   1   4   1.2e-05   0.00059   15.6   0.0   177   293    17   131     1   135 0.75 -
h1tg000016l:2198496-2200520   -            675 22958at33090         -            679   9.9e-22   74.3   1.2   2   4   8.5e-08   4.2e-06   22.7   0.1    74   294   114   342   112   355 0.77 -
h1tg000016l:2198496-2200520   -            675 22958at33090         -            679   9.9e-22   74.3   1.2   3   4   9.7e-06   0.00048   15.9   0.0    78   206   363   499   358   516 0.72 -
h1tg000016l:2198496-2200520   -            675 22958at33090         -            679   9.9e-22   74.3   1.2   4   4   1.3e-06   6.6e-05   18.7   0.0   121   252   517   648   513   657 0.84 -
h1tg000002l:23446936-23454999 -           1159 22958at33090         -            679   3.2e-21   72.6   0.0   1   6     0.071       3.5    3.1   0.1   191   283   474   565   464   568 0.76 -
h1tg000002l:23446936-23454999 -           1159 22958at33090         -            679   3.2e-21   72.6   0.0   2   6    0.0012     0.059    8.9   0.1   139   253   528   639   514   656 0.72 -
h1tg000002l:23446936-23454999 -           1159 22958at33090         -            679   3.2e-21   72.6   0.0   3   6   4.4e-05    0.0022   13.7   0.0    70   166   624   730   619   750 0.77 -
h1tg000002l:23446936-23454999 -           1159 22958at33090         -            679   3.2e-21   72.6   0.0   4   6     4e-07     2e-05   20.4   0.0   155   293   753   889   748   892 0.86 -
h1tg000002l:23446936-23454999 -           1159 22958at33090         -            679   3.2e-21   72.6   0.0   5   6   0.00012    0.0057   12.3   0.0   112   250   882  1019   873  1033 0.82 -
h1tg000002l:23446936-23454999 -           1159 22958at33090         -            679   3.2e-21   72.6   0.0   6   6   0.00016    0.0078   11.8   0.0   128   240  1038  1149  1011  1155 0.81 -
h1tg000007l:5126610-5129207   -            866 22958at33090         -            679   1.3e-20   70.6   1.7   1   4   5.4e-05    0.0027   13.4   0.1   127   294    80   248    69   257 0.77 -
h1tg000007l:5126610-5129207   -            866 22958at33090         -            679   1.3e-20   70.6   1.7   2   4   5.8e-05    0.0029   13.3   0.1   190   296   284   389   266   409 0.79 -
h1tg000007l:5126610-5129207   -            866 22958at33090         -            679   1.3e-20   70.6   1.7   3   4     3e-08   1.5e-06   24.2   0.0   116   289   526   701   490   712 0.82 -
h1tg000007l:5126610-5129207   -            866 22958at33090         -            679   1.3e-20   70.6   1.7   4   4   4.2e-05    0.0021   13.7   0.0   107   228   728   849   717   861 0.83 -
h1tg000014l:3793265-3795262   -            666 22958at33090         -            679   4.2e-20   68.9   0.0   1   5    0.0059      0.29    6.7   0.0   603   671    49   117    45   124 0.89 -
h1tg000014l:3793265-3795262   -            666 22958at33090         -            679   4.2e-20   68.9   0.0   2   5      0.14       6.9    2.1   0.0   186   242   138   192   119   205 0.81 -
h1tg000014l:3793265-3795262   -            666 22958at33090         -            679   4.2e-20   68.9   0.0   3   5     0.096       4.7    2.7   0.0   119   165   209   258   196   283 0.79 -
h1tg000014l:3793265-3795262   -            666 22958at33090         -            679   4.2e-20   68.9   0.0   4   5   1.3e-09   6.3e-08   28.7   0.0   106   246   307   446   298   470 0.87 -
h1tg000014l:3793265-3795262   -            666 22958at33090         -            679   4.2e-20   68.9   0.0   5   5   2.4e-07   1.2e-05   21.2   0.0   107   245   499   636   485   649 0.85 -
h1tg000010l:27761285-27763432 -            716 22958at33090         -            679   4.4e-19   65.6   0.0   1   4   6.6e-09   3.3e-07   26.3   0.0   125   295   110   282    92   290 0.80 -
h1tg000010l:27761285-27763432 -            716 22958at33090         -            679   4.4e-19   65.6   0.0   2   4   0.00041      0.02   10.5   0.0   109   205   305   403   300   414 0.80 -
h1tg000010l:27761285-27763432 -            716 22958at33090         -            679   4.4e-19   65.6   0.0   3   4   4.1e-07     2e-05   20.4   0.0   116   294   417   596   395   600 0.81 -
h1tg000010l:27761285-27763432 -            716 22958at33090         -            679   4.4e-19   65.6   0.0   4   4      0.06       2.9    3.3   0.0   106   240   582   712   578   716 0.66 -
h1tg000036l:1313517-1315355   -            613 22958at33090         -            679   1.2e-18   64.2   0.0   1   5      0.12       5.9    2.3   0.0   157   207    33    82    26   108 0.85 -
h1tg000036l:1313517-1315355   -            613 22958at33090         -            679   1.2e-18   64.2   0.0   2   5   1.8e-06   9.1e-05   18.2   0.0   572   675   112   215    83   218 0.93 -
h1tg000036l:1313517-1315355   -            613 22958at33090         -            679   1.2e-18   64.2   0.0   3   5   5.5e-05    0.0027   13.4   0.0   106   256   307   457   283   462 0.80 -
h1tg000036l:1313517-1315355   -            613 22958at33090         -            679   1.2e-18   64.2   0.0   4   5   2.5e-06   0.00012   17.8   0.0   192   290   465   562   459   564 0.64 -
h1tg000036l:1313517-1315355   -            613 22958at33090         -            679   1.2e-18   64.2   0.0   5   5    0.0003     0.015   11.0   0.0   128   200   539   612   530   613 0.86 -
h1tg000008l:8009330-8011360   -            677 22958at33090         -            679   1.2e-18   64.1   0.0   1   4     1e-05    0.0005   15.8   0.0   106   230    18   141    16   176 0.88 -
h1tg000008l:8009330-8011360   -            677 22958at33090         -            679   1.2e-18   64.1   0.0   2   4   3.6e-08   1.8e-06   23.9   0.0    61   227   245   419   214   450 0.47 -
h1tg000008l:8009330-8011360   -            677 22958at33090         -            679   1.2e-18   64.1   0.0   3   4   1.2e-05   0.00057   15.6   0.0   188   293   533   637   514   639 0.83 -
h1tg000008l:8009330-8011360   -            677 22958at33090         -            679   1.2e-18   64.1   0.0   4   4   1.4e-05    0.0007   15.3   0.0   107   185   590   671   587   675 0.90 -
h1tg000003l:8180906-8182552   -            549 22958at33090         -            679   2.4e-17   59.8   0.0   1   3   1.5e-14   7.3e-13   45.0   0.0    94   294   151   353   120   364 0.80 -
h1tg000003l:8180906-8182552   -            549 22958at33090         -            679   2.4e-17   59.8   0.0   2   3   3.6e-05    0.0018   14.0   0.0   106   217   339   450   332   459 0.80 -
h1tg000003l:8180906-8182552   -            549 22958at33090         -            679   2.4e-17   59.8   0.0   3   3   0.00025     0.012   11.2   0.0   102   207   405   512   359   540 0.72 -
h1tg000033l:5879531-5881417   -            629 22958at33090         -            679   2.9e-17   59.6   0.0   1   3   0.00017    0.0082   11.8   0.0   135   241    89   194    38   206 0.59 -
h1tg000033l:5879531-5881417   -            629 22958at33090         -            679   2.9e-17   59.6   0.0   2   3   3.9e-06   0.00019   17.2   0.0   113   261   246   389   234   408 0.84 -
h1tg000033l:5879531-5881417   -            629 22958at33090         -            679   2.9e-17   59.6   0.0   3   3   1.2e-08   5.9e-07   25.5   0.0   103   255   442   594   432   621 0.84 -
h1tg000033l:8844599-8845480   -            294 22958at33090         -            679   2.4e-15   53.2   0.0   1   3      0.13       6.6    2.2   0.0   192   244    19    68    10    71 0.81 -
h1tg000033l:8844599-8845480   -            294 22958at33090         -            679   2.4e-15   53.2   0.0   2   3   6.3e-11   3.1e-09   33.0   0.0   107   289    37   220    25   222 0.87 -
h1tg000033l:8844599-8845480   -            294 22958at33090         -            679   2.4e-15   53.2   0.0   3   3   1.1e-08   5.6e-07   25.6   0.0   120   222   190   294   179   294 0.87 -
h1tg000032l:11089117-11090811 -            565 22958at33090         -            679   2.8e-15   53.0   6.8   1   4   0.00084     0.041    9.4   0.0   134   222   108   196    74   200 0.84 -
h1tg000032l:11089117-11090811 -            565 22958at33090         -            679   2.8e-15   53.0   6.8   2   4   1.2e-07     6e-06   22.1   0.3   106   293   115   304   113   309 0.83 -
h1tg000032l:11089117-11090811 -            565 22958at33090         -            679   2.8e-15   53.0   6.8   3   4   3.2e-05    0.0016   14.2   0.2   108   242   258   391   240   408 0.62 -
h1tg000032l:11089117-11090811 -            565 22958at33090         -            679   2.8e-15   53.0   6.8   4   4   7.3e-08   3.6e-06   22.9   0.2   107   251   397   540   395   565 0.80 -
h1tg000020l:2445694-2456061   -            919 22958at33090         -            679     2e-13   46.9   0.0   1   3     0.016      0.79    5.2   0.0   162   243   477   554   433   561 0.72 -
h1tg000020l:2445694-2456061   -            919 22958at33090         -            679     2e-13   46.9   0.0   2   3   7.4e-08   3.6e-06   22.9   0.0   113   295   565   748   555   760 0.83 -
h1tg000020l:2445694-2456061   -            919 22958at33090         -            679     2e-13   46.9   0.0   3   3   3.8e-05    0.0019   13.9   0.0   119   223   781   885   767   888 0.81 -
h1tg000003l:16816108-16816857 -            250 22958at33090         -            679   3.1e-13   46.2   0.0   1   3      0.98        48   -0.7   0.0   119   144     4    29     3    52 0.79 -
h1tg000003l:16816108-16816857 -            250 22958at33090         -            679   3.1e-13   46.2   0.0   2   3   3.5e-06   0.00017   17.3   0.0   129   207    49   129    44   143 0.80 -
h1tg000003l:16816108-16816857 -            250 22958at33090         -            679   3.1e-13   46.2   0.0   3   3   3.1e-11   1.5e-09   34.0   0.0    66   207    83   234    83   250 0.83 -
h1tg000033l:5653090-5653872   -            261 22958at33090         -            679   5.4e-13   45.4   0.0   1   2     3e-06   0.00015   17.5   0.0   155   257     3   102     1   106 0.86 -
h1tg000033l:5653090-5653872   -            261 22958at33090         -            679   5.4e-13   45.4   0.0   2   2     6e-11     3e-09   33.1   0.0   106   295    59   247    53   258 0.78 -
h1tg000025l:6132834-6134432   -            533 22958at33090         -            679   2.3e-12   43.3   0.1   1   3         1        49   -0.7   0.0   119   153    94   128    84   145 0.83 -
h1tg000025l:6132834-6134432   -            533 22958at33090         -            679   2.3e-12   43.3   0.1   2   3   1.2e-10   6.1e-09   32.0   0.0   108   300   154   346   148   351 0.84 -
h1tg000025l:6132834-6134432   -            533 22958at33090         -            679   2.3e-12   43.3   0.1   3   3    0.0014     0.069    8.7   0.1   586   665   334   413   332   425 0.79 -
h1tg000029l:5001196-5001879   -            228 22958at33090         -            679   3.3e-11   39.5   0.1   1   2   1.5e-07   7.3e-06   21.9   0.1   108   223     4   119     2   120 0.86 -
h1tg000029l:5001196-5001879   -            228 22958at33090         -            679   3.3e-11   39.5   0.1   2   2   2.2e-06   0.00011   18.0   0.0   107   207   108   210   106   226 0.75 -
h1tg000007l:15373503-15374141 -            213 22958at33090         -            679   2.2e-10   36.8   0.1   1   1     7e-12   3.4e-10   36.2   0.0   120   293     5   179     1   196 0.87 -
h1tg000040l:7427999-7430008   -            670 22958at33090         -            679     3e-10   36.4   0.1   1   3     0.003      0.15    7.6   0.0   187   290   139   241    72   248 0.74 -
h1tg000040l:7427999-7430008   -            670 22958at33090         -            679     3e-10   36.4   0.1   2   3   4.6e-06   0.00022   16.9   0.0    73   292   261   487   247   490 0.72 -
h1tg000040l:7427999-7430008   -            670 22958at33090         -            679     3e-10   36.4   0.1   3   3    0.0049      0.24    6.9   0.0   118   170   487   542   479   659 0.70 -
h1tg000010l:24200406-24203102 -            899 22958at33090         -            679   1.6e-09   33.9   0.0   1   4     0.019      0.92    5.0   0.0   119   232    82   191    50   212 0.67 -
h1tg000010l:24200406-24203102 -            899 22958at33090         -            679   1.6e-09   33.9   0.0   2   4       1.3        66   -1.1   0.0   158   226   357   418   350   446 0.74 -
h1tg000010l:24200406-24203102 -            899 22958at33090         -            679   1.6e-09   33.9   0.0   3   4      0.11       5.6    2.4   0.0   157   203   590   635   584   647 0.90 -
h1tg000010l:24200406-24203102 -            899 22958at33090         -            679   1.6e-09   33.9   0.0   4   4   4.5e-07   2.2e-05   20.2   0.0   130   244   665   776   654   793 0.90 -
h1tg000025l:3698846-3701107   -            754 22958at33090         -            679   1.1e-08   31.2   0.0   1   3      0.19       9.5    1.7   0.0   128   227    19   110     9   129 0.72 -
h1tg000025l:3698846-3701107   -            754 22958at33090         -            679   1.1e-08   31.2   0.0   2   3   0.00011    0.0052   12.4   0.0   121   239   144   254   140   271 0.85 -
h1tg000025l:3698846-3701107   -            754 22958at33090         -            679   1.1e-08   31.2   0.0   3   3   8.3e-05    0.0041   12.8   0.0    70   247   353   534   318   612 0.77 -
h1tg000043l:1943459-1945471   -            671 22958at33090         -            679   2.8e-08   29.8   0.0   1   3    0.0053      0.26    6.8   0.1    74   168   145   245   139   253 0.83 -
h1tg000043l:1943459-1945471   -            671 22958at33090         -            679   2.8e-08   29.8   0.0   2   3    0.0074      0.36    6.3   0.0   144   243   287   386   263   428 0.82 -
h1tg000043l:1943459-1945471   -            671 22958at33090         -            679   2.8e-08   29.8   0.0   3   3   9.2e-05    0.0045   12.6   0.0   161   246   444   526   439   589 0.83 -
h1tg000023l:2160611-2162890   -            760 22958at33090         -            679     3e-08   29.7   0.0   1   4    0.0012     0.059    8.9   0.0    74   180   127   239   117   278 0.78 -
h1tg000023l:2160611-2162890   -            760 22958at33090         -            679     3e-08   29.7   0.0   2   4      0.31        15    1.0   0.0    75   147   264   339   256   346 0.77 -
h1tg000023l:2160611-2162890   -            760 22958at33090         -            679     3e-08   29.7   0.0   3   4    0.0021       0.1    8.1   0.0   108   170   335   400   286   409 0.78 -
h1tg000023l:2160611-2162890   -            760 22958at33090         -            679     3e-08   29.7   0.0   4   4   7.4e-05    0.0036   12.9   0.0    67   243   356   536   355   553 0.86 -
h1tg000008l:473772-475994     -            741 22958at33090         -            679   4.4e-08   29.2   0.0   1   4   0.00098     0.048    9.2   0.0   160   241   161   239   132   255 0.84 -
h1tg000008l:473772-475994     -            741 22958at33090         -            679   4.4e-08   29.2   0.0   2   4      0.33        16    0.9   0.0   137   205   276   340   237   370 0.66 -
h1tg000008l:473772-475994     -            741 22958at33090         -            679   4.4e-08   29.2   0.0   3   4     0.002     0.099    8.2   0.0   137   206   445   513   370   516 0.78 -
h1tg000008l:473772-475994     -            741 22958at33090         -            679   4.4e-08   29.2   0.0   4   4    0.0069      0.34    6.4   0.0   101   244   511   649   507   663 0.85 -
h1tg000025l:539285-541747     -            821 22958at33090         -            679     2e-07   27.0   0.2   1   4    0.0014     0.068    8.7   0.0   145   258   120   226    41   230 0.81 -
h1tg000025l:539285-541747     -            821 22958at33090         -            679     2e-07   27.0   0.2   2   4    0.0013     0.065    8.8   0.0   149   253   333   429   314   437 0.84 -
h1tg000025l:539285-541747     -            821 22958at33090         -            679     2e-07   27.0   0.2   3   4     0.055       2.7    3.5   0.1   137   203   489   553   473   566 0.77 -
h1tg000025l:539285-541747     -            821 22958at33090         -            679     2e-07   27.0   0.2   4   4       1.3        62   -1.0   0.0   234   291   647   706   619   742 0.54 -
h1tg000003l:612725-614758     -            678 22958at33090         -            679   2.9e-07   26.5   0.5   1   3     0.034       1.7    4.2   0.0   129   293     7   173     4   190 0.75 -
h1tg000003l:612725-614758     -            678 22958at33090         -            679   2.9e-07   26.5   0.5   2   3      0.12       5.8    2.3   0.0   180   224   307   348   208   387 0.48 -
h1tg000003l:612725-614758     -            678 22958at33090         -            679   2.9e-07   26.5   0.5   3   3   1.1e-05   0.00056   15.6   0.0   106   253   510   657   424   669 0.73 -
h1tg000005l:12897693-12900218 -            842 22958at33090         -            679   6.2e-07   25.4   3.5   1   4   0.00018    0.0088   11.7   0.0   100   295   142   330   133   339 0.83 -
h1tg000005l:12897693-12900218 -            842 22958at33090         -            679   6.2e-07   25.4   3.5   2   4       0.3        15    1.0   0.0    66   162   338   441   333   455 0.65 -
h1tg000005l:12897693-12900218 -            842 22958at33090         -            679   6.2e-07   25.4   3.5   3   4    0.0014     0.067    8.8   0.3   129   254   608   729   466   733 0.72 -
h1tg000005l:12897693-12900218 -            842 22958at33090         -            679   6.2e-07   25.4   3.5   4   4   0.00029     0.014   11.0   0.1   129   258   639   766   571   806 0.69 -
h1tg000021l:1859811-1861589   -            593 22958at33090         -            679   9.1e-07   24.8   0.0   1   3      0.12       5.9    2.3   0.0   120   186    13    78     9    85 0.89 -
h1tg000021l:1859811-1861589   -            593 22958at33090         -            679   9.1e-07   24.8   0.0   2   3     0.012      0.61    5.6   0.0   101   246    95   234    89   256 0.83 -
h1tg000021l:1859811-1861589   -            593 22958at33090         -            679   9.1e-07   24.8   0.0   3   3   8.6e-05    0.0042   12.7   0.0   129   275   290   433   267   451 0.77 -
h1tg000002l:5829449-5831296   -            616 22958at33090         -            679     1e-06   24.7   0.1   1   5     0.016      0.81    5.2   0.0    63   114     2    53     1    63 0.93 -
h1tg000002l:5829449-5831296   -            616 22958at33090         -            679     1e-06   24.7   0.1   2   5    0.0063      0.31    6.6   0.3    74   247   115   286   108   315 0.70 -
h1tg000002l:5829449-5831296   -            616 22958at33090         -            679     1e-06   24.7   0.1   3   5   0.00084     0.041    9.5   0.2    77   295   219   436   214   445 0.79 -
h1tg000002l:5829449-5831296   -            616 22958at33090         -            679     1e-06   24.7   0.1   4   5    0.0027      0.13    7.8   0.0    74   291   316   534   307   547 0.73 -
h1tg000002l:5829449-5831296   -            616 22958at33090         -            679     1e-06   24.7   0.1   5   5     0.077       3.8    3.0   0.0   152   222   466   534   438   582 0.73 -
h1tg000031l:24668176-24670551 -            792 22958at33090         -            679   1.4e-06   24.2   0.0   1   4       1.1        56   -0.9   0.0   187   244   189   243   163   260 0.75 -
h1tg000031l:24668176-24670551 -            792 22958at33090         -            679   1.4e-06   24.2   0.0   2   4   8.8e-05    0.0043   12.7   0.0   140   201   350   410   324   420 0.89 -
h1tg000031l:24668176-24670551 -            792 22958at33090         -            679   1.4e-06   24.2   0.0   3   4     0.034       1.7    4.1   0.0    74   151   449   529   436   554 0.71 -
h1tg000031l:24668176-24670551 -            792 22958at33090         -            679   1.4e-06   24.2   0.0   4   4       0.2       9.6    1.6   0.0    76   173   588   692   573   773 0.63 -
h1tg000001l:16521366-16523696 -            777 22958at33090         -            679   5.4e-06   22.3   0.0   1   4       4.6   2.3e+02   -2.9   0.0   273   300     2    29     1    35 0.89 -
h1tg000001l:16521366-16523696 -            777 22958at33090         -            679   5.4e-06   22.3   0.0   2   4      0.66        32   -0.1   0.0    74   134   178   241   172   319 0.72 -
h1tg000001l:16521366-16523696 -            777 22958at33090         -            679   5.4e-06   22.3   0.0   3   4    0.0014     0.067    8.8   0.0   160   244   402   482   368   499 0.88 -
h1tg000001l:16521366-16523696 -            777 22958at33090         -            679   5.4e-06   22.3   0.0   4   4    0.0015     0.073    8.6   0.0   161   252   574   663   545   699 0.69 -
h1tg000037l:4400573-4402528   -            652 22958at33090         -            679   6.7e-06   22.0   0.1   1   2     0.022       1.1    4.8   0.0   148   208    93   148    47   245 0.82 -
h1tg000037l:4400573-4402528   -            652 22958at33090         -            679   6.7e-06   22.0   0.1   2   2   2.6e-05    0.0013   14.5   0.0    95   240   410   553   396   567 0.82 -
h1tg000049l:7782241-7784229   -            663 22958at33090         -            679   9.1e-06   21.5   0.1   1   5         2     1e+02   -1.7   0.0   191   243    51   100    47   119 0.65 -
h1tg000049l:7782241-7784229   -            663 22958at33090         -            679   9.1e-06   21.5   0.1   2   5   0.00061      0.03    9.9   0.1   153   226   119   185   102   202 0.84 -
h1tg000049l:7782241-7784229   -            663 22958at33090         -            679   9.1e-06   21.5   0.1   3   5      0.01      0.51    5.9   0.0   216   304   209   295   192   317 0.81 -
h1tg000049l:7782241-7784229   -            663 22958at33090         -            679   9.1e-06   21.5   0.1   4   5      0.58        28    0.1   0.0   158   249   357   445   298   460 0.67 -
h1tg000049l:7782241-7784229   -            663 22958at33090         -            679   9.1e-06   21.5   0.1   5   5       0.5        25    0.3   0.0   154   251   388   480   352   529 0.54 -
h1tg000014l:15381690-15384083 -            798 22958at33090         -            679   9.2e-06   21.5   0.0   1   3       1.2        57   -0.9   0.0   191   236   197   240   189   253 0.84 -
h1tg000014l:15381690-15384083 -            798 22958at33090         -            679   9.2e-06   21.5   0.0   2   3   0.00085     0.042    9.4   0.0   130   206   275   351   263   367 0.88 -
h1tg000014l:15381690-15384083 -            798 22958at33090         -            679   9.2e-06   21.5   0.0   3   3    0.0027      0.13    7.8   0.0   118   267   571   717   510   721 0.68 -
h1tg000022l:7141634-7143715   -            694 22958at33090         -            679   1.3e-05   21.0   0.0   1   4      0.16       7.9    1.9   0.0   158   242   122   198   110   215 0.79 -
h1tg000022l:7141634-7143715   -            694 22958at33090         -            679   1.3e-05   21.0   0.0   2   4      0.67        33   -0.1   0.0    69   103   260   294   240   310 0.86 -
h1tg000022l:7141634-7143715   -            694 22958at33090         -            679   1.3e-05   21.0   0.0   3   4      0.19       9.4    1.7   0.0   158   196   285   323   256   338 0.62 -
h1tg000022l:7141634-7143715   -            694 22958at33090         -            679   1.3e-05   21.0   0.0   4   4   7.1e-05    0.0035   13.0   0.0   118   247   348   473   327   486 0.89 -
h1tg000047l:9288987-9290615   -            543 22958at33090         -            679   1.8e-05   20.5   0.1   1   1   6.7e-07   3.3e-05   19.7   0.1    68   263   110   303    92   342 0.80 -
h1tg000039l:379872-381983     -            704 22958at33090         -            679   1.9e-05   20.5   0.1   1   3    0.0048      0.24    7.0   0.0    69   205    69   206    53   219 0.83 -
h1tg000039l:379872-381983     -            704 22958at33090         -            679   1.9e-05   20.5   0.1   2   3      0.86        42   -0.5   0.0   122   202   261   340   252   352 0.68 -
h1tg000039l:379872-381983     -            704 22958at33090         -            679   1.9e-05   20.5   0.1   3   3    0.0011     0.053    9.1   0.0   157   242   397   479   359   497 0.67 -
h1tg000019l:13779106-13781115 -            670 22958at33090         -            679   2.2e-05   20.3   0.0   1   3         1        49   -0.7   0.0    75   110     6    41     3   123 0.81 -
h1tg000019l:13779106-13781115 -            670 22958at33090         -            679   2.2e-05   20.3   0.0   2   3      0.01      0.49    5.9   0.0    80   156   214   296   200   312 0.70 -
h1tg000019l:13779106-13781115 -            670 22958at33090         -            679   2.2e-05   20.3   0.0   3   3   0.00039     0.019   10.6   0.0   167   292   342   462   333   467 0.78 -
h1tg000022l:19252275-19254308 -            678 22958at33090         -            679   6.4e-05   18.8   0.0   1   4     0.034       1.7    4.1   0.0   162   259     1    95     1   106 0.84 -
h1tg000022l:19252275-19254308 -            678 22958at33090         -            679   6.4e-05   18.8   0.0   2   4     0.047       2.3    3.7   0.0   162   260   108   197   100   223 0.72 -
h1tg000022l:19252275-19254308 -            678 22958at33090         -            679   6.4e-05   18.8   0.0   3   4         2        96   -1.7   0.0   272   304   278   310   270   317 0.62 -
h1tg000022l:19252275-19254308 -            678 22958at33090         -            679   6.4e-05   18.8   0.0   4   4    0.0074      0.37    6.3   0.0   193   291   371   469   330   490 0.62 -
h1tg000025l:6158244-6160328   -            695 22958at33090         -            679   6.8e-05   18.7   0.0   1   2    0.0059      0.29    6.6   0.0   157   207    49    94    30   108 0.90 -
h1tg000025l:6158244-6160328   -            695 22958at33090         -            679   6.8e-05   18.7   0.0   2   2   0.00069     0.034    9.7   0.0   107   294   371   552   298   568 0.74 -
h1tg000020l:3814652-3817051   -            800 22958at33090         -            679   9.5e-05   18.2   0.2   1   3   0.00082     0.041    9.5   0.0    74   223   141   289   134   310 0.82 -
h1tg000020l:3814652-3817051   -            800 22958at33090         -            679   9.5e-05   18.2   0.2   2   3     0.088       4.3    2.8   0.0    75   186   375   492   365   497 0.78 -
h1tg000020l:3814652-3817051   -            800 22958at33090         -            679   9.5e-05   18.2   0.2   3   3     0.044       2.2    3.8   0.0    74   173   475   580   465   606 0.72 -
h1tg000036l:2203653-2205851   -            733 22958at33090         -            679   0.00013   17.8   0.0   1   1   4.6e-06   0.00023   16.9   0.0   120   253   516   646   500   651 0.89 -
h1tg000006l:18763528-18765243 -            572 22958at33090         -            679   0.00016   17.4   0.0   1   3    0.0067      0.33    6.5   0.0   190   245    13    66     5   100 0.73 -
h1tg000006l:18763528-18765243 -            572 22958at33090         -            679   0.00016   17.4   0.0   2   3         3   1.5e+02   -2.3   0.0   155   187   162   194   128   214 0.50 -
h1tg000006l:18763528-18765243 -            572 22958at33090         -            679   0.00016   17.4   0.0   3   3    0.0023      0.11    8.0   0.0   134   222   277   363   239   420 0.75 -
h1tg000010l:36153506-36155701 -            732 22958at33090         -            679   0.00029   16.6   0.0   1   3     0.024       1.2    4.7   0.0   180   260   145   218    51   236 0.69 -
h1tg000010l:36153506-36155701 -            732 22958at33090         -            679   0.00029   16.6   0.0   2   3       1.5        74   -1.3   0.0   612   669   304   361   278   375 0.72 -
h1tg000010l:36153506-36155701 -            732 22958at33090         -            679   0.00029   16.6   0.0   3   3    0.0015     0.074    8.6   0.0   130   207   430   510   399   555 0.76 -
h1tg000039l:1411241-1413802   -            854 22958at33090         -            679   0.00036   16.3   0.0   1   3     0.011      0.55    5.8   0.0   164   207    97   140    76   157 0.87 -
h1tg000039l:1411241-1413802   -            854 22958at33090         -            679   0.00036   16.3   0.0   2   3      0.17       8.1    1.9   0.0    74   134   411   474   375   547 0.68 -
h1tg000039l:1411241-1413802   -            854 22958at33090         -            679   0.00036   16.3   0.0   3   3     0.028       1.4    4.4   0.0   161   291   605   730   589   738 0.75 -
h1tg000033l:9289150-9291234   -            695 22958at33090         -            679   0.00041   16.1   0.0   1   3      0.27        13    1.2   0.0   229   305   153   226   144   253 0.77 -
h1tg000033l:9289150-9291234   -            695 22958at33090         -            679   0.00041   16.1   0.0   2   3      0.89        44   -0.5   0.0   149   235   247   325   203   333 0.55 -
h1tg000033l:9289150-9291234   -            695 22958at33090         -            679   0.00041   16.1   0.0   3   3   0.00028     0.014   11.0   0.0    74   190   369   488   354   502 0.60 -
h1tg000017l:1561333-1563371   -            655 22958at33090         -            679   0.00043   16.0   0.2   1   2       0.6        29    0.0   0.0   158   187   247   276   164   294 0.82 -
h1tg000017l:1561333-1563371   -            655 22958at33090         -            679   0.00043   16.0   0.2   2   2   6.3e-05    0.0031   13.2   0.1    73   177   327   438   319   452 0.81 -
h1tg000029l:4006683-4008605   -            641 22958at33090         -            679   0.00064   15.4   1.6   1   3      0.63        31   -0.0   0.0   151   220    13    75     6   111 0.79 -
h1tg000029l:4006683-4008605   -            641 22958at33090         -            679   0.00064   15.4   1.6   2   3       1.3        64   -1.1   0.0   153   234   214   256   172   269 0.58 -
h1tg000029l:4006683-4008605   -            641 22958at33090         -            679   0.00064   15.4   1.6   3   3   0.00011    0.0055   12.3   0.2   128   294   455   618   415   624 0.72 -
h1tg000022l:6043549-6044199   -            217 22958at33090         -            679   0.00083   15.1   0.1   1   1   2.9e-05    0.0014   14.3   0.1   158   242   122   203    86   213 0.90 -
h1tg000029l:9192276-9194261   -            662 22958at33090         -            679    0.0015   14.2   0.0   1   3      0.34        17    0.8   0.0    69   185    57   180    52   192 0.66 -
h1tg000029l:9192276-9194261   -            662 22958at33090         -            679    0.0015   14.2   0.0   2   3     0.034       1.7    4.1   0.0   114   242   176   301   125   323 0.65 -
h1tg000029l:9192276-9194261   -            662 22958at33090         -            679    0.0015   14.2   0.0   3   3    0.0086      0.42    6.1   0.0   157   245   356   440   330   460 0.73 -
h1tg000023l:20325394-20328039 -            882 22958at33090         -            679    0.0018   14.0   0.1   1   3    0.0045      0.22    7.0   0.1   146   243   332   420   310   426 0.86 -
h1tg000023l:20325394-20328039 -            882 22958at33090         -            679    0.0018   14.0   0.1   2   3         3   1.5e+02   -2.3   0.0   161   207   447   488   435   518 0.54 -
h1tg000023l:20325394-20328039 -            882 22958at33090         -            679    0.0018   14.0   0.1   3   3      0.05       2.4    3.6   0.0   143   207   596   660   540   673 0.81 -
h1tg000002l:26308610-26310580 -            657 22958at33090         -            679     0.002   13.8   0.0   1   1   0.00011    0.0052   12.4   0.0   106   296   335   519   257   525 0.76 -
h1tg000022l:20517050-20518999 -            650 22958at33090         -            679    0.0035   13.0   0.0   1   3     0.041         2    3.9   0.0   159   207   172   219   118   235 0.88 -
h1tg000022l:20517050-20518999 -            650 22958at33090         -            679    0.0035   13.0   0.0   2   3      0.26        13    1.2   0.0   151   241   234   317   187   326 0.60 -
h1tg000022l:20517050-20518999 -            650 22958at33090         -            679    0.0035   13.0   0.0   3   3     0.034       1.7    4.1   0.0    77   288   356   568   347   573 0.58 -
h1tg000020l:2587373-2589319   -            649 22958at33090         -            679    0.0038   12.9   0.0   1   3      0.23        11    1.4   0.0   153   224   304   368   210   426 0.57 -
h1tg000020l:2587373-2589319   -            649 22958at33090         -            679    0.0038   12.9   0.0   2   3    0.0032      0.16    7.6   0.0   126   242   441   555   434   575 0.81 -
h1tg000020l:2587373-2589319   -            649 22958at33090         -            679    0.0038   12.9   0.0   3   3    0.0025      0.12    7.9   0.0   161   292   512   638   496   646 0.78 -
h1tg000008l:2922365-2924170   -            602 22958at33090         -            679     0.004   12.8   0.0   1   2    0.0064      0.32    6.5   0.0   160   239   129   207   124   218 0.88 -
h1tg000008l:2922365-2924170   -            602 22958at33090         -            679     0.004   12.8   0.0   2   2      0.04         2    3.9   0.0   158   261   265   360   212   412 0.77 -
h1tg000010l:24803855-24805876 -            674 22958at33090         -            679    0.0079   11.8   0.0   1   3       1.1        54   -0.8   0.0   195   207    70    82    30   133 0.51 -
h1tg000010l:24803855-24805876 -            674 22958at33090         -            679    0.0079   11.8   0.0   2   3       3.7   1.8e+02   -2.6   0.0   137   172   277   315   214   328 0.59 -
h1tg000010l:24803855-24805876 -            674 22958at33090         -            679    0.0079   11.8   0.0   3   3    0.0016     0.077    8.6   0.0   143   222   519   596   492   603 0.84 -
h1tg000045l:5632587-5633252   -            222 22958at33090         -            679    0.0098   11.5   0.1   1   1   0.00052     0.025   10.2   0.0    74   134   104   167    96   221 0.73 -
h1tg000003l:2958050-2960059   -            670 22958at33090         -            679     0.022   10.3   0.0   1   4      0.12       5.7    2.4   0.0   109   222   143   252    96   262 0.70 -
h1tg000003l:2958050-2960059   -            670 22958at33090         -            679     0.022   10.3   0.0   2   4     0.097       4.8    2.6   0.0   569   629   263   323   256   351 0.87 -
h1tg000003l:2958050-2960059   -            670 22958at33090         -            679     0.022   10.3   0.0   3   4      0.62        31   -0.0   0.0   153   231   454   525   368   585 0.53 -
h1tg000003l:2958050-2960059   -            670 22958at33090         -            679     0.022   10.3   0.0   4   4       1.2        60   -1.0   0.0   163   246   531   608   484   659 0.56 -
#
# Program:         hmmsearch
# Version:         3.3.2 (Nov 2020)
# Pipeline mode:   SEARCH
# Query file:      /work/sablok/grapevineassemblies/assemblyhifiasm/busco_hifiasmtriobinning/busco_downloads/lineages/viridiplantae_odb10/hmms/22958at33090.hmm
# Target file:     /work/sablok/grapevineassemblies/assemblyhifiasm/busco_hifiasmtriobinning/maternalpaternal.asm.dip.hap1.p_ctg.fa.busco/run_viridiplantae_odb10/metaeuk_output/initial_results/maternalpaternal.asm.dip.hap1.p_ctg.fa.modified.fas
# Option settings: hmmsearch --domtblout /work/sablok/grapevineassemblies/assemblyhifiasm/busco_hifiasmtriobinning/maternalpaternal.asm.dip.hap1.p_ctg.fa.busco/run_viridiplantae_odb10/hmmer_output/initial_run_results/22958at33090.out --cpu 1 /work/sablok/grapevineassemblies/assemblyhifiasm/busco_hifiasmtriobinning/busco_downloads/lineages/viridiplantae_odb10/hmms/22958at33090.hmm /work/sablok/grapevineassemblies/assemblyhifiasm/busco_hifiasmtriobinning/maternalpaternal.asm.dip.hap1.p_ctg.fa.busco/run_viridiplantae_odb10/metaeuk_output/initial_results/maternalpaternal.asm.dip.hap1.p_ctg.fa.modified.fas 
# Current dir:     /work/sablok/grapevineassemblies/assemblyhifiasm/busco_hifiasmtriobinning
# Date:            Thu Apr 18 11:10:33 2024
# [ok]
