#                                                                                   --- full sequence --- -------------- this domain -------------   hmm coord   ali coord   env coord
# target name               accession   tlen query name           accession   qlen   E-value  score  bias   #  of  c-Evalue  i-Evalue  score  bias  from    to  from    to  from    to  acc description of target
#       ------------------- ---------- ----- -------------------- ---------- ----- --------- ------ ----- --- --- --------- --------- ------ ----- ----- ----- ----- ----- ----- ----- ---- ---------------------
h1tg000022l:8299127-8307258 -            457 230103at33090        -            337  3.1e-151  500.8   0.0   1   1  3.8e-154  4.6e-151  500.3   0.0    34   337   131   456   102   456 0.92 -
h1tg000037l:3678872-3679600 -            243 230103at33090        -            337     0.034   10.9   0.4   1   3   0.00014      0.18    8.5   0.0    73    96    29    51    19    54 0.80 -
h1tg000037l:3678872-3679600 -            243 230103at33090        -            337     0.034   10.9   0.4   2   3      0.21   2.6e+02   -1.9   0.0   201   251    77   123    72   130 0.66 -
h1tg000037l:3678872-3679600 -            243 230103at33090        -            337     0.034   10.9   0.4   3   3      0.16     2e+02   -1.5   0.0   179   218   173   213   146   214 0.63 -
h1tg000043l:1327250-1388259 -           5420 230103at33090        -            337     0.093    9.4   1.9   1   4      0.11   1.3e+02   -1.0   0.1    72   107   332   364   319   366 0.78 -
h1tg000043l:1327250-1388259 -           5420 230103at33090        -            337     0.093    9.4   1.9   2   4      0.94   1.1e+03   -4.0   0.0    69    96   658   685   648   687 0.77 -
h1tg000043l:1327250-1388259 -           5420 230103at33090        -            337     0.093    9.4   1.9   3   4   0.00064      0.78    6.4   0.0    43    95  1040  1088  1034  1092 0.82 -
h1tg000043l:1327250-1388259 -           5420 230103at33090        -            337     0.093    9.4   1.9   4   4       0.2   2.4e+02   -1.8   0.0    72    97  2087  2112  2074  2114 0.73 -
#
# Program:         hmmsearch
# Version:         3.3.2 (Nov 2020)
# Pipeline mode:   SEARCH
# Query file:      /work/sablok/grapevineassemblies/assemblyhifiasm/busco_hifiasmtriobinning/busco_downloads/lineages/viridiplantae_odb10/hmms/230103at33090.hmm
# Target file:     /work/sablok/grapevineassemblies/assemblyhifiasm/busco_hifiasmtriobinning/maternalpaternal.asm.dip.hap1.p_ctg.fa.busco/run_viridiplantae_odb10/metaeuk_output/initial_results/maternalpaternal.asm.dip.hap1.p_ctg.fa.modified.fas
# Option settings: hmmsearch --domtblout /work/sablok/grapevineassemblies/assemblyhifiasm/busco_hifiasmtriobinning/maternalpaternal.asm.dip.hap1.p_ctg.fa.busco/run_viridiplantae_odb10/hmmer_output/initial_run_results/230103at33090.out --cpu 1 /work/sablok/grapevineassemblies/assemblyhifiasm/busco_hifiasmtriobinning/busco_downloads/lineages/viridiplantae_odb10/hmms/230103at33090.hmm /work/sablok/grapevineassemblies/assemblyhifiasm/busco_hifiasmtriobinning/maternalpaternal.asm.dip.hap1.p_ctg.fa.busco/run_viridiplantae_odb10/metaeuk_output/initial_results/maternalpaternal.asm.dip.hap1.p_ctg.fa.modified.fas 
# Current dir:     /work/sablok/grapevineassemblies/assemblyhifiasm/busco_hifiasmtriobinning
# Date:            Thu Apr 18 11:10:18 2024
# [ok]
