#                                                                                     --- full sequence --- -------------- this domain -------------   hmm coord   ali coord   env coord
# target name                 accession   tlen query name           accession   qlen   E-value  score  bias   #  of  c-Evalue  i-Evalue  score  bias  from    to  from    to  from    to  acc description of target
#         ------------------- ---------- ----- -------------------- ---------- ----- --------- ------ ----- --- --- --------- --------- ------ ----- ----- ----- ----- ----- ----- ----- ---- ---------------------
h1tg000007l:14231124-14243879 -            686 43683at33090         -            506  5.5e-236  781.6   3.4   1   3       4.2        39    0.3   0.0     1    19     9    28     9    43 0.81 -
h1tg000007l:14231124-14243879 -            686 43683at33090         -            506  5.5e-236  781.6   3.4   2   3  6.3e-119  5.8e-118  392.3   0.0    22   271    66   346    60   384 0.90 -
h1tg000007l:14231124-14243879 -            686 43683at33090         -            506  5.5e-236  781.6   3.4   3   3  1.3e-117  1.2e-116  387.9   0.3   263   506   405   686   390   686 0.90 -
h1tg000008l:2421604-2449612   -            543 43683at33090         -            506   1.3e-54  183.3   1.3   1   3     8e-38   7.4e-37  124.7   0.0    20   383     3   425     1   435 0.71 -
h1tg000008l:2421604-2449612   -            543 43683at33090         -            506   1.3e-54  183.3   1.3   2   3   1.3e-13   1.2e-12   44.8   0.1   414   464   434   484   425   490 0.91 -
h1tg000008l:2421604-2449612   -            543 43683at33090         -            506   1.3e-54  183.3   1.3   3   3     0.012      0.11    8.7   0.0   473   499   515   541   507   543 0.85 -
h1tg000001l:13929397-13930520 -            240 43683at33090         -            506   2.2e-40  136.3   0.0   1   1   3.1e-41   2.8e-40  136.0   0.0   308   497     1   225     1   230 0.80 -
h1tg000024l:4979499-4980426   -            240 43683at33090         -            506   8.1e-39  131.2   0.1   1   1   2.2e-38     2e-37  126.6   0.1   325   499    38   228     1   233 0.82 -
h1tg000020l:526672-527601     -            274 43683at33090         -            506   1.3e-38  130.5   0.0   1   1   3.3e-38   3.1e-37  125.9   0.0   286   500     2   268     1   273 0.75 -
h1tg000002l:27721582-27752650 -           1413 43683at33090         -            506   2.2e-38  129.8   0.1   1   4   5.3e-14   4.9e-13   46.1   0.0    49   155   340   468   317   490 0.74 -
h1tg000002l:27721582-27752650 -           1413 43683at33090         -            506   2.2e-38  129.8   0.1   2   4   6.3e-05   0.00058   16.2   0.0   177   264   520   612   513   622 0.79 -
h1tg000002l:27721582-27752650 -           1413 43683at33090         -            506   2.2e-38  129.8   0.1   3   4   7.6e-16     7e-15   52.2   0.0    49   155  1141  1269  1117  1303 0.75 -
h1tg000002l:27721582-27752650 -           1413 43683at33090         -            506   2.2e-38  129.8   0.1   4   4    0.0063     0.058    9.6   0.0   177   261  1321  1410  1313  1413 0.67 -
h1tg000029l:11821439-11822254 -            272 43683at33090         -            506   6.5e-38  128.2   0.0   1   1   8.4e-39   7.8e-38  127.9   0.0    19   264     6   272     2   272 0.84 -
h1tg000032l:1603386-1605132   -            208 43683at33090         -            506   1.9e-37  126.7   0.0   1   1   2.2e-38   2.1e-37  126.5   0.0    68   264     2   208     1   208 0.89 -
h1tg000038l:4783342-4784157   -            272 43683at33090         -            506   8.7e-37  124.5   0.0   1   1     1e-37   9.6e-37  124.3   0.0    16   264     4   272     1   272 0.83 -
h1tg000029l:12078045-12079028 -            328 43683at33090         -            506     1e-36  124.2   0.0   1   1   1.5e-37   1.4e-36  123.8   0.0    20   266    14   281     7   301 0.82 -
h1tg000038l:7327676-7328473   -            266 43683at33090         -            506   2.7e-36  122.8   0.0   1   1   3.3e-37     3e-36  122.7   0.0    21   264     2   266     1   266 0.84 -
h1tg000010l:336619-337431     -            271 43683at33090         -            506     4e-35  119.0   0.0   1   1   5.1e-36   4.7e-35  118.8   0.0    20   264     7   271     2   271 0.84 -
h1tg000022l:7524307-7524947   -            168 43683at33090         -            506   9.4e-35  117.8   0.0   1   1   1.3e-35   1.2e-34  117.4   0.0   306   453     1   168     1   168 0.78 -
h1tg000017l:7135094-7135900   -            269 43683at33090         -            506   1.3e-34  117.2   0.0   1   1   1.6e-35   1.5e-34  117.1   0.0    16   262     3   268     1   269 0.84 -
h1tg000038l:4891534-4892145   -            204 43683at33090         -            506   4.1e-34  115.6   0.0   1   1   4.9e-35   4.5e-34  115.5   0.0    22   207     3   202     1   204 0.86 -
h1tg000029l:12029844-12030608 -            255 43683at33090         -            506   9.4e-34  114.5   0.0   1   1   1.3e-34   1.2e-33  114.1   0.0    17   203    40   240    27   249 0.86 -
h1tg000038l:4873744-4874652   -            303 43683at33090         -            506   1.9e-33  113.4   0.0   1   1   2.7e-34   2.5e-33  113.1   0.0    18   264    12   280     4   296 0.81 -
h1tg000038l:7854976-7855872   -            299 43683at33090         -            506   2.3e-33  113.1   0.0   1   1   3.4e-34   3.1e-33  112.7   0.0    19   265     7   274     3   289 0.80 -
h1tg000017l:7562387-7563178   -            264 43683at33090         -            506     1e-32  111.0   0.0   1   1   1.2e-33   1.1e-32  110.9   0.0    22   264     3   264     1   264 0.84 -
h1tg000029l:7935877-7936668   -            264 43683at33090         -            506   1.1e-32  110.9   0.0   1   1   1.4e-33   1.3e-32  110.7   0.0    34   212    20   206     1   220 0.86 -
h1tg000010l:35921379-35922131 -            251 43683at33090         -            506   1.3e-32  110.7   0.0   1   1   1.7e-33   1.6e-32  110.4   0.0    19   208    27   231    12   240 0.83 -
h1tg000010l:7771407-7772255   -            283 43683at33090         -            506   3.1e-32  109.4   0.0   1   1   4.3e-33     4e-32  109.1   0.0    19   264     6   272     2   281 0.83 -
h1tg000037l:7534871-7535722   -            284 43683at33090         -            506   8.5e-32  108.0   0.0   1   1   1.2e-32   1.1e-31  107.7   0.0    22   266     3   276     1   282 0.80 -
h1tg000010l:35925959-35926711 -            251 43683at33090         -            506   1.5e-31  107.2   0.0   1   1   2.1e-32   1.9e-31  106.8   0.0    19   201     7   203     3   219 0.84 -
h1tg000029l:11799385-11800050 -            222 43683at33090         -            506   1.9e-31  106.8   0.0   1   1   2.6e-32   2.4e-31  106.5   0.0    25   210     8   206     2   214 0.87 -
h1tg000010l:37164058-37164540 -            161 43683at33090         -            506   2.7e-31  106.4   0.0   1   1   3.2e-32   2.9e-31  106.2   0.0   360   497     3   160     1   161 0.82 -
h1tg000038l:4853788-4854483   -            232 43683at33090         -            506   5.2e-31  105.4   0.0   1   1   6.5e-32     6e-31  105.2   0.0    22   208     3   203     1   228 0.81 -
h1tg000003l:6673339-6673929   -            197 43683at33090         -            506   5.2e-31  105.4   0.0   1   1   6.4e-32   5.9e-31  105.2   0.0    20   195     8   196     2   197 0.81 -
h1tg000029l:11556133-11556963 -            277 43683at33090         -            506   5.8e-31  105.3   0.0   1   1   6.4e-32   5.9e-31  105.2   0.0    26   211     8   206     1   265 0.85 -
h1tg000002l:23798150-23798605 -            152 43683at33090         -            506   5.8e-31  105.3   0.0   1   1   6.9e-32   6.4e-31  105.1   0.0   368   497     1   151     1   152 0.83 -
h1tg000010l:35934073-35934825 -            251 43683at33090         -            506     1e-30  104.4   0.0   1   1   1.4e-31   1.3e-30  104.1   0.0    16   199    24   221    13   235 0.82 -
h1tg000038l:2317081-2317965   -            295 43683at33090         -            506   1.2e-30  104.2   0.0   1   1   1.8e-31   1.7e-30  103.7   0.0    33   272    18   274     3   280 0.81 -
h1tg000025l:5025525-5037166   -            335 43683at33090         -            506   1.3e-30  104.1   0.0   1   1   2.3e-31   2.2e-30  103.4   0.0    20   273    20   293     5   298 0.79 -
h1tg000039l:2294036-2294632   -            168 43683at33090         -            506   1.4e-30  103.9   0.1   1   1     2e-31   1.9e-30  103.6   0.1   308   451     1   168     1   168 0.75 -
h1tg000011l:1152773-1153651   -            293 43683at33090         -            506   1.9e-30  103.6   0.0   1   1   3.3e-31   3.1e-30  102.9   0.0    28   270    14   273     5   283 0.79 -
h1tg000038l:4880452-4881180   -            243 43683at33090         -            506   2.6e-30  103.1   0.0   1   1   3.3e-31   3.1e-30  102.9   0.0    22   210     3   205     1   224 0.82 -
h1tg000006l:651355-652577     -            242 43683at33090         -            506   2.7e-30  103.0   4.8   1   2   3.8e-13   3.6e-12   43.3   1.3   279   389     1   142     1   144 0.68 -
h1tg000006l:651355-652577     -            242 43683at33090         -            506   2.7e-30  103.0   4.8   2   2     3e-17   2.8e-16   56.8   0.2   414   496   145   241   134   242 0.78 -
h1tg000008l:4066137-4067048   -            304 43683at33090         -            506   2.8e-30  103.0   0.0   1   1   3.8e-31   3.5e-30  102.7   0.0    20   271    14   286     4   294 0.80 -
h1tg000003l:6984079-6984894   -            272 43683at33090         -            506   3.1e-30  102.9   0.0   1   1   4.6e-31   4.3e-30  102.4   0.0    34   271    12   264     1   271 0.80 -
h1tg000010l:36000036-36000707 -            224 43683at33090         -            506   3.8e-30  102.5   0.0   1   1   4.8e-31   4.4e-30  102.3   0.0    21   199     2   194     1   209 0.84 -
h1tg000029l:3172777-3173562   -            262 43683at33090         -            506   4.3e-30  102.4   0.0   1   1   5.7e-31   5.2e-30  102.1   0.0    34   264    11   258     5   262 0.79 -
h1tg000003l:7033733-7034566   -            278 43683at33090         -            506   7.2e-30  101.6   0.0   1   1   1.1e-30   9.9e-30  101.2   0.0    33   270    19   271     1   277 0.78 -
h1tg000037l:7640608-7641417   -            270 43683at33090         -            506   7.3e-30  101.6   0.0   1   1   9.1e-31   8.4e-30  101.4   0.0    30   266    16   268     1   270 0.82 -
h1tg000017l:7868599-7869453   -            285 43683at33090         -            506     9e-30  101.3   0.0   1   1   1.2e-30   1.1e-29  101.1   0.0    35   278    12   272     1   281 0.83 -
h1tg000077l:902119-902940     -            274 43683at33090         -            506   1.2e-29  100.9   0.0   1   1   2.2e-30     2e-29  100.1   0.0    30   205    17   203     2   216 0.83 -
h1tg000039l:943418-943969     -            184 43683at33090         -            506   1.6e-29  100.5   0.0   1   1   1.8e-30   1.7e-29  100.4   0.0    33   197    10   184     1   184 0.86 -
h1tg000049l:7943956-7944786   -            277 43683at33090         -            506   1.8e-29  100.3   0.0   1   1   2.4e-30   2.2e-29  100.0   0.0    28   261    22   275     9   277 0.77 -
h1tg000003l:7068711-7069616   -            302 43683at33090         -            506   2.6e-29   99.8   0.0   1   1   3.6e-30   3.3e-29   99.5   0.0    31   272    23   282     4   299 0.78 -
h1tg000033l:6274539-6275351   -            271 43683at33090         -            506   2.7e-29   99.7   0.0   1   1   5.3e-30   4.9e-29   98.9   0.0    34   268     4   257     2   268 0.79 -
h1tg000012l:9512106-9512906   -            267 43683at33090         -            506     3e-29   99.6   0.0   1   1   4.6e-30   4.2e-29   99.1   0.0    33   199    11   185     5   266 0.80 -
h1tg000039l:2128784-2129641   -            286 43683at33090         -            506   3.6e-29   99.3   0.0   1   1     6e-30   5.6e-29   98.7   0.0    28   205    10   199     2   284 0.76 -
h1tg000003l:7134310-7135206   -            299 43683at33090         -            506   3.6e-29   99.3   0.0   1   1   4.9e-30   4.5e-29   99.0   0.0    33   210    40   227     8   298 0.75 -
h1tg000033l:9447434-9448006   -            191 43683at33090         -            506   3.9e-29   99.2   0.0   1   1   4.5e-30   4.1e-29   99.1   0.0    34   195    19   190     1   191 0.81 -
h1tg000025l:2752370-2752810   -            147 43683at33090         -            506   4.4e-29   99.1   0.0   1   1   5.3e-30   4.9e-29   98.9   0.0   369   494     2   147     1   147 0.83 -
h1tg000022l:4848580-4849416   -            279 43683at33090         -            506   4.6e-29   99.0   0.0   1   1   6.1e-30   5.6e-29   98.7   0.0    33   268    10   262     1   269 0.77 -
h1tg000025l:5044239-5044805   -            189 43683at33090         -            506   4.8e-29   98.9   0.0   1   1   5.6e-30   5.1e-29   98.8   0.0    23   195     4   189     1   189 0.86 -
h1tg000010l:35992838-35993476 -            213 43683at33090         -            506     5e-29   98.9   0.0   1   1   6.4e-30     6e-29   98.6   0.0    18   196    21   213     9   213 0.82 -
h1tg000047l:2571346-2574399   -           1018 43683at33090         -            506   5.5e-29   98.7   0.0   1   1   8.4e-30   7.8e-29   98.2   0.0    10   264   738  1014   730  1017 0.81 -
h1tg000021l:4078447-4080550   -            266 43683at33090         -            506   5.8e-29   98.7   0.0   1   1   7.1e-30   6.6e-29   98.5   0.0    20   207     2   204     1   266 0.80 -
h1tg000045l:8791959-8792762   -            268 43683at33090         -            506   8.1e-29   98.2   0.0   1   1   9.6e-30   8.9e-29   98.0   0.0    23   265     4   265     1   268 0.82 -
h1tg000047l:3678420-3679214   -            265 43683at33090         -            506   8.2e-29   98.1   0.0   1   1   1.1e-29   9.7e-29   97.9   0.0    33   264    10   258     1   265 0.74 -
h1tg000024l:4539190-4540080   -            297 43683at33090         -            506   9.4e-29   98.0   0.0   1   1   1.4e-29   1.3e-28   97.5   0.0    27   198    29   214    11   296 0.71 -
h1tg000003l:7118831-7119844   -            338 43683at33090         -            506   9.7e-29   97.9   0.0   1   1   1.4e-29   1.3e-28   97.5   0.0    32   274    26   286     5   318 0.76 -
h1tg000007l:11650107-11650742 -            212 43683at33090         -            506     1e-28   97.9   0.0   1   1   1.2e-29   1.2e-28   97.7   0.0    23   211     4   207     1   211 0.87 -
h1tg000003l:7183699-7184286   -            196 43683at33090         -            506   1.3e-28   97.5   0.0   1   1   1.7e-29   1.6e-28   97.2   0.0    31   197    17   194     1   195 0.86 -
h1tg000038l:161984-162415     -            144 43683at33090         -            506   1.5e-28   97.3   0.0   1   1   1.7e-29   1.6e-28   97.2   0.0    69   205     2   142     1   144 0.86 -
h1tg000025l:5055255-5056280   -            342 43683at33090         -            506   2.1e-28   96.8   0.0   1   1     3e-29   2.8e-28   96.4   0.0    19   271     8   288     2   297 0.79 -
h1tg000020l:3265179-3265751   -            191 43683at33090         -            506   3.2e-28   96.2   0.0   1   1   3.8e-29   3.5e-28   96.1   0.0    21   194     2   190     1   191 0.83 -
h1tg000024l:5496228-5497622   -            465 43683at33090         -            506   3.4e-28   96.1   0.0   1   1   5.1e-29   4.7e-28   95.7   0.0    13   195   269   464   259   465 0.82 -
h1tg000031l:25702170-25702988 -            273 43683at33090         -            506   3.6e-28   96.0   0.0   1   1   6.6e-29   6.1e-28   95.3   0.0    30   202    17   198     2   272 0.79 -
h1tg000020l:3337951-3338817   -            289 43683at33090         -            506   4.2e-28   95.8   0.0   1   2   1.5e-28   1.4e-27   94.1   0.0    17   197     9   204     3   233 0.85 -
h1tg000020l:3337951-3338817   -            289 43683at33090         -            506   4.2e-28   95.8   0.0   2   2       8.1        75   -0.7   0.0   244   267   263   286   243   288 0.87 -
h1tg000014l:2589794-2590585   -            264 43683at33090         -            506   5.2e-28   95.5   0.0   1   1   6.9e-29   6.4e-28   95.2   0.0    20   197     2   198     1   209 0.81 -
h1tg000014l:6138720-6140687   -            269 43683at33090         -            506   5.2e-28   95.5   0.0   1   1   6.1e-29   5.6e-28   95.4   0.0    21   258     3   264     1   269 0.79 -
h1tg000025l:5094142-5095137   -            332 43683at33090         -            506   6.2e-28   95.3   0.0   1   1   1.2e-28   1.1e-27   94.5   0.0    14   276    21   308    11   319 0.75 -
h1tg000017l:7628092-7628697   -            202 43683at33090         -            506   6.6e-28   95.2   0.0   1   1   8.3e-29   7.7e-28   95.0   0.0    22   198     3   193     1   201 0.86 -
h1tg000007l:15179739-15183422 -           1228 43683at33090         -            506   7.3e-28   95.0   0.0   1   1   1.1e-28   9.8e-28   94.6   0.0    15   263   956  1227   944  1228 0.81 -
h1tg000010l:14627222-14627821 -            200 43683at33090         -            506   7.7e-28   94.9   0.0   1   1   1.1e-28   9.8e-28   94.6   0.0    20   196     3   200     2   200 0.82 -
h1tg000031l:25442780-25443634 -            285 43683at33090         -            506   8.3e-28   94.8   0.0   1   1   1.1e-28     1e-27   94.6   0.0    21   263    17   285     3   285 0.81 -
h1tg000010l:29719995-29720708 -            238 43683at33090         -            506   9.1e-28   94.7   0.0   1   1   1.2e-28   1.1e-27   94.5   0.0    20   210     2   203     1   212 0.85 -
h1tg000007l:13472268-13473086 -            273 43683at33090         -            506   1.1e-27   94.5   0.0   1   1   1.5e-28   1.4e-27   94.1   0.0    32   197    10   185     3   270 0.85 -
h1tg000033l:1991414-2013058   -            297 43683at33090         -            506   1.1e-27   94.4   0.0   1   1   1.7e-28   1.6e-27   93.9   0.0    34   199     9   183     2   268 0.78 -
h1tg000025l:5113675-5114697   -            341 43683at33090         -            506   1.5e-27   94.0   0.0   1   1   2.9e-28   2.7e-27   93.2   0.0    19   197    52   249    38   334 0.76 -
h1tg000031l:23610825-23611568 -            248 43683at33090         -            506   1.8e-27   93.7   0.0   1   2   7.7e-23   7.1e-22   75.3   0.0    22   149     3   145     1   153 0.85 -
h1tg000031l:23610825-23611568 -            248 43683at33090         -            506   1.8e-27   93.7   0.0   2   2   3.9e-05   0.00036   16.9   0.0   180   265   153   243   148   247 0.78 -
h1tg000037l:2355102-2355929   -            276 43683at33090         -            506   2.9e-27   93.1   0.0   1   1   3.8e-28   3.5e-27   92.8   0.0    21   262     3   273     1   276 0.76 -
h1tg000024l:2367148-2367984   -            279 43683at33090         -            506   4.8e-27   92.3   0.0   1   1   6.5e-28     6e-27   92.0   0.0    20   204     2   203     1   276 0.71 -
h1tg000010l:6255577-6256452   -            292 43683at33090         -            506   5.4e-27   92.2   0.0   1   1     7e-28   6.4e-27   91.9   0.0    22   265     3   273     1   280 0.79 -
h1tg000017l:7282896-7283627   -            244 43683at33090         -            506   7.3e-27   91.7   0.0   1   1   9.2e-28   8.5e-27   91.5   0.0    59   266     3   223     1   237 0.82 -
h1tg000008l:297925-301563     -            376 43683at33090         -            506   7.6e-27   91.7   0.2   1   2   2.5e-14   2.3e-13   47.2   0.0   273   422    53   240    34   253 0.74 -
h1tg000008l:297925-301563     -            376 43683at33090         -            506   7.6e-27   91.7   0.2   2   2   5.4e-11     5e-10   36.2   0.1   424   496   270   335   266   341 0.87 -
h1tg000002l:1951330-1952115   -            262 43683at33090         -            506     1e-26   91.3   0.0   1   1   1.2e-27   1.1e-26   91.1   0.0    21   260     2   258     1   262 0.76 -
h1tg000016l:297293-297922     -            210 43683at33090         -            506     1e-26   91.2   0.0   1   1   1.3e-27   1.2e-26   91.0   0.0    11   197     6   209     2   210 0.82 -
h1tg000010l:6122259-6123236   -            326 43683at33090         -            506   1.1e-26   91.1   0.0   1   1   2.6e-27   2.4e-26   90.0   0.0    16   264    11   300     3   310 0.70 -
h1tg000025l:16368602-16393162 -            277 43683at33090         -            506   1.3e-26   90.9   0.0   1   1   2.1e-27   1.9e-26   90.3   0.0    34   265    13   264    10   272 0.74 -
h1tg000002l:2016384-2017154   -            257 43683at33090         -            506   1.8e-26   90.5   0.0   1   1   1.9e-27   1.8e-26   90.5   0.0    21   196     2   190     1   257 0.82 -
h1tg000032l:5615212-5615640   -            143 43683at33090         -            506   2.2e-26   90.1   0.0   1   1   3.2e-27     3e-26   89.7   0.0    66   204     1   143     1   143 0.85 -
h1tg000045l:9136059-9136904   -            282 43683at33090         -            506   2.5e-26   90.0   0.0   1   1   3.5e-27   3.2e-26   89.6   0.0    18   269     4   275     1   280 0.80 -
h1tg000039l:1448197-1448994   -            266 43683at33090         -            506   2.7e-26   89.9   0.0   1   1   3.5e-27   3.3e-26   89.6   0.0    22   261     3   261     1   265 0.72 -
h1tg000002l:26681737-26683416 -            197 43683at33090         -            506   2.7e-26   89.9   0.0   1   1   1.5e-26   1.4e-25   87.5   0.0    20   202     1   196     1   197 0.78 -
h1tg000008l:1530003-1530794   -            264 43683at33090         -            506   3.1e-26   89.7   0.0   1   1   3.4e-27   3.1e-26   89.6   0.0    22   211     3   205     1   264 0.75 -
h1tg000037l:2329752-2330624   -            291 43683at33090         -            506   3.5e-26   89.5   0.0   1   1   4.3e-27     4e-26   89.3   0.0    16   213    24   241    16   291 0.80 -
h1tg000045l:3268531-3416314   -            274 43683at33090         -            506   4.6e-26   89.1   0.0   1   1     6e-27   5.6e-26   88.8   0.0    33   198    18   186     3   264 0.86 -
h1tg000014l:15677351-15678537 -            273 43683at33090         -            506   5.3e-26   88.9   0.0   1   1   9.4e-27   8.7e-26   88.2   0.0    34   197     9   182     4   185 0.86 -
h1tg000010l:6284668-6285381   -            238 43683at33090         -            506   7.3e-26   88.4   0.0   1   1   8.6e-27   7.9e-26   88.3   0.0    18   206     5   212     1   236 0.81 -
h1tg000029l:2605883-2606787   -            200 43683at33090         -            506   7.6e-26   88.4   0.0   1   1   9.6e-27   8.9e-26   88.1   0.0    19   195    13   199     5   200 0.86 -
h1tg000025l:5059435-5060052   -            206 43683at33090         -            506   8.7e-26   88.2   0.0   1   1   1.1e-26   1.1e-25   87.9   0.0    22   196     3   198     1   202 0.81 -
h1tg000007l:15769733-15770602 -            290 43683at33090         -            506     1e-25   88.0   0.0   1   1     2e-26   1.9e-25   87.1   0.0    20   201     2   195     1   276 0.84 -
h1tg000049l:7166952-7167803   -            284 43683at33090         -            506   1.1e-25   87.9   0.0   1   1   1.4e-26   1.3e-25   87.6   0.0    46   210    46   223    35   283 0.81 -
h1tg000033l:2607718-2608156   -            111 43683at33090         -            506   1.1e-25   87.9   0.3   1   1   1.3e-26   1.2e-25   87.7   0.3   355   455     1   110     1   111 0.87 -
h1tg000032l:7096017-7096790   -            258 43683at33090         -            506   1.3e-25   87.6   0.0   1   1   1.8e-26   1.6e-25   87.3   0.0    22   206    10   207     2   219 0.85 -
h1tg000039l:2497276-2498139   -            288 43683at33090         -            506   1.3e-25   87.5   0.0   1   1   2.9e-26   2.7e-25   86.5   0.0    15   198     3   211     1   228 0.80 -
h1tg000001l:603204-667359     -            182 43683at33090         -            506   1.4e-25   87.5   0.0   1   1   1.7e-26   1.5e-25   87.4   0.0    34   204    16   182     1   182 0.87 -
h1tg000032l:5546269-5546856   -            196 43683at33090         -            506   1.4e-25   87.5   0.0   1   1   1.6e-26   1.5e-25   87.4   0.0    23   200     4   196     1   196 0.81 -
h1tg000012l:5249683-5252640   -            986 43683at33090         -            506     2e-25   87.0   0.0   1   1   2.9e-26   2.7e-25   86.6   0.0     3   202   710   924   708   946 0.86 -
h1tg000038l:6193781-6194461   -            227 43683at33090         -            506   2.1e-25   86.9   0.0   1   1   2.7e-26   2.5e-25   86.6   0.0    34   195    56   226    46   227 0.84 -
h1tg000032l:5540393-5540983   -            197 43683at33090         -            506   2.6e-25   86.6   0.0   1   1   3.3e-26     3e-25   86.4   0.0    19   195     6   197     2   197 0.82 -
h1tg000007l:12972646-12973428 -            261 43683at33090         -            506   2.6e-25   86.6   0.0   1   1     4e-26   3.7e-25   86.1   0.0    35   204    28   205     2   213 0.85 -
h1tg000036l:4437110-4438548   -            275 43683at33090         -            506   2.9e-25   86.4   0.0   1   1   4.4e-26   4.1e-25   86.0   0.0    34   265    10   258     2   275 0.79 -
h1tg000008l:5916851-5920603   -           1251 43683at33090         -            506   3.5e-25   86.2   0.0   1   1   5.3e-26   4.9e-25   85.7   0.0    17   263   980  1249   968  1251 0.82 -
h1tg000022l:4021030-4021842   -            271 43683at33090         -            506   4.2e-25   85.9   0.0   1   1   5.3e-26     5e-25   85.7   0.0    21   227     2   228     1   270 0.71 -
h1tg000016l:402961-403821     -            287 43683at33090         -            506   4.3e-25   85.9   0.0   1   1   5.3e-26   4.9e-25   85.7   0.0    22   221     3   219     1   278 0.71 -
h1tg000038l:2172442-2175036   -            865 43683at33090         -            506   4.3e-25   85.9   0.0   1   1   7.4e-26   6.9e-25   85.2   0.0    12   261   587   860   578   864 0.74 -
h1tg000020l:3319794-3320702   -            303 43683at33090         -            506   4.3e-25   85.9   0.0   1   1     9e-26   8.4e-25   84.9   0.0    18   196    26   219    16   233 0.83 -
h1tg000043l:1915069-1916633   -            262 43683at33090         -            506   4.7e-25   85.8   0.0   1   1   5.2e-26   4.8e-25   85.7   0.0    22   201     4   192     1   262 0.82 -
h1tg000022l:8564908-8565678   -            257 43683at33090         -            506   4.7e-25   85.8   0.0   1   1   6.5e-26     6e-25   85.4   0.0    34   205    27   206     3   219 0.87 -
h1tg000003l:26821603-26822226 -            208 43683at33090         -            506   5.4e-25   85.6   0.0   1   1   6.7e-26   6.2e-25   85.4   0.0    22   201     3   200     1   205 0.80 -
h1tg000043l:1563401-1564106   -            143 43683at33090         -            506   6.2e-25   85.4   5.3   1   2   5.3e-08   4.9e-07   26.3   1.3   355   382     1    28     1    31 0.96 -
h1tg000043l:1563401-1564106   -            143 43683at33090         -            506   6.2e-25   85.4   5.3   2   2   5.5e-17   5.1e-16   55.9   0.1   407   496    33   142    30   143 0.76 -
h1tg000038l:5998091-6001228   -            435 43683at33090         -            506   6.7e-25   85.2   0.0   1   1   1.1e-25     1e-24   84.7   0.0    34   198     9   183     5   192 0.81 -
h1tg000008l:8271363-8272187   -            275 43683at33090         -            506   6.7e-25   85.2   0.0   1   1     8e-26   7.4e-25   85.1   0.0    20   208     2   206     1   274 0.74 -
h1tg000031l:7620119-7624716   -           1405 43683at33090         -            506     7e-25   85.2   0.0   1   1   1.2e-25   1.1e-24   84.5   0.0    17   262  1133  1404  1123  1405 0.78 -
h1tg000037l:7339418-7340236   -            273 43683at33090         -            506   7.2e-25   85.1   0.0   1   1   1.2e-25   1.1e-24   84.6   0.0    21   198     3   192     1   273 0.82 -
h1tg000033l:1179911-1180531   -            207 43683at33090         -            506   7.4e-25   85.1   0.0   1   1   9.2e-26   8.5e-25   84.9   0.0    20   197    16   207    10   207 0.84 -
h1tg000037l:7368179-7368994   -            272 43683at33090         -            506   9.5e-25   84.8   0.0   1   1   1.4e-25   1.3e-24   84.3   0.0    22   198     3   191     1   272 0.80 -
h1tg000032l:3863087-3968569   -            283 43683at33090         -            506   9.7e-25   84.7   0.0   1   1   1.3e-25   1.2e-24   84.4   0.0    34   200    20   196     2   272 0.76 -
h1tg000037l:7326739-7327395   -            219 43683at33090         -            506   1.1e-24   84.5   0.0   1   1   1.4e-25   1.3e-24   84.3   0.0    22   197     3   190     1   195 0.83 -
h1tg000026l:1736836-1737663   -            276 43683at33090         -            506   1.1e-24   84.5   0.0   1   1   1.9e-25   1.8e-24   83.9   0.0    22   265     4   269     1   274 0.76 -
h1tg000007l:12908310-12909104 -            265 43683at33090         -            506   1.2e-24   84.5   0.0   1   1   1.5e-25   1.4e-24   84.2   0.0    34   206    29   209     4   257 0.87 -
h1tg000040l:6804321-6828390   -            279 43683at33090         -            506   1.2e-24   84.4   0.0   1   2   8.3e-25   7.7e-24   81.8   0.0    34   197    10   186     3   192 0.83 -
h1tg000040l:6804321-6828390   -            279 43683at33090         -            506   1.2e-24   84.4   0.0   2   2       3.6        34    0.5   0.0   245   281   239   277   221   279 0.82 -
h1tg000017l:4394205-4395533   -            279 43683at33090         -            506   1.3e-24   84.3   0.0   1   1   1.9e-25   1.8e-24   83.9   0.0    32   199     7   184     3   262 0.74 -
h1tg000022l:1632810-1633661   -            284 43683at33090         -            506   1.4e-24   84.2   0.0   1   1     2e-25   1.9e-24   83.8   0.0    20   268     1   270     1   277 0.79 -
h1tg000003l:2916605-2917712   -            265 43683at33090         -            506   1.4e-24   84.2   0.0   1   1   2.1e-25   1.9e-24   83.8   0.0    34   266     8   253     4   258 0.84 -
h1tg000196l:6339-26209        -            288 43683at33090         -            506   1.6e-24   84.0   0.0   1   1   2.4e-25   2.2e-24   83.5   0.0    35   199     1   175     1   259 0.76 -
h1tg000022l:6264132-6264918   -            154 43683at33090         -            506   1.7e-24   83.9   3.1   1   2   1.2e-22   1.1e-21   74.7   0.4   355   466     1   102     1   106 0.86 -
h1tg000022l:6264132-6264918   -            154 43683at33090         -            506   1.7e-24   83.9   3.1   2   2      0.15       1.4    5.0   0.1   473   497   130   154   123   154 0.82 -
h1tg000002l:4823215-4824765   -            517 43683at33090         -            506   1.7e-24   83.9   0.0   1   1   2.3e-25   2.2e-24   83.6   0.0    47   197   354   516   312   517 0.84 -
h1tg000047l:9148979-9149812   -            278 43683at33090         -            506   1.9e-24   83.7   0.0   1   1   3.2e-25     3e-24   83.1   0.0    15   199     7   204     2   278 0.76 -
h1tg000031l:25538802-25539909 -            125 43683at33090         -            506   2.2e-24   83.6   0.0   1   1   3.5e-25   3.2e-24   83.0   0.0   355   461     1   123     1   125 0.82 -
h1tg000005l:16386389-16438212 -            302 43683at33090         -            506   2.4e-24   83.5   0.0   1   1   3.7e-25   3.5e-24   82.9   0.0    34   268    10   248     4   267 0.81 -
h1tg000010l:26246333-26247802 -            490 43683at33090         -            506   2.5e-24   83.4   0.0   1   1   3.4e-25   3.2e-24   83.0   0.0    18   197   295   489   282   490 0.79 -
h1tg000045l:8913445-8914023   -            193 43683at33090         -            506   2.6e-24   83.3   0.0   1   1     3e-25   2.8e-24   83.2   0.0    17   195     3   193     1   193 0.81 -
h1tg000141l:57522-58953       -            267 43683at33090         -            506   2.9e-24   83.1   0.0   1   1   7.4e-25   6.9e-24   81.9   0.0    34   199    10   185     2   267 0.72 -
h1tg000037l:2363427-2364125   -            233 43683at33090         -            506   3.7e-24   82.8   0.0   1   1   4.8e-25   4.5e-24   82.5   0.0    22   215     4   218     1   226 0.80 -
h1tg000045l:6625166-6625765   -            200 43683at33090         -            506   3.8e-24   82.8   0.0   1   1   4.8e-25   4.4e-24   82.5   0.0    27   194    16   199     5   200 0.82 -
h1tg000001l:18629997-18631925 -            269 43683at33090         -            506   3.8e-24   82.8   0.0   1   1   4.5e-25   4.1e-24   82.6   0.0    26   201    12   199     2   269 0.81 -
h1tg000005l:5953657-5954289   -            211 43683at33090         -            506   3.8e-24   82.7   0.0   1   1   4.5e-25   4.2e-24   82.6   0.0    35   203    33   209     6   211 0.85 -
h1tg000024l:7914217-7917184   -            959 43683at33090         -            506   4.2e-24   82.6   0.0   1   1   6.7e-25   6.2e-24   82.1   0.0    16   201   688   893   676   903 0.78 -
h1tg000031l:635537-636385     -            283 43683at33090         -            506   4.4e-24   82.5   0.0   1   1   5.9e-25   5.5e-24   82.2   0.0    22   265     3   267     1   274 0.76 -
h1tg000020l:5359967-5360656   -            230 43683at33090         -            506   5.2e-24   82.3   0.0   1   1   6.7e-25   6.2e-24   82.1   0.0    17   202    17   228    10   230 0.76 -
h1tg000023l:20906666-20907599 -            279 43683at33090         -            506   5.3e-24   82.3   0.0   1   1   7.5e-25     7e-24   81.9   0.0    35   198    22   209     2   276 0.78 -
h1tg000045l:9095669-9096244   -            192 43683at33090         -            506   5.5e-24   82.2   0.0   1   1   6.5e-25     6e-24   82.1   0.0    20   197     3   192     1   192 0.80 -
h1tg000020l:2382906-2383664   -            253 43683at33090         -            506   6.5e-24   82.0   0.0   1   2   2.6e-14   2.4e-13   47.1   0.0   301   383    33   127     9   151 0.79 -
h1tg000020l:2382906-2383664   -            253 43683at33090         -            506   6.5e-24   82.0   0.0   2   2   4.9e-10   4.5e-09   33.0   0.0   408   462   198   253   181   253 0.89 -
h1tg000010l:23960385-24006337 -            342 43683at33090         -            506   6.9e-24   81.9   0.0   1   1     1e-24   9.3e-24   81.5   0.0    35   268    54   309    16   323 0.73 -
h1tg000010l:37612024-37612833 -            270 43683at33090         -            506     7e-24   81.9   0.0   1   1     1e-24   9.7e-24   81.4   0.0    53   265    22   260    15   269 0.79 -
h1tg000002l:22718785-22719555 -            257 43683at33090         -            506   7.2e-24   81.9   0.0   1   1   9.9e-25   9.2e-24   81.5   0.0    22   218    10   219     3   222 0.85 -
h1tg000003l:10113523-10114377 -            285 43683at33090         -            506   1.1e-23   81.3   0.0   1   1   1.4e-24   1.3e-23   81.0   0.0    19   268     5   281     1   284 0.75 -
h1tg000012l:2088264-2089987   -            258 43683at33090         -            506   1.1e-23   81.3   0.0   1   1   1.3e-24   1.2e-23   81.1   0.0    20   261     2   256     1   258 0.74 -
h1tg000082l:246408-248133     -            258 43683at33090         -            506   1.2e-23   81.1   0.0   1   1   1.4e-24   1.3e-23   81.0   0.0    20   261     2   256     1   258 0.73 -
h1tg000001l:2125357-2128214   -            905 43683at33090         -            506   1.4e-23   80.9   0.0   1   1   2.3e-24   2.2e-23   80.3   0.0    23   200   636   826   621   831 0.84 -
h1tg000037l:7296055-7296633   -            193 43683at33090         -            506   1.6e-23   80.7   0.0   1   1   1.9e-24   1.7e-23   80.6   0.0    19   195     5   193     1   193 0.84 -
h1tg000008l:5172694-5173542   -            283 43683at33090         -            506   1.6e-23   80.7   0.0   1   1   3.3e-24   3.1e-23   79.8   0.0    22   269     3   272     1   280 0.71 -
h1tg000020l:6699163-6699738   -            192 43683at33090         -            506   1.7e-23   80.7   0.0   1   1     2e-24   1.8e-23   80.5   0.0    21   194     3   192     1   192 0.82 -
h1tg000006l:20339832-20341133 -            272 43683at33090         -            506   1.7e-23   80.6   0.0   1   1   3.5e-24   3.2e-23   79.7   0.0    34   263    10   256     2   264 0.73 -
h1tg000007l:15516897-15517619 -            241 43683at33090         -            506   1.8e-23   80.6   0.0   1   2   1.7e-20   1.6e-19   67.5   0.0    20   145     2   142     1   149 0.82 -
h1tg000007l:15516897-15517619 -            241 43683at33090         -            506   1.8e-23   80.6   0.0   2   2    0.0027     0.025   10.8   0.0   180   260   154   239   150   240 0.69 -
h1tg000003l:20773557-20774174 -            206 43683at33090         -            506   1.8e-23   80.5   0.0   1   1     2e-24   1.8e-23   80.5   0.0    37   207    28   202     1   206 0.82 -
h1tg000008l:2209705-2210259   -            185 43683at33090         -            506     2e-23   80.4   0.0   1   1   2.4e-24   2.2e-23   80.2   0.0    22   188     2   185     1   185 0.83 -
h1tg000016l:190737-191585     -            283 43683at33090         -            506   2.1e-23   80.3   0.0   1   1   2.7e-24   2.5e-23   80.0   0.0    22   266     3   270     1   279 0.74 -
h1tg000040l:6855136-6856578   -            266 43683at33090         -            506   2.1e-23   80.3   0.0   1   1   6.6e-24   6.1e-23   78.8   0.0    33   198     9   184     2   255 0.83 -
h1tg000001l:18983425-18984163 -            164 43683at33090         -            506   2.2e-23   80.3   2.5   1   2   7.2e-21   6.6e-20   68.8   0.6   355   460     3   108     1   114 0.91 -
h1tg000001l:18983425-18984163 -            164 43683at33090         -            506   2.2e-23   80.3   2.5   2   2    0.0016     0.014   11.6   0.0   471   494   139   162   133   164 0.86 -
h1tg000002l:23048161-23048955 -            265 43683at33090         -            506   2.3e-23   80.2   0.0   1   1     3e-24   2.8e-23   79.9   0.0    28   262     9   264     1   265 0.73 -
h1tg000023l:19623627-19700037 -            280 43683at33090         -            506   2.7e-23   79.9   0.0   1   1   3.6e-24   3.4e-23   79.6   0.0    34   199    10   186     2   264 0.78 -
h1tg000010l:35469261-35469971 -            237 43683at33090         -            506   3.1e-23   79.8   0.0   1   1     4e-24   3.7e-23   79.5   0.0    21   197     2   198     1   208 0.80 -
h1tg000016l:366374-366997     -            208 43683at33090         -            506   3.4e-23   79.6   0.0   1   1   4.2e-24   3.9e-23   79.4   0.0    11   195     7   208     3   208 0.83 -
h1tg000008l:1315919-1316503   -            195 43683at33090         -            506   3.6e-23   79.6   0.0   1   1   4.2e-24   3.9e-23   79.4   0.0    20   194     3   194     1   195 0.81 -
h1tg000047l:4608929-4838587   -            307 43683at33090         -            506   3.7e-23   79.5   0.0   1   1   5.2e-24   4.8e-23   79.1   0.0    37   268    22   268     3   280 0.77 -
h1tg000002l:2288904-2289683   -            260 43683at33090         -            506   3.8e-23   79.5   0.0   1   1   4.1e-24   3.8e-23   79.5   0.0    21   196     3   191     1   260 0.85 -
h1tg000019l:2188827-2197096   -            262 43683at33090         -            506   3.8e-23   79.5   0.0   1   1   4.2e-24   3.9e-23   79.4   0.0    34   198     1   175     1   252 0.83 -
h1tg000056l:1446811-1448282   -            271 43683at33090         -            506   4.1e-23   79.4   0.0   1   1   1.2e-23   1.1e-22   77.9   0.0    21   199     3   198     1   271 0.74 -
h1tg000031l:621599-622213     -            205 43683at33090         -            506   4.4e-23   79.3   0.0   1   1   5.7e-24   5.2e-23   79.0   0.0    20   196     2   191     1   200 0.85 -
h1tg000056l:132194-133045     -            284 43683at33090         -            506   4.9e-23   79.1   0.0   1   1   6.5e-24     6e-23   78.8   0.0    22   210     3   208     1   279 0.73 -
h1tg000038l:7363944-7382341   -            264 43683at33090         -            506   4.9e-23   79.1   0.1   1   1   1.3e-23   1.2e-22   77.8   0.1    21   263     2   263     1   264 0.76 -
h1tg000032l:7080536-7081378   -            281 43683at33090         -            506   5.5e-23   78.9   0.0   1   1   7.5e-24   6.9e-23   78.6   0.0    20   204    11   208     4   217 0.86 -
h1tg000037l:7357376-7358074   -            233 43683at33090         -            506   5.8e-23   78.9   0.0   1   1   7.8e-24   7.3e-23   78.5   0.0    16   198    11   205     4   209 0.83 -
h1tg000033l:6457279-6458070   -            264 43683at33090         -            506     7e-23   78.6   0.0   1   1   8.5e-24   7.9e-23   78.4   0.0    35   266    12   262     1   264 0.79 -
h1tg000022l:1628725-1629318   -            198 43683at33090         -            506   7.1e-23   78.6   0.0   1   1   8.9e-24   8.2e-23   78.4   0.0    22   196     3   187     1   197 0.84 -
h1tg000001l:12632878-12633507 -            210 43683at33090         -            506   7.9e-23   78.4   0.0   1   1   9.4e-24   8.7e-23   78.3   0.0    35   203    34   210     7   210 0.85 -
h1tg000036l:1215726-1217479   -            253 43683at33090         -            506   8.2e-23   78.4   0.0   1   1     1e-23   9.2e-23   78.2   0.0    22   259     3   253     1   253 0.81 -
h1tg000020l:3285314-3285976   -            221 43683at33090         -            506   8.4e-23   78.3   0.0   1   1   9.9e-24   9.2e-23   78.2   0.0    63   197     1   143     1   221 0.83 -
h1tg000020l:6702543-6703340   -            266 43683at33090         -            506   8.4e-23   78.3   0.0   1   1   9.8e-24   9.1e-23   78.2   0.0    34   208    19   204     1   266 0.73 -
h1tg000008l:1517152-1517781   -            210 43683at33090         -            506   9.5e-23   78.2   0.0   1   1   1.2e-23   1.1e-22   78.0   0.0    11   197     6   209     2   210 0.82 -
h1tg000039l:1712632-1713240   -            203 43683at33090         -            506   1.1e-22   77.9   0.0   1   1   1.4e-23   1.3e-22   77.7   0.0    35   203    27   203     5   203 0.88 -
h1tg000005l:13687612-13688616 -            335 43683at33090         -            506   1.3e-22   77.8   0.0   1   1   1.9e-23   1.8e-22   77.2   0.0    15   266    20   292    11   311 0.76 -
h1tg000043l:49618-52218       -            867 43683at33090         -            506   1.3e-22   77.7   0.0   1   1   1.9e-23   1.7e-22   77.3   0.0    17   201   603   802   587   867 0.81 -
h1tg000031l:630168-630977     -            270 43683at33090         -            506   1.5e-22   77.5   0.0   1   1   1.8e-23   1.7e-22   77.3   0.0    22   199     3   193     1   270 0.77 -
h1tg000008l:2307971-2308588   -            206 43683at33090         -            506   1.5e-22   77.5   0.0   1   1     2e-23   1.8e-22   77.2   0.0    11   194     5   205     3   206 0.84 -
h1tg000025l:3105259-3106092   -            278 43683at33090         -            506   1.6e-22   77.4   0.0   1   1   2.2e-23   2.1e-22   77.0   0.0    28   201     1   190     1   264 0.82 -
h1tg000023l:1066936-1067619   -            228 43683at33090         -            506   1.9e-22   77.2   0.0   1   1   2.5e-23   2.3e-22   76.9   0.0    55   198     2   160     1   183 0.79 -
h1tg000679l:1955-2782         -            276 43683at33090         -            506   2.1e-22   77.0   0.0   1   1     3e-23   2.7e-22   76.6   0.0    26   268     7   269     1   273 0.75 -
h1tg000025l:3103192-3105948   -            919 43683at33090         -            506   2.3e-22   76.9   0.0   1   1   3.9e-23   3.6e-22   76.2   0.0    15   201   677   879   665   891 0.83 -
h1tg000045l:8416913-8437095   -            874 43683at33090         -            506   2.6e-22   76.7   0.0   1   1   4.2e-23   3.9e-22   76.1   0.0    19   263   607   870   599   873 0.75 -
h1tg000047l:10890119-10890838 -            240 43683at33090         -            506   2.6e-22   76.7   0.0   1   1   3.5e-23   3.3e-22   76.4   0.0    17   201    29   230    17   238 0.85 -
h1tg000005l:273039-275980     -            928 43683at33090         -            506   2.7e-22   76.7   0.0   1   1   4.6e-23   4.3e-22   76.0   0.0    18   247   637   892   621   902 0.78 -
h1tg000005l:6036106-6036855   -            250 43683at33090         -            506   2.9e-22   76.6   0.0   1   1   3.8e-23   3.5e-22   76.3   0.0    34   203    26   203     2   219 0.86 -
h1tg000016l:4549297-4550118   -            274 43683at33090         -            506   3.5e-22   76.3   0.0   1   1   5.2e-23   4.8e-22   75.8   0.0    20   196     7   199     2   211 0.81 -
h1tg000031l:640709-641290     -            194 43683at33090         -            506   3.9e-22   76.1   0.0   1   1   4.6e-23   4.3e-22   76.0   0.0    20   195     2   191     1   194 0.82 -
h1tg000034l:2247433-2273509   -            117 43683at33090         -            506   4.1e-22   76.1   0.1   1   1   5.1e-23   4.7e-22   75.8   0.1   355   452    10   117     5   117 0.85 -
h1tg000045l:3193858-3194409   -            184 43683at33090         -            506   4.5e-22   75.9   0.0   1   1   5.2e-23   4.8e-22   75.8   0.0    35   197    13   184     1   184 0.80 -
h1tg000001l:2131107-2134179   -            963 43683at33090         -            506   4.7e-22   75.9   0.0   1   1   7.9e-23   7.3e-22   75.2   0.0    23   204   690   880   676   887 0.85 -
h1tg000001l:18936965-18937666 -            234 43683at33090         -            506   4.7e-22   75.9   0.0   1   1   6.1e-23   5.6e-22   75.6   0.0    55   200     2   160     1   173 0.82 -
h1tg000017l:8190615-8280281   -            873 43683at33090         -            506   4.7e-22   75.8   0.0   1   1   6.9e-23   6.4e-22   75.4   0.0    19   215   610   816   600   873 0.79 -
h1tg000002l:25970999-25971817 -            273 43683at33090         -            506   5.1e-22   75.7   0.0   1   1   6.8e-23   6.3e-22   75.4   0.0    19   263     6   272     2   273 0.71 -
h1tg000003l:5887030-5887464   -            145 43683at33090         -            506   5.3e-22   75.7   0.0   1   1   5.8e-23   5.4e-22   75.7   0.0    33   148    18   143     1   145 0.83 -
h1tg000049l:806761-808056     -            274 43683at33090         -            506   5.8e-22   75.6   0.0   1   1   1.1e-22   9.9e-22   74.8   0.0    34   198     8   182     4   200 0.84 -
h1tg000002l:26944995-26945645 -            217 43683at33090         -            506   6.4e-22   75.4   0.0   1   1   7.4e-23   6.8e-22   75.3   0.0    55   259     2   216     1   217 0.80 -
h1tg000030l:5009313-5010161   -            283 43683at33090         -            506   7.5e-22   75.2   0.0   1   1   9.6e-23   8.9e-22   74.9   0.0    49   263    41   283     8   283 0.79 -
h1tg000047l:4555923-4593118   -            311 43683at33090         -            506   7.7e-22   75.2   0.0   1   1   1.2e-22   1.1e-21   74.7   0.0    34   198    19   193     1   203 0.78 -
h1tg000014l:5299682-5301208   -            509 43683at33090         -            506     9e-22   74.9   0.0   1   1   1.3e-22   1.2e-21   74.5   0.0    19   201   306   503   292   509 0.81 -
h1tg000033l:3654524-3657058   -            845 43683at33090         -            506   9.9e-22   74.8   0.0   1   1   1.5e-22   1.4e-21   74.3   0.0    19   200   612   811   598   823 0.81 -
h1tg000010l:20698625-20699443 -            273 43683at33090         -            506   1.1e-21   74.6   0.0   1   1   1.6e-22   1.4e-21   74.2   0.0    24   264     5   270     1   273 0.69 -
h1tg000017l:8191045-8191533   -            163 43683at33090         -            506   1.4e-21   74.3   0.0   1   1   1.6e-22   1.5e-21   74.2   0.0    20   172     1   163     1   163 0.88 -
h1tg000021l:2128463-2129368   -            302 43683at33090         -            506   1.5e-21   74.2   0.0   1   1     3e-22   2.8e-21   73.3   0.0    21   197     2   209     1   218 0.74 -
h1tg000022l:1642449-1643045   -            199 43683at33090         -            506   1.5e-21   74.2   0.0   1   1   1.9e-22   1.7e-21   74.0   0.0    19   195     2   192     1   198 0.81 -
h1tg000033l:6462199-6463050   -            284 43683at33090         -            506   1.5e-21   74.2   0.0   1   1   2.1e-22     2e-21   73.8   0.0    18   199    18   216     9   284 0.71 -
h1tg000047l:8961816-8962478   -            221 43683at33090         -            506   1.8e-21   73.9   0.0   1   1     2e-22   1.9e-21   73.9   0.0    63   210     1   159     1   221 0.77 -
h1tg000047l:9162235-9163086   -            284 43683at33090         -            506   2.4e-21   73.5   0.0   1   1   3.7e-22   3.4e-21   73.0   0.0    19   265    16   281     8   284 0.74 -
h1tg000003l:9835817-9862362   -            457 43683at33090         -            506   2.8e-21   73.3   0.0   1   1   4.4e-22   4.1e-21   72.8   0.0    34   198    10   184     3   252 0.76 -
h1tg000020l:4714202-4714867   -            222 43683at33090         -            506   3.6e-21   72.9   0.0   1   1   6.5e-22     6e-21   72.2   0.0    62   262     2   221     1   222 0.75 -
h1tg000002l:2276743-2277594   -            284 43683at33090         -            506   3.8e-21   72.9   0.0   1   1   6.4e-22   5.9e-21   72.2   0.0    19   199    16   210     8   284 0.71 -
h1tg000014l:5327037-5327858   -            274 43683at33090         -            506   3.9e-21   72.8   0.0   1   1   5.2e-22   4.8e-21   72.5   0.0    32   263    21   271     1   273 0.77 -
h1tg000021l:3473326-3473985   -            220 43683at33090         -            506   3.9e-21   72.8   0.0   1   1   5.7e-22   5.2e-21   72.4   0.0    63   197     2   148     1   220 0.80 -
h1tg000008l:1811553-1812188   -            212 43683at33090         -            506   4.9e-21   72.5   0.0   1   1   6.1e-22   5.6e-21   72.3   0.0    22   196     3   194     1   205 0.83 -
h1tg000031l:660560-661222     -            221 43683at33090         -            506     5e-21   72.5   0.0   1   1   6.2e-22   5.8e-21   72.3   0.0    63   265     1   218     1   221 0.78 -
h1tg000033l:5991319-5991957   -            213 43683at33090         -            506   5.2e-21   72.4   0.0   1   1   6.3e-22   5.9e-21   72.2   0.0    35   197    22   197     1   205 0.77 -
h1tg000027l:3501345-3501998   -            218 43683at33090         -            506   5.6e-21   72.3   0.0   1   1   6.5e-22     6e-21   72.2   0.0    55   259     2   216     1   218 0.84 -
h1tg000032l:6006891-6010190   -            932 43683at33090         -            506   8.3e-21   71.7   0.0   1   1   1.3e-21   1.2e-20   71.2   0.0    19   201   666   871   658   890 0.77 -
h1tg000008l:7178607-7182593   -            156 43683at33090         -            506   8.3e-21   71.7   2.0   1   3     3e-08   2.7e-07   27.2   0.6   353   383     4    34     1    47 0.87 -
h1tg000008l:7178607-7182593   -            156 43683at33090         -            506   8.3e-21   71.7   2.0   2   3   1.4e-11   1.3e-10   38.2   0.0   416   461    49    94    40   117 0.89 -
h1tg000008l:7178607-7182593   -            156 43683at33090         -            506   8.3e-21   71.7   2.0   3   3      0.17       1.6    4.9   0.1   472   494   132   154   127   156 0.82 -
h1tg000043l:1547592-1548275   -            228 43683at33090         -            506     1e-20   71.5   0.0   1   1   1.2e-21   1.1e-20   71.3   0.0    55   256     2   213     1   224 0.74 -
h1tg000023l:1658431-1658994   -            188 43683at33090         -            506   1.2e-20   71.2   0.0   1   1   1.4e-21   1.3e-20   71.1   0.0    21   195     3   188     1   188 0.83 -
h1tg000032l:2925592-3085703   -            475 43683at33090         -            506   1.5e-20   70.9   0.0   1   1   2.2e-21   2.1e-20   70.4   0.0    33   200    18   195     3   279 0.71 -
h1tg000025l:12987934-12988461 -            176 43683at33090         -            506   1.8e-20   70.6   0.0   1   1   2.2e-21   2.1e-20   70.4   0.0    20   173     7   176     2   176 0.82 -
h1tg000002l:27750818-27751813 -            332 43683at33090         -            506   2.7e-20   70.0   0.1   1   2   4.4e-15   4.1e-14   49.7   0.0    49   155    61   189    39   211 0.74 -
h1tg000002l:27750818-27751813 -            332 43683at33090         -            506   2.7e-20   70.0   0.1   2   2   1.9e-05   0.00017   17.9   0.0   177   261   241   330   234   332 0.78 -
h1tg000006l:3787457-3790090   -            844 43683at33090         -            506     4e-20   69.5   0.0   1   1   6.6e-21   6.1e-20   68.9   0.0    19   264   567   841   556   843 0.75 -
h1tg000002l:25670533-25671219 -            229 43683at33090         -            506     4e-20   69.5   0.0   1   1   4.9e-21   4.6e-20   69.3   0.0    55   257     2   214     1   227 0.79 -
h1tg000003l:28104703-28134879 -            993 43683at33090         -            506   4.2e-20   69.4   0.0   1   1   7.8e-21   7.3e-20   68.6   0.0    25   203   722   917   705   929 0.81 -
h1tg000008l:2112711-2185947   -            185 43683at33090         -            506     5e-20   69.2   0.0   1   1     6e-21   5.6e-20   69.0   0.0    34   188    18   185     2   185 0.80 -
h1tg000014l:15173710-15175212 -            501 43683at33090         -            506   5.1e-20   69.1   0.0   1   1   8.9e-21   8.2e-20   68.5   0.0     6   151   320   480   316   500 0.81 -
h1tg000003l:10129335-10129919 -            195 43683at33090         -            506   7.7e-20   68.6   0.0   1   1   9.1e-21   8.4e-20   68.4   0.0    21   194     3   195     1   195 0.79 -
h1tg000022l:15208391-15208903 -            171 43683at33090         -            506   7.7e-20   68.5   0.0   1   1   9.2e-21   8.5e-20   68.4   0.0    20   173     2   171     1   171 0.78 -
h1tg000045l:2620491-2627979   -            783 43683at33090         -            506     1e-19   68.2   0.0   1   1   1.5e-20   1.4e-19   67.7   0.0    22   209   526   728   519   772 0.74 -
h1tg000012l:6929519-6931390   -            295 43683at33090         -            506   1.3e-19   67.8   0.0   1   1   1.7e-20   1.6e-19   67.5   0.0     8   199     9   213     3   235 0.76 -
h1tg000020l:4673872-4674480   -            203 43683at33090         -            506   1.9e-19   67.3   0.0   1   1   2.4e-20   2.3e-19   67.0   0.0    20   203     7   203     2   203 0.81 -
h1tg000038l:8212643-8214146   -            257 43683at33090         -            506   1.9e-19   67.2   0.1   1   1   2.7e-20   2.5e-19   66.9   0.1    18   198     6   199     3   217 0.76 -
h1tg000003l:10133281-10134054 -            258 43683at33090         -            506   2.5e-19   66.9   0.0   1   1   4.3e-20     4e-19   66.2   0.0    35   261     9   256     6   258 0.69 -
h1tg000056l:990200-990850     -            217 43683at33090         -            506   5.4e-19   65.8   0.0   1   1     7e-20   6.5e-19   65.5   0.0    52   197     2   157     1   172 0.80 -
h1tg000002l:23202509-23202928 -            140 43683at33090         -            506   5.7e-19   65.7   0.0   1   1   6.8e-20   6.3e-19   65.5   0.0    61   194     1   139     1   140 0.84 -
h1tg000001l:12879914-12880816 -            301 43683at33090         -            506   6.7e-19   65.5   0.0   1   2    0.0027     0.025   10.8   0.0    33    97    18    82     1    92 0.81 -
h1tg000001l:12879914-12880816 -            301 43683at33090         -            506   6.7e-19   65.5   0.0   2   2   4.9e-16   4.6e-15   52.8   0.0   105   263   121   292   103   300 0.69 -
h1tg000003l:10323450-10323773 -            108 43683at33090         -            506   7.1e-19   65.4   0.1   1   1   9.1e-20   8.4e-19   65.1   0.1    53   147     2   106     1   107 0.81 -
h1tg000023l:1962210-1963301   -            364 43683at33090         -            506   7.1e-19   65.4   0.0   1   1     7e-19   6.5e-18   62.2   0.0    53   265    48   281    39   293 0.72 -
h1tg000007l:11646243-11646536 -             98 43683at33090         -            506   7.3e-19   65.3   0.0   1   1   9.1e-20   8.5e-19   65.1   0.0   112   197     5    96     1    97 0.85 -
h1tg000045l:5518282-5518926   -            215 43683at33090         -            506   8.1e-19   65.2   0.0   1   1   1.2e-19   1.1e-18   64.7   0.0    57   206     5   161     1   174 0.78 -
h1tg000019l:9224017-9224769   -            251 43683at33090         -            506   1.1e-18   64.7   0.0   1   2   4.6e-11   4.2e-10   36.4   0.1    45   145     2   109     1   116 0.81 -
h1tg000019l:9224017-9224769   -            251 43683at33090         -            506   1.1e-18   64.7   0.0   2   2   4.4e-08   4.1e-07   26.6   0.0   152   213   147   209   141   251 0.79 -
h1tg000021l:4451130-4451900   -            257 43683at33090         -            506   1.3e-18   64.6   0.0   1   1   1.5e-19   1.4e-18   64.4   0.0    49   208    33   207     3   254 0.74 -
h1tg000037l:8697602-8698344   -            132 43683at33090         -            506   1.3e-18   64.5   0.2   1   2   8.8e-09   8.2e-08   28.9   0.1   355   423     1    70     1    85 0.78 -
h1tg000037l:8697602-8698344   -            132 43683at33090         -            506   1.3e-18   64.5   0.2   2   2   2.2e-10     2e-09   34.2   0.0   422   463    90   131    85   132 0.93 -
h1tg000022l:7365801-7366484   -            228 43683at33090         -            506   1.4e-18   64.4   0.0   1   1   3.8e-19   3.5e-18   63.1   0.0    63   198     1   152     1   164 0.81 -
h1tg000032l:9328174-9328695   -            174 43683at33090         -            506   1.5e-18   64.3   0.0   1   1   1.8e-19   1.6e-18   64.2   0.0    23   172     4   174     1   174 0.78 -
h1tg000002l:25569451-25569945 -            165 43683at33090         -            506   1.8e-18   64.0   0.0   1   1   2.1e-19     2e-18   63.9   0.0    20   147    21   164    10   165 0.72 -
h1tg000045l:7268143-7269254   -            245 43683at33090         -            506   2.5e-18   63.6   0.0   1   2   1.7e-14   1.5e-13   47.8   0.0    46   148    45   157    10   159 0.84 -
h1tg000045l:7268143-7269254   -            245 43683at33090         -            506   2.5e-18   63.6   0.0   2   2   0.00011   0.00099   15.4   0.0   179   201   157   179   155   192 0.89 -
h1tg000020l:3268939-3269376   -            146 43683at33090         -            506     3e-18   63.3   0.0   1   1   3.5e-19   3.2e-18   63.2   0.0    21   147     3   145     1   146 0.83 -
h1tg000002l:78952-80275       -            260 43683at33090         -            506   3.1e-18   63.3   0.0   1   1   3.7e-19   3.4e-18   63.1   0.0    80   203    40   175    20   246 0.82 -
h1tg000027l:1175403-1176179   -            259 43683at33090         -            506   3.4e-18   63.1   0.0   1   1   5.1e-19   4.7e-18   62.7   0.0    45   257    38   249     2   254 0.71 -
h1tg000010l:23762353-23765433 -            967 43683at33090         -            506   4.5e-18   62.7   0.0   1   1   6.9e-19   6.4e-18   62.2   0.0    34   201   679   864   646   882 0.79 -
h1tg000010l:24005094-24005561 -            156 43683at33090         -            506   4.6e-18   62.7   0.0   1   1   5.8e-19   5.4e-18   62.5   0.0    16   147     8   155     3   156 0.83 -
h1tg000025l:9401544-9402209   -            222 43683at33090         -            506   6.2e-18   62.3   0.0   1   1   1.1e-18   9.9e-18   61.6   0.0    62   202     2   153     1   168 0.79 -
h1tg000033l:4041856-4042773   -            306 43683at33090         -            506   7.4e-18   62.0   0.0   1   3      0.09      0.84    5.8   0.0    34    96    19    80     1    90 0.80 -
h1tg000033l:4041856-4042773   -            306 43683at33090         -            506   7.4e-18   62.0   0.0   2   3     1e-15   9.5e-15   51.8   0.0   104   197   110   209   101   220 0.84 -
h1tg000033l:4041856-4042773   -            306 43683at33090         -            506   7.4e-18   62.0   0.0   3   3       2.7        25    0.9   0.0   244   271   271   298   258   305 0.82 -
h1tg000029l:3044990-3046054   -            268 43683at33090         -            506   7.8e-18   61.9   0.0   1   1   9.8e-19   9.1e-18   61.7   0.0    80   215    43   192    36   256 0.78 -
h1tg000027l:1407445-1407945   -            167 43683at33090         -            506   8.5e-18   61.8   0.0   1   1     1e-18   9.4e-18   61.7   0.0    22   172     3   167     1   167 0.81 -
h1tg000006l:422700-423539     -            280 43683at33090         -            506   1.1e-17   61.5   0.0   1   1   1.8e-17   1.7e-16   57.5   0.0    49   273     3   249     1   257 0.68 -
h1tg000006l:803550-803840     -             97 43683at33090         -            506   1.1e-17   61.4   0.1   1   1   2.7e-18   2.5e-17   60.3   0.1   415   497     1    97     1    97 0.77 -
h1tg000001l:8055696-8056901   -            253 43683at33090         -            506   1.2e-17   61.3   0.0   1   1   1.6e-18   1.4e-17   61.1   0.0    68   261    25   231    11   248 0.80 -
h1tg000037l:6500402-6503693   -            996 43683at33090         -            506   1.2e-17   61.3   0.0   1   1   2.1e-18     2e-17   60.6   0.0    22   217   690   917   677   923 0.74 -
h1tg000045l:8601412-8601837   -            142 43683at33090         -            506   1.3e-17   61.3   0.0   1   1   1.5e-18   1.4e-17   61.1   0.0    21   147     2   141     1   142 0.87 -
h1tg000045l:3887417-3913057   -            484 43683at33090         -            506   1.6e-17   60.9   0.0   1   1   2.5e-18   2.4e-17   60.4   0.0    36   266    11   256     5   269 0.73 -
h1tg000045l:8567308-8567733   -            142 43683at33090         -            506   1.6e-17   60.9   0.0   1   1   1.9e-18   1.7e-17   60.8   0.0    21   147     2   141     1   142 0.87 -
h1tg000024l:7583505-7584405   -            262 43683at33090         -            506     2e-17   60.6   0.0   1   2   1.7e-17   1.6e-16   57.6   0.0    21   200     2   191     1   196 0.82 -
h1tg000024l:7583505-7584405   -            262 43683at33090         -            506     2e-17   60.6   0.0   2   2       2.5        23    1.0   0.0   239   266   234   261   216   262 0.83 -
h1tg000010l:14670998-14671678 -            227 43683at33090         -            506     2e-17   60.6   0.0   1   2   1.9e-05   0.00018   17.9   0.0    20    93     2    83     1   104 0.74 -
h1tg000010l:14670998-14671678 -            227 43683at33090         -            506     2e-17   60.6   0.0   2   2   1.9e-12   1.8e-11   41.0   0.0   113   197   132   220   118   224 0.80 -
h1tg000030l:5365716-5366522   -            269 43683at33090         -            506   2.6e-17   60.2   0.0   1   1   5.6e-18   5.2e-17   59.2   0.0    34   207    13   202     2   269 0.70 -
h1tg000025l:420062-420841     -            260 43683at33090         -            506   2.7e-17   60.2   0.0   1   1   3.5e-18   3.3e-17   59.9   0.0    35   214    48   248    39   253 0.67 -
h1tg000025l:11517649-11518242 -            198 43683at33090         -            506   2.8e-17   60.1   0.0   1   1   3.3e-18   3.1e-17   60.0   0.0    23   200     4   198     1   198 0.76 -
h1tg000034l:1892768-1895050   -            761 43683at33090         -            506   4.1e-17   59.6   0.0   1   1   6.4e-18     6e-17   59.0   0.0    17   148   595   744   584   754 0.82 -
h1tg000082l:105969-106418     -            150 43683at33090         -            506   7.4e-17   58.7   0.0   1   1   8.8e-18   8.2e-17   58.6   0.0    22   147     3   150     1   150 0.74 -
h1tg000021l:2597176-2597934   -            253 43683at33090         -            506     1e-16   58.2   0.0   1   1   1.2e-17   1.1e-16   58.1   0.0    36   208    24   207     2   236 0.78 -
h1tg000006l:2090385-2090819   -            145 43683at33090         -            506   1.3e-16   57.9   0.0   1   1   1.4e-17   1.3e-16   57.9   0.0    88   202     6   140     1   145 0.71 -
h1tg000021l:4411527-4412431   -            206 43683at33090         -            506   1.3e-16   57.9   0.0   1   1   1.7e-17   1.6e-16   57.6   0.0    18   197     3   200     1   203 0.70 -
h1tg000002l:11689322-11689765 -            148 43683at33090         -            506   1.7e-16   57.5   0.0   1   1     2e-17   1.8e-16   57.4   0.0    22   146     3   146     1   148 0.81 -
h1tg000020l:6410723-6411478   -            252 43683at33090         -            506   1.8e-16   57.4   0.0   1   1   2.2e-17     2e-16   57.3   0.0    52   213    48   211     2   223 0.83 -
h1tg000038l:8023133-8023897   -            255 43683at33090         -            506   1.9e-16   57.4   0.0   1   1   2.2e-17     2e-16   57.3   0.0    52   202    39   198     1   252 0.78 -
h1tg000043l:3165045-3165332   -             96 43683at33090         -            506   2.7e-16   56.9   0.1   1   1   7.8e-17   7.2e-16   55.5   0.1   416   496     1    95     1    96 0.83 -
h1tg000032l:9316075-9318357   -            761 43683at33090         -            506   3.6e-16   56.4   0.0   1   1   5.2e-17   4.8e-16   56.0   0.0    19   148   611   759   602   761 0.80 -
h1tg000010l:8019794-8022795   -            969 43683at33090         -            506   3.7e-16   56.4   0.0   1   1   5.8e-17   5.4e-16   55.9   0.0    17   200   669   879   658   884 0.76 -
h1tg000008l:6349859-6350341   -            161 43683at33090         -            506   3.7e-16   56.4   0.1   1   1   4.9e-17   4.5e-16   56.1   0.1    37   153    33   158    23   160 0.85 -
h1tg000003l:11135725-11156185 -            259 43683at33090         -            506   3.9e-16   56.3   0.0   1   1   6.9e-17   6.4e-16   55.6   0.0    22   148    14   143     6   182 0.84 -
h1tg000003l:1163392-1165326   -            645 43683at33090         -            506   6.7e-16   55.6   0.0   1   1   9.2e-17   8.5e-16   55.2   0.0    15   172   471   642   459   645 0.77 -
h1tg000027l:253463-253894     -            144 43683at33090         -            506   7.7e-16   55.4   0.0   1   1   8.9e-17   8.3e-16   55.3   0.0    22   147     3   143     1   144 0.82 -
h1tg000027l:286938-287363     -            142 43683at33090         -            506   9.7e-16   55.0   0.0   1   1   1.1e-16     1e-15   54.9   0.0    22   146     3   142     1   142 0.83 -
h1tg000003l:1517585-1518049   -            155 43683at33090         -            506     1e-15   54.9   0.0   1   1   1.3e-16   1.2e-15   54.7   0.0    20   146     9   153     3   155 0.78 -
h1tg000002l:27234861-27235376 -            172 43683at33090         -            506   1.1e-15   54.9   0.0   1   1   2.6e-16   2.4e-15   53.7   0.0    49   154    39   166    17   169 0.71 -
h1tg000031l:11978424-11979158 -            245 43683at33090         -            506   1.4e-15   54.5   0.0   1   1   1.7e-16   1.6e-15   54.3   0.0    62   192   106   241    66   245 0.86 -
h1tg000032l:618739-619203     -            155 43683at33090         -            506   1.5e-15   54.4   0.0   1   1   2.2e-16     2e-15   54.0   0.0   112   206    14   106     6   115 0.85 -
h1tg000038l:6794757-6798572   -            251 43683at33090         -            506   1.5e-15   54.4   0.0   1   1   2.4e-16   2.2e-15   53.8   0.0    35   195     6   167     2   178 0.81 -
h1tg000005l:1954461-1954892   -            144 43683at33090         -            506   2.1e-15   53.9   0.0   1   1   2.4e-16   2.3e-15   53.8   0.0    21   146     2   143     1   144 0.86 -
h1tg000012l:8366027-8366476   -            150 43683at33090         -            506   2.4e-15   53.7   0.0   1   1   2.9e-16   2.7e-15   53.6   0.0    22   146     3   149     1   150 0.74 -
h1tg000025l:6348072-6348506   -            145 43683at33090         -            506   2.7e-15   53.6   0.0   1   1     3e-16   2.8e-15   53.5   0.0    25   147     6   145     1   145 0.74 -
h1tg000005l:5775753-5776396   -            204 43683at33090         -            506   2.8e-15   53.5   0.0   1   1   3.9e-16   3.6e-15   53.1   0.0    18   197     7   184     2   200 0.77 -
h1tg000045l:8500880-8501317   -            146 43683at33090         -            506   3.2e-15   53.3   0.0   1   1   3.9e-16   3.6e-15   53.1   0.0    20   146     5   144     2   146 0.86 -
h1tg000024l:7565444-7567549   -            702 43683at33090         -            506     4e-15   53.0   0.0   1   1   6.2e-16   5.7e-15   52.5   0.0    18   148   535   685   521   693 0.82 -
h1tg000002l:27835697-27836167 -            157 43683at33090         -            506   4.4e-15   52.8   0.0   1   1   6.6e-16   6.2e-15   52.4   0.0    35   147    21   156     1   157 0.70 -
h1tg000045l:8490255-8572852   -            541 43683at33090         -            506   7.1e-15   52.2   0.0   1   1   1.1e-15     1e-14   51.7   0.0    19   147   395   536   381   539 0.88 -
h1tg000045l:3271546-3272085   -            180 43683at33090         -            506   8.7e-15   51.9   0.0   1   2   2.6e-06   2.4e-05   20.8   0.0    34    93     7    66     3    71 0.94 -
h1tg000045l:3271546-3272085   -            180 43683at33090         -            506   8.7e-15   51.9   0.0   2   2   6.3e-09   5.9e-08   29.4   0.0   100   151   111   167    84   179 0.75 -
h1tg000003l:1473981-1474439   -            153 43683at33090         -            506   1.4e-14   51.2   0.0   1   1   1.8e-15   1.6e-14   51.0   0.0    20   146     7   151     2   153 0.78 -
h1tg000006l:3327831-3328283   -            151 43683at33090         -            506   2.1e-14   50.6   0.0   1   1   2.6e-15   2.5e-14   50.4   0.0    37   146    33   151    23   151 0.85 -
h1tg000033l:5311560-5313745   -            197 43683at33090         -            506   2.7e-14   50.3   0.1   1   1   5.6e-15   5.2e-14   49.3   0.1    17   149     5   153     1   158 0.77 -
h1tg000021l:2644592-2646652   -            687 43683at33090         -            506   2.8e-14   50.2   0.0   1   1   4.1e-15   3.8e-14   49.8   0.0    17   135   555   687   544   687 0.86 -
h1tg000047l:9477634-9480770   -            964 43683at33090         -            506   3.1e-14   50.1   0.0   1   2   1.6e-10   1.5e-09   34.6   0.0    15   139   729   861   722   865 0.80 -
h1tg000047l:9477634-9480770   -            964 43683at33090         -            506   3.1e-14   50.1   0.0   2   2    0.0003    0.0028   13.9   0.0   176   201   863   888   860   962 0.88 -
h1tg000022l:7529880-7530659   -            260 43683at33090         -            506   3.8e-14   49.8   0.0   1   1   5.6e-15   5.2e-14   49.3   0.0   111   208   110   213    26   220 0.83 -
h1tg000031l:23050196-23051200 -            335 43683at33090         -            506     4e-14   49.7   0.0   1   1   1.4e-14   1.3e-13   48.0   0.0    36   198    47   240    22   261 0.77 -
h1tg000038l:2152091-2152999   -            303 43683at33090         -            506   4.7e-14   49.5   0.0   1   1   7.2e-15   6.7e-14   49.0   0.0    79   206    71   206    67   221 0.78 -
h1tg000039l:2815911-2818895   -            923 43683at33090         -            506   5.2e-14   49.3   0.0   1   2   8.8e-11   8.1e-10   35.5   0.0    19   135   686   817   675   820 0.82 -
h1tg000039l:2815911-2818895   -            923 43683at33090         -            506   5.2e-14   49.3   0.0   2   2    0.0015     0.013   11.7   0.0   180   223   827   871   824   921 0.77 -
h1tg000038l:7485919-7488057   -            713 43683at33090         -            506   5.9e-14   49.1   0.0   1   1   8.4e-15   7.8e-14   48.8   0.0    20   135   586   713   571   713 0.84 -
h1tg000039l:2790970-2794101   -           1044 43683at33090         -            506   6.1e-14   49.1   0.0   1   2   1.4e-10   1.3e-09   34.8   0.0    20   175   681   867   671   880 0.70 -
h1tg000039l:2790970-2794101   -           1044 43683at33090         -            506   6.1e-14   49.1   0.0   2   2    0.0012     0.011   12.0   0.0   179   213   924   959   919   968 0.88 -
h1tg000019l:9181221-9183410   -            730 43683at33090         -            506   8.2e-14   48.7   0.0   1   1   1.2e-14   1.1e-13   48.2   0.0    17   135   599   730   587   730 0.82 -
h1tg000032l:3128704-3129258   -            185 43683at33090         -            506     2e-13   47.4   0.1   1   2   2.2e-07   2.1e-06   24.3   0.0    34    96     7    69     4   106 0.81 -
h1tg000032l:3128704-3129258   -            185 43683at33090         -            506     2e-13   47.4   0.1   2   2   1.5e-06   1.4e-05   21.5   0.0   105   147   134   183   114   185 0.76 -
h1tg000020l:2534897-2539235   -            219 43683at33090         -            506   2.1e-13   47.4   0.1   1   2   6.5e-14     6e-13   45.8   0.0    17   149     4   152     1   156 0.77 -
h1tg000020l:2534897-2539235   -            219 43683at33090         -            506   2.1e-13   47.4   0.1   2   2       9.5        88   -0.9   0.0   178   198   153   173   151   180 0.88 -
h1tg000022l:2168324-2169430   -            369 43683at33090         -            506   2.2e-13   47.3   0.0   1   2   5.5e-08   5.1e-07   26.3   0.0    44   147    48   162    32   169 0.73 -
h1tg000022l:2168324-2169430   -            369 43683at33090         -            506   2.2e-13   47.3   0.0   2   2   8.9e-06   8.2e-05   19.0   0.0   157   214   227   286   217   327 0.88 -
h1tg000036l:1073114-1075564   -            817 43683at33090         -            506   3.1e-13   46.7   0.0   1   1   4.6e-14   4.3e-13   46.3   0.0    15   149   643   795   631   815 0.72 -
h1tg000025l:1965769-1980226   -            455 43683at33090         -            506   3.4e-13   46.6   0.0   1   1     5e-14   4.6e-13   46.2   0.0    35   196    59   232    31   244 0.75 -
h1tg000002l:17597461-17597892 -            144 43683at33090         -            506   3.9e-13   46.5   0.0   1   1   4.4e-14     4e-13   46.4   0.0    27   146     5   142     1   144 0.74 -
h1tg000019l:14657044-14657556 -            171 43683at33090         -            506   4.7e-13   46.2   0.0   1   2   1.2e-06   1.1e-05   21.8   0.0   115   146     7    42     3    55 0.80 -
h1tg000019l:14657044-14657556 -            171 43683at33090         -            506   4.7e-13   46.2   0.0   2   2     7e-07   6.5e-06   22.6   0.0   159   201   127   171   103   171 0.76 -
h1tg000003l:4332131-4332886   -            252 43683at33090         -            506   4.8e-13   46.1   0.0   1   1   7.5e-14   6.9e-13   45.6   0.0    61   203    62   226    23   232 0.75 -
h1tg000023l:1481511-1482758   -            132 43683at33090         -            506   5.1e-13   46.1   0.0   1   1   6.5e-14     6e-13   45.8   0.0   114   198    22   108     9   115 0.82 -
h1tg000006l:4045214-4046195   -            263 43683at33090         -            506   5.1e-13   46.0   0.0   1   1   7.1e-14   6.6e-13   45.7   0.0    35   263    21   261     6   263 0.69 -
h1tg000037l:5102899-5103612   -            238 43683at33090         -            506   5.2e-13   46.0   0.0   1   2   4.3e-06     4e-05   20.0   0.0   115   146     5    40     2    48 0.79 -
h1tg000037l:5102899-5103612   -            238 43683at33090         -            506   5.2e-13   46.0   0.0   2   2   2.7e-07   2.5e-06   24.0   0.0   161   215   125   182   111   193 0.83 -
h1tg000031l:7529828-7531882   -            685 43683at33090         -            506   5.9e-13   45.8   0.0   1   1   8.5e-14   7.9e-13   45.4   0.0    17   135   553   685   542   685 0.85 -
h1tg000025l:4408168-4409016   -            283 43683at33090         -            506   6.8e-13   45.6   0.0   1   1   9.5e-14   8.8e-13   45.3   0.0    79   198    68   193    22   208 0.75 -
h1tg000078l:275537-276199     -            123 43683at33090         -            506   6.9e-13   45.6   0.0   1   1     9e-14   8.3e-13   45.4   0.0   114   197     6    91     3   108 0.82 -
h1tg000010l:3728320-3728643   -            108 43683at33090         -            506   7.5e-13   45.5   0.0   1   1   9.4e-14   8.8e-13   45.3   0.0   114   197    10    96     3   105 0.83 -
h1tg000021l:2875960-2892607   -            291 43683at33090         -            506   8.3e-13   45.4   0.0   1   1   1.3e-13   1.2e-12   44.8   0.0    79   208    81   218    19   231 0.75 -
h1tg000023l:13883984-13885995 -            166 43683at33090         -            506     1e-12   45.0   0.0   1   2     0.026      0.24    7.5   0.0    18    70     6    65     1    67 0.79 -
h1tg000023l:13883984-13885995 -            166 43683at33090         -            506     1e-12   45.0   0.0   2   2   7.2e-11   6.7e-10   35.8   0.0   115   196    67   147    65   157 0.80 -
h1tg000014l:722526-722822     -             99 43683at33090         -            506   1.2e-12   44.9   0.0   1   1   1.5e-13   1.4e-12   44.6   0.0   114   195     6    89     2    95 0.82 -
h1tg000033l:6247411-6247752   -            114 43683at33090         -            506   1.2e-12   44.8   0.0   1   1   1.5e-13   1.4e-12   44.6   0.0   108   188    25   114    14   114 0.78 -
h1tg000022l:4572848-4573162   -            105 43683at33090         -            506   1.5e-12   44.5   0.0   1   1   1.8e-13   1.7e-12   44.3   0.0   114   195    12    95     2   101 0.81 -
h1tg000026l:1496199-1496708   -            170 43683at33090         -            506   1.8e-12   44.2   0.0   1   2   1.8e-06   1.6e-05   21.3   0.0   114   146     6    42     3    51 0.80 -
h1tg000026l:1496199-1496708   -            170 43683at33090         -            506   1.8e-12   44.2   0.0   2   2   2.1e-06   1.9e-05   21.1   0.0   162   204   123   167   118   170 0.82 -
h1tg000025l:6374080-6376473   -            798 43683at33090         -            506   2.1e-12   44.0   0.0   1   1     3e-13   2.8e-12   43.6   0.0    17   135   668   798   656   798 0.82 -
h1tg000039l:1100563-1100799   -             79 43683at33090         -            506   2.2e-12   43.9   0.0   1   2      0.67       6.2    2.9   0.0   410   423     1    14     1    30 0.85 -
h1tg000039l:1100563-1100799   -             79 43683at33090         -            506   2.2e-12   43.9   0.0   2   2   5.1e-12   4.7e-11   39.6   0.0   421   464    33    76    27    78 0.94 -
h1tg000038l:2278728-2279021   -             98 43683at33090         -            506   2.8e-12   43.6   0.0   1   1   3.4e-13   3.2e-12   43.4   0.0   114   197     4    91     1    94 0.82 -
h1tg000022l:4386164-4386472   -            103 43683at33090         -            506   3.1e-12   43.5   0.0   1   1   3.8e-13   3.5e-12   43.3   0.0   114   196    10    94     2   100 0.80 -
h1tg000038l:7103783-7106368   -            199 43683at33090         -            506   3.2e-12   43.4   0.0   1   1   6.5e-13     6e-12   42.5   0.0    19   149     7   152     1   157 0.75 -
h1tg000033l:6354612-6355094   -            161 43683at33090         -            506   3.3e-12   43.4   0.0   1   1   4.1e-13   3.8e-12   43.2   0.0    20   149     2   148     1   153 0.77 -
h1tg000002l:5514655-5515398   -            248 43683at33090         -            506   3.7e-12   43.2   0.0   1   1   5.2e-13   4.9e-12   42.8   0.0   111   198    54   144    44   171 0.78 -
h1tg000010l:26768753-26769283 -            177 43683at33090         -            506   3.8e-12   43.2   0.0   1   1   4.7e-13   4.4e-12   43.0   0.0   115   197     4    89     1   112 0.79 -
h1tg000014l:463525-464340     -            272 43683at33090         -            506   4.1e-12   43.1   0.0   1   1   5.5e-13   5.1e-12   42.8   0.0    35   202    28   202     3   271 0.76 -
h1tg000003l:361271-361597     -            109 43683at33090         -            506   6.8e-12   42.3   0.0   1   1   8.4e-13   7.8e-12   42.2   0.0   114   198    10    98     2   107 0.81 -
h1tg000045l:6617061-6617372   -            104 43683at33090         -            506   9.4e-12   41.9   0.0   1   1   1.2e-12   1.1e-11   41.7   0.0   114   197    10    97     3   102 0.86 -
h1tg000020l:1921045-1921374   -            110 43683at33090         -            506   1.1e-11   41.7   0.0   1   1   1.4e-12   1.3e-11   41.4   0.0   114   198    10    98     3   106 0.82 -
h1tg000005l:10784609-10787395 -            929 43683at33090         -            506   1.2e-11   41.6   0.0   1   1   1.7e-12   1.5e-11   41.2   0.0    22   135   807   929   793   929 0.87 -
h1tg000023l:8185691-8186437   -            249 43683at33090         -            506   1.4e-11   41.3   0.0   1   2   3.2e-05    0.0003   17.1   0.0   116   146     1    35     1    43 0.79 -
h1tg000023l:8185691-8186437   -            249 43683at33090         -            506   1.4e-11   41.3   0.0   2   2     9e-07   8.4e-06   22.3   0.0   161   206   123   170   112   183 0.80 -
h1tg000022l:3044174-3045181   -            336 43683at33090         -            506   1.8e-11   41.0   0.1   1   2   2.7e-06   2.5e-05   20.7   0.0    45   137    20   124     8   136 0.78 -
h1tg000022l:3044174-3045181   -            336 43683at33090         -            506   1.8e-11   41.0   0.1   2   2   3.1e-05   0.00029   17.2   0.0   165   201   197   235   190   256 0.84 -
h1tg000023l:4998611-4999051   -            147 43683at33090         -            506   1.8e-11   40.9   0.0   1   1     2e-12   1.9e-11   40.9   0.0    23   147     5   147     1   147 0.74 -
h1tg000082l:104055-106370     -            772 43683at33090         -            506   2.3e-11   40.6   0.0   1   1   3.4e-12   3.1e-11   40.1   0.0    14   135   633   772   624   772 0.74 -
h1tg000012l:2231128-2233443   -            772 43683at33090         -            506   2.3e-11   40.6   0.0   1   1   3.4e-12   3.1e-11   40.1   0.0    14   135   633   772   624   772 0.74 -
h1tg000038l:9154116-9154451   -            112 43683at33090         -            506   2.9e-11   40.3   0.0   1   1   3.6e-12   3.4e-11   40.1   0.0   114   197    10    97     2   105 0.81 -
h1tg000011l:1244565-1244789   -             75 43683at33090         -            506   3.7e-11   39.9   0.0   1   1   5.3e-11   4.9e-10   36.2   0.0   422   462    35    75     1    75 0.95 -
h1tg000047l:2815892-2816209   -            106 43683at33090         -            506   3.8e-11   39.9   0.0   1   1   4.7e-12   4.3e-11   39.7   0.0   114   197    12    99     2   104 0.81 -
h1tg000031l:13315107-13315583 -            159 43683at33090         -            506     6e-11   39.2   0.0   1   1     7e-12   6.5e-11   39.1   0.0    37   139    41   145    28   159 0.86 -
h1tg000027l:202684-271639     -            724 43683at33090         -            506   1.2e-10   38.2   0.0   1   1   1.7e-11   1.6e-10   37.8   0.0    19   135   597   724   582   724 0.84 -
h1tg000033l:8440101-8440409   -            103 43683at33090         -            506   1.3e-10   38.1   0.0   1   1   1.7e-11   1.5e-10   37.9   0.0   106   199     3    97     1   100 0.79 -
h1tg000029l:6689025-6689270   -             82 43683at33090         -            506   2.4e-10   37.3   0.0   1   2         3        28    0.7   0.0   410   422     1    13     1    23 0.88 -
h1tg000029l:6689025-6689270   -             82 43683at33090         -            506   2.4e-10   37.3   0.0   2   2   1.6e-10   1.5e-09   34.6   0.0   421   462    33    74    29    81 0.93 -
h1tg000007l:369914-371010     -            209 43683at33090         -            506   6.6e-10   35.8   0.0   1   1   9.8e-11   9.1e-10   35.3   0.0    20   187    13   197     6   203 0.64 -
h1tg000025l:5450943-5451179   -             79 43683at33090         -            506   7.8e-10   35.6   0.0   1   1   2.2e-10     2e-09   34.2   0.0   421   462    32    73    29    78 0.93 -
h1tg000047l:2295349-2295666   -            106 43683at33090         -            506   1.2e-09   35.0   0.0   1   1   1.4e-10   1.3e-09   34.8   0.0   114   197    12    99     2   104 0.80 -
h1tg000014l:3778651-3778956   -            102 43683at33090         -            506   1.2e-09   34.9   0.0   1   1   1.5e-10   1.4e-09   34.7   0.0   114   197    12    99     2   101 0.80 -
h1tg000014l:14985063-14987300 -            746 43683at33090         -            506   1.2e-09   34.9   0.0   1   1   1.8e-10   1.6e-09   34.5   0.0    17   135   608   746   597   746 0.75 -
h1tg000006l:9244922-9245239   -            106 43683at33090         -            506   1.5e-09   34.6   0.0   1   1   1.9e-10   1.8e-09   34.4   0.0   114   196    12    98     2   103 0.80 -
h1tg000002l:27671850-27674276 -            809 43683at33090         -            506   9.9e-09   31.9   0.0   1   1   1.9e-09   1.7e-08   31.1   0.0    35   135   689   809   659   809 0.69 -
h1tg000029l:9256104-9258461   -            786 43683at33090         -            506   2.1e-08   30.8   0.0   1   1   3.3e-09     3e-08   30.3   0.0    50   135   695   786   683   786 0.85 -
h1tg000005l:14766362-14766784 -            141 43683at33090         -            506   7.2e-07   25.8   0.0   1   1   8.5e-08   7.9e-07   25.6   0.0   106   194    48   140    22   141 0.84 -
h1tg000001l:17461515-17464263 -            317 43683at33090         -            506   3.8e-06   23.4   0.0   1   1   7.3e-07   6.7e-06   22.6   0.0   107   146   122   165    22   202 0.78 -
h1tg000033l:6867845-6872653   -            186 43683at33090         -            506    0.0055   13.0   0.0   1   1   0.00068    0.0063   12.8   0.0   114   136   164   186   117   186 0.80 -
#
# Program:         hmmsearch
# Version:         3.3.2 (Nov 2020)
# Pipeline mode:   SEARCH
# Query file:      /work/sablok/grapevineassemblies/assemblyhifiasm/busco_hifiasmtriobinning/busco_downloads/lineages/viridiplantae_odb10/hmms/43683at33090.hmm
# Target file:     /work/sablok/grapevineassemblies/assemblyhifiasm/busco_hifiasmtriobinning/maternalpaternal.asm.dip.hap1.p_ctg.fa.busco/run_viridiplantae_odb10/metaeuk_output/initial_results/maternalpaternal.asm.dip.hap1.p_ctg.fa.modified.fas
# Option settings: hmmsearch --domtblout /work/sablok/grapevineassemblies/assemblyhifiasm/busco_hifiasmtriobinning/maternalpaternal.asm.dip.hap1.p_ctg.fa.busco/run_viridiplantae_odb10/hmmer_output/initial_run_results/43683at33090.out --cpu 1 /work/sablok/grapevineassemblies/assemblyhifiasm/busco_hifiasmtriobinning/busco_downloads/lineages/viridiplantae_odb10/hmms/43683at33090.hmm /work/sablok/grapevineassemblies/assemblyhifiasm/busco_hifiasmtriobinning/maternalpaternal.asm.dip.hap1.p_ctg.fa.busco/run_viridiplantae_odb10/metaeuk_output/initial_results/maternalpaternal.asm.dip.hap1.p_ctg.fa.modified.fas 
# Current dir:     /work/sablok/grapevineassemblies/assemblyhifiasm/busco_hifiasmtriobinning
# Date:            Thu Apr 18 11:10:38 2024
# [ok]
