#                                                                                     --- full sequence --- -------------- this domain -------------   hmm coord   ali coord   env coord
# target name                 accession   tlen query name           accession   qlen   E-value  score  bias   #  of  c-Evalue  i-Evalue  score  bias  from    to  from    to  from    to  acc description of target
#         ------------------- ---------- ----- -------------------- ---------- ----- --------- ------ ----- --- --- --------- --------- ------ ----- ----- ----- ----- ----- ----- ----- ---- ---------------------
h1tg000022l:528011-539635     -            562 52795at33090         -            414  2.1e-202  670.0   6.9   1   2  1.4e-174  8.8e-172  569.1   3.7     1   372    72   496    72   503 0.89 -
h1tg000022l:528011-539635     -            562 52795at33090         -            414  2.1e-202  670.0   6.9   2   2   8.8e-32   5.3e-29   98.8   0.1   357   414   502   559   495   559 0.92 -
h1tg000008l:10933077-10933850 -            258 52795at33090         -            414   0.00024   17.6   0.1   1   1     5e-07    0.0003   17.3   0.1   248   349    84   186    63   219 0.79 -
h1tg000036l:2794964-2795737   -            258 52795at33090         -            414   0.00048   16.6   0.2   1   1     1e-06   0.00062   16.3   0.2   247   349    83   186    63   219 0.79 -
h1tg000010l:17568803-17569576 -            258 52795at33090         -            414   0.00057   16.4   0.1   1   1   1.2e-06   0.00073   16.0   0.1   248   349    84   186    63   219 0.79 -
h1tg000077l:3003237-3004010   -            258 52795at33090         -            414   0.00057   16.4   0.1   1   1   1.2e-06   0.00073   16.0   0.1   248   349    84   186    63   219 0.79 -
h1tg000006l:10494589-10495359 -            257 52795at33090         -            414     0.005   13.3   0.1   1   1   1.1e-05    0.0065   12.9   0.1   249   362    85   201    66   214 0.80 -
#
# Program:         hmmsearch
# Version:         3.3.2 (Nov 2020)
# Pipeline mode:   SEARCH
# Query file:      /work/sablok/grapevineassemblies/assemblyhifiasm/busco_hifiasmtriobinning/busco_downloads/lineages/viridiplantae_odb10/hmms/52795at33090.hmm
# Target file:     /work/sablok/grapevineassemblies/assemblyhifiasm/busco_hifiasmtriobinning/maternalpaternal.asm.dip.hap1.p_ctg.fa.busco/run_viridiplantae_odb10/metaeuk_output/initial_results/maternalpaternal.asm.dip.hap1.p_ctg.fa.modified.fas
# Option settings: hmmsearch --domtblout /work/sablok/grapevineassemblies/assemblyhifiasm/busco_hifiasmtriobinning/maternalpaternal.asm.dip.hap1.p_ctg.fa.busco/run_viridiplantae_odb10/hmmer_output/initial_run_results/52795at33090.out --cpu 1 /work/sablok/grapevineassemblies/assemblyhifiasm/busco_hifiasmtriobinning/busco_downloads/lineages/viridiplantae_odb10/hmms/52795at33090.hmm /work/sablok/grapevineassemblies/assemblyhifiasm/busco_hifiasmtriobinning/maternalpaternal.asm.dip.hap1.p_ctg.fa.busco/run_viridiplantae_odb10/metaeuk_output/initial_results/maternalpaternal.asm.dip.hap1.p_ctg.fa.modified.fas 
# Current dir:     /work/sablok/grapevineassemblies/assemblyhifiasm/busco_hifiasmtriobinning
# Date:            Thu Apr 18 11:10:20 2024
# [ok]
