#                                                                                     --- full sequence --- -------------- this domain -------------   hmm coord   ali coord   env coord
# target name                 accession   tlen query name           accession   qlen   E-value  score  bias   #  of  c-Evalue  i-Evalue  score  bias  from    to  from    to  from    to  acc description of target
#         ------------------- ---------- ----- -------------------- ---------- ----- --------- ------ ----- --- --- --------- --------- ------ ----- ----- ----- ----- ----- ----- ----- ---- ---------------------
h1tg000007l:14121670-14135577 -            940 53527at33090         -            719         0 1093.7  18.9   1   5   9.8e-19   1.8e-15   53.9   0.0     1    93    18   142    18   147 0.75 -
h1tg000007l:14121670-14135577 -            940 53527at33090         -            719         0 1093.7  18.9   2   5     0.092   1.7e+02   -2.2   0.0    13    47   175   214   163   242 0.75 -
h1tg000007l:14121670-14135577 -            940 53527at33090         -            719         0 1093.7  18.9   3   5  7.1e-158  1.3e-154  513.8   6.4    97   384   241   522   202   543 0.93 -
h1tg000007l:14121670-14135577 -            940 53527at33090         -            719         0 1093.7  18.9   4   5  3.5e-109  6.3e-106  352.9   0.2   377   577   554   774   551   774 0.93 -
h1tg000007l:14121670-14135577 -            940 53527at33090         -            719         0 1093.7  18.9   5   5   3.3e-57   6.1e-54  181.0   0.2   608   718   774   898   773   899 0.93 -
h1tg000025l:3497751-3510152   -            574 53527at33090         -            719   1.6e-37  126.7   0.0   1   2   7.7e-34   1.4e-30  103.8   0.0    97   402    83   395    75   402 0.81 -
h1tg000025l:3497751-3510152   -            574 53527at33090         -            719   1.6e-37  126.7   0.0   2   2   8.1e-09   1.5e-05   21.1   0.0   562   717   416   572   401   574 0.70 -
#
# Program:         hmmsearch
# Version:         3.3.2 (Nov 2020)
# Pipeline mode:   SEARCH
# Query file:      /work/sablok/grapevineassemblies/assemblyhifiasm/busco_hifiasmtriobinning/busco_downloads/lineages/viridiplantae_odb10/hmms/53527at33090.hmm
# Target file:     /work/sablok/grapevineassemblies/assemblyhifiasm/busco_hifiasmtriobinning/maternalpaternal.asm.dip.hap1.p_ctg.fa.busco/run_viridiplantae_odb10/metaeuk_output/initial_results/maternalpaternal.asm.dip.hap1.p_ctg.fa.modified.fas
# Option settings: hmmsearch --domtblout /work/sablok/grapevineassemblies/assemblyhifiasm/busco_hifiasmtriobinning/maternalpaternal.asm.dip.hap1.p_ctg.fa.busco/run_viridiplantae_odb10/hmmer_output/initial_run_results/53527at33090.out --cpu 1 /work/sablok/grapevineassemblies/assemblyhifiasm/busco_hifiasmtriobinning/busco_downloads/lineages/viridiplantae_odb10/hmms/53527at33090.hmm /work/sablok/grapevineassemblies/assemblyhifiasm/busco_hifiasmtriobinning/maternalpaternal.asm.dip.hap1.p_ctg.fa.busco/run_viridiplantae_odb10/metaeuk_output/initial_results/maternalpaternal.asm.dip.hap1.p_ctg.fa.modified.fas 
# Current dir:     /work/sablok/grapevineassemblies/assemblyhifiasm/busco_hifiasmtriobinning
# Date:            Thu Apr 18 11:10:20 2024
# [ok]
