#                                                                                   --- full sequence --- -------------- this domain -------------   hmm coord   ali coord   env coord
# target name               accession   tlen query name           accession   qlen   E-value  score  bias   #  of  c-Evalue  i-Evalue  score  bias  from    to  from    to  from    to  acc description of target
#       ------------------- ---------- ----- -------------------- ---------- ----- --------- ------ ----- --- --- --------- --------- ------ ----- ----- ----- ----- ----- ----- ----- ---- ---------------------
h1tg000008l:2994968-3009120 -           1157 6512at33090          -            693  1.7e-240  797.8  28.5   1   6  1.6e-103  2.9e-100  334.3   0.5     1   256     4   309     4   311 0.88 -
h1tg000008l:2994968-3009120 -           1157 6512at33090          -            693  1.7e-240  797.8  28.5   2   6   2.1e-25   3.9e-22   76.1   0.9   250   310   330   391   319   405 0.91 -
h1tg000008l:2994968-3009120 -           1157 6512at33090          -            693  1.7e-240  797.8  28.5   3   6   4.7e-68   8.6e-65  217.1   0.4   305   446   415   562   401   569 0.94 -
h1tg000008l:2994968-3009120 -           1157 6512at33090          -            693  1.7e-240  797.8  28.5   4   6   2.7e-35   4.9e-32  108.8   0.2   445   511   663   729   654   744 0.90 -
h1tg000008l:2994968-3009120 -           1157 6512at33090          -            693  1.7e-240  797.8  28.5   5   6     6e-15   1.1e-11   41.6   0.2   584   631   792   842   764   851 0.81 -
h1tg000008l:2994968-3009120 -           1157 6512at33090          -            693  1.7e-240  797.8  28.5   6   6   2.3e-13   4.1e-10   36.4   0.2   629   685   895   960   877   965 0.78 -
h1tg000008l:3206985-3207224 -             80 6512at33090          -            693   0.00034   16.8   0.0   1   1     2e-07   0.00036   16.7   0.0   643   682     5    50     1    61 0.74 -
#
# Program:         hmmsearch
# Version:         3.3.2 (Nov 2020)
# Pipeline mode:   SEARCH
# Query file:      /work/sablok/grapevineassemblies/assemblyhifiasm/busco_hifiasmtriobinning/busco_downloads/lineages/viridiplantae_odb10/hmms/6512at33090.hmm
# Target file:     /work/sablok/grapevineassemblies/assemblyhifiasm/busco_hifiasmtriobinning/maternalpaternal.asm.dip.hap1.p_ctg.fa.busco/run_viridiplantae_odb10/metaeuk_output/initial_results/maternalpaternal.asm.dip.hap1.p_ctg.fa.modified.fas
# Option settings: hmmsearch --domtblout /work/sablok/grapevineassemblies/assemblyhifiasm/busco_hifiasmtriobinning/maternalpaternal.asm.dip.hap1.p_ctg.fa.busco/run_viridiplantae_odb10/hmmer_output/initial_run_results/6512at33090.out --cpu 1 /work/sablok/grapevineassemblies/assemblyhifiasm/busco_hifiasmtriobinning/busco_downloads/lineages/viridiplantae_odb10/hmms/6512at33090.hmm /work/sablok/grapevineassemblies/assemblyhifiasm/busco_hifiasmtriobinning/maternalpaternal.asm.dip.hap1.p_ctg.fa.busco/run_viridiplantae_odb10/metaeuk_output/initial_results/maternalpaternal.asm.dip.hap1.p_ctg.fa.modified.fas 
# Current dir:     /work/sablok/grapevineassemblies/assemblyhifiasm/busco_hifiasmtriobinning
# Date:            Thu Apr 18 11:10:20 2024
# [ok]
