#                                                                                     --- full sequence --- -------------- this domain -------------   hmm coord   ali coord   env coord
# target name                 accession   tlen query name           accession   qlen   E-value  score  bias   #  of  c-Evalue  i-Evalue  score  bias  from    to  from    to  from    to  acc description of target
#         ------------------- ---------- ----- -------------------- ---------- ----- --------- ------ ----- --- --- --------- --------- ------ ----- ----- ----- ----- ----- ----- ----- ---- ---------------------
h1tg000006l:786868-794324     -            593 88771at33090         -            397  1.7e-164  545.1  16.1   1   2  3.5e-162  3.8e-160  530.8  12.7     7   380    68   533    60   538 0.86 -
h1tg000006l:786868-794324     -            593 88771at33090         -            397  1.7e-164  545.1  16.1   2   2   8.1e-05    0.0087   12.7   0.1   378   397   566   585   558   585 0.91 -
h1tg000045l:2423208-2425739   -            844 88771at33090         -            397   1.4e-23   81.1   0.0   1  10      0.41        44    0.5   0.0    27    79   147   198   140   203 0.80 -
h1tg000045l:2423208-2425739   -            844 88771at33090         -            397   1.4e-23   81.1   0.0   2  10   1.9e-08     2e-06   24.6   0.0    25    81   215   270   209   277 0.89 -
h1tg000045l:2423208-2425739   -            844 88771at33090         -            397   1.4e-23   81.1   0.0   3  10     0.014       1.4    5.4   0.0    39    77   299   336   286   341 0.78 -
h1tg000045l:2423208-2425739   -            844 88771at33090         -            397   1.4e-23   81.1   0.0   4  10     0.022       2.3    4.7   0.0    36    80   331   374   328   382 0.87 -
h1tg000045l:2423208-2425739   -            844 88771at33090         -            397   1.4e-23   81.1   0.0   5  10     0.041       4.4    3.8   0.0    30    80   395   444   385   450 0.86 -
h1tg000045l:2423208-2425739   -            844 88771at33090         -            397   1.4e-23   81.1   0.0   6  10   0.00043     0.046   10.3   0.0    33    82   503   551   496   568 0.88 -
h1tg000045l:2423208-2425739   -            844 88771at33090         -            397   1.4e-23   81.1   0.0   7  10      0.64        69   -0.2   0.0    54    73   558   577   556   580 0.88 -
h1tg000045l:2423208-2425739   -            844 88771at33090         -            397   1.4e-23   81.1   0.0   8  10    0.0013      0.14    8.6   0.0    34    83   574   625   566   639 0.81 -
h1tg000045l:2423208-2425739   -            844 88771at33090         -            397   1.4e-23   81.1   0.0   9  10     0.042       4.5    3.7   0.0    52    80   720   748   700   754 0.81 -
h1tg000045l:2423208-2425739   -            844 88771at33090         -            397   1.4e-23   81.1   0.0  10  10    0.0058      0.62    6.6   0.1    27    79   766   817   761   839 0.87 -
h1tg000037l:8325919-8327787   -            623 88771at33090         -            397   2.9e-21   73.5   0.0   1   9    0.0032      0.34    7.4   0.0    50    83   117   150    66   154 0.84 -
h1tg000037l:8325919-8327787   -            623 88771at33090         -            397   2.9e-21   73.5   0.0   2   9     0.017       1.8    5.0   0.0    34    82   172   219   159   224 0.87 -
h1tg000037l:8325919-8327787   -            623 88771at33090         -            397   2.9e-21   73.5   0.0   3   9     0.027       2.9    4.4   0.0    53    81   225   253   221   260 0.90 -
h1tg000037l:8325919-8327787   -            623 88771at33090         -            397   2.9e-21   73.5   0.0   4   9    0.0037       0.4    7.2   0.0    54    82   261   289   257   294 0.92 -
h1tg000037l:8325919-8327787   -            623 88771at33090         -            397   2.9e-21   73.5   0.0   5   9      0.13        14    2.1   0.0    53    78   295   320   286   329 0.81 -
h1tg000037l:8325919-8327787   -            623 88771at33090         -            397   2.9e-21   73.5   0.0   6   9     6e-07   6.5e-05   19.7   0.0    27    86   340   398   329   410 0.85 -
h1tg000037l:8325919-8327787   -            623 88771at33090         -            397   2.9e-21   73.5   0.0   7   9   0.00015     0.017   11.7   0.0    33    82   416   464   406   469 0.86 -
h1tg000037l:8325919-8327787   -            623 88771at33090         -            397   2.9e-21   73.5   0.0   8   9     0.097        10    2.5   0.0    41    83   494   535   479   549 0.79 -
h1tg000037l:8325919-8327787   -            623 88771at33090         -            397   2.9e-21   73.5   0.0   9   9      0.86        92   -0.6   0.0    27    69   549   591   539   606 0.71 -
h1tg000036l:1313517-1315355   -            613 88771at33090         -            397   1.5e-18   64.6   0.0   1   7     0.009      0.96    5.9   0.0    31    82    80   129    71   138 0.86 -
h1tg000036l:1313517-1315355   -            613 88771at33090         -            397   1.5e-18   64.6   0.0   2   7   2.3e-06   0.00024   17.8   0.0    26    81   144   198   133   204 0.85 -
h1tg000036l:1313517-1315355   -            613 88771at33090         -            397   1.5e-18   64.6   0.0   3   7    0.0018      0.19    8.3   0.0    34    79   306   350   286   357 0.84 -
h1tg000036l:1313517-1315355   -            613 88771at33090         -            397   1.5e-18   64.6   0.0   4   7      0.02       2.1    4.8   0.0    36    81   378   422   364   429 0.80 -
h1tg000036l:1313517-1315355   -            613 88771at33090         -            397   1.5e-18   64.6   0.0   5   7   0.00011     0.011   12.3   0.0    34    82   446   493   431   505 0.86 -
h1tg000036l:1313517-1315355   -            613 88771at33090         -            397   1.5e-18   64.6   0.0   6   7       1.7   1.9e+02   -1.6   0.0    54    81   500   527   495   531 0.90 -
h1tg000036l:1313517-1315355   -            613 88771at33090         -            397   1.5e-18   64.6   0.0   7   7    0.0063      0.67    6.4   0.0    52    80   533   561   512   568 0.82 -
h1tg000014l:79082-81370       -            763 88771at33090         -            397   1.6e-16   57.9   0.0   1   8   0.00081     0.087    9.4   0.0    26    80   171   224   166   232 0.88 -
h1tg000014l:79082-81370       -            763 88771at33090         -            397   1.6e-16   57.9   0.0   2   8   6.3e-05    0.0068   13.0   0.0    39    82   254   296   238   307 0.86 -
h1tg000014l:79082-81370       -            763 88771at33090         -            397   1.6e-16   57.9   0.0   3   8      0.19        21    1.6   0.0    54    80   303   329   297   336 0.91 -
h1tg000014l:79082-81370       -            763 88771at33090         -            397   1.6e-16   57.9   0.0   4   8    0.0023      0.24    7.9   0.0    39    81   324   365   316   370 0.83 -
h1tg000014l:79082-81370       -            763 88771at33090         -            397   1.6e-16   57.9   0.0   5   8       1.4   1.5e+02   -1.2   0.0    54    80   408   434   393   446 0.84 -
h1tg000014l:79082-81370       -            763 88771at33090         -            397   1.6e-16   57.9   0.0   6   8     0.015       1.6    5.2   0.0    35    81   460   505   442   519 0.85 -
h1tg000014l:79082-81370       -            763 88771at33090         -            397   1.6e-16   57.9   0.0   7   8      0.13        14    2.2   0.0    35    79   530   573   517   588 0.74 -
h1tg000014l:79082-81370       -            763 88771at33090         -            397   1.6e-16   57.9   0.0   8   8    0.0035      0.38    7.3   0.0    35    80   664   708   647   718 0.85 -
h1tg000014l:3793265-3795262   -            666 88771at33090         -            397   1.9e-14   51.0   0.0   1   8      0.56        60    0.0   0.0    35    82    94   140    83   145 0.79 -
h1tg000014l:3793265-3795262   -            666 88771at33090         -            397   1.9e-14   51.0   0.0   2   8      0.13        14    2.2   0.0    55    92   145   182   141   189 0.88 -
h1tg000014l:3793265-3795262   -            666 88771at33090         -            397   1.9e-14   51.0   0.0   3   8     0.025       2.7    4.5   0.0    35    79   307   350   285   359 0.86 -
h1tg000014l:3793265-3795262   -            666 88771at33090         -            397   1.9e-14   51.0   0.0   4   8     0.018         2    4.9   0.0    33    76   340   382   331   398 0.84 -
h1tg000014l:3793265-3795262   -            666 88771at33090         -            397   1.9e-14   51.0   0.0   5   8    0.0043      0.46    7.0   0.0    28    81   404   457   399   464 0.78 -
h1tg000014l:3793265-3795262   -            666 88771at33090         -            397   1.9e-14   51.0   0.0   6   8    0.0078      0.83    6.1   0.0    53    84   480   511   468   545 0.91 -
h1tg000014l:3793265-3795262   -            666 88771at33090         -            397   1.9e-14   51.0   0.0   7   8   4.1e-05    0.0044   13.6   0.0    33    80   566   612   553   616 0.87 -
h1tg000014l:3793265-3795262   -            666 88771at33090         -            397   1.9e-14   51.0   0.0   8   8     0.011       1.2    5.6   0.0    45    84   612   651   610   659 0.90 -
h1tg000038l:2784163-2786127   -            655 88771at33090         -            397   1.5e-13   48.1   0.0   1   9      0.25        27    1.2   0.0    39    81   138   179   118   192 0.77 -
h1tg000038l:2784163-2786127   -            655 88771at33090         -            397   1.5e-13   48.1   0.0   2   9      0.99   1.1e+02   -0.8   0.0    53    83   186   216   180   219 0.90 -
h1tg000038l:2784163-2786127   -            655 88771at33090         -            397   1.5e-13   48.1   0.0   3   9    0.0073      0.78    6.2   0.0    53    79   220   246   215   253 0.88 -
h1tg000038l:2784163-2786127   -            655 88771at33090         -            397   1.5e-13   48.1   0.0   4   9    0.0075       0.8    6.2   0.0    24    82   297   354   294   357 0.84 -
h1tg000038l:2784163-2786127   -            655 88771at33090         -            397   1.5e-13   48.1   0.0   5   9    0.0037       0.4    7.2   0.0    39    78   347   385   331   394 0.81 -
h1tg000038l:2784163-2786127   -            655 88771at33090         -            397   1.5e-13   48.1   0.0   6   9     0.021       2.2    4.7   0.0    54    82   396   424   390   431 0.91 -
h1tg000038l:2784163-2786127   -            655 88771at33090         -            397   1.5e-13   48.1   0.0   7   9      0.52        55    0.1   0.0    53    77   430   454   422   464 0.83 -
h1tg000038l:2784163-2786127   -            655 88771at33090         -            397   1.5e-13   48.1   0.0   8   9     0.016       1.7    5.1   0.0    50    82   462   494   438   516 0.78 -
h1tg000038l:2784163-2786127   -            655 88771at33090         -            397   1.5e-13   48.1   0.0   9   9     0.014       1.6    5.3   0.0    23    94   542   618   522   625 0.70 -
h1tg000020l:1325716-1327815   -            700 88771at33090         -            397   1.2e-12   45.1   0.0   1   7       1.4   1.5e+02   -1.3   0.0    28    68    99   139    91   145 0.77 -
h1tg000020l:1325716-1327815   -            700 88771at33090         -            397   1.2e-12   45.1   0.0   2   7     0.019       2.1    4.8   0.0    36    82   143   188   126   207 0.81 -
h1tg000020l:1325716-1327815   -            700 88771at33090         -            397   1.2e-12   45.1   0.0   3   7     0.015       1.7    5.2   0.0    35    81   212   257   190   264 0.85 -
h1tg000020l:1325716-1327815   -            700 88771at33090         -            397   1.2e-12   45.1   0.0   4   7   1.4e-05    0.0015   15.2   0.0    29    91   309   371   288   388 0.77 -
h1tg000020l:1325716-1327815   -            700 88771at33090         -            397   1.2e-12   45.1   0.0   5   7     0.009      0.96    5.9   0.0    33    80   384   430   373   445 0.84 -
h1tg000020l:1325716-1327815   -            700 88771at33090         -            397   1.2e-12   45.1   0.0   6   7     0.072       7.8    3.0   0.0    42    91   533   581   521   595 0.76 -
h1tg000020l:1325716-1327815   -            700 88771at33090         -            397   1.2e-12   45.1   0.0   7   7      0.42        45    0.4   0.0    35    68   666   698   653   700 0.78 -
h1tg000033l:8844599-8845480   -            294 88771at33090         -            397   1.4e-12   44.9   0.0   1   5    0.0016      0.18    8.4   0.0    30    80    31    80    21    86 0.87 -
h1tg000033l:8844599-8845480   -            294 88771at33090         -            397   1.4e-12   44.9   0.0   2   5   0.00054     0.058   10.0   0.0    33    79   104   149    91   158 0.84 -
h1tg000033l:8844599-8845480   -            294 88771at33090         -            397   1.4e-12   44.9   0.0   3   5     0.011       1.1    5.7   0.0    34    79   175   219   163   227 0.83 -
h1tg000033l:8844599-8845480   -            294 88771at33090         -            397   1.4e-12   44.9   0.0   4   5     0.075         8    2.9   0.0    53    80   228   255   222   261 0.89 -
h1tg000033l:8844599-8845480   -            294 88771at33090         -            397   1.4e-12   44.9   0.0   5   5   1.9e-05    0.0021   14.7   0.0    35    80   246   292   235   294 0.85 -
h1tg000045l:1791848-1794376   -            843 88771at33090         -            397     3e-12   43.8   0.0   1  12   0.00015     0.016   11.8   0.0    24    83   130   189   127   198 0.87 -
h1tg000045l:1791848-1794376   -            843 88771at33090         -            397     3e-12   43.8   0.0   2  12       1.6   1.7e+02   -1.5   0.0    53    78   194   219   186   232 0.87 -
h1tg000045l:1791848-1794376   -            843 88771at33090         -            397     3e-12   43.8   0.0   3  12      0.58        62   -0.0   0.0    39    81   286   327   272   336 0.80 -
h1tg000045l:1791848-1794376   -            843 88771at33090         -            397     3e-12   43.8   0.0   4  12     0.092       9.9    2.6   0.0    35    81   317   362   306   366 0.86 -
h1tg000045l:1791848-1794376   -            843 88771at33090         -            397     3e-12   43.8   0.0   5  12      0.12        13    2.2   0.0    33    79   350   395   336   409 0.81 -
h1tg000045l:1791848-1794376   -            843 88771at33090         -            397     3e-12   43.8   0.0   6  12      0.91        98   -0.7   0.0    42    81   394   432   374   439 0.80 -
h1tg000045l:1791848-1794376   -            843 88771at33090         -            397     3e-12   43.8   0.0   7  12       1.1   1.2e+02   -1.0   0.0    41    77   428   463   411   471 0.76 -
h1tg000045l:1791848-1794376   -            843 88771at33090         -            397     3e-12   43.8   0.0   8  12     0.036       3.9    3.9   0.0    37    79   494   535   490   543 0.84 -
h1tg000045l:1791848-1794376   -            843 88771at33090         -            397     3e-12   43.8   0.0   9  12    0.0025      0.27    7.8   0.0    33    80   525   571   516   578 0.85 -
h1tg000045l:1791848-1794376   -            843 88771at33090         -            397     3e-12   43.8   0.0  10  12      0.01       1.1    5.8   0.0    31    77   593   638   584   647 0.84 -
h1tg000045l:1791848-1794376   -            843 88771at33090         -            397     3e-12   43.8   0.0  11  12         4   4.3e+02   -2.8   0.0    53    81   649   677   637   682 0.88 -
h1tg000045l:1791848-1794376   -            843 88771at33090         -            397     3e-12   43.8   0.0  12  12      0.51        55    0.2   0.0    32    81   699   746   689   753 0.77 -
h1tg000002l:23446936-23454999 -           1159 88771at33090         -            397   2.7e-11   40.7   0.0   1   6    0.0078      0.83    6.1   0.0    27    78   588   639   573   657 0.75 -
h1tg000002l:23446936-23454999 -           1159 88771at33090         -            397   2.7e-11   40.7   0.0   2   6    0.0088      0.94    6.0   0.0    25    80   796   850   772   854 0.83 -
h1tg000002l:23446936-23454999 -           1159 88771at33090         -            397   2.7e-11   40.7   0.0   3   6     0.065       6.9    3.1   0.0    36    76   842   881   833   888 0.86 -
h1tg000002l:23446936-23454999 -           1159 88771at33090         -            397   2.7e-11   40.7   0.0   4   6   7.2e-06   0.00077   16.1   0.0    33    78   909   953   896   964 0.86 -
h1tg000002l:23446936-23454999 -           1159 88771at33090         -            397   2.7e-11   40.7   0.0   5   6       1.5   1.7e+02   -1.4   0.0    35    73  1016  1053  1011  1065 0.85 -
h1tg000002l:23446936-23454999 -           1159 88771at33090         -            397   2.7e-11   40.7   0.0   6   6       0.1        11    2.5   0.0    40    82  1056  1097  1047  1106 0.84 -
h1tg000032l:11089117-11090811 -            565 88771at33090         -            397   3.4e-11   40.3   0.1   1   7    0.0026      0.28    7.7   0.0    24    82   138   196   117   201 0.82 -
h1tg000032l:11089117-11090811 -            565 88771at33090         -            397   3.4e-11   40.3   0.1   2   7       2.1   2.3e+02   -1.9   0.0    46    81   231   266   218   272 0.79 -
h1tg000032l:11089117-11090811 -            565 88771at33090         -            397   3.4e-11   40.3   0.1   3   7   0.00052     0.056   10.0   0.0    30    81   286   336   275   343 0.84 -
h1tg000032l:11089117-11090811 -            565 88771at33090         -            397   3.4e-11   40.3   0.1   4   7     0.059       6.4    3.2   0.0    44    81   369   406   350   414 0.88 -
h1tg000032l:11089117-11090811 -            565 88771at33090         -            397   3.4e-11   40.3   0.1   5   7         2   2.2e+02   -1.8   0.0    60    81   420   441   406   458 0.81 -
h1tg000032l:11089117-11090811 -            565 88771at33090         -            397   3.4e-11   40.3   0.1   6   7   0.00029     0.032   10.8   0.0    27    79   458   509   443   529 0.82 -
h1tg000032l:11089117-11090811 -            565 88771at33090         -            397   3.4e-11   40.3   0.1   7   7       1.7   1.9e+02   -1.6   0.0    58    81   523   546   511   553 0.86 -
h1tg000022l:5235754-5238165   -            804 88771at33090         -            397   1.3e-10   38.4   0.0   1  10     0.023       2.4    4.6   0.0    35    82   140   186   131   191 0.83 -
h1tg000022l:5235754-5238165   -            804 88771at33090         -            397   1.3e-10   38.4   0.0   2  10      0.13        14    2.1   0.0    55    78   194   217   189   220 0.91 -
h1tg000022l:5235754-5238165   -            804 88771at33090         -            397   1.3e-10   38.4   0.0   3  10     0.093        10    2.6   0.0    46    79   220   253   217   272 0.79 -
h1tg000022l:5235754-5238165   -            804 88771at33090         -            397   1.3e-10   38.4   0.0   4  10      0.45        49    0.3   0.0    28    79   308   358   282   369 0.71 -
h1tg000022l:5235754-5238165   -            804 88771at33090         -            397   1.3e-10   38.4   0.0   5  10     0.026       2.7    4.4   0.0    38    80   388   429   374   437 0.85 -
h1tg000022l:5235754-5238165   -            804 88771at33090         -            397   1.3e-10   38.4   0.0   6  10     0.099        11    2.5   0.0    39    78   424   462   418   472 0.82 -
h1tg000022l:5235754-5238165   -            804 88771at33090         -            397   1.3e-10   38.4   0.0   7  10      0.46        49    0.3   0.0    37    81   457   500   444   508 0.78 -
h1tg000022l:5235754-5238165   -            804 88771at33090         -            397   1.3e-10   38.4   0.0   8  10     0.021       2.3    4.7   0.0    39    79   494   533   479   539 0.80 -
h1tg000022l:5235754-5238165   -            804 88771at33090         -            397   1.3e-10   38.4   0.0   9  10     0.034       3.7    4.0   0.0    33    73   628   667   618   682 0.81 -
h1tg000022l:5235754-5238165   -            804 88771at33090         -            397   1.3e-10   38.4   0.0  10  10      0.68        73   -0.3   0.0    55    80   718   743   713   753 0.86 -
h1tg000033l:5653090-5653872   -            261 88771at33090         -            397   1.8e-10   38.0   0.0   1   4    0.0099       1.1    5.8   0.0    22    69     7    54     2    88 0.73 -
h1tg000033l:5653090-5653872   -            261 88771at33090         -            397   1.8e-10   38.0   0.0   2   4   0.00035     0.038   10.6   0.0    30    82    86   137    78   143 0.86 -
h1tg000033l:5653090-5653872   -            261 88771at33090         -            397   1.8e-10   38.0   0.0   3   4      0.07       7.5    3.0   0.0    53    82   143   172   137   177 0.90 -
h1tg000033l:5653090-5653872   -            261 88771at33090         -            397   1.8e-10   38.0   0.0   4   4   3.1e-05    0.0033   14.0   0.0    33    81   194   242   182   251 0.87 -
h1tg000040l:7226439-7228961   -            841 88771at33090         -            397   2.3e-10   37.6   0.0   1   7      0.13        13    2.2   0.0    23    79   132   188   112   201 0.80 -
h1tg000040l:7226439-7228961   -            841 88771at33090         -            397   2.3e-10   37.6   0.0   2   7       1.1   1.2e+02   -1.0   0.0    55    80   304   329   267   337 0.79 -
h1tg000040l:7226439-7228961   -            841 88771at33090         -            397   2.3e-10   37.6   0.0   3   7     0.065       6.9    3.1   0.0    36    83   391   437   380   456 0.82 -
h1tg000040l:7226439-7228961   -            841 88771at33090         -            397   2.3e-10   37.6   0.0   4   7   0.00088     0.094    9.3   0.0    39    80   534   574   521   581 0.88 -
h1tg000040l:7226439-7228961   -            841 88771at33090         -            397   2.3e-10   37.6   0.0   5   7     0.002      0.21    8.1   0.0    23    81   552   610   549   617 0.82 -
h1tg000040l:7226439-7228961   -            841 88771at33090         -            397   2.3e-10   37.6   0.0   6   7    0.0072      0.77    6.3   0.0    31    78   596   642   587   649 0.83 -
h1tg000040l:7226439-7228961   -            841 88771at33090         -            397   2.3e-10   37.6   0.0   7   7      0.02       2.2    4.8   0.0    32    80   667   714   656   727 0.85 -
h1tg000002l:21356001-21358529 -            843 88771at33090         -            397   4.6e-10   36.6   0.0   1   8      0.19        20    1.6   0.0    32    82   139   188   119   198 0.82 -
h1tg000002l:21356001-21358529 -            843 88771at33090         -            397   4.6e-10   36.6   0.0   2   8     0.088       9.4    2.7   0.0    37    77   179   218   168   227 0.79 -
h1tg000002l:21356001-21358529 -            843 88771at33090         -            397   4.6e-10   36.6   0.0   3   8     0.032       3.4    4.1   0.0    54    84   265   298   253   301 0.80 -
h1tg000002l:21356001-21358529 -            843 88771at33090         -            397   4.6e-10   36.6   0.0   4   8     0.021       2.3    4.7   0.0    35    80   282   326   272   333 0.81 -
h1tg000002l:21356001-21358529 -            843 88771at33090         -            397   4.6e-10   36.6   0.0   5   8      0.51        55    0.2   0.0    53    81   404   432   375   445 0.89 -
h1tg000002l:21356001-21358529 -            843 88771at33090         -            397   4.6e-10   36.6   0.0   6   8     0.004      0.43    7.1   0.1    34    79   456   500   425   506 0.86 -
h1tg000002l:21356001-21358529 -            843 88771at33090         -            397   4.6e-10   36.6   0.0   7   8     0.015       1.6    5.2   0.0    33    79   525   570   501   585 0.81 -
h1tg000002l:21356001-21358529 -            843 88771at33090         -            397   4.6e-10   36.6   0.0   8   8      0.19        20    1.6   0.0    31    76   698   743   687   752 0.80 -
h1tg000016l:2198496-2200520   -            675 88771at33090         -            397   2.5e-09   34.2   0.0   1   8       1.2   1.3e+02   -1.1   0.0    46    78    24    55     9    65 0.75 -
h1tg000016l:2198496-2200520   -            675 88771at33090         -            397   2.5e-09   34.2   0.0   2   8     0.011       1.1    5.7   0.0    53    91    65   103    59   109 0.87 -
h1tg000016l:2198496-2200520   -            675 88771at33090         -            397   2.5e-09   34.2   0.0   3   8    0.0011      0.12    8.9   0.0    36    81    84   128    71   141 0.80 -
h1tg000016l:2198496-2200520   -            675 88771at33090         -            397   2.5e-09   34.2   0.0   4   8     0.059       6.3    3.2   0.0    34    84   117   166   108   181 0.78 -
h1tg000016l:2198496-2200520   -            675 88771at33090         -            397   2.5e-09   34.2   0.0   5   8       2.8     3e+02   -2.3   0.0    53    81   240   268   231   273 0.87 -
h1tg000016l:2198496-2200520   -            675 88771at33090         -            397   2.5e-09   34.2   0.0   6   8      0.74        80   -0.4   0.0    37    80   295   337   285   374 0.83 -
h1tg000016l:2198496-2200520   -            675 88771at33090         -            397   2.5e-09   34.2   0.0   7   8      0.02       2.2    4.8   0.0    32    82   429   478   416   483 0.80 -
h1tg000016l:2198496-2200520   -            675 88771at33090         -            397   2.5e-09   34.2   0.0   8   8     0.001      0.11    9.1   0.0    25    81   562   617   519   624 0.86 -
h1tg000012l:5380436-5382385   -            650 88771at33090         -            397   6.9e-09   32.7   0.0   1   8     0.077       8.2    2.9   0.0    34    79   177   221   165   227 0.80 -
h1tg000012l:5380436-5382385   -            650 88771at33090         -            397   6.9e-09   32.7   0.0   2   8      0.12        13    2.2   0.0    40    82   218   259   214   273 0.86 -
h1tg000012l:5380436-5382385   -            650 88771at33090         -            397   6.9e-09   32.7   0.0   3   8       0.1        11    2.5   0.0    38    81   286   328   270   334 0.84 -
h1tg000012l:5380436-5382385   -            650 88771at33090         -            397   6.9e-09   32.7   0.0   4   8      0.17        18    1.8   0.0    55    79   337   361   332   372 0.85 -
h1tg000012l:5380436-5382385   -            650 88771at33090         -            397   6.9e-09   32.7   0.0   5   8      0.19        20    1.6   0.0    34    79   387   431   373   443 0.81 -
h1tg000012l:5380436-5382385   -            650 88771at33090         -            397   6.9e-09   32.7   0.0   6   8    0.0088      0.94    6.0   0.0    36    81   459   503   446   509 0.83 -
h1tg000012l:5380436-5382385   -            650 88771at33090         -            397   6.9e-09   32.7   0.0   7   8      0.12        13    2.2   0.0    53    75   510   532   508   543 0.84 -
h1tg000012l:5380436-5382385   -            650 88771at33090         -            397   6.9e-09   32.7   0.0   8   8      0.23        25    1.3   0.0    54    81   581   608   552   622 0.82 -
h1tg000033l:5879531-5881417   -            629 88771at33090         -            397     8e-09   32.5   0.0   1   7     0.038       4.1    3.9   0.0    22    81   116   175    97   184 0.78 -
h1tg000033l:5879531-5881417   -            629 88771at33090         -            397     8e-09   32.5   0.0   2   7   0.00032     0.035   10.7   0.0    39    81   239   280   232   297 0.87 -
h1tg000033l:5879531-5881417   -            629 88771at33090         -            397     8e-09   32.5   0.0   3   7      0.38        40    0.6   0.0    39    77   309   348   283   382 0.69 -
h1tg000033l:5879531-5881417   -            629 88771at33090         -            397     8e-09   32.5   0.0   4   7     0.037       3.9    3.9   0.0    38    81   413   455   399   463 0.86 -
h1tg000033l:5879531-5881417   -            629 88771at33090         -            397     8e-09   32.5   0.0   5   7      0.37        40    0.6   0.0    39    76   484   520   461   532 0.78 -
h1tg000033l:5879531-5881417   -            629 88771at33090         -            397     8e-09   32.5   0.0   6   7      0.11        12    2.3   0.0    39    75   519   554   511   562 0.80 -
h1tg000033l:5879531-5881417   -            629 88771at33090         -            397     8e-09   32.5   0.0   7   7         3   3.2e+02   -2.4   0.0    35    71   585   620   575   625 0.79 -
h1tg000006l:19210523-19212292 -            590 88771at33090         -            397   1.6e-08   31.5   0.0   1   8     0.057       6.1    3.3   0.0    24    79    15    69    11    78 0.75 -
h1tg000006l:19210523-19212292 -            590 88771at33090         -            397   1.6e-08   31.5   0.0   2   8    0.0066      0.71    6.4   0.0    34    78    60   103    50   116 0.83 -
h1tg000006l:19210523-19212292 -            590 88771at33090         -            397   1.6e-08   31.5   0.0   3   8      0.86        92   -0.6   0.0    40    78   136   173   121   183 0.78 -
h1tg000006l:19210523-19212292 -            590 88771at33090         -            397   1.6e-08   31.5   0.0   4   8     0.043       4.7    3.7   0.0    30    78   231   278   223   292 0.84 -
h1tg000006l:19210523-19212292 -            590 88771at33090         -            397   1.6e-08   31.5   0.0   5   8     0.093       9.9    2.6   0.0    54    81   289   316   284   323 0.90 -
h1tg000006l:19210523-19212292 -            590 88771at33090         -            397   1.6e-08   31.5   0.0   6   8      0.43        46    0.4   0.0    53    78   358   383   328   390 0.87 -
h1tg000006l:19210523-19212292 -            590 88771at33090         -            397   1.6e-08   31.5   0.0   7   8     0.006      0.64    6.5   0.0    33    81   444   491   425   503 0.82 -
h1tg000006l:19210523-19212292 -            590 88771at33090         -            397   1.6e-08   31.5   0.0   8   8       2.3   2.5e+02   -2.0   0.0    39    81   520   561   511   565 0.82 -
h1tg000029l:5001196-5001879   -            228 88771at33090         -            397   2.2e-08   31.1   0.0   1   6      0.46        49    0.3   0.0    43    79    10    45     5    60 0.74 -
h1tg000029l:5001196-5001879   -            228 88771at33090         -            397   2.2e-08   31.1   0.0   2   6    0.0018       0.2    8.2   0.0    34    82    36    83    26    87 0.85 -
h1tg000029l:5001196-5001879   -            228 88771at33090         -            397   2.2e-08   31.1   0.0   3   6     7e-05    0.0075   12.9   0.0    24    83    61   119    39   129 0.82 -
h1tg000029l:5001196-5001879   -            228 88771at33090         -            397   2.2e-08   31.1   0.0   4   6     0.022       2.4    4.7   0.0    41    82   113   153   111   163 0.85 -
h1tg000029l:5001196-5001879   -            228 88771at33090         -            397   2.2e-08   31.1   0.0   5   6    0.0068      0.72    6.3   0.0    30    79   137   185   124   194 0.80 -
h1tg000029l:5001196-5001879   -            228 88771at33090         -            397   2.2e-08   31.1   0.0   6   6    0.0017      0.18    8.3   0.0    34    78   176   219   164   224 0.78 -
h1tg000010l:27761285-27763432 -            716 88771at33090         -            397   5.1e-08   29.9   0.0   1   9       9.9   1.1e+03   -4.1   0.0    41    68     7    34     5    39 0.80 -
h1tg000010l:27761285-27763432 -            716 88771at33090         -            397   5.1e-08   29.9   0.0   2   9      0.12        13    2.2   0.0    23    81   113   171   110   178 0.83 -
h1tg000010l:27761285-27763432 -            716 88771at33090         -            397   5.1e-08   29.9   0.0   3   9    0.0099       1.1    5.8   0.0    31    80   227   276   192   287 0.73 -
h1tg000010l:27761285-27763432 -            716 88771at33090         -            397   5.1e-08   29.9   0.0   4   9      0.36        38    0.7   0.0    37    81   304   347   288   353 0.80 -
h1tg000010l:27761285-27763432 -            716 88771at33090         -            397   5.1e-08   29.9   0.0   5   9     0.034       3.6    4.0   0.0    53    79   354   380   335   391 0.82 -
h1tg000010l:27761285-27763432 -            716 88771at33090         -            397   5.1e-08   29.9   0.0   6   9      0.34        36    0.8   0.0    39    78   446   484   430   496 0.84 -
h1tg000010l:27761285-27763432 -            716 88771at33090         -            397   5.1e-08   29.9   0.0   7   9     0.069       7.4    3.0   0.0    34    86   476   527   466   540 0.82 -
h1tg000010l:27761285-27763432 -            716 88771at33090         -            397   5.1e-08   29.9   0.0   8   9       1.8   1.9e+02   -1.6   0.0    37    80   549   591   539   598 0.81 -
h1tg000010l:27761285-27763432 -            716 88771at33090         -            397   5.1e-08   29.9   0.0   9   9      0.22        23    1.4   0.0    43    78   656   691   633   715 0.83 -
h1tg000003l:16816108-16816857 -            250 88771at33090         -            397   1.5e-07   28.4   0.0   1   5     0.019         2    4.9   0.0    54    78    44    68    33    89 0.87 -
h1tg000003l:16816108-16816857 -            250 88771at33090         -            397   1.5e-07   28.4   0.0   2   5   9.4e-06     0.001   15.7   0.0    30    79    91   139    82   148 0.87 -
h1tg000003l:16816108-16816857 -            250 88771at33090         -            397   1.5e-07   28.4   0.0   3   5      0.34        36    0.8   0.0    53    80   148   175   141   193 0.86 -
h1tg000003l:16816108-16816857 -            250 88771at33090         -            397   1.5e-07   28.4   0.0   4   5      0.66        71   -0.2   0.0    38    80   169   210   155   217 0.71 -
h1tg000003l:16816108-16816857 -            250 88771at33090         -            397   1.5e-07   28.4   0.0   5   5      0.27        29    1.1   0.0    53    81   218   246   205   249 0.87 -
h1tg000005l:13925083-13927089 -            669 88771at33090         -            397   9.5e-07   25.7   0.0   1   8      0.98     1e+02   -0.8   0.0    24    80    85   145    81   149 0.74 -
h1tg000005l:13925083-13927089 -            669 88771at33090         -            397   9.5e-07   25.7   0.0   2   8       3.9   4.2e+02   -2.8   0.0    36    73   172   208   167   228 0.69 -
h1tg000005l:13925083-13927089 -            669 88771at33090         -            397   9.5e-07   25.7   0.0   3   8     0.057       6.1    3.3   0.0    53    81   258   286   244   292 0.90 -
h1tg000005l:13925083-13927089 -            669 88771at33090         -            397   9.5e-07   25.7   0.0   4   8      0.09       9.6    2.6   0.0    32    68   343   378   319   397 0.59 -
h1tg000005l:13925083-13927089 -            669 88771at33090         -            397   9.5e-07   25.7   0.0   5   8      0.81        87   -0.5   0.0    52    82   432   462   399   465 0.83 -
h1tg000005l:13925083-13927089 -            669 88771at33090         -            397   9.5e-07   25.7   0.0   6   8   0.00061     0.066    9.8   0.0    34    82   485   532   475   545 0.84 -
h1tg000005l:13925083-13927089 -            669 88771at33090         -            397   9.5e-07   25.7   0.0   7   8      0.26        28    1.1   0.0    39    81   525   566   518   583 0.84 -
h1tg000005l:13925083-13927089 -            669 88771at33090         -            397   9.5e-07   25.7   0.0   8   8       1.6   1.8e+02   -1.5   0.0    35    80   605   649   599   655 0.76 -
h1tg000029l:2700141-2702108   -            656 88771at33090         -            397   1.2e-06   25.4   0.0   1   9    0.0066      0.71    6.4   0.0    43    85    64   105    45   128 0.74 -
h1tg000029l:2700141-2702108   -            656 88771at33090         -            397   1.2e-06   25.4   0.0   2   9      0.41        44    0.5   0.0    41    96   132   186   123   196 0.80 -
h1tg000029l:2700141-2702108   -            656 88771at33090         -            397   1.2e-06   25.4   0.0   3   9      0.42        45    0.4   0.0    40    81   201   245   185   250 0.80 -
h1tg000029l:2700141-2702108   -            656 88771at33090         -            397   1.2e-06   25.4   0.0   4   9       2.4   2.5e+02   -2.0   0.0    54    81   323   350   312   364 0.87 -
h1tg000029l:2700141-2702108   -            656 88771at33090         -            397   1.2e-06   25.4   0.0   5   9      0.27        29    1.0   0.0    45    81   385   420   361   430 0.79 -
h1tg000029l:2700141-2702108   -            656 88771at33090         -            397   1.2e-06   25.4   0.0   6   9      0.25        27    1.2   0.0    53    83   450   481   443   491 0.81 -
h1tg000029l:2700141-2702108   -            656 88771at33090         -            397   1.2e-06   25.4   0.0   7   9       1.3   1.4e+02   -1.2   0.0    53    81   485   513   470   523 0.86 -
h1tg000029l:2700141-2702108   -            656 88771at33090         -            397   1.2e-06   25.4   0.0   8   9         2   2.1e+02   -1.8   0.0    36    74   504   541   493   554 0.75 -
h1tg000029l:2700141-2702108   -            656 88771at33090         -            397   1.2e-06   25.4   0.0   9   9     0.055       5.9    3.3   0.0    52    81   554   583   542   592 0.84 -
h1tg000007l:5126610-5129207   -            866 88771at33090         -            397   1.9e-06   24.7   0.3   1   9      0.14        15    2.0   0.0    43    79   102   137    92   150 0.78 -
h1tg000007l:5126610-5129207   -            866 88771at33090         -            397   1.9e-06   24.7   0.3   2   9       2.4   2.6e+02   -2.1   0.0    52    80   180   208   149   211 0.78 -
h1tg000007l:5126610-5129207   -            866 88771at33090         -            397   1.9e-06   24.7   0.3   3   9      0.16        18    1.8   0.0    60    81   223   244   218   300 0.88 -
h1tg000007l:5126610-5129207   -            866 88771at33090         -            397   1.9e-06   24.7   0.3   4   9      0.18        19    1.7   0.1    39    84   342   386   324   393 0.84 -
h1tg000007l:5126610-5129207   -            866 88771at33090         -            397   1.9e-06   24.7   0.3   5   9      0.72        77   -0.3   0.0    36    78   587   630   572   638 0.80 -
h1tg000007l:5126610-5129207   -            866 88771at33090         -            397   1.9e-06   24.7   0.3   6   9      0.25        27    1.2   0.0    59    84   680   705   678   709 0.89 -
h1tg000007l:5126610-5129207   -            866 88771at33090         -            397   1.9e-06   24.7   0.3   7   9       1.2   1.3e+02   -1.1   0.0    57    81   713   737   708   744 0.85 -
h1tg000007l:5126610-5129207   -            866 88771at33090         -            397   1.9e-06   24.7   0.3   8   9      0.58        63   -0.0   0.0    25    75   752   801   730   814 0.64 -
h1tg000007l:5126610-5129207   -            866 88771at33090         -            397   1.9e-06   24.7   0.3   9   9     0.034       3.6    4.1   0.0    48    81   809   842   800   848 0.87 -
h1tg000008l:8009330-8011360   -            677 88771at33090         -            397   6.9e-06   22.9   0.0   1   4     0.037         4    3.9   0.0    31    73    84   125    63   135 0.77 -
h1tg000008l:8009330-8011360   -            677 88771at33090         -            397   6.9e-06   22.9   0.0   2   4     0.098        10    2.5   0.0    31    80   224   272   211   283 0.83 -
h1tg000008l:8009330-8011360   -            677 88771at33090         -            397   6.9e-06   22.9   0.0   3   4       1.3   1.4e+02   -1.2   0.0    39    79   302   341   286   351 0.78 -
h1tg000008l:8009330-8011360   -            677 88771at33090         -            397   6.9e-06   22.9   0.0   4   4   0.00058     0.062    9.9   0.0    36    80   590   633   579   662 0.86 -
h1tg000003l:8180906-8182552   -            549 88771at33090         -            397   7.3e-06   22.8   0.0   1   7      0.11        12    2.3   0.1    27    71   123   166   103   183 0.80 -
h1tg000003l:8180906-8182552   -            549 88771at33090         -            397   7.3e-06   22.8   0.0   2   7      0.21        22    1.4   0.1    31    83   162   213   151   230 0.79 -
h1tg000003l:8180906-8182552   -            549 88771at33090         -            397   7.3e-06   22.8   0.0   3   7      0.56        60    0.0   0.0    34    81   200   246   188   253 0.80 -
h1tg000003l:8180906-8182552   -            549 88771at33090         -            397   7.3e-06   22.8   0.0   4   7    0.0051      0.55    6.7   0.0    39    81   240   281   225   287 0.81 -
h1tg000003l:8180906-8182552   -            549 88771at33090         -            397   7.3e-06   22.8   0.0   5   7      0.16        17    1.8   0.0    49    80   282   313   275   321 0.80 -
h1tg000003l:8180906-8182552   -            549 88771at33090         -            397   7.3e-06   22.8   0.0   6   7     0.073       7.8    2.9   0.0    53    82   321   350   311   368 0.86 -
h1tg000003l:8180906-8182552   -            549 88771at33090         -            397   7.3e-06   22.8   0.0   7   7      0.41        43    0.5   0.0    55    79   463   487   457   507 0.86 -
h1tg000037l:4633636-4635567   -            644 88771at33090         -            397   1.4e-05   21.9   0.0   1   9      0.17        18    1.7   0.0    53    79   101   127    76   135 0.87 -
h1tg000037l:4633636-4635567   -            644 88771at33090         -            397   1.4e-05   21.9   0.0   2   9     0.086       9.2    2.7   0.0    33    84   117   167   108   170 0.82 -
h1tg000037l:4633636-4635567   -            644 88771at33090         -            397   1.4e-05   21.9   0.0   3   9     0.033       3.5    4.1   0.0    39    84   158   202   150   206 0.81 -
h1tg000037l:4633636-4635567   -            644 88771at33090         -            397   1.4e-05   21.9   0.0   4   9       1.3   1.4e+02   -1.2   0.0    53    81   311   339   294   345 0.83 -
h1tg000037l:4633636-4635567   -            644 88771at33090         -            397   1.4e-05   21.9   0.0   5   9       1.4   1.5e+02   -1.2   0.0    53    80   346   373   314   405 0.59 -
h1tg000037l:4633636-4635567   -            644 88771at33090         -            397   1.4e-05   21.9   0.0   6   9      0.32        35    0.8   0.0    51    81   414   444   384   450 0.80 -
h1tg000037l:4633636-4635567   -            644 88771at33090         -            397   1.4e-05   21.9   0.0   7   9     0.015       1.6    5.2   0.0    34    78   433   476   423   492 0.76 -
h1tg000037l:4633636-4635567   -            644 88771at33090         -            397   1.4e-05   21.9   0.0   8   9       1.2   1.3e+02   -1.1   0.0    55    80   488   513   481   522 0.86 -
h1tg000037l:4633636-4635567   -            644 88771at33090         -            397   1.4e-05   21.9   0.0   9   9       1.3   1.4e+02   -1.2   0.0    35    79   573   616   534   622 0.76 -
h1tg000040l:7427999-7430008   -            670 88771at33090         -            397   4.8e-05   20.1   0.0   1   5       1.8     2e+02   -1.7   0.0    35    80   196   240   183   245 0.82 -
h1tg000040l:7427999-7430008   -            670 88771at33090         -            397   4.8e-05   20.1   0.0   2   5       4.9   5.2e+02   -3.1   0.0    54    75   284   305   282   309 0.89 -
h1tg000040l:7427999-7430008   -            670 88771at33090         -            397   4.8e-05   20.1   0.0   3   5      0.24        26    1.2   0.0    34    79   405   449   397   461 0.86 -
h1tg000040l:7427999-7430008   -            670 88771at33090         -            397   4.8e-05   20.1   0.0   4   5    0.0056       0.6    6.6   0.0    27    80   467   519   460   537 0.74 -
h1tg000040l:7427999-7430008   -            670 88771at33090         -            397   4.8e-05   20.1   0.0   5   5    0.0088      0.95    6.0   0.0    31    81   609   658   598   662 0.85 -
h1tg000025l:6132834-6134432   -            533 88771at33090         -            397   6.4e-05   19.7   0.0   1   4      0.19        20    1.6   0.0    33    81   150   197   141   204 0.83 -
h1tg000025l:6132834-6134432   -            533 88771at33090         -            397   6.4e-05   19.7   0.0   2   4      0.22        23    1.4   0.0    53    81   238   266   225   277 0.91 -
h1tg000025l:6132834-6134432   -            533 88771at33090         -            397   6.4e-05   19.7   0.0   3   4   0.00092     0.099    9.2   0.0    27    80   283   335   274   341 0.83 -
h1tg000025l:6132834-6134432   -            533 88771at33090         -            397   6.4e-05   19.7   0.0   4   4      0.27        29    1.1   0.0    29    81   353   406   348   413 0.77 -
h1tg000001l:1702622-1704160   -            513 88771at33090         -            397    0.0041   13.7   0.0   1   4      0.69        74   -0.3   0.0    39    70    61    91    48   109 0.81 -
h1tg000001l:1702622-1704160   -            513 88771at33090         -            397    0.0041   13.7   0.0   2   4     0.029       3.1    4.3   0.0    35    79   127   170   114   178 0.87 -
h1tg000001l:1702622-1704160   -            513 88771at33090         -            397    0.0041   13.7   0.0   3   4       2.5   2.7e+02   -2.1   0.0    42    78   239   274   236   279 0.77 -
h1tg000001l:1702622-1704160   -            513 88771at33090         -            397    0.0041   13.7   0.0   4   4     0.026       2.8    4.4   0.0    53    85   424   456   418   469 0.90 -
h1tg000007l:15373503-15374141 -            213 88771at33090         -            397     0.011   12.3   0.0   1   2     0.044       4.7    3.7   0.0    30    76    56   101    45   113 0.83 -
h1tg000007l:15373503-15374141 -            213 88771at33090         -            397     0.011   12.3   0.0   2   2    0.0075       0.8    6.2   0.0    37    81   133   176   121   182 0.87 -
h1tg000038l:4336958-4338922   -            655 88771at33090         -            397     0.032   10.8   0.0   1   1   0.00053     0.056   10.0   0.0    40    81   404   445   390   448 0.91 -
#
# Program:         hmmsearch
# Version:         3.3.2 (Nov 2020)
# Pipeline mode:   SEARCH
# Query file:      /work/sablok/grapevineassemblies/assemblyhifiasm/busco_hifiasmtriobinning/busco_downloads/lineages/viridiplantae_odb10/hmms/88771at33090.hmm
# Target file:     /work/sablok/grapevineassemblies/assemblyhifiasm/busco_hifiasmtriobinning/maternalpaternal.asm.dip.hap1.p_ctg.fa.busco/run_viridiplantae_odb10/metaeuk_output/initial_results/maternalpaternal.asm.dip.hap1.p_ctg.fa.modified.fas
# Option settings: hmmsearch --domtblout /work/sablok/grapevineassemblies/assemblyhifiasm/busco_hifiasmtriobinning/maternalpaternal.asm.dip.hap1.p_ctg.fa.busco/run_viridiplantae_odb10/hmmer_output/initial_run_results/88771at33090.out --cpu 1 /work/sablok/grapevineassemblies/assemblyhifiasm/busco_hifiasmtriobinning/busco_downloads/lineages/viridiplantae_odb10/hmms/88771at33090.hmm /work/sablok/grapevineassemblies/assemblyhifiasm/busco_hifiasmtriobinning/maternalpaternal.asm.dip.hap1.p_ctg.fa.busco/run_viridiplantae_odb10/metaeuk_output/initial_results/maternalpaternal.asm.dip.hap1.p_ctg.fa.modified.fas 
# Current dir:     /work/sablok/grapevineassemblies/assemblyhifiasm/busco_hifiasmtriobinning
# Date:            Thu Apr 18 11:10:29 2024
# [ok]
