#                                                                                     --- full sequence --- -------------- this domain -------------   hmm coord   ali coord   env coord
# target name                 accession   tlen query name           accession   qlen   E-value  score  bias   #  of  c-Evalue  i-Evalue  score  bias  from    to  from    to  from    to  acc description of target
#         ------------------- ---------- ----- -------------------- ---------- ----- --------- ------ ----- --- --- --------- --------- ------ ----- ----- ----- ----- ----- ----- ----- ---- ---------------------
h1tg000014l:1763986-1774875   -            444 95807at33090         -            372  1.2e-146  486.0   0.0   1   1  6.3e-149  3.8e-146  484.4   0.0     1   372     3   444     3   444 0.90 -
h1tg000010l:35027787-35032441 -            324 95807at33090         -            372   0.00017   18.3   0.1   1   1   3.9e-07   0.00024   17.8   0.1     6   101    61   159    58   165 0.82 -
h1tg000003l:29596513-29598108 -            269 95807at33090         -            372    0.0021   14.6   0.3   1   2   6.5e-06     0.004   13.7   0.0     6    70     3    69     1    74 0.85 -
h1tg000003l:29596513-29598108 -            269 95807at33090         -            372    0.0021   14.6   0.3   2   2      0.61   3.7e+02   -2.6   0.1    64    99   107   142   101   151 0.84 -
h1tg000014l:4144907-4145011   -             35 95807at33090         -            372    0.0098   12.5   0.0   1   1   1.6e-05    0.0098   12.5   0.0     6    35     2    31     1    35 0.92 -
h1tg000045l:4259772-4259897   -             42 95807at33090         -            372     0.019   11.5   0.0   1   1   3.1e-05     0.019   11.5   0.0     9    35     4    30     1    41 0.85 -
h1tg000002l:8829841-8839995   -            274 95807at33090         -            372     0.021   11.4   0.0   1   1     5e-05      0.03   10.8   0.0     7    66     2    66     1    75 0.74 -
#
# Program:         hmmsearch
# Version:         3.3.2 (Nov 2020)
# Pipeline mode:   SEARCH
# Query file:      /work/sablok/grapevineassemblies/assemblyhifiasm/busco_hifiasmtriobinning/busco_downloads/lineages/viridiplantae_odb10/hmms/95807at33090.hmm
# Target file:     /work/sablok/grapevineassemblies/assemblyhifiasm/busco_hifiasmtriobinning/maternalpaternal.asm.dip.hap1.p_ctg.fa.busco/run_viridiplantae_odb10/metaeuk_output/initial_results/maternalpaternal.asm.dip.hap1.p_ctg.fa.modified.fas
# Option settings: hmmsearch --domtblout /work/sablok/grapevineassemblies/assemblyhifiasm/busco_hifiasmtriobinning/maternalpaternal.asm.dip.hap1.p_ctg.fa.busco/run_viridiplantae_odb10/hmmer_output/initial_run_results/95807at33090.out --cpu 1 /work/sablok/grapevineassemblies/assemblyhifiasm/busco_hifiasmtriobinning/busco_downloads/lineages/viridiplantae_odb10/hmms/95807at33090.hmm /work/sablok/grapevineassemblies/assemblyhifiasm/busco_hifiasmtriobinning/maternalpaternal.asm.dip.hap1.p_ctg.fa.busco/run_viridiplantae_odb10/metaeuk_output/initial_results/maternalpaternal.asm.dip.hap1.p_ctg.fa.modified.fas 
# Current dir:     /work/sablok/grapevineassemblies/assemblyhifiasm/busco_hifiasmtriobinning
# Date:            Thu Apr 18 11:10:22 2024
# [ok]
