/home/gaurav/miniconda3/envs/verkko/bin/quast.py -o ERR10930363.quast -t 10 -m 5000 ERR10930363.asm.fa

Version: 5.2.0

System information:
  OS: Linux-5.15.0-101-generic-x86_64-with-glibc2.35 (linux_64)
  Python version: 3.9.19
  CPUs number: 12

Started: 2024-03-27 10:16:29

Logging to /home/gaurav/Desktop/genomeassembly_standards/hifiasm_fasta_files/ERR10930363.quast/quast.log

CWD: /home/gaurav/Desktop/genomeassembly_standards/hifiasm_fasta_files
Main parameters: 
  MODE: default, threads: 10, min contig length: 5000, min alignment length: 65, min alignment IDY: 95.0, \
  ambiguity: one, min local misassembly length: 200, min extensive misassembly length: 1000

Contigs:
  Pre-processing...
  ERR10930363.asm.fa ==> ERR10930363.asm

2024-03-27 10:16:31
Running Basic statistics processor...
  Contig files: 
    ERR10930363.asm
  Calculating N50 and L50...
    ERR10930363.asm, N50 = 35819, L50 = 736, auN = 301050.6, Total length = 97428789, GC % = 37.94, # N's per 100 kbp =  0.00
  Drawing Nx plot...
    saved to /home/gaurav/Desktop/genomeassembly_standards/hifiasm_fasta_files/ERR10930363.quast/basic_stats/Nx_plot.pdf
  Drawing cumulative plot...
    saved to /home/gaurav/Desktop/genomeassembly_standards/hifiasm_fasta_files/ERR10930363.quast/basic_stats/cumulative_plot.pdf
  Drawing GC content plot...
    saved to /home/gaurav/Desktop/genomeassembly_standards/hifiasm_fasta_files/ERR10930363.quast/basic_stats/GC_content_plot.pdf
  Drawing ERR10930363.asm GC content plot...
    saved to /home/gaurav/Desktop/genomeassembly_standards/hifiasm_fasta_files/ERR10930363.quast/basic_stats/ERR10930363.asm_GC_content_plot.pdf
Done.

NOTICE: Genes are not predicted by default. Use --gene-finding or --glimmer option to enable it.

2024-03-27 10:16:33
Creating large visual summaries...
This may take a while: press Ctrl-C to skip this step..
  1 of 2: Creating PDF with all tables and plots...
  2 of 2: Creating Icarus viewers...
Done

2024-03-27 10:16:34
RESULTS:
  Text versions of total report are saved to /home/gaurav/Desktop/genomeassembly_standards/hifiasm_fasta_files/ERR10930363.quast/report.txt, report.tsv, and report.tex
  Text versions of transposed total report are saved to /home/gaurav/Desktop/genomeassembly_standards/hifiasm_fasta_files/ERR10930363.quast/transposed_report.txt, transposed_report.tsv, and transposed_report.tex
  HTML version (interactive tables and plots) is saved to /home/gaurav/Desktop/genomeassembly_standards/hifiasm_fasta_files/ERR10930363.quast/report.html
  PDF version (tables and plots) is saved to /home/gaurav/Desktop/genomeassembly_standards/hifiasm_fasta_files/ERR10930363.quast/report.pdf
  Icarus (contig browser) is saved to /home/gaurav/Desktop/genomeassembly_standards/hifiasm_fasta_files/ERR10930363.quast/icarus.html
  Log is saved to /home/gaurav/Desktop/genomeassembly_standards/hifiasm_fasta_files/ERR10930363.quast/quast.log

Finished: 2024-03-27 10:16:34
Elapsed time: 0:00:04.188466
NOTICEs: 1; WARNINGs: 0; non-fatal ERRORs: 0

Thank you for using QUAST!
