/home/gaurav/miniconda3/envs/verkko/bin/quast.py -o ERR10930364_l3.asm.output -m 5000 -t 10 ERR10930364_l3.asm.fa

Version: 5.2.0

System information:
  OS: Linux-5.15.0-101-generic-x86_64-with-glibc2.35 (linux_64)
  Python version: 3.9.19
  CPUs number: 12

Started: 2024-04-03 13:30:16

Logging to /home/gaurav/Desktop/genomeassembly-standards/hifiasm_fasta_files/original_fasta/ERR10930364_l3.asm.output/quast.log

CWD: /home/gaurav/Desktop/genomeassembly-standards/hifiasm_fasta_files/original_fasta
Main parameters: 
  MODE: default, threads: 10, min contig length: 5000, min alignment length: 65, min alignment IDY: 95.0, \
  ambiguity: one, min local misassembly length: 200, min extensive misassembly length: 1000

Contigs:
  Pre-processing...
  ERR10930364_l3.asm.fa ==> ERR10930364_l3.asm

2024-04-03 13:30:21
Running Basic statistics processor...
  Contig files: 
    ERR10930364_l3.asm
  Calculating N50 and L50...
    ERR10930364_l3.asm, N50 = 14478159, L50 = 12, auN = 15585393.7, Total length = 502562147, GC % = 35.49, # N's per 100 kbp =  0.00
  Drawing Nx plot...
    saved to /home/gaurav/Desktop/genomeassembly-standards/hifiasm_fasta_files/original_fasta/ERR10930364_l3.asm.output/basic_stats/Nx_plot.pdf
  Drawing cumulative plot...
    saved to /home/gaurav/Desktop/genomeassembly-standards/hifiasm_fasta_files/original_fasta/ERR10930364_l3.asm.output/basic_stats/cumulative_plot.pdf
  Drawing GC content plot...
    saved to /home/gaurav/Desktop/genomeassembly-standards/hifiasm_fasta_files/original_fasta/ERR10930364_l3.asm.output/basic_stats/GC_content_plot.pdf
  Drawing ERR10930364_l3.asm GC content plot...
    saved to /home/gaurav/Desktop/genomeassembly-standards/hifiasm_fasta_files/original_fasta/ERR10930364_l3.asm.output/basic_stats/ERR10930364_l3.asm_GC_content_plot.pdf
Done.

NOTICE: Genes are not predicted by default. Use --gene-finding or --glimmer option to enable it.

2024-04-03 13:30:31
Creating large visual summaries...
This may take a while: press Ctrl-C to skip this step..
  1 of 2: Creating PDF with all tables and plots...
  2 of 2: Creating Icarus viewers...
Done

2024-04-03 13:30:33
RESULTS:
  Text versions of total report are saved to /home/gaurav/Desktop/genomeassembly-standards/hifiasm_fasta_files/original_fasta/ERR10930364_l3.asm.output/report.txt, report.tsv, and report.tex
  Text versions of transposed total report are saved to /home/gaurav/Desktop/genomeassembly-standards/hifiasm_fasta_files/original_fasta/ERR10930364_l3.asm.output/transposed_report.txt, transposed_report.tsv, and transposed_report.tex
  HTML version (interactive tables and plots) is saved to /home/gaurav/Desktop/genomeassembly-standards/hifiasm_fasta_files/original_fasta/ERR10930364_l3.asm.output/report.html
  PDF version (tables and plots) is saved to /home/gaurav/Desktop/genomeassembly-standards/hifiasm_fasta_files/original_fasta/ERR10930364_l3.asm.output/report.pdf
  Icarus (contig browser) is saved to /home/gaurav/Desktop/genomeassembly-standards/hifiasm_fasta_files/original_fasta/ERR10930364_l3.asm.output/icarus.html
  Log is saved to /home/gaurav/Desktop/genomeassembly-standards/hifiasm_fasta_files/original_fasta/ERR10930364_l3.asm.output/quast.log

Finished: 2024-04-03 13:30:33
Elapsed time: 0:00:17.446406
NOTICEs: 1; WARNINGs: 0; non-fatal ERRORs: 0

Thank you for using QUAST!
