/home/gaurav/miniconda3/envs/verkko/bin/quast.py -o ERR10930363ASM.quast.results -m 5000 ERR10930363ASM.fasta -t 8

Version: 5.2.0

System information:
  OS: Linux-5.15.0-101-generic-x86_64-with-glibc2.35 (linux_64)
  Python version: 3.9.19
  CPUs number: 12

Started: 2024-03-27 06:02:10

Logging to /home/gaurav/Desktop/genome_quast/ERR10930363ASM.quast.results/quast.log

CWD: /home/gaurav/Desktop/genome_quast
Main parameters: 
  MODE: default, threads: 8, min contig length: 5000, min alignment length: 65, min alignment IDY: 95.0, \
  ambiguity: one, min local misassembly length: 200, min extensive misassembly length: 1000

Contigs:
  Pre-processing...
  ERR10930363ASM.fasta ==> ERR10930363ASM

2024-03-27 06:02:19
Running Basic statistics processor...
  Contig files: 
    ERR10930363ASM
  Calculating N50 and L50...
    ERR10930363ASM, N50 = 3817709, L50 = 79, auN = 4436892.2, Total length = 1056504120, GC % = 35.48, # N's per 100 kbp =  0.00
  Drawing Nx plot...
    saved to /home/gaurav/Desktop/genome_quast/ERR10930363ASM.quast.results/basic_stats/Nx_plot.pdf
  Drawing cumulative plot...
    saved to /home/gaurav/Desktop/genome_quast/ERR10930363ASM.quast.results/basic_stats/cumulative_plot.pdf
  Drawing GC content plot...
    saved to /home/gaurav/Desktop/genome_quast/ERR10930363ASM.quast.results/basic_stats/GC_content_plot.pdf
  Drawing ERR10930363ASM GC content plot...
    saved to /home/gaurav/Desktop/genome_quast/ERR10930363ASM.quast.results/basic_stats/ERR10930363ASM_GC_content_plot.pdf
Done.

NOTICE: Genes are not predicted by default. Use --gene-finding or --glimmer option to enable it.

2024-03-27 06:02:41
Creating large visual summaries...
This may take a while: press Ctrl-C to skip this step..
  1 of 2: Creating PDF with all tables and plots...
  2 of 2: Creating Icarus viewers...
Done

2024-03-27 06:02:45
RESULTS:
  Text versions of total report are saved to /home/gaurav/Desktop/genome_quast/ERR10930363ASM.quast.results/report.txt, report.tsv, and report.tex
  Text versions of transposed total report are saved to /home/gaurav/Desktop/genome_quast/ERR10930363ASM.quast.results/transposed_report.txt, transposed_report.tsv, and transposed_report.tex
  HTML version (interactive tables and plots) is saved to /home/gaurav/Desktop/genome_quast/ERR10930363ASM.quast.results/report.html
  PDF version (tables and plots) is saved to /home/gaurav/Desktop/genome_quast/ERR10930363ASM.quast.results/report.pdf
  Icarus (contig browser) is saved to /home/gaurav/Desktop/genome_quast/ERR10930363ASM.quast.results/icarus.html
  Log is saved to /home/gaurav/Desktop/genome_quast/ERR10930363ASM.quast.results/quast.log

Finished: 2024-03-27 06:02:45
Elapsed time: 0:00:34.835035
NOTICEs: 1; WARNINGs: 0; non-fatal ERRORs: 0

Thank you for using QUAST!
