#                                                                                   --- full sequence --- -------------- this domain -------------   hmm coord   ali coord   env coord
# target name               accession   tlen query name           accession   qlen   E-value  score  bias   #  of  c-Evalue  i-Evalue  score  bias  from    to  from    to  from    to  acc description of target
#       ------------------- ---------- ----- -------------------- ---------- ----- --------- ------ ----- --- --- --------- --------- ------ ----- ----- ----- ----- ----- ----- ----- ---- ---------------------
h2tg000025l:5520593-5528791 -            946 104867at33090        -            590  5.4e-264  874.3   7.1   1   5   6.8e-62   5.2e-59  197.4   0.0     1   144    81   242    81   254 0.90 -
h2tg000025l:5520593-5528791 -            946 104867at33090        -            590  5.4e-264  874.3   7.1   2   5   8.8e-18   6.7e-15   51.8   0.0   143   205   286   352   274   359 0.82 -
h2tg000025l:5520593-5528791 -            946 104867at33090        -            590  5.4e-264  874.3   7.1   3   5   2.3e-23   1.8e-20   70.2   0.3   181   243   379   451   369   464 0.83 -
h2tg000025l:5520593-5528791 -            946 104867at33090        -            590  5.4e-264  874.3   7.1   4   5     2e-33   1.5e-30  103.4   0.1   242   348   507   638   501   644 0.81 -
h2tg000025l:5520593-5528791 -            946 104867at33090        -            590  5.4e-264  874.3   7.1   5   5  6.2e-139  4.7e-136  451.8   0.0   322   590   640   924   635   924 0.94 -
h2tg000025l:5492944-5512845 -            890 104867at33090        -            590  1.4e-253  840.0   9.1   1   4     1e-57   7.9e-55  183.6   0.3     1   144    82   240    82   251 0.88 -
h2tg000025l:5492944-5512845 -            890 104867at33090        -            590  1.4e-253  840.0   9.1   2   4   1.4e-16     1e-13   47.8   0.0   143   184   295   337   281   353 0.89 -
h2tg000025l:5492944-5512845 -            890 104867at33090        -            590  1.4e-253  840.0   9.1   3   4   7.7e-45   5.9e-42  141.1   1.0   181   336   389   579   372   592 0.80 -
h2tg000025l:5492944-5512845 -            890 104867at33090        -            590  1.4e-253  840.0   9.1   4   4    2e-144  1.5e-141  470.0   0.0   335   590   606   877   598   877 0.94 -
h2tg000016l:6997867-7000077 -            215 104867at33090        -            590   8.2e-32  107.6   0.5   1   1   2.5e-33   1.9e-30  103.1   0.5   412   590     6   205     1   205 0.78 -
h2tg000015l:6481382-6488831 -            437 104867at33090        -            590   9.2e-07   24.9   0.0   1   1   1.5e-09   1.1e-06   24.6   0.0   472   583   321   434   277   437 0.88 -
#
# Program:         hmmsearch
# Version:         3.3.2 (Nov 2020)
# Pipeline mode:   SEARCH
# Query file:      /work/sablok/grapevineassemblies/assemblyhifiasm/busco_hifiasmtriobinning/busco_downloads/lineages/viridiplantae_odb10/hmms/104867at33090.hmm
# Target file:     /work/sablok/grapevineassemblies/assemblyhifiasm/busco_hifiasmtriobinning/maternalpaternal.asm.dip.hap2.p_ctg.fa.busco/run_viridiplantae_odb10/metaeuk_output/initial_results/maternalpaternal.asm.dip.hap2.p_ctg.fa.modified.fas
# Option settings: hmmsearch --domtblout /work/sablok/grapevineassemblies/assemblyhifiasm/busco_hifiasmtriobinning/maternalpaternal.asm.dip.hap2.p_ctg.fa.busco/run_viridiplantae_odb10/hmmer_output/initial_run_results/104867at33090.out --cpu 1 /work/sablok/grapevineassemblies/assemblyhifiasm/busco_hifiasmtriobinning/busco_downloads/lineages/viridiplantae_odb10/hmms/104867at33090.hmm /work/sablok/grapevineassemblies/assemblyhifiasm/busco_hifiasmtriobinning/maternalpaternal.asm.dip.hap2.p_ctg.fa.busco/run_viridiplantae_odb10/metaeuk_output/initial_results/maternalpaternal.asm.dip.hap2.p_ctg.fa.modified.fas 
# Current dir:     /work/sablok/grapevineassemblies/assemblyhifiasm/busco_hifiasmtriobinning
# Date:            Thu Apr 18 11:36:15 2024
# [ok]
