#                                                                                     --- full sequence --- -------------- this domain -------------   hmm coord   ali coord   env coord
# target name                 accession   tlen query name           accession   qlen   E-value  score  bias   #  of  c-Evalue  i-Evalue  score  bias  from    to  from    to  from    to  acc description of target
#         ------------------- ---------- ----- -------------------- ---------- ----- --------- ------ ----- --- --- --------- --------- ------ ----- ----- ----- ----- ----- ----- ----- ---- ---------------------
h2tg000007l:30230931-30252545 -            386 105867at33090        -            309  5.6e-117  387.6   5.6   1   2   3.6e-12   2.2e-09   34.2   0.0     1    33    50    82    50    93 0.93 -
h2tg000007l:30230931-30252545 -            386 105867at33090        -            309  5.6e-117  387.6   5.6   2   2    4e-109  2.5e-106  352.6   4.8    71   300    92   346    83   352 0.90 -
h2tg000009l:16569301-16571137 -            366 105867at33090        -            309   8.6e-38  127.5  10.7   1   1     6e-39   3.7e-36  122.2  10.7    11   275    29   294    21   305 0.83 -
h2tg000009l:16580834-16584127 -            364 105867at33090        -            309   9.5e-35  117.5   8.6   1   1   6.2e-36   3.8e-33  112.3   8.5    10   275    28   292    20   296 0.82 -
h2tg000002l:21734568-21737700 -            325 105867at33090        -            309   1.9e-20   70.5   3.7   1   2   2.7e-08   1.6e-05   21.5   0.0     1    81     1    87     1    90 0.85 -
h2tg000002l:21734568-21737700 -            325 105867at33090        -            309   1.9e-20   70.5   3.7   2   2   2.3e-16   1.4e-13   48.0   3.3   132   275    91   245    85   278 0.79 -
h2tg000012l:6874303-6874446   -             48 105867at33090        -            309    0.0082   12.6   0.0   1   1   1.3e-05    0.0082   12.6   0.0   230   253    20    42     1    47 0.74 -
#
# Program:         hmmsearch
# Version:         3.3.2 (Nov 2020)
# Pipeline mode:   SEARCH
# Query file:      /work/sablok/grapevineassemblies/assemblyhifiasm/busco_hifiasmtriobinning/busco_downloads/lineages/viridiplantae_odb10/hmms/105867at33090.hmm
# Target file:     /work/sablok/grapevineassemblies/assemblyhifiasm/busco_hifiasmtriobinning/maternalpaternal.asm.dip.hap2.p_ctg.fa.busco/run_viridiplantae_odb10/metaeuk_output/initial_results/maternalpaternal.asm.dip.hap2.p_ctg.fa.modified.fas
# Option settings: hmmsearch --domtblout /work/sablok/grapevineassemblies/assemblyhifiasm/busco_hifiasmtriobinning/maternalpaternal.asm.dip.hap2.p_ctg.fa.busco/run_viridiplantae_odb10/hmmer_output/initial_run_results/105867at33090.out --cpu 1 /work/sablok/grapevineassemblies/assemblyhifiasm/busco_hifiasmtriobinning/busco_downloads/lineages/viridiplantae_odb10/hmms/105867at33090.hmm /work/sablok/grapevineassemblies/assemblyhifiasm/busco_hifiasmtriobinning/maternalpaternal.asm.dip.hap2.p_ctg.fa.busco/run_viridiplantae_odb10/metaeuk_output/initial_results/maternalpaternal.asm.dip.hap2.p_ctg.fa.modified.fas 
# Current dir:     /work/sablok/grapevineassemblies/assemblyhifiasm/busco_hifiasmtriobinning
# Date:            Thu Apr 18 11:36:24 2024
# [ok]
