#                                                                                     --- full sequence --- -------------- this domain -------------   hmm coord   ali coord   env coord
# target name                 accession   tlen query name           accession   qlen   E-value  score  bias   #  of  c-Evalue  i-Evalue  score  bias  from    to  from    to  from    to  acc description of target
#         ------------------- ---------- ----- -------------------- ---------- ----- --------- ------ ----- --- --- --------- --------- ------ ----- ----- ----- ----- ----- ----- ----- ---- ---------------------
h2tg000011l:10309802-10318035 -            394 115240at33090        -            312  6.5e-131  434.0  10.3   1   2  3.6e-123  4.6e-121  401.6   5.7     1   281     1   311     1   316 0.89 -
h2tg000011l:10309802-10318035 -            394 115240at33090        -            312  6.5e-131  434.0  10.3   2   2   5.7e-09   7.3e-07   26.5   0.1   281   312   357   393   343   393 0.85 -
h2tg000012l:10682377-10683390 -            338 115240at33090        -            312   1.6e-08   32.0   0.1   1   1   1.7e-10   2.1e-08   31.5   0.1   157   246   247   337   239   338 0.89 -
h2tg000025l:8885828-8887375   -            516 115240at33090        -            312   4.8e-06   23.8   0.0   1   1   5.8e-08   7.4e-06   23.2   0.0   158   252   274   369   250   414 0.86 -
h2tg000044l:1457-3004         -            516 115240at33090        -            312   1.3e-05   22.4   0.0   1   1   1.6e-07   2.1e-05   21.7   0.0   158   252   274   369   250   414 0.84 -
h2tg000014l:20546955-20548502 -            516 115240at33090        -            312   1.5e-05   22.2   0.0   1   1   1.9e-07   2.4e-05   21.5   0.0   158   252   274   369   258   417 0.83 -
h2tg000008l:2771459-2773006   -            516 115240at33090        -            312     2e-05   21.8   0.0   1   1   2.6e-07   3.3e-05   21.0   0.0   158   252   274   369   258   417 0.83 -
h2tg000002l:11885274-11886740 -            489 115240at33090        -            312   5.8e-05   20.2   0.0   1   1   7.4e-07   9.5e-05   19.6   0.0   157   253   273   370   257   418 0.80 -
h2tg000010l:584084-585631     -            516 115240at33090        -            312   6.9e-05   20.0   0.0   1   1   9.2e-07   0.00012   19.2   0.0   158   252   274   369   260   411 0.77 -
h2tg000037l:57057-58604       -            516 115240at33090        -            312   6.9e-05   20.0   0.0   1   1   9.2e-07   0.00012   19.2   0.0   158   252   274   369   260   411 0.77 -
h2tg000010l:67538-68452       -            305 115240at33090        -            312   0.00014   19.0   0.0   1   1   1.5e-06   0.00019   18.6   0.0   158   194   214   250   180   305 0.84 -
h2tg000007l:15601612-15603310 -            417 115240at33090        -            312   0.00015   18.9   0.1   1   1   1.8e-06   0.00023   18.3   0.1   166   262   186   285   174   313 0.81 -
h2tg000032l:388218-389492     -            425 115240at33090        -            312   0.00019   18.6   0.0   1   1   2.2e-06   0.00028   18.0   0.0   158   195   334   371   318   425 0.71 -
h2tg000031l:1813236-1814327   -            364 115240at33090        -            312   0.00023   18.3   0.0   1   1   2.5e-06   0.00032   17.8   0.0   158   194   274   310   258   364 0.82 -
h2tg000082l:40871-41962       -            364 115240at33090        -            312   0.00029   17.9   0.0   1   1   3.6e-06   0.00047   17.3   0.0   158   194   274   310   259   339 0.92 -
h2tg000002l:12044982-12046167 -            338 115240at33090        -            312   0.00032   17.8   0.1   1   1   3.6e-06   0.00045   17.3   0.1   148   259   213   328   198   335 0.82 -
h2tg000010l:130318-131244     -            309 115240at33090        -            312   0.00049   17.2   0.0   1   1   5.6e-06   0.00071   16.7   0.0   158   193   274   309   240   309 0.90 -
h2tg000022l:4865320-4866624   -            374 115240at33090        -            312    0.0007   16.7   0.1   1   1   8.3e-06    0.0011   16.1   0.1   166   258   273   368   262   373 0.88 -
h2tg000024l:6868796-6870139   -            448 115240at33090        -            312   0.00072   16.7   0.1   1   1   8.4e-06    0.0011   16.1   0.1   166   259   335   431   324   446 0.88 -
h2tg000024l:28903041-28904345 -            435 115240at33090        -            312   0.00092   16.3   0.1   1   1   1.1e-05    0.0014   15.7   0.1   166   258   334   429   323   434 0.88 -
h2tg000009l:10032443-10034140 -            513 115240at33090        -            312    0.0011   16.1   0.1   1   1   1.3e-05    0.0016   15.5   0.1   166   259   335   431   324   437 0.88 -
h2tg000007l:17217248-17262296 -            451 115240at33090        -            312    0.0027   14.8   0.2   1   1   3.2e-05    0.0041   14.2   0.2   166   259   342   438   331   444 0.87 -
h2tg000017l:12662802-12664205 -            468 115240at33090        -            312    0.0086   13.1   0.1   1   1    0.0001     0.013   12.5   0.1   166   258   367   462   356   467 0.87 -
h2tg000005l:2343783-2344970   -            393 115240at33090        -            312     0.019   12.0   0.2   1   1   0.00022     0.028   11.4   0.2   169   259   293   383   265   390 0.81 -
h2tg000023l:2194446-2194892   -            149 115240at33090        -            312     0.029   11.4   0.0   1   1   0.00031      0.04   10.9   0.0   162   264    27   139    24   148 0.70 -
#
# Program:         hmmsearch
# Version:         3.3.2 (Nov 2020)
# Pipeline mode:   SEARCH
# Query file:      /work/sablok/grapevineassemblies/assemblyhifiasm/busco_hifiasmtriobinning/busco_downloads/lineages/viridiplantae_odb10/hmms/115240at33090.hmm
# Target file:     /work/sablok/grapevineassemblies/assemblyhifiasm/busco_hifiasmtriobinning/maternalpaternal.asm.dip.hap2.p_ctg.fa.busco/run_viridiplantae_odb10/metaeuk_output/initial_results/maternalpaternal.asm.dip.hap2.p_ctg.fa.modified.fas
# Option settings: hmmsearch --domtblout /work/sablok/grapevineassemblies/assemblyhifiasm/busco_hifiasmtriobinning/maternalpaternal.asm.dip.hap2.p_ctg.fa.busco/run_viridiplantae_odb10/hmmer_output/initial_run_results/115240at33090.out --cpu 1 /work/sablok/grapevineassemblies/assemblyhifiasm/busco_hifiasmtriobinning/busco_downloads/lineages/viridiplantae_odb10/hmms/115240at33090.hmm /work/sablok/grapevineassemblies/assemblyhifiasm/busco_hifiasmtriobinning/maternalpaternal.asm.dip.hap2.p_ctg.fa.busco/run_viridiplantae_odb10/metaeuk_output/initial_results/maternalpaternal.asm.dip.hap2.p_ctg.fa.modified.fas 
# Current dir:     /work/sablok/grapevineassemblies/assemblyhifiasm/busco_hifiasmtriobinning
# Date:            Thu Apr 18 11:36:15 2024
# [ok]
