#                                                                                     --- full sequence --- -------------- this domain -------------   hmm coord   ali coord   env coord
# target name                 accession   tlen query name           accession   qlen   E-value  score  bias   #  of  c-Evalue  i-Evalue  score  bias  from    to  from    to  from    to  acc description of target
#         ------------------- ---------- ----- -------------------- ---------- ----- --------- ------ ----- --- --- --------- --------- ------ ----- ----- ----- ----- ----- ----- ----- ---- ---------------------
h2tg000002l:25996948-26020898 -           1516 13039at33090         -            703         0 1218.8   6.4   1   3   2.3e-57   1.8e-54  182.3   0.6     1    93   617   710   617   713 0.97 -
h2tg000002l:25996948-26020898 -           1516 13039at33090         -            703         0 1218.8   6.4   2   3  4.7e-142  3.6e-139  462.3   0.1    89   342   736   999   711  1004 0.92 -
h2tg000002l:25996948-26020898 -           1516 13039at33090         -            703         0 1218.8   6.4   3   3  6.4e-174  4.9e-171  567.6   0.1   335   703  1019  1506  1013  1506 0.85 -
h2tg000012l:15715815-15716168 -            118 13039at33090         -            703   8.6e-69  229.6   0.1   1   1   1.2e-71   9.5e-69  229.5   0.1   103   220     1   118     1   118 0.99 -
h2tg000025l:2753022-2761970   -            573 13039at33090         -            703   6.8e-10   35.0   0.0   1   2   4.3e-08   3.3e-05   19.5   0.0    35   163    70   196    56   260 0.85 -
h2tg000025l:2753022-2761970   -            573 13039at33090         -            703   6.8e-10   35.0   0.0   2   2     3e-06    0.0023   13.4   0.0   524   555   362   393   352   515 0.72 -
h2tg000007l:14141187-14141843 -             87 13039at33090         -            703   5.9e-07   25.3   0.0   1   1   8.5e-10   6.5e-07   25.1   0.0    55   108     9    62     2    68 0.87 -
#
# Program:         hmmsearch
# Version:         3.3.2 (Nov 2020)
# Pipeline mode:   SEARCH
# Query file:      /work/sablok/grapevineassemblies/assemblyhifiasm/busco_hifiasmtriobinning/busco_downloads/lineages/viridiplantae_odb10/hmms/13039at33090.hmm
# Target file:     /work/sablok/grapevineassemblies/assemblyhifiasm/busco_hifiasmtriobinning/maternalpaternal.asm.dip.hap2.p_ctg.fa.busco/run_viridiplantae_odb10/metaeuk_output/initial_results/maternalpaternal.asm.dip.hap2.p_ctg.fa.modified.fas
# Option settings: hmmsearch --domtblout /work/sablok/grapevineassemblies/assemblyhifiasm/busco_hifiasmtriobinning/maternalpaternal.asm.dip.hap2.p_ctg.fa.busco/run_viridiplantae_odb10/hmmer_output/initial_run_results/13039at33090.out --cpu 1 /work/sablok/grapevineassemblies/assemblyhifiasm/busco_hifiasmtriobinning/busco_downloads/lineages/viridiplantae_odb10/hmms/13039at33090.hmm /work/sablok/grapevineassemblies/assemblyhifiasm/busco_hifiasmtriobinning/maternalpaternal.asm.dip.hap2.p_ctg.fa.busco/run_viridiplantae_odb10/metaeuk_output/initial_results/maternalpaternal.asm.dip.hap2.p_ctg.fa.modified.fas 
# Current dir:     /work/sablok/grapevineassemblies/assemblyhifiasm/busco_hifiasmtriobinning
# Date:            Thu Apr 18 11:36:17 2024
# [ok]
