#                                                                                     --- full sequence --- -------------- this domain -------------   hmm coord   ali coord   env coord
# target name                 accession   tlen query name           accession   qlen   E-value  score  bias   #  of  c-Evalue  i-Evalue  score  bias  from    to  from    to  from    to  acc description of target
#         ------------------- ---------- ----- -------------------- ---------- ----- --------- ------ ----- --- --- --------- --------- ------ ----- ----- ----- ----- ----- ----- ----- ---- ---------------------
h2tg000007l:29328822-29347058 -            455 130637at33090        -            263  7.1e-115  380.1   0.1   1   2  4.3e-106  4.1e-105  348.1   0.0     1   201    34   251    34   281 0.87 -
h2tg000007l:29328822-29347058 -            455 130637at33090        -            263  7.1e-115  380.1   0.1   2   2   4.5e-09   4.2e-08   30.1   0.1   222   255   294   327   268   334 0.83 -
h2tg000003l:20379797-20381668 -            295 130637at33090        -            263     8e-79  261.9   0.0   1   1   9.7e-80   9.2e-79  261.7   0.0     2   261    20   287    19   289 0.92 -
h2tg000015l:1432079-1433564   -            257 130637at33090        -            263   4.8e-69  229.9   0.1   1   1   8.3e-70   7.8e-69  229.2   0.1     2   238     7   257     6   257 0.86 -
h2tg000015l:2799551-2803365   -            251 130637at33090        -            263   6.7e-57  190.1   0.1   1   2   3.6e-52   3.4e-51  171.4   0.0    17   218     5   193     1   205 0.91 -
h2tg000015l:2799551-2803365   -            251 130637at33090        -            263   6.7e-57  190.1   0.1   2   2   4.7e-05   0.00044   16.9   0.0   224   250   225   251   213   251 0.90 -
h2tg000014l:273590-276206     -            241 130637at33090        -            263   1.6e-55  185.6   0.0   1   1   2.1e-56     2e-55  185.3   0.0     2   192    19   225    18   233 0.86 -
h2tg000024l:10894369-10924794 -            190 130637at33090        -            263   9.4e-54  179.8   0.2   1   1   2.8e-54   2.6e-53  178.3   0.2     3   193     9   190     7   190 0.92 -
h2tg000008l:22332032-22332936 -            206 130637at33090        -            263   1.2e-51  172.9   0.0   1   1   1.4e-52   1.3e-51  172.7   0.0     2   194     4   206     3   206 0.85 -
h2tg000019l:10148375-10150385 -            166 130637at33090        -            263   4.6e-51  170.9   0.3   1   2   3.9e-15   3.7e-14   50.0   0.1     2    54     7    64     6    66 0.89 -
h2tg000019l:10148375-10150385 -            166 130637at33090        -            263   4.6e-51  170.9   0.3   2   2   7.4e-37     7e-36  121.2   0.0    98   208    64   165    63   166 0.92 -
h2tg000026l:3618875-3619980   -            188 130637at33090        -            263   1.7e-49  165.8   0.0   1   1   2.3e-50   2.2e-49  165.5   0.0     2   192     1   186     1   188 0.90 -
h2tg000006l:924026-924706     -            227 130637at33090        -            263   2.2e-48  162.2   0.2   1   2   1.6e-13   1.5e-12   44.7   0.0     2    83     1    87     1   115 0.84 -
h2tg000006l:924026-924706     -            227 130637at33090        -            263   2.2e-48  162.2   0.2   2   2   2.7e-35   2.5e-34  116.1   0.0    89   193   122   225   112   227 0.91 -
h2tg000001l:5486579-5487322   -            248 130637at33090        -            263   3.6e-44  148.3   0.1   1   2   2.2e-38   2.1e-37  126.2   0.0    95   216    52   168    43   190 0.91 -
h2tg000001l:5486579-5487322   -            248 130637at33090        -            263   3.6e-44  148.3   0.1   2   2   3.9e-06   3.7e-05   20.5   0.0   220   256   201   239   187   246 0.81 -
h2tg000017l:2768288-2772626   -            219 130637at33090        -            263     2e-43  145.9   0.1   1   2   1.7e-29   1.6e-28   97.1   0.1     2   138     6   151     5   152 0.88 -
h2tg000017l:2768288-2772626   -            219 130637at33090        -            263     2e-43  145.9   0.1   2   2   2.6e-14   2.4e-13   47.3   0.0   168   246   152   219   151   219 0.89 -
h2tg000006l:13245660-13246190 -            177 130637at33090        -            263   1.4e-40  136.6   0.0   1   2   1.2e-36   1.2e-35  120.5   0.0    98   213     1   111     1   121 0.91 -
h2tg000006l:13245660-13246190 -            177 130637at33090        -            263   1.4e-40  136.6   0.0   2   2   0.00026    0.0025   14.5   0.0   219   250   146   177   121   177 0.86 -
h2tg000005l:3132251-3134999   -            317 130637at33090        -            263   6.2e-40  134.5   0.0   1   3   9.8e-19   9.3e-18   61.8   0.1     2   136    27   165    26   167 0.79 -
h2tg000005l:3132251-3134999   -            317 130637at33090        -            263   6.2e-40  134.5   0.0   2   3   1.3e-17   1.2e-16   58.1   0.0   153   216   165   225   164   233 0.92 -
h2tg000005l:3132251-3134999   -            317 130637at33090        -            263   6.2e-40  134.5   0.0   3   3    0.0013     0.012   12.2   0.0   225   258   263   296   237   300 0.83 -
h2tg000015l:2493959-2496527   -            199 130637at33090        -            263   2.8e-39  132.3   0.2   1   2   5.1e-28   4.8e-27   92.2   0.1     3   138     8   151     6   152 0.88 -
h2tg000015l:2493959-2496527   -            199 130637at33090        -            263   2.8e-39  132.3   0.2   2   2   9.3e-12   8.8e-11   38.9   0.0   168   214   152   195   151   199 0.84 -
h2tg000027l:4806008-4806670   -            123 130637at33090        -            263   4.2e-39  131.7   0.0   1   2   1.5e-37   1.4e-36  123.5   0.0    95   196     1    99     1   101 0.92 -
h2tg000027l:4806008-4806670   -            123 130637at33090        -            263   4.2e-39  131.7   0.0   2   2     0.046      0.44    7.1   0.0   225   243   101   119    99   123 0.88 -
h2tg000030l:2243192-2244437   -            132 130637at33090        -            263   9.2e-39  130.6   0.1   1   2   6.2e-38   5.9e-37  124.7   0.0    89   195    11   114     6   116 0.92 -
h2tg000030l:2243192-2244437   -            132 130637at33090        -            263   9.2e-39  130.6   0.1   2   2      0.25       2.4    4.7   0.0   226   241   116   131   114   132 0.92 -
h2tg000008l:4384656-4384967   -            104 130637at33090        -            263   1.3e-37  126.9   0.0   1   1   1.5e-38   1.4e-37  126.8   0.0    91   194     1   103     1   104 0.96 -
h2tg000016l:4318338-4318646   -            103 130637at33090        -            263   1.6e-37  126.5   0.0   1   1   1.9e-38   1.8e-37  126.4   0.0    94   195     4   102     1   103 0.91 -
h2tg000017l:25477896-25478192 -             99 130637at33090        -            263   4.5e-37  125.1   0.0   1   1   5.2e-38   4.9e-37  125.0   0.0    95   195     1    98     1    99 0.93 -
h2tg000024l:366597-366923     -            109 130637at33090        -            263   8.2e-37  124.2   0.1   1   1     1e-37   9.8e-37  124.0   0.1    91   197     1   106     1   108 0.95 -
h2tg000011l:2709788-2710105   -            106 130637at33090        -            263   8.4e-37  124.2   0.0   1   1   9.5e-38     9e-37  124.1   0.0    90   194     2   105     1   106 0.95 -
h2tg000015l:536827-537162     -            112 130637at33090        -            263   9.8e-37  124.0   0.0   1   1   1.2e-37   1.2e-36  123.7   0.0    91   197     1   106     1   110 0.91 -
h2tg000016l:4484070-4484384   -            105 130637at33090        -            263   1.1e-36  123.8   0.1   1   1   1.2e-37   1.2e-36  123.7   0.1    93   195     5   104     1   105 0.91 -
h2tg000023l:8897084-8897407   -            108 130637at33090        -            263   8.5e-36  120.9   0.0   1   1     1e-36   9.7e-36  120.7   0.0    91   196     1   104     1   107 0.95 -
h2tg000013l:4692035-4692352   -            106 130637at33090        -            263   1.5e-35  120.1   0.0   1   1   1.7e-36   1.6e-35  120.0   0.0    90   194     2   105     1   106 0.95 -
h2tg000015l:7373124-7373417   -             98 130637at33090        -            263   2.6e-35  119.3   0.0   1   1     3e-36   2.8e-35  119.2   0.0    97   194     1    97     1    98 0.94 -
h2tg000017l:22368778-22369095 -            106 130637at33090        -            263   7.5e-35  117.8   0.0   1   1   8.5e-36     8e-35  117.7   0.0    90   194     2   105     1   106 0.95 -
h2tg000003l:6019663-6019980   -            106 130637at33090        -            263   1.2e-34  117.1   0.0   1   1   1.4e-35   1.3e-34  117.0   0.0    90   194     2   105     1   106 0.94 -
h2tg000002l:19112679-19113452 -            258 130637at33090        -            263   9.4e-33  110.9   0.0   1   1   1.2e-33   1.2e-32  110.6   0.0     3   252     8   257     6   258 0.87 -
h2tg000016l:8503324-8504094   -            257 130637at33090        -            263   2.5e-30  103.0   0.0   1   1   3.3e-31   3.1e-30  102.7   0.0     3   252     8   257     6   257 0.83 -
h2tg000002l:19128105-19128953 -            283 130637at33090        -            263   3.1e-30  102.7   0.0   1   1   4.3e-31     4e-30  102.3   0.0     3   257    11   265     9   275 0.82 -
h2tg000014l:12945305-12946087 -            261 130637at33090        -            263   3.4e-30  102.5   0.0   1   1   4.7e-31   4.5e-30  102.2   0.0     3   253     8   258     6   261 0.85 -
h2tg000014l:12882098-12882892 -            265 130637at33090        -            263   3.8e-30  102.4   0.0   1   1   5.2e-31   4.9e-30  102.0   0.0     3   254    10   261     8   265 0.84 -
h2tg000012l:17542581-17543357 -            259 130637at33090        -            263     9e-30  101.2   0.0   1   1   1.2e-30   1.1e-29  100.8   0.0     2   250     7   256     6   259 0.80 -
h2tg000012l:10259815-10260981 -            389 130637at33090        -            263   3.5e-29   99.2   0.0   1   1     5e-30   4.7e-29   98.8   0.0     4   253     2   251     1   258 0.84 -
h2tg000020l:7522115-7593510   -           2199 130637at33090        -            263   4.8e-29   98.8   0.0   1   2   7.4e-14   6.9e-13   45.8   0.0     3   143   628   779   626   798 0.76 -
h2tg000020l:7522115-7593510   -           2199 130637at33090        -            263   4.8e-29   98.8   0.0   2   2   2.5e-15   2.3e-14   50.6   0.0     3   184  1930  2119  1928  2134 0.79 -
h2tg000012l:10342555-10343187 -            211 130637at33090        -            263   3.4e-28   96.0   0.0   1   1   4.1e-29   3.9e-28   95.8   0.0     3   193    13   208    11   211 0.86 -
h2tg000001l:27504393-27535461 -           1413 130637at33090        -            263   3.3e-26   89.5   0.2   1   2   1.7e-11   1.6e-10   38.0   0.0     4   160   304   482   301   493 0.68 -
h2tg000001l:27504393-27535461 -           1413 130637at33090        -            263   3.3e-26   89.5   0.2   2   2   8.2e-14   7.8e-13   45.6   0.0     5   162  1106  1285  1102  1317 0.70 -
h2tg000025l:1342284-1343027   -            248 130637at33090        -            263   5.4e-26   88.8   0.0   1   1     7e-27   6.6e-26   88.5   0.0     4   244     6   246     3   248 0.81 -
h2tg000001l:22501680-22502408 -            243 130637at33090        -            263   9.2e-26   88.0   0.0   1   1   1.2e-26   1.1e-25   87.7   0.0     3   239     7   243     5   243 0.79 -
h2tg000005l:7911343-7911972   -            210 130637at33090        -            263   1.6e-25   87.2   0.0   1   1     2e-26   1.9e-25   87.0   0.0     3   192    14   208    12   210 0.83 -
h2tg000008l:22373234-22374004 -            257 130637at33090        -            263   9.7e-25   84.7   0.0   1   1   1.3e-25   1.3e-24   84.3   0.0     3   250     1   257     1   257 0.79 -
h2tg000015l:1614129-1614893   -            255 130637at33090        -            263     1e-23   81.3   0.0   1   1   1.5e-24   1.4e-23   80.9   0.0     4   250     2   255     1   255 0.75 -
h2tg000017l:6477237-6477992   -            252 130637at33090        -            263   1.2e-23   81.1   0.0   1   1   1.4e-24   1.3e-23   81.0   0.0    40   246    53   252     5   252 0.79 -
h2tg000008l:20564047-20564880 -            278 130637at33090        -            263   8.8e-22   75.0   0.0   1   1   1.4e-22   1.3e-21   74.4   0.0     4   256     2   258     1   265 0.79 -
h2tg000015l:7472168-7472959   -            264 130637at33090        -            263   1.1e-21   74.6   0.0   1   1   1.4e-22   1.3e-21   74.4   0.0     3   255     1   262     1   264 0.74 -
h2tg000026l:2241319-2242170   -            284 130637at33090        -            263   1.5e-21   74.2   0.0   1   1   2.2e-22     2e-21   73.8   0.0    90   251    99   260    72   269 0.89 -
h2tg000007l:27030229-27031077 -            283 130637at33090        -            263   1.7e-21   74.1   0.0   1   1   2.2e-22   2.1e-21   73.7   0.0    90   251    94   255    70   264 0.89 -
h2tg000008l:8397379-8404860   -            783 130637at33090        -            263   1.8e-21   74.0   0.0   1   1   2.9e-22   2.8e-21   73.3   0.0    31   252   559   777   524   781 0.78 -
h2tg000014l:11774008-11774643 -            212 130637at33090        -            263   4.1e-21   72.8   0.0   1   1   5.1e-22   4.8e-21   72.5   0.0    14   187    17   192     1   205 0.79 -
h2tg000005l:11703688-11708275 -            190 130637at33090        -            263   9.5e-21   71.6   0.1   1   1   2.1e-20   1.9e-19   67.3   0.1    17   194    17   187     1   190 0.78 -
h2tg000024l:19466447-19467064 -            206 130637at33090        -            263     1e-20   71.5   0.0   1   1   1.3e-21   1.2e-20   71.2   0.0     2   195     2   198     1   205 0.75 -
h2tg000008l:16526377-16565300 -            285 130637at33090        -            263   1.2e-20   71.3   0.0   1   1   1.5e-21   1.4e-20   71.0   0.0     3   197     1   203     1   218 0.75 -
h2tg000006l:22473493-22474164 -            224 130637at33090        -            263   2.9e-20   70.0   0.0   1   1   3.8e-21   3.6e-20   69.7   0.0     3   191     1   195     1   206 0.77 -
h2tg000008l:7528981-7681663   -            274 130637at33090        -            263   3.2e-20   69.9   0.0   1   1   4.1e-21   3.9e-20   69.6   0.0     7   189     9   186     1   224 0.79 -
h2tg000017l:9380388-9381574   -            273 130637at33090        -            263   9.4e-20   68.3   0.0   1   1   1.4e-20   1.3e-19   67.8   0.0    18   188    10   182     3   188 0.77 -
h2tg000020l:12146964-12147677 -            238 130637at33090        -            263     2e-19   67.3   0.0   1   1   2.5e-20   2.4e-19   67.0   0.0    38   186    85   237    59   238 0.84 -
h2tg000007l:30900771-30901544 -            258 130637at33090        -            263   2.3e-19   67.0   0.0   1   1   5.2e-20   4.9e-19   66.0   0.0    91   215   123   253   115   258 0.81 -
h2tg000019l:17215426-17216359 -            279 130637at33090        -            263   5.3e-19   65.9   0.0   1   1   3.5e-19   3.3e-18   63.2   0.0     3   198     2   218     1   224 0.72 -
h2tg000014l:22712925-22713623 -            233 130637at33090        -            263   1.3e-18   64.6   0.0   1   1   2.4e-19   2.2e-18   63.8   0.0     2   208     1   221     1   227 0.76 -
h2tg000006l:22480812-22481639 -            276 130637at33090        -            263   1.4e-18   64.5   0.0   1   1   1.9e-19   1.8e-18   64.1   0.0     3   190     9   203     7   268 0.77 -
h2tg000023l:6577123-6577884   -            254 130637at33090        -            263   1.5e-18   64.3   0.0   1   1   2.1e-19     2e-18   64.0   0.0     2   206     8   224     7   237 0.78 -
h2tg000006l:22424173-22425168 -            332 130637at33090        -            263   1.5e-18   64.3   0.0   1   1   2.2e-19   2.1e-18   63.9   0.0     3   189     9   201     7   273 0.81 -
h2tg000015l:4809853-4810689   -            279 130637at33090        -            263   1.7e-18   64.2   0.0   1   1   2.6e-19   2.4e-18   63.7   0.0     2   189    16   206    13   218 0.73 -
h2tg000003l:426412-426984     -            191 130637at33090        -            263   1.9e-18   64.1   0.0   1   1   2.3e-19   2.1e-18   63.9   0.0     3   186     1   190     1   191 0.83 -
h2tg000017l:3527620-3528390   -            257 130637at33090        -            263   1.9e-18   64.0   0.0   1   1   3.2e-19     3e-18   63.4   0.0     2   190     1   196     1   214 0.76 -
h2tg000009l:21033810-21034439 -            210 130637at33090        -            263     2e-18   64.0   0.0   1   1   2.9e-19   2.7e-18   63.5   0.0     2   185    14   206    13   209 0.83 -
h2tg000024l:6486486-6487076   -            197 130637at33090        -            263   2.1e-18   63.9   0.0   1   1   2.6e-19   2.4e-18   63.7   0.0     3   186     8   196     6   197 0.81 -
h2tg000015l:9381541-9381972   -            144 130637at33090        -            263   2.3e-18   63.8   0.0   1   1     3e-19   2.8e-18   63.5   0.0    96   193    46   139    25   143 0.87 -
h2tg000002l:20645610-20646038 -            143 130637at33090        -            263   2.5e-18   63.7   0.0   1   1   3.2e-19     3e-18   63.4   0.0    93   187    45   135    28   142 0.87 -
h2tg000030l:1748976-1750067   -            364 130637at33090        -            263   2.7e-18   63.5   0.0   1   1   3.9e-19   3.7e-18   63.1   0.0    35   243    45   273    22   294 0.81 -
h2tg000009l:17783508-17784164 -            219 130637at33090        -            263   2.9e-18   63.4   0.0   1   1   3.8e-19   3.6e-18   63.1   0.0     2   189     1   197     1   209 0.79 -
h2tg000034l:2026925-2028492   -            262 130637at33090        -            263   3.2e-18   63.3   0.0   1   1   1.3e-18   1.3e-17   61.3   0.0     3   191     2   191     1   205 0.82 -
h2tg000009l:6583558-6584286   -            243 130637at33090        -            263   3.3e-18   63.3   0.1   1   1   4.5e-19   4.2e-18   62.9   0.1     4   197     2   204     1   210 0.79 -
h2tg000002l:25841853-25842317 -            155 130637at33090        -            263   3.6e-18   63.1   0.0   1   1   4.7e-19   4.4e-18   62.8   0.0    93   246     9   153     4   155 0.81 -
h2tg000017l:3580257-3581123   -            289 130637at33090        -            263   3.8e-18   63.1   0.2   1   1   6.4e-19   6.1e-18   62.4   0.2     3   190    12   206    10   230 0.77 -
h2tg000004l:21380576-21382018 -            266 130637at33090        -            263   4.4e-18   62.8   0.0   1   1   4.9e-19   4.6e-18   62.8   0.0    12   198     5   193     1   263 0.77 -
h2tg000009l:20734253-20734807 -            185 130637at33090        -            263   5.1e-18   62.6   0.0   1   1   6.3e-19   5.9e-18   62.4   0.0     4   163     1   168     1   184 0.85 -
h2tg000006l:22415812-22416564 -            251 130637at33090        -            263   5.9e-18   62.4   0.0   1   1   8.6e-19   8.1e-18   62.0   0.0     3   190     8   201     6   215 0.75 -
h2tg000008l:5480796-5481440   -            215 130637at33090        -            263   6.7e-18   62.2   0.0   1   1   7.5e-19   7.1e-18   62.2   0.0    90   250    58   212     1   215 0.82 -
h2tg000006l:22411246-22411998 -            251 130637at33090        -            263     8e-18   62.0   0.0   1   1   1.6e-18   1.5e-17   61.1   0.0     3   194    28   225    26   235 0.75 -
h2tg000025l:3424414-3425232   -            273 130637at33090        -            263   8.8e-18   61.9   0.0   1   1   1.2e-18   1.2e-17   61.5   0.0     3   189     2   194     1   207 0.76 -
h2tg000011l:4391869-4441022   -            311 130637at33090        -            263   9.1e-18   61.8   0.0   1   1   1.3e-18   1.2e-17   61.4   0.0     4   189     2   193     1   211 0.73 -
h2tg000009l:17731551-17732399 -            283 130637at33090        -            263     1e-17   61.6   0.0   1   1   1.2e-18   1.1e-17   61.5   0.0     4   190     2   197     1   277 0.81 -
h2tg000023l:11781449-11782261 -            271 130637at33090        -            263   1.3e-17   61.3   0.0   1   1   2.1e-18     2e-17   60.7   0.0     3   194     7   204     5   230 0.79 -
h2tg000009l:21015461-21016252 -            264 130637at33090        -            263   1.4e-17   61.2   0.0   1   1   1.8e-18   1.7e-17   61.0   0.0     4   211     2   216     1   239 0.79 -
h2tg000023l:6637809-6638468   -            220 130637at33090        -            263   1.5e-17   61.1   0.0   1   1   2.1e-18     2e-17   60.7   0.0     4   201     3   212     1   220 0.75 -
h2tg000011l:22208016-22209020 -            335 130637at33090        -            263   1.6e-17   61.0   0.0   1   2   2.3e-11   2.2e-10   37.6   0.0     3   136    12   153    10   165 0.70 -
h2tg000011l:22208016-22209020 -            335 130637at33090        -            263   1.6e-17   61.0   0.0   2   2   2.1e-06     2e-05   21.4   0.0   150   241   199   292   177   313 0.73 -
h2tg000009l:14918884-14919708 -            275 130637at33090        -            263   1.7e-17   60.9   0.0   1   1   2.3e-18   2.2e-17   60.6   0.0     2   187     1   195     1   221 0.82 -
h2tg000008l:1955427-1956251   -            275 130637at33090        -            263   1.8e-17   60.8   0.0   1   1   2.4e-18   2.2e-17   60.5   0.0     4   190     2   192     1   218 0.76 -
h2tg000024l:5695889-5696473   -            195 130637at33090        -            263   1.9e-17   60.7   0.0   1   1   2.2e-18   2.1e-17   60.6   0.0     3   186     7   195     5   195 0.74 -
h2tg000004l:7867023-7867667   -            215 130637at33090        -            263   2.1e-17   60.6   0.0   1   1   3.3e-18   3.1e-17   60.1   0.0     2   185    12   200    11   211 0.73 -
h2tg000002l:20724646-20725632 -            329 130637at33090        -            263   2.1e-17   60.6   0.0   1   1   2.9e-18   2.7e-17   60.3   0.0     7   189     9   194     1   214 0.79 -
h2tg000009l:20881028-20881627 -            200 130637at33090        -            263   2.2e-17   60.6   0.0   1   1   2.7e-18   2.5e-17   60.4   0.0     2   185     7   199     6   200 0.73 -
h2tg000007l:5619230-5620624   -            465 130637at33090        -            263   2.3e-17   60.5   0.0   1   1   3.5e-18   3.3e-17   60.0   0.0     3   186   276   464   274   465 0.78 -
h2tg000002l:20718736-20719326 -            197 130637at33090        -            263   2.4e-17   60.4   0.0   1   1   2.9e-18   2.7e-17   60.3   0.0     3   185     7   196     5   197 0.79 -
h2tg000013l:16597463-16598764 -            272 130637at33090        -            263   2.4e-17   60.4   0.0   1   1   3.2e-18     3e-17   60.1   0.0    14   204     7   199     1   227 0.76 -
h2tg000009l:20956286-20956921 -            212 130637at33090        -            263   3.4e-17   59.9   0.0   1   1   5.1e-18   4.8e-17   59.4   0.0     4   187     2   194     1   208 0.76 -
h2tg000024l:25940216-25940839 -            208 130637at33090        -            263   3.7e-17   59.8   0.0   1   1   4.5e-17   4.2e-16   56.4   0.0     3   196     1   204     1   207 0.73 -
h2tg000032l:60534-61965       -            267 130637at33090        -            263     4e-17   59.7   0.0   1   1   5.5e-18   5.2e-17   59.3   0.0    14   189     7   184     1   202 0.83 -
h2tg000015l:1779182-1780081   -            300 130637at33090        -            263   4.4e-17   59.6   0.1   1   1   5.6e-18   5.3e-17   59.3   0.1     3   190    11   201     7   268 0.77 -
h2tg000002l:24613013-24614707 -            208 130637at33090        -            263   6.1e-17   59.1   0.0   1   1   7.4e-18     7e-17   58.9   0.0    91   197    42   144    28   200 0.85 -
h2tg000005l:5814763-5815185   -            141 130637at33090        -            263   6.3e-17   59.0   0.1   1   1     8e-18   7.5e-17   58.8   0.1    63   186    14   141     2   141 0.81 -
h2tg000015l:17938271-17939566 -            274 130637at33090        -            263   6.5e-17   59.0   0.0   1   1   9.4e-18   8.9e-17   58.6   0.0    38   189    27   182     4   197 0.77 -
h2tg000017l:6808705-6809394   -            230 130637at33090        -            263   6.5e-17   59.0   0.0   1   1   8.2e-18   7.8e-17   58.8   0.0     2   192     1   198     1   208 0.78 -
h2tg000017l:20273418-20275386 -            269 130637at33090        -            263   7.3e-17   58.9   0.0   1   1   1.1e-17   1.1e-16   58.3   0.0     3   190     2   196     1   208 0.79 -
h2tg000006l:17676840-17689498 -            284 130637at33090        -            263   7.5e-17   58.8   0.0   1   1   1.2e-17   1.1e-16   58.3   0.0    36   192    54   215    35   228 0.81 -
h2tg000004l:2503902-2504806   -            200 130637at33090        -            263   8.2e-17   58.7   0.2   1   1     1e-17   9.5e-17   58.5   0.2     3   186    14   199    12   200 0.83 -
h2tg000004l:11840311-11841039 -            243 130637at33090        -            263   8.9e-17   58.6   0.0   1   1   1.4e-17   1.3e-16   58.0   0.0     4   190    32   224    29   234 0.75 -
h2tg000016l:7438685-7439536   -            284 130637at33090        -            263   1.2e-16   58.2   0.0   1   1   3.8e-17   3.6e-16   56.6   0.0     2   248    27   284    26   284 0.71 -
h2tg000004l:11531385-11532200 -            272 130637at33090        -            263   1.2e-16   58.2   0.0   1   1   1.7e-17   1.6e-16   57.8   0.0     4   191     8   201     5   236 0.77 -
h2tg000003l:7847651-7869295   -            297 130637at33090        -            263   1.4e-16   57.9   0.0   1   1   2.5e-17   2.4e-16   57.2   0.0    37   207    27   200     3   235 0.77 -
h2tg000023l:6606060-6606935   -            292 130637at33090        -            263   1.5e-16   57.8   0.1   1   1   2.2e-17   2.1e-16   57.3   0.1     2   207     3   217     1   253 0.74 -
h2tg000017l:4944916-4945581   -            222 130637at33090        -            263   1.6e-16   57.7   0.1   1   1   1.9e-17   1.8e-16   57.6   0.1    46   190     1   147     1   203 0.88 -
h2tg000001l:25352261-25352755 -            165 130637at33090        -            263   1.9e-16   57.5   0.0   1   1   2.2e-17   2.1e-16   57.3   0.0     5   138    23   165    19   165 0.75 -
h2tg000016l:2139244-2140350   -            369 130637at33090        -            263   1.9e-16   57.5   0.0   1   2   9.6e-11   9.1e-10   35.6   0.0    79   146   100   172    40   178 0.84 -
h2tg000016l:2139244-2140350   -            369 130637at33090        -            263   1.9e-16   57.5   0.0   2   2   7.5e-06   7.1e-05   19.6   0.0   141   252   223   331   190   337 0.76 -
h2tg000017l:9902751-9904253   -            501 130637at33090        -            263   2.1e-16   57.3   0.0   1   1   3.3e-17   3.1e-16   56.8   0.0     7   144   342   483   333   498 0.80 -
h2tg000023l:4967044-4967892   -            283 130637at33090        -            263   2.1e-16   57.3   0.1   1   1   2.8e-17   2.7e-16   57.0   0.1     3   193     7   204     5   279 0.72 -
h2tg000002l:22388961-22496338 -            283 130637at33090        -            263   2.8e-16   57.0   0.0   1   1   3.8e-17   3.6e-16   56.6   0.0     4   187     3   192     1   205 0.74 -
h2tg000017l:3511008-3511580   -            191 130637at33090        -            263     3e-16   56.9   0.0   1   1   4.6e-17   4.4e-16   56.3   0.0     3   185     1   190     1   191 0.74 -
h2tg000003l:3409456-3410307   -            284 130637at33090        -            263   3.2e-16   56.7   0.0   1   1   6.3e-17   5.9e-16   55.9   0.0     2   182    19   208    18   247 0.79 -
h2tg000007l:26407483-26408340 -            286 130637at33090        -            263   3.3e-16   56.7   0.0   1   1   8.8e-17   8.3e-16   55.4   0.0     3   192     9   203     7   215 0.75 -
h2tg000017l:5575312-5576001   -            230 130637at33090        -            263   4.9e-16   56.1   0.0   1   1   7.7e-17   7.2e-16   55.6   0.0    18   190    41   225    18   229 0.73 -
h2tg000007l:4651941-4652831   -            297 130637at33090        -            263   5.1e-16   56.1   0.0   1   1     7e-17   6.6e-16   55.7   0.0     3   193    22   218    20   233 0.78 -
h2tg000024l:6904737-6905816   -            360 130637at33090        -            263   5.1e-16   56.1   0.1   1   1   7.2e-17   6.8e-16   55.7   0.1     3   195    22   222    20   248 0.79 -
h2tg000026l:1613157-1624798   -            335 130637at33090        -            263   5.2e-16   56.1   0.0   1   1   1.3e-16   1.2e-15   54.8   0.0     3   192    20   214    18   232 0.75 -
h2tg000015l:4821499-4822419   -            307 130637at33090        -            263   5.7e-16   55.9   0.0   1   1   3.2e-16     3e-15   53.5   0.0     4   257    15   288    12   294 0.64 -
h2tg000007l:14553753-14554889 -            277 130637at33090        -            263   6.8e-16   55.7   0.0   1   1     1e-16   9.4e-16   55.2   0.0    17   187    13   186     5   203 0.75 -
h2tg000007l:8233099-8236066   -            959 130637at33090        -            263   7.1e-16   55.6   0.1   1   1   1.2e-16   1.1e-15   54.9   0.1     3   191   692   892   690   900 0.79 -
h2tg000004l:21329762-21353831 -            279 130637at33090        -            263   7.3e-16   55.6   0.0   1   1   1.1e-16   1.1e-15   55.0   0.0    18   188    11   186     3   192 0.72 -
h2tg000002l:12688066-12688662 -            199 130637at33090        -            263   1.3e-15   54.8   0.1   1   1   1.7e-16   1.6e-15   54.5   0.1     3   187     9   199     7   199 0.78 -
h2tg000014l:22721138-22721965 -            276 130637at33090        -            263   1.4e-15   54.6   0.0   1   1   3.1e-16     3e-15   53.6   0.0     4   207     3   220     1   228 0.72 -
h2tg000016l:3978720-3979532   -            271 130637at33090        -            263   1.5e-15   54.5   0.1   1   1   2.1e-16     2e-15   54.1   0.1     3   189     1   193     1   243 0.79 -
h2tg000009l:20619947-20691273 -            185 130637at33090        -            263   1.6e-15   54.5   0.0   1   1   2.2e-16   2.1e-15   54.1   0.0     4   168     1   176     1   184 0.76 -
h2tg000017l:3562100-3563008   -            303 130637at33090        -            263   1.6e-15   54.4   0.0   1   1   2.6e-16   2.5e-15   53.8   0.0     2   189    27   221    26   239 0.75 -
h2tg000009l:8304005-8304457   -            151 130637at33090        -            263   1.7e-15   54.4   0.1   1   1   2.3e-16   2.2e-15   54.0   0.1     3   140     1   151     1   151 0.73 -
h2tg000015l:2291374-2292171   -            266 130637at33090        -            263   1.7e-15   54.4   0.0   1   1   2.7e-16   2.5e-15   53.8   0.0     4   191     5   195     1   206 0.72 -
h2tg000005l:7315175-7327843   -            274 130637at33090        -            263   2.1e-15   54.1   0.0   1   1     6e-16   5.6e-15   52.7   0.0    18   187     9   185     5   203 0.74 -
h2tg000004l:11506304-11506969 -            222 130637at33090        -            263   2.3e-15   54.0   0.0   1   1   2.9e-16   2.8e-15   53.7   0.0     1   191     1   196     1   220 0.71 -
h2tg000025l:1597706-1598503   -            266 130637at33090        -            263   2.4e-15   53.9   0.0   1   1   4.4e-16   4.2e-15   53.1   0.0     4   194     2   197     1   205 0.80 -
h2tg000024l:9849427-9850281   -            285 130637at33090        -            263   2.5e-15   53.8   0.0   1   1   3.7e-16   3.5e-15   53.3   0.0     2   186     5   201     4   222 0.77 -
h2tg000012l:2031927-2083750   -            302 130637at33090        -            263   2.7e-15   53.7   0.0   1   1   3.5e-16   3.3e-15   53.4   0.0    11   196     4   191     1   245 0.76 -
h2tg000019l:16142807-16144081 -            276 130637at33090        -            263   3.1e-15   53.5   0.0   1   1   4.5e-16   4.3e-15   53.1   0.0    14   188     5   181     1   200 0.76 -
h2tg000024l:2798567-2799680   -            265 130637at33090        -            263   3.2e-15   53.5   0.0   1   1   4.5e-16   4.3e-15   53.1   0.0    36   203    25   190     4   225 0.72 -
h2tg000002l:23317778-23353631 -            461 130637at33090        -            263   3.4e-15   53.4   0.0   1   1   5.2e-16     5e-15   52.8   0.0    38   191    31   188     4   200 0.79 -
h2tg000011l:22164988-22165455 -            156 130637at33090        -            263   3.6e-15   53.3   0.0   1   1   4.7e-16   4.4e-15   53.0   0.0     3   143     1   151     1   156 0.76 -
h2tg000015l:4835780-4836475   -            232 130637at33090        -            263   3.7e-15   53.3   0.0   1   1   4.7e-16   4.5e-15   53.0   0.0     3   189     4   193     1   207 0.73 -
h2tg000024l:10064130-10064453 -            108 130637at33090        -            263   3.7e-15   53.3   0.1   1   1   5.1e-16   4.8e-15   52.9   0.1    38   139     2   108     1   108 0.79 -
h2tg000009l:18949665-18950576 -            304 130637at33090        -            263   4.2e-15   53.1   0.0   1   1   8.8e-16   8.3e-15   52.1   0.0     3   192    14   209    12   222 0.80 -
h2tg000008l:2305294-2306097   -            268 130637at33090        -            263   4.3e-15   53.0   0.0   1   1   5.5e-16   5.2e-15   52.8   0.0     4   189     2   191     1   228 0.79 -
h2tg000026l:1605518-1606084   -            189 130637at33090        -            263   4.9e-15   52.9   0.0   1   1   1.1e-15     1e-14   51.8   0.0     3   186     1   189     1   189 0.76 -
h2tg000015l:11632222-11633661 -            480 130637at33090        -            263   4.9e-15   52.9   0.0   1   1   7.3e-16   6.9e-15   52.4   0.0    39   187   323   477   269   480 0.68 -
h2tg000014l:11770070-11770363 -             98 130637at33090        -            263     5e-15   52.8   0.0   1   1   5.3e-16     5e-15   52.8   0.0   100   185     7    93     1    98 0.87 -
h2tg000015l:4900294-4901148   -            285 130637at33090        -            263   5.1e-15   52.8   0.0   1   1   6.2e-16   5.8e-15   52.6   0.0     4   190     9   201     6   277 0.78 -
h2tg000001l:27017670-27018185 -            172 130637at33090        -            263   5.3e-15   52.7   0.2   1   1     2e-15   1.9e-14   50.9   0.2     9   141    11   162     2   172 0.71 -
h2tg000002l:12537196-12537987 -            264 130637at33090        -            263   5.9e-15   52.6   0.1   1   1   8.6e-16   8.1e-15   52.1   0.1     4   190     2   194     1   208 0.73 -
h2tg000024l:6853305-6854210   -            302 130637at33090        -            263   7.1e-15   52.3   0.0   1   1   1.1e-15     1e-14   51.8   0.0     3   191     7   203     5   212 0.76 -
h2tg000031l:1144889-1145767   -            293 130637at33090        -            263   7.8e-15   52.2   0.0   1   1   1.1e-15   9.9e-15   51.9   0.0     3   192     2   197     1   214 0.77 -
h2tg000014l:19993501-19994031 -            177 130637at33090        -            263   8.1e-15   52.1   0.0   1   2   5.6e-10   5.3e-09   33.1   0.0    97   136     9    48     4    62 0.89 -
h2tg000014l:19993501-19994031 -            177 130637at33090        -            263   8.1e-15   52.1   0.0   2   2   3.9e-05   0.00037   17.2   0.0   148   194   132   177   119   177 0.88 -
h2tg000016l:1633051-1633644   -            198 130637at33090        -            263     1e-14   51.8   0.0   1   1   1.3e-15   1.2e-14   51.5   0.0     4   195     2   195     1   198 0.76 -
h2tg000020l:667634-668464     -            277 130637at33090        -            263   1.1e-14   51.8   0.0   1   1   1.2e-15   1.2e-14   51.6   0.0    93   190    95   194     1   248 0.75 -
h2tg000024l:6954057-6954935   -            293 130637at33090        -            263   1.1e-14   51.7   0.0   1   1   1.6e-15   1.5e-14   51.2   0.0     3   190     7   202     5   213 0.76 -
h2tg000019l:4149640-4150386   -            249 130637at33090        -            263   1.2e-14   51.6   0.0   1   2   2.1e-08     2e-07   27.9   0.0   102   136     1    35     1    46 0.92 -
h2tg000019l:4149640-4150386   -            249 130637at33090        -            263   1.2e-14   51.6   0.0   2   2   1.6e-06   1.5e-05   21.7   0.0   152   251   126   225   114   229 0.73 -
h2tg000020l:641414-642256     -            281 130637at33090        -            263   1.2e-14   51.6   0.0   1   1     2e-15   1.9e-14   50.9   0.0     2   194    11   208    10   219 0.79 -
h2tg000006l:16227719-16228534 -            272 130637at33090        -            263   1.3e-14   51.4   0.0   1   1   1.9e-15   1.8e-14   51.0   0.0     7   190     9   191     1   209 0.82 -
h2tg000023l:6832039-6833608   -            269 130637at33090        -            263   1.3e-14   51.4   0.0   1   1     2e-15   1.9e-14   50.9   0.0     3   159     2   167     1   232 0.80 -
h2tg000024l:6916426-6917322   -            299 130637at33090        -            263   1.3e-14   51.4   0.0   1   1     2e-15   1.9e-14   50.9   0.0     2   195    21   221    20   228 0.72 -
h2tg000014l:15652676-15653545 -            290 130637at33090        -            263   1.5e-14   51.3   0.0   1   1   2.3e-15   2.1e-14   50.8   0.0     3   185     2   188     1   200 0.73 -
h2tg000015l:3586775-3590919   -            446 130637at33090        -            263   1.5e-14   51.3   0.0   1   1   2.5e-15   2.3e-14   50.6   0.0    16   187     8   181     3   199 0.75 -
h2tg000015l:4815006-4815734   -            243 130637at33090        -            263   1.7e-14   51.1   0.0   1   1   2.2e-15   2.1e-14   50.8   0.0     4   190     5   194     1   208 0.73 -
h2tg000008l:2315408-2316241   -            278 130637at33090        -            263   1.7e-14   51.1   0.0   1   1   2.3e-15   2.2e-14   50.8   0.0     2   196    11   209    10   242 0.79 -
h2tg000009l:17096088-17099840 -           1251 130637at33090        -            263   1.8e-14   51.0   0.0   1   1     4e-15   3.8e-14   49.9   0.0     2   189   982  1176   981  1224 0.76 -
h2tg000017l:21001343-21002164 -            274 130637at33090        -            263   1.9e-14   50.9   0.0   1   1   4.3e-15   4.1e-14   49.8   0.0     2   203     3   216     2   231 0.77 -
h2tg000014l:17521104-17521955 -            284 130637at33090        -            263   2.2e-14   50.7   0.0   1   1   2.8e-15   2.7e-14   50.4   0.0     3   193     1   202     1   239 0.73 -
h2tg000006l:24113484-24114293 -            270 130637at33090        -            263   2.7e-14   50.4   0.0   1   1   5.6e-15   5.3e-14   49.5   0.0    38   190    22   184    14   192 0.79 -
h2tg000001l:27618508-27618978 -            157 130637at33090        -            263   3.2e-14   50.2   0.1   1   1   1.4e-14   1.4e-13   48.1   0.1     5   137     3   156     1   157 0.71 -
h2tg000006l:877541-878176     -            212 130637at33090        -            263   3.4e-14   50.1   0.0   1   1   1.8e-14   1.7e-13   47.8   0.0     3   187     1   198     1   204 0.70 -
h2tg000001l:4795139-4796689   -            517 130637at33090        -            263   3.6e-14   50.0   0.0   1   1   5.2e-15   4.9e-14   49.6   0.0    34   187   356   515   324   517 0.77 -
h2tg000022l:676120-693687     -            269 130637at33090        -            263     4e-14   49.9   0.0   1   1   5.5e-15   5.2e-14   49.5   0.0     4   190     3   193     1   209 0.76 -
h2tg000014l:14132712-14147707 -            686 130637at33090        -            263   4.7e-14   49.6   0.0   1   1   1.9e-14   1.8e-13   47.7   0.0    38   196   100   271    66   285 0.70 -
h2tg000024l:9861531-9862115   -            195 130637at33090        -            263     5e-14   49.5   0.0   1   1   7.6e-15   7.2e-14   49.0   0.0     2   163     1   172     1   195 0.75 -
h2tg000026l:3544378-3547134   -            919 130637at33090        -            263   5.5e-14   49.4   0.0   1   1   9.6e-15   9.1e-14   48.7   0.0     3   191   682   878   680   888 0.79 -
h2tg000025l:3656803-3657603   -            267 130637at33090        -            263   5.5e-14   49.4   0.0   1   1   2.1e-14     2e-13   47.6   0.0     3   189     2   196     1   206 0.76 -
h2tg000011l:11346481-11347200 -            240 130637at33090        -            263   5.8e-14   49.3   0.0   1   1   8.2e-15   7.8e-14   48.9   0.0     3   191    32   229    30   236 0.78 -
h2tg000007l:2467298-2468077   -            260 130637at33090        -            263   5.8e-14   49.3   0.0   1   1   1.6e-14   1.5e-13   48.0   0.0    98   190    96   189     1   200 0.82 -
h2tg000015l:7333258-7334094   -            279 130637at33090        -            263   6.1e-14   49.3   0.0   1   1     1e-14   9.8e-14   48.6   0.0     3   192     1   196     1   209 0.78 -
h2tg000023l:4716507-4719508   -            969 130637at33090        -            263   6.5e-14   49.2   0.0   1   1   1.3e-14   1.3e-13   48.2   0.0     3   190   672   878   670   886 0.74 -
h2tg000007l:25089984-25116942 -            286 130637at33090        -            263   6.5e-14   49.2   0.0   1   1   8.6e-15   8.1e-14   48.9   0.0     3   189     2   196     1   206 0.79 -
h2tg000007l:26346015-26346626 -            204 130637at33090        -            263   6.8e-14   49.1   0.0   1   1   1.5e-14   1.4e-13   48.1   0.0     3   193     1   202     1   204 0.73 -
h2tg000006l:16201468-16202313 -            282 130637at33090        -            263   7.9e-14   48.9   0.1   1   1   1.1e-14     1e-13   48.5   0.1     3   187    14   201    12   241 0.76 -
h2tg000008l:20381352-20382089 -            246 130637at33090        -            263   8.6e-14   48.8   0.0   1   1     1e-14   9.5e-14   48.6   0.0    92   250    91   246    26   246 0.80 -
h2tg000007l:26326385-26327407 -            341 130637at33090        -            263   9.1e-14   48.7   0.0   1   1   4.4e-14   4.1e-13   46.5   0.0     3   193    53   254    51   262 0.72 -
h2tg000026l:1535626-1536648   -            341 130637at33090        -            263   9.1e-14   48.7   0.0   1   1   4.4e-14   4.1e-13   46.5   0.0     3   193    53   254    51   262 0.72 -
h2tg000001l:109141-110464     -            260 130637at33090        -            263   1.1e-13   48.5   0.0   1   1   1.8e-14   1.7e-13   47.8   0.0    61   191    34   172    10   186 0.81 -
h2tg000026l:1555186-1556181   -            332 130637at33090        -            263   1.1e-13   48.4   0.0   1   1   2.6e-14   2.5e-13   47.3   0.0     2   194    26   229    25   238 0.74 -
h2tg000014l:17765992-17766672 -            227 130637at33090        -            263   1.1e-13   48.4   0.1   1   1   4.9e-14   4.6e-13   46.4   0.1     3   185    40   226    38   227 0.71 -
h2tg000008l:11531922-11533376 -            485 130637at33090        -            263   1.1e-13   48.4   0.0   1   1     2e-14   1.8e-13   47.7   0.0     3   141   319   468   317   479 0.81 -
h2tg000008l:19977123-19978160 -            346 130637at33090        -            263   1.3e-13   48.2   0.0   1   2     0.072      0.68    6.5   0.0     3    56    28    83    26    93 0.80 -
h2tg000008l:19977123-19978160 -            346 130637at33090        -            263   1.3e-13   48.2   0.0   2   2   6.4e-12     6e-11   39.5   0.0    92   187   139   235   134   245 0.88 -
h2tg000016l:11795208-11795720 -            171 130637at33090        -            263   1.6e-13   47.9   0.0   1   1   1.9e-14   1.8e-13   47.7   0.0     3   141     2   152     1   171 0.72 -
h2tg000025l:551559-552422     -            288 130637at33090        -            263   1.6e-13   47.9   0.0   1   1   2.6e-14   2.5e-13   47.3   0.0     2   196     7   219     6   222 0.72 -
h2tg000027l:4110647-4111486   -            280 130637at33090        -            263   1.6e-13   47.9   0.0   1   1   2.3e-14   2.2e-13   47.5   0.0    39   241     8   231     4   251 0.78 -
h2tg000011l:4461596-4520224   -            301 130637at33090        -            263   1.8e-13   47.8   0.0   1   1   2.9e-14   2.7e-13   47.1   0.0    16   190     9   185     1   206 0.72 -
h2tg000003l:5793213-5794130   -            306 130637at33090        -            263   1.8e-13   47.7   0.0   1   2     0.049      0.46    7.1   0.0     3    56     1    55     1    69 0.88 -
h2tg000003l:5793213-5794130   -            306 130637at33090        -            263   1.8e-13   47.7   0.0   2   2     1e-11   9.8e-11   38.8   0.0   100   194   120   215   110   272 0.77 -
h2tg000003l:3600776-3601585   -            270 130637at33090        -            263   1.8e-13   47.7   0.0   1   1   4.4e-14   4.2e-13   46.5   0.0    37   193    22   180     3   249 0.75 -
h2tg000024l:6689153-6690205   -            351 130637at33090        -            263   2.3e-13   47.4   0.0   1   1   3.5e-14   3.4e-13   46.8   0.0    16   193    11   191     3   203 0.75 -
h2tg000020l:657473-658087     -            205 130637at33090        -            263   2.5e-13   47.3   0.0   1   1   5.5e-14   5.2e-13   46.2   0.0     2   193     1   197     1   203 0.77 -
h2tg000011l:9271660-9272322   -            221 130637at33090        -            263   2.8e-13   47.1   0.0   1   1   3.5e-14   3.3e-13   46.9   0.0    48   187     1   145     1   175 0.81 -
h2tg000001l:27533629-27534624 -            332 130637at33090        -            263   2.8e-13   47.1   0.1   1   2   1.1e-12   1.1e-11   41.9   0.0     4   160    25   203    22   215 0.68 -
h2tg000001l:27533629-27534624 -            332 130637at33090        -            263   2.8e-13   47.1   0.1   2   2       2.4        23    1.5   0.0   171   199   244   272   236   293 0.83 -
h2tg000008l:2496685-2497110   -            142 130637at33090        -            263     3e-13   47.0   0.3   1   1   3.5e-14   3.3e-13   46.9   0.3     3   137     1   141     1   142 0.75 -
h2tg000006l:16383462-16386463 -            968 130637at33090        -            263   3.1e-13   47.0   0.0   1   1   5.8e-14   5.5e-13   46.1   0.0     3   190   672   877   670   884 0.74 -
h2tg000024l:1415284-1415748   -            155 130637at33090        -            263   3.5e-13   46.8   0.1   1   1   4.3e-14     4e-13   46.6   0.1     3   137     9   154     7   155 0.77 -
h2tg000024l:1195001-1196935   -            645 130637at33090        -            263   3.6e-13   46.7   0.0   1   1   5.8e-14   5.5e-13   46.1   0.0     3   140   476   624   474   643 0.78 -
h2tg000002l:16910566-16911087 -            174 130637at33090        -            263   3.6e-13   46.7   0.0   1   1   4.1e-14   3.9e-13   46.6   0.0    17   143    19   153     1   174 0.73 -
h2tg000015l:7451842-7452639   -            266 130637at33090        -            263   3.8e-13   46.7   0.0   1   1   4.8e-14   4.5e-13   46.4   0.0    48   197    50   200     3   206 0.76 -
h2tg000016l:15091627-15092316 -            230 130637at33090        -            263   3.8e-13   46.7   0.1   1   1   4.7e-14   4.5e-13   46.4   0.1    37   195     6   167     1   201 0.74 -
h2tg000008l:2521691-2522116   -            142 130637at33090        -            263   5.6e-13   46.1   0.3   1   1   6.6e-14   6.3e-13   46.0   0.3     3   137     1   141     1   142 0.71 -
h2tg000007l:26381076-26381693 -            206 130637at33090        -            263   5.6e-13   46.1   0.0   1   1   1.9e-13   1.8e-12   44.5   0.0     3   192     1   203     1   206 0.69 -
h2tg000026l:1590271-1590888   -            206 130637at33090        -            263   5.6e-13   46.1   0.0   1   1   1.9e-13   1.8e-12   44.5   0.0     3   192     1   203     1   206 0.69 -
h2tg000008l:7748541-7749092   -            184 130637at33090        -            263     6e-13   46.0   0.0   1   1   7.8e-14   7.4e-13   45.7   0.0    38   185    30   181     5   183 0.71 -
h2tg000020l:662996-663565     -            190 130637at33090        -            263   6.1e-13   46.0   0.0   1   1   8.8e-14   8.3e-13   45.6   0.0     4   186     2   189     1   190 0.77 -
h2tg000007l:26384848-26385873 -            342 130637at33090        -            263   7.2e-13   45.8   0.0   1   1     3e-13   2.9e-12   43.8   0.0     3   193     9   212     7   275 0.77 -
h2tg000026l:1594043-1595068   -            342 130637at33090        -            263   7.2e-13   45.8   0.0   1   1     3e-13   2.9e-12   43.8   0.0     3   193     9   212     7   275 0.77 -
h2tg000006l:12732058-12733527 -            490 130637at33090        -            263   7.2e-13   45.7   0.0   1   1     1e-13   9.7e-13   45.3   0.0     4   187   298   488   295   490 0.82 -
h2tg000005l:4365941-4367133   -            292 130637at33090        -            263   7.5e-13   45.7   0.1   1   2      0.34       3.2    4.3   0.0    38    66    22    50     2    59 0.78 -
h2tg000005l:4365941-4367133   -            292 130637at33090        -            263   7.5e-13   45.7   0.1   2   2   7.4e-12     7e-11   39.2   0.0    98   187   117   205    99   222 0.83 -
h2tg000012l:16679271-16679702 -            144 130637at33090        -            263   8.2e-13   45.6   0.0   1   1   9.5e-14     9e-13   45.4   0.0     4   137     2   143     1   144 0.82 -
h2tg000014l:17701306-17701962 -            219 130637at33090        -            263   8.8e-13   45.5   0.0   1   1     4e-13   3.8e-12   43.4   0.0    15   187    17   189     1   216 0.63 -
h2tg000014l:17402464-17402901 -            146 130637at33090        -            263     9e-13   45.4   0.0   1   1   1.2e-13   1.1e-12   45.1   0.0     4   140     2   146     1   146 0.71 -
h2tg000012l:4681351-4682355   -            335 130637at33090        -            263     9e-13   45.4   0.0   1   1   1.4e-13   1.3e-12   44.9   0.0     2   197    24   225    23   239 0.75 -
h2tg000002l:4552560-4553093   -            178 130637at33090        -            263   9.3e-13   45.4   0.3   1   1   1.3e-13   1.2e-12   45.0   0.3     3   140    12   160    10   172 0.78 -
h2tg000025l:2085032-2085583   -            184 130637at33090        -            263   9.8e-13   45.3   0.0   1   1   1.7e-13   1.7e-12   44.6   0.0    37   186    29   182     2   183 0.76 -
h2tg000016l:1646775-1647371   -            199 130637at33090        -            263   9.9e-13   45.3   0.0   1   1   1.2e-13   1.1e-12   45.2   0.0    18   192    25   198     1   199 0.70 -
h2tg000001l:11661190-11661633 -            148 130637at33090        -            263   1.1e-12   45.2   0.2   1   1   3.4e-13   3.2e-12   43.6   0.2     4   137     2   147     1   148 0.73 -
h2tg000014l:13417598-13418416 -            273 130637at33090        -            263   1.1e-12   45.1   0.0   1   1   1.7e-13   1.6e-12   44.6   0.0    38   192    31   189     6   202 0.79 -
h2tg000011l:3504985-3505779   -            265 130637at33090        -            263   1.1e-12   45.1   0.0   1   1   2.9e-13   2.7e-12   43.9   0.0    38   193    30   189     2   201 0.73 -
h2tg000016l:1637136-1637987   -            284 130637at33090        -            263   1.1e-12   45.1   0.0   1   1   1.5e-13   1.4e-12   44.8   0.0    38   193    40   196     1   264 0.72 -
h2tg000024l:9571720-9598265   -            457 130637at33090        -            263   1.2e-12   45.0   0.0   1   1   3.3e-13   3.1e-12   43.7   0.0    16   186     9   181     1   197 0.76 -
h2tg000024l:6836163-6836996   -            278 130637at33090        -            263   1.3e-12   44.9   0.0   1   1   1.8e-13   1.7e-12   44.5   0.0     3   190     1   193     1   204 0.76 -
h2tg000027l:1199805-1200257   -            151 130637at33090        -            263   1.4e-12   44.8   0.0   1   1   1.6e-13   1.5e-12   44.7   0.0     4   136     9   151     6   151 0.70 -
h2tg000002l:12933900-12934700 -            267 130637at33090        -            263   1.4e-12   44.8   0.0   1   1     3e-13   2.8e-12   43.8   0.0     3   191     1   195     1   214 0.78 -
h2tg000020l:677585-678247     -            221 130637at33090        -            263   1.5e-12   44.7   0.0   1   1   2.3e-13   2.2e-12   44.2   0.0    94   194    47   150    39   182 0.84 -
h2tg000015l:7450054-7452648   -            865 130637at33090        -            263   1.8e-12   44.5   0.0   1   1   2.7e-13   2.5e-12   44.0   0.0    47   197   645   796   593   801 0.69 -
h2tg000001l:26464545-26466224 -            197 130637at33090        -            263   1.8e-12   44.4   0.0   1   1   5.6e-13   5.3e-12   42.9   0.0    98   187   110   190   103   196 0.87 -
h2tg000030l:2087587-2088435   -            283 130637at33090        -            263   1.9e-12   44.4   0.0   1   1   3.1e-13     3e-12   43.7   0.0     4   186     2   187     1   195 0.69 -
h2tg000005l:1656576-1657277   -            234 130637at33090        -            263     2e-12   44.3   0.0   1   1   2.6e-13   2.4e-12   44.0   0.0    65   189    23   158     2   182 0.75 -
h2tg000017l:21029385-21029960 -            192 130637at33090        -            263   2.5e-12   44.0   0.0   1   1   3.2e-13     3e-12   43.7   0.0     3   187     1   192     1   192 0.75 -
h2tg000006l:7085351-7086169   -            273 130637at33090        -            263     3e-12   43.7   0.0   1   1   1.2e-12   1.1e-11   41.8   0.0    93   195    97   202     1   211 0.65 -
h2tg000014l:15064232-15067915 -           1228 130637at33090        -            263   3.1e-12   43.7   0.0   1   1   5.2e-13   4.9e-12   43.0   0.0    97   189  1061  1153   959  1164 0.69 -
h2tg000016l:20071070-20071993 -            308 130637at33090        -            263   3.1e-12   43.7   0.0   1   1   5.3e-13     5e-12   43.0   0.0     4   190    44   236    41   249 0.66 -
h2tg000026l:301817-302251     -            145 130637at33090        -            263   3.7e-12   43.4   0.0   1   1   5.2e-13   4.9e-12   43.0   0.0     4   137     2   145     1   145 0.73 -
h2tg000001l:1902268-1902843   -            192 130637at33090        -            263   4.1e-12   43.3   0.0   1   1   6.5e-13   6.1e-12   42.7   0.0     2   182     3   188     2   192 0.68 -
h2tg000009l:7817379-7817837   -            153 130637at33090        -            263   4.6e-12   43.1   0.0   1   1   6.2e-13   5.8e-12   42.8   0.0    94   190    54   153    47   153 0.86 -
h2tg000012l:16589412-16589906 -            165 130637at33090        -            263   5.8e-12   42.8   0.0   1   1   6.9e-13   6.5e-12   42.6   0.0     4   160     2   165     1   165 0.79 -
h2tg000005l:9224063-9226480   -            806 130637at33090        -            263   6.6e-12   42.6   0.0   1   1   1.1e-12     1e-11   42.0   0.0     3   140   635   783   633   801 0.80 -
h2tg000034l:49618-52218       -            867 130637at33090        -            263   7.3e-12   42.5   0.0   1   1   1.7e-12   1.6e-11   41.3   0.0     3   190   606   800   604   812 0.72 -
h2tg000022l:2214553-2217414   -            905 130637at33090        -            263   8.2e-12   42.3   0.0   1   1   1.4e-12   1.3e-11   41.6   0.0     3   189   633   824   631   837 0.78 -
h2tg000016l:4743798-4744634   -            279 130637at33090        -            263     9e-12   42.2   0.0   1   1   2.8e-12   2.6e-11   40.7   0.0    27   192    20   188     2   192 0.73 -
h2tg000001l:2169331-2169999   -            223 130637at33090        -            263   9.7e-12   42.1   0.0   1   1   1.3e-12   1.2e-11   41.8   0.0    45   190    10   157     3   187 0.79 -
h2tg000024l:9865477-9866250   -            258 130637at33090        -            263     1e-11   42.0   0.0   1   1   1.6e-12   1.5e-11   41.4   0.0    27   185    15   183     6   211 0.74 -
h2tg000004l:3057413-3058198   -            262 130637at33090        -            263     1e-11   41.9   0.0   1   1   2.8e-12   2.6e-11   40.6   0.0    29   193    22   189     5   202 0.73 -
h2tg000030l:2680854-2681537   -            228 130637at33090        -            263   1.1e-11   41.8   0.0   1   1   1.7e-12   1.6e-11   41.3   0.0    97   203    60   175    52   218 0.78 -
h2tg000003l:18575836-18578793 -            986 130637at33090        -            263   1.2e-11   41.7   0.0   1   1   2.3e-12   2.1e-11   40.9   0.0     3   191   727   922   725   942 0.73 -
h2tg000017l:23495974-23496765 -            264 130637at33090        -            263   1.5e-11   41.4   0.0   1   1   2.3e-12   2.1e-11   40.9   0.0     3   188     2   198     1   209 0.75 -
h2tg000001l:22985401-22985820 -            140 130637at33090        -            263   1.7e-11   41.3   0.0   1   1   1.9e-12   1.8e-11   41.2   0.0    47   184     2   138     1   140 0.71 -
h2tg000005l:9200082-9204194   -           1223 130637at33090        -            263   1.9e-11   41.1   0.0   1   1   3.3e-12   3.2e-11   40.4   0.0     3   186   952  1143   950  1150 0.78 -
h2tg000002l:16920917-16923199 -            761 130637at33090        -            263   2.6e-11   40.6   0.0   1   1     4e-12   3.7e-11   40.1   0.0     3   138   612   759   610   761 0.78 -
h2tg000025l:5443692-5444399   -            236 130637at33090        -            263   2.6e-11   40.6   0.1   1   1   5.4e-12   5.1e-11   39.7   0.1     4   144     2   150     1   176 0.75 -
h2tg000011l:2509503-2512556   -           1018 130637at33090        -            263   2.8e-11   40.5   0.0   1   1   5.2e-12   4.9e-11   39.8   0.0     3   213   748   965   746  1009 0.72 -
h2tg000023l:4800395-4800850   -            152 130637at33090        -            263   3.3e-11   40.3   0.0   1   1   5.3e-12     5e-11   39.7   0.0    43   187     2   150     1   152 0.70 -
h2tg000016l:7273467-7274150   -            228 130637at33090        -            263   3.6e-11   40.2   0.0   1   1   5.2e-12   4.9e-11   39.7   0.0    98   193    59   157    41   164 0.86 -
h2tg000001l:22831053-22831847 -            265 130637at33090        -            263   3.9e-11   40.1   0.0   1   1     6e-12   5.7e-11   39.5   0.0     4   186     2   190     1   206 0.67 -
h2tg000002l:20261454-20261915 -            154 130637at33090        -            263   4.4e-11   39.9   0.0   1   1   6.1e-12   5.7e-11   39.5   0.0     8   138    10   154     1   154 0.70 -
h2tg000019l:960228-960755     -            176 130637at33090        -            263   4.6e-11   39.8   0.0   1   1   5.4e-12   5.1e-11   39.7   0.0    46   136    78   176    30   176 0.64 -
h2tg000001l:2162374-2163165   -            264 130637at33090        -            263   5.2e-11   39.7   0.0   1   1   7.2e-12   6.8e-11   39.3   0.0     8   143    11   148     1   199 0.66 -
h2tg000006l:10544447-10547579 -           1008 130637at33090        -            263   6.5e-11   39.4   0.0   1   1   1.5e-11   1.4e-10   38.2   0.0    33   191   730   902   691   918 0.70 -
h2tg000003l:21692559-21693008 -            150 130637at33090        -            263   6.8e-11   39.3   0.1   1   1   8.3e-12   7.9e-11   39.1   0.1     5   137     3   150     1   150 0.79 -
h2tg000012l:16170673-16173614 -            928 130637at33090        -            263   7.4e-11   39.2   0.0   1   1     4e-11   3.8e-10   36.8   0.0     3   142   639   792   637   845 0.73 -
h2tg000005l:9287362-9291165   -           1268 130637at33090        -            263   7.7e-11   39.1   0.0   1   1   1.5e-11   1.4e-10   38.3   0.0     3   141  1102  1251  1100  1260 0.76 -
h2tg000024l:27166897-27170433 -            993 130637at33090        -            263   8.6e-11   38.9   0.1   1   1   4.2e-11     4e-10   36.8   0.1     3   139   712   860   710   865 0.72 -
h2tg000006l:10590363-10590797 -            145 130637at33090        -            263   9.2e-11   38.9   0.0   1   1   1.1e-11   1.1e-10   38.6   0.0     4   137     2   144     1   145 0.72 -
h2tg000020l:13294823-13295299 -            159 130637at33090        -            263   1.2e-10   38.5   0.1   1   1   1.4e-11   1.4e-10   38.3   0.1     2   135    15   158    14   159 0.74 -
h2tg000023l:6742605-6743582   -            326 130637at33090        -            263   1.2e-10   38.4   0.0   1   1   2.3e-11   2.1e-10   37.7   0.0     2   198    14   234    13   253 0.68 -
h2tg000022l:676108-705981     -            897 130637at33090        -            263   1.9e-10   37.8   0.0   1   1   3.1e-11     3e-10   37.2   0.0     4   161   631   793   628   828 0.69 -
h2tg000001l:17479180-17479611 -            144 130637at33090        -            263     2e-10   37.8   0.2   1   1   2.5e-11   2.4e-10   37.5   0.2     6   137     1   143     1   144 0.68 -
h2tg000014l:15400296-15401018 -            241 130637at33090        -            263   2.9e-10   37.2   0.1   1   1   1.4e-10   1.3e-09   35.0   0.1     3   135     2   142     1   166 0.73 -
h2tg000013l:16083992-16084423 -            144 130637at33090        -            263   2.9e-10   37.2   0.0   1   1   3.9e-11   3.7e-10   36.9   0.0    96   187    48   142    24   143 0.81 -
h2tg000002l:13320822-13367218 -            877 130637at33090        -            263   3.3e-10   37.0   0.2   1   1   5.3e-11     5e-10   36.4   0.2     3   151   611   764   609   796 0.74 -
h2tg000003l:3631547-3631888   -            114 130637at33090        -            263   4.2e-10   36.7   0.0   1   1     5e-11   4.7e-10   36.5   0.0    94   163    25    97    15   113 0.79 -
h2tg000006l:19057908-19058816 -            303 130637at33090        -            263   4.2e-10   36.7   0.0   1   1   6.7e-11   6.3e-10   36.1   0.0    34   136    78   184    28   238 0.85 -
h2tg000022l:2220753-2222237   -            495 130637at33090        -            263   4.7e-10   36.5   0.0   1   1   7.4e-11   6.9e-10   36.0   0.0     4   160   327   488   324   494 0.73 -
h2tg000008l:2558798-2598244   -            873 130637at33090        -            263   5.2e-10   36.4   0.0   1   1   8.8e-11   8.3e-10   35.7   0.0    12   141   624   755   609   771 0.71 -
h2tg000023l:356933-357412     -            160 130637at33090        -            263   6.1e-10   36.1   0.1   1   1   7.6e-11   7.1e-10   35.9   0.1     2   139    12   159    11   160 0.72 -
h2tg000006l:24035466-24036131 -            222 130637at33090        -            263   6.7e-10   36.0   0.0   1   1   9.4e-11   8.9e-10   35.6   0.0    47   187     2   146     1   157 0.68 -
h2tg000007l:7870512-7872617   -            702 130637at33090        -            263   7.2e-10   35.9   0.0   1   1   1.2e-10   1.1e-09   35.3   0.0     3   140   537   687   535   695 0.71 -
h2tg000003l:22811578-22812240 -            221 130637at33090        -            263   8.7e-10   35.7   0.0   1   1   1.4e-10   1.4e-09   35.0   0.0   100   189    55   144    44   168 0.81 -
h2tg000008l:3818205-3819299   -            245 130637at33090        -            263   9.5e-10   35.5   0.0   1   1   1.8e-10   1.7e-09   34.7   0.0    13   141    15   160     1   170 0.65 -
h2tg000001l:25453343-25454029 -            229 130637at33090        -            263   1.6e-09   34.8   0.0   1   1   2.4e-10   2.3e-09   34.3   0.0    98   190    61   159    51   181 0.71 -
h2tg000014l:18587500-18590791 -            996 130637at33090        -            263   1.9e-09   34.5   0.1   1   2       1.1        11    2.6   0.0     3    55   688   743   686   754 0.67 -
h2tg000014l:18587500-18590791 -            996 130637at33090        -            263   1.9e-09   34.5   0.1   2   2   6.5e-09   6.1e-08   29.6   0.0    98   140   801   846   794   899 0.88 -
h2tg000034l:1541505-1542158   -            218 130637at33090        -            263   1.9e-09   34.5   0.0   1   1   2.3e-10   2.2e-09   34.4   0.0    97   191    60   160     2   180 0.79 -
h2tg000001l:26727804-26728454 -            217 130637at33090        -            263     2e-09   34.5   0.0   1   1   3.1e-10   2.9e-09   33.9   0.0    98   192    61   161    52   172 0.78 -
h2tg000007l:22104061-22104726 -            222 130637at33090        -            263   2.4e-09   34.2   0.0   1   1   6.4e-10   6.1e-09   32.9   0.0    46   143     1   103     1   164 0.76 -
h2tg000025l:303435-306566     -           1044 130637at33090        -            263   2.5e-09   34.2   0.0   1   2     0.052      0.49    7.0   0.0     3    56   681   737   679   752 0.75 -
h2tg000025l:303435-306566     -           1044 130637at33090        -            263   2.5e-09   34.2   0.0   2   2   1.8e-07   1.7e-06   24.9   0.0   101   161   797   865   787   872 0.74 -
h2tg000005l:12474977-12475453 -            159 130637at33090        -            263   2.7e-09   34.1   0.0   1   1     3e-10   2.8e-09   34.0   0.0    98   142    61   108    23   159 0.74 -
h2tg000018l:1564486-1565172   -            229 130637at33090        -            263   3.9e-09   33.5   0.0   1   1   5.9e-10   5.6e-09   33.0   0.0    97   191    60   160    52   187 0.69 -
h2tg000008l:7056512-7083582   -            483 130637at33090        -            263   2.5e-08   30.9   0.0   1   1     4e-09   3.8e-08   30.3   0.0    34   187    24   181     4   196 0.77 -
h2tg000027l:2425166-2425600   -            145 130637at33090        -            263   2.6e-08   30.8   0.0   1   1     4e-09   3.8e-08   30.3   0.0    93   192    32   139    26   145 0.70 -
h2tg000024l:4114331-4115086   -            252 130637at33090        -            263   2.7e-08   30.7   0.0   1   1   1.1e-08   1.1e-07   28.8   0.0    99   191   128   223    42   230 0.79 -
h2tg000008l:21470300-21470959 -            220 130637at33090        -            263   3.1e-08   30.6   0.0   1   1   3.7e-09   3.5e-08   30.4   0.0    94   185    50   145     3   162 0.74 -
h2tg000025l:278641-281625     -            923 130637at33090        -            263   3.2e-08   30.5   0.0   1   1   7.5e-09   7.1e-08   29.4   0.0     3   126   687   822   685   827 0.73 -
h2tg000003l:3710501-3711097   -            199 130637at33090        -            263   1.1e-07   28.8   0.0   1   2   2.6e-07   2.5e-06   24.3   0.0   100   139     9    51     3    61 0.88 -
h2tg000003l:3710501-3711097   -            199 130637at33090        -            263   1.1e-07   28.8   0.0   2   2       1.4        13    2.3   0.0   156   189    94   126    75   140 0.82 -
h2tg000005l:9090780-9093759   -            879 130637at33090        -            263   1.5e-07   28.3   0.0   1   1   2.6e-08   2.4e-07   27.6   0.0     3   124   639   770   637   781 0.77 -
h2tg000020l:7590658-7592712   -            685 130637at33090        -            263   3.7e-07   27.0   0.0   1   1   6.5e-08   6.1e-07   26.3   0.0     3   121   556   685   554   685 0.74 -
h2tg000017l:17634072-17636978 -            857 130637at33090        -            263   7.7e-07   26.0   0.0   1   1   1.7e-07   1.6e-06   25.0   0.0    31   124   700   802   686   807 0.79 -
h2tg000017l:17804770-17818420 -            921 130637at33090        -            263   1.6e-06   25.0   0.0   1   1   3.8e-07   3.6e-06   23.8   0.0     3   124   665   798   663   803 0.72 -
h2tg000001l:27454661-27457087 -            809 130637at33090        -            263   2.2e-06   24.5   0.2   1   1   5.9e-07   5.5e-06   23.2   0.2     4   121   670   809   667   809 0.65 -
h2tg000027l:756820-759453     -            844 130637at33090        -            263   2.7e-06   24.2   0.0   1   1   5.3e-07     5e-06   23.3   0.0   100   192   679   772   568   781 0.83 -
h2tg000003l:15661434-15663749 -            772 130637at33090        -            263   2.7e-06   24.2   0.1   1   1   4.5e-07   4.2e-06   23.6   0.1     4   121   640   772   638   772 0.78 -
h2tg000005l:7674193-7675095   -            301 130637at33090        -            263   5.3e-06   23.2   0.0   1   2       5.7        54    0.3   0.0    34    56    34    56     2    74 0.75 -
h2tg000005l:7674193-7675095   -            301 130637at33090        -            263   5.3e-06   23.2   0.0   2   2   3.8e-06   3.6e-05   20.5   0.0   100   189   130   220   118   229 0.78 -
h2tg000009l:21252668-21255718 -            935 130637at33090        -            263   5.7e-06   23.1   0.0   1   1   3.7e-06   3.5e-05   20.6   0.0     2   123   688   826   687   836 0.62 -
h2tg000008l:21979911-21984057 -            894 130637at33090        -            263   6.5e-05   19.7   0.0   1   1   1.2e-05   0.00011   18.9   0.0     3   121   668   794   666   803 0.65 -
h2tg000003l:2995543-3000345   -            184 130637at33090        -            263   8.2e-05   19.4   0.1   1   1   1.1e-05    0.0001   19.1   0.1    63   122   121   184    50   184 0.70 -
h2tg000015l:2167277-2169415   -            713 130637at33090        -            263   8.7e-05   19.3   0.0   1   1   1.3e-05   0.00013   18.7   0.0     3   121   586   713   584   713 0.72 -
h2tg000012l:7270738-7273524   -            929 130637at33090        -            263   0.00015   18.5   0.1   1   1   2.1e-05    0.0002   18.1   0.1     4   121   806   929   803   929 0.72 -
h2tg000026l:273850-276243     -            798 130637at33090        -            263   0.00023   17.9   0.0   1   1   3.4e-05   0.00032   17.4   0.0     3   121   671   798   669   798 0.70 -
h2tg000004l:9188520-9190877   -            786 130637at33090        -            263   0.00049   16.8   0.0   1   1   8.8e-05   0.00083   16.0   0.0    39   121   699   786   643   786 0.70 -
#
# Program:         hmmsearch
# Version:         3.3.2 (Nov 2020)
# Pipeline mode:   SEARCH
# Query file:      /work/sablok/grapevineassemblies/assemblyhifiasm/busco_hifiasmtriobinning/busco_downloads/lineages/viridiplantae_odb10/hmms/130637at33090.hmm
# Target file:     /work/sablok/grapevineassemblies/assemblyhifiasm/busco_hifiasmtriobinning/maternalpaternal.asm.dip.hap2.p_ctg.fa.busco/run_viridiplantae_odb10/metaeuk_output/initial_results/maternalpaternal.asm.dip.hap2.p_ctg.fa.modified.fas
# Option settings: hmmsearch --domtblout /work/sablok/grapevineassemblies/assemblyhifiasm/busco_hifiasmtriobinning/maternalpaternal.asm.dip.hap2.p_ctg.fa.busco/run_viridiplantae_odb10/hmmer_output/initial_run_results/130637at33090.out --cpu 1 /work/sablok/grapevineassemblies/assemblyhifiasm/busco_hifiasmtriobinning/busco_downloads/lineages/viridiplantae_odb10/hmms/130637at33090.hmm /work/sablok/grapevineassemblies/assemblyhifiasm/busco_hifiasmtriobinning/maternalpaternal.asm.dip.hap2.p_ctg.fa.busco/run_viridiplantae_odb10/metaeuk_output/initial_results/maternalpaternal.asm.dip.hap2.p_ctg.fa.modified.fas 
# Current dir:     /work/sablok/grapevineassemblies/assemblyhifiasm/busco_hifiasmtriobinning
# Date:            Thu Apr 18 11:36:44 2024
# [ok]
