#                                                                                     --- full sequence --- -------------- this domain -------------   hmm coord   ali coord   env coord
# target name                 accession   tlen query name           accession   qlen   E-value  score  bias   #  of  c-Evalue  i-Evalue  score  bias  from    to  from    to  from    to  acc description of target
#         ------------------- ---------- ----- -------------------- ---------- ----- --------- ------ ----- --- --- --------- --------- ------ ----- ----- ----- ----- ----- ----- ----- ---- ---------------------
h2tg000007l:8351376-8355879   -            675 136118at33090        -            461  5.5e-244  807.2   0.0   1   2       2.4   1.2e+02   -1.6   0.0     2    14    13    25    12    42 0.81 -
h2tg000007l:8351376-8355879   -            675 136118at33090        -            461  5.5e-244  807.2   0.0   2   2    4e-245  2.1e-243  805.4   0.0    24   461   192   674   185   674 0.94 -
h2tg000017l:25359201-25360232 -            344 136118at33090        -            461   4.9e-22   75.5   1.6   1   3     0.017      0.87    5.5   0.0    19    71    34    85    24    92 0.78 -
h2tg000017l:25359201-25360232 -            344 136118at33090        -            461   4.9e-22   75.5   1.6   2   3   1.5e-13   7.9e-12   41.9   1.3   135   249    91   213    82   219 0.77 -
h2tg000017l:25359201-25360232 -            344 136118at33090        -            461   4.9e-22   75.5   1.6   3   3     2e-08     1e-06   25.0   0.0   216   280   222   294   214   313 0.81 -
h2tg000014l:21085679-21098692 -            909 136118at33090        -            461   7.1e-21   71.7   7.3   1   5   5.6e-13   2.8e-11   40.1   1.1   155   279    79   210    60   234 0.81 -
h2tg000014l:21085679-21098692 -            909 136118at33090        -            461   7.1e-21   71.7   7.3   2   5       0.2        10    2.0   0.0   214   245   403   433   390   466 0.84 -
h2tg000014l:21085679-21098692 -            909 136118at33090        -            461   7.1e-21   71.7   7.3   3   5   1.4e-05   0.00072   15.7   0.0   155   246   502   611   483   619 0.74 -
h2tg000014l:21085679-21098692 -            909 136118at33090        -            461   7.1e-21   71.7   7.3   4   5      0.33        17    1.2   0.0   217   247   624   654   617   659 0.89 -
h2tg000014l:21085679-21098692 -            909 136118at33090        -            461   7.1e-21   71.7   7.3   5   5    0.0008     0.041    9.9   0.0    35    68   661   694   655   698 0.93 -
h2tg000007l:25012109-25017803 -            308 136118at33090        -            461   4.2e-20   69.2   8.0   1   4   6.6e-05    0.0034   13.4   0.1   216   252    22    58     9    65 0.80 -
h2tg000007l:25012109-25017803 -            308 136118at33090        -            461   4.2e-20   69.2   8.0   2   4   6.7e-05    0.0034   13.4   0.3   218   247    67    96    58   103 0.87 -
h2tg000007l:25012109-25017803 -            308 136118at33090        -            461   4.2e-20   69.2   8.0   3   4   9.6e-06   0.00049   16.2   0.0    35    70   103   138    98   146 0.80 -
h2tg000007l:25012109-25017803 -            308 136118at33090        -            461   4.2e-20   69.2   8.0   4   4   4.3e-07   2.2e-05   20.7   0.0   216   278   149   212   141   215 0.84 -
h2tg000026l:192171-198373     -            308 136118at33090        -            461   4.2e-20   69.2   8.0   1   4   6.6e-05    0.0034   13.4   0.1   216   252    22    58     9    65 0.80 -
h2tg000026l:192171-198373     -            308 136118at33090        -            461   4.2e-20   69.2   8.0   2   4   6.7e-05    0.0034   13.4   0.3   218   247    67    96    58   103 0.87 -
h2tg000026l:192171-198373     -            308 136118at33090        -            461   4.2e-20   69.2   8.0   3   4   9.6e-06   0.00049   16.2   0.0    35    70   103   138    98   146 0.80 -
h2tg000026l:192171-198373     -            308 136118at33090        -            461   4.2e-20   69.2   8.0   4   4   4.3e-07   2.2e-05   20.7   0.0   216   278   149   212   141   215 0.84 -
h2tg000014l:17311477-17348306 -            847 136118at33090        -            461   1.1e-19   67.8   9.3   1   5   2.1e-09   1.1e-07   28.3   0.1   153   248   152   256   142   262 0.80 -
h2tg000014l:17311477-17348306 -            847 136118at33090        -            461   1.1e-19   67.8   9.3   2   5      0.02         1    5.3   0.0   214   244   265   295   258   301 0.86 -
h2tg000014l:17311477-17348306 -            847 136118at33090        -            461   1.1e-19   67.8   9.3   3   5       3.4   1.7e+02   -2.1   0.0    41    85   315   360   309   371 0.62 -
h2tg000014l:17311477-17348306 -            847 136118at33090        -            461   1.1e-19   67.8   9.3   4   5    0.0057      0.29    7.1   0.1   199   299   462   559   446   565 0.65 -
h2tg000014l:17311477-17348306 -            847 136118at33090        -            461   1.1e-19   67.8   9.3   5   5   6.1e-10   3.1e-08   30.0   0.4   217   288   564   633   536   641 0.83 -
h2tg000007l:1677804-1678478   -            225 136118at33090        -            461   3.4e-18   62.9   3.4   1   2   2.1e-05    0.0011   15.1   0.2   219   246    34    61    26    72 0.88 -
h2tg000007l:1677804-1678478   -            225 136118at33090        -            461   3.4e-18   62.9   3.4   2   2   9.2e-15   4.7e-13   45.9   0.4   139   278    72   220    65   224 0.80 -
h2tg000006l:16785399-16791562 -            439 136118at33090        -            461     4e-16   56.1   4.2   1   3    0.0096      0.49    6.3   0.0    27    70    29    74    11    80 0.74 -
h2tg000006l:16785399-16791562 -            439 136118at33090        -            461     4e-16   56.1   4.2   2   3   2.9e-10   1.5e-08   31.1   0.8   128   249    90   223    78   235 0.82 -
h2tg000006l:16785399-16791562 -            439 136118at33090        -            461     4e-16   56.1   4.2   3   3   2.1e-06   0.00011   18.4   0.0   219   266   317   364   307   425 0.82 -
h2tg000012l:3855031-3861108   -            898 136118at33090        -            461   3.6e-15   52.9   4.2   1   6       3.3   1.7e+02   -2.1   0.0   214   275    49   109    30   137 0.66 -
h2tg000012l:3855031-3861108   -            898 136118at33090        -            461   3.6e-15   52.9   4.2   2   6     0.039         2    4.3   0.0   218   253   142   177   131   186 0.64 -
h2tg000012l:3855031-3861108   -            898 136118at33090        -            461   3.6e-15   52.9   4.2   3   6   0.00058      0.03   10.3   0.0   216   282   346   413   306   419 0.83 -
h2tg000012l:3855031-3861108   -            898 136118at33090        -            461   3.6e-15   52.9   4.2   4   6   5.3e-08   2.7e-06   23.6   0.1   164   248   372   463   370   486 0.70 -
h2tg000012l:3855031-3861108   -            898 136118at33090        -            461   3.6e-15   52.9   4.2   5   6   3.2e-06   0.00016   17.8   0.1   188   275   481   576   472   591 0.78 -
h2tg000012l:3855031-3861108   -            898 136118at33090        -            461   3.6e-15   52.9   4.2   6   6      0.78        40    0.0   0.0   263   298   626   658   618   683 0.59 -
h2tg000015l:11821086-11821976 -            297 136118at33090        -            461   6.1e-15   52.2   6.5   1   4     0.056       2.9    3.8   0.0    36    69     9    42     1    50 0.69 -
h2tg000015l:11821086-11821976 -            297 136118at33090        -            461   6.1e-15   52.2   6.5   2   4   2.3e-14   1.2e-12   44.6   1.2   150   296    65   215    47   222 0.81 -
h2tg000015l:11821086-11821976 -            297 136118at33090        -            461   6.1e-15   52.2   6.5   3   4     0.002       0.1    8.5   0.2   219   278   183   246   176   265 0.68 -
h2tg000015l:11821086-11821976 -            297 136118at33090        -            461   6.1e-15   52.2   6.5   4   4     0.025       1.3    4.9   0.2   154   173   241   260   227   297 0.57 -
h2tg000034l:1302346-1309566   -            291 136118at33090        -            461   8.3e-14   48.4   2.6   1   3    0.0072      0.37    6.7   0.0    28    86     3    62     1    80 0.71 -
h2tg000034l:1302346-1309566   -            291 136118at33090        -            461   8.3e-14   48.4   2.6   2   3   2.2e-09   1.1e-07   28.2   0.6   137   297    92   257    85   261 0.67 -
h2tg000034l:1302346-1309566   -            291 136118at33090        -            461   8.3e-14   48.4   2.6   3   3   0.00038      0.02   10.9   0.1   138   167   261   291   257   291 0.87 -
h2tg000011l:9951958-9955950   -            304 136118at33090        -            461   8.6e-14   48.4   0.7   1   3   5.2e-05    0.0026   13.8   0.0    36    67    15    46     2    52 0.86 -
h2tg000011l:9951958-9955950   -            304 136118at33090        -            461   8.6e-14   48.4   0.7   2   3     9e-07   4.6e-05   19.6   0.1   131   213    56   138    48   174 0.84 -
h2tg000011l:9951958-9955950   -            304 136118at33090        -            461   8.6e-14   48.4   0.7   3   3    0.0037      0.19    7.7   0.0    36    80   186   229   184   250 0.75 -
h2tg000015l:2660830-2661591   -            254 136118at33090        -            461   7.2e-12   42.0   8.9   1   3   1.9e-08   9.8e-07   25.1   4.9   152   270    22   154     8   155 0.73 -
h2tg000015l:2660830-2661591   -            254 136118at33090        -            461   7.2e-12   42.0   8.9   2   3    0.0018      0.09    8.7   0.1   215   248   141   176   128   184 0.81 -
h2tg000015l:2660830-2661591   -            254 136118at33090        -            461   7.2e-12   42.0   8.9   3   3    0.0021      0.11    8.5   0.0    35   248   182   218   177   254 0.59 -
h2tg000005l:1559037-1559723   -            229 136118at33090        -            461   3.9e-11   39.6   0.1   1   2   9.3e-07   4.8e-05   19.5   0.0    37   120    65   144    41   148 0.66 -
h2tg000005l:1559037-1559723   -            229 136118at33090        -            461   3.9e-11   39.6   0.1   2   2   3.6e-06   0.00018   17.6   0.0    36    77   149   189   144   198 0.88 -
h2tg000008l:1620558-1621193   -            212 136118at33090        -            461   1.6e-10   37.6   1.2   1   2   3.3e-11   1.7e-09   34.2   1.6   137   275    12   156     3   157 0.79 -
h2tg000008l:1620558-1621193   -            212 136118at33090        -            461   1.6e-10   37.6   1.2   2   2     0.036       1.9    4.4   0.0   218   253   141   176   134   205 0.85 -
h2tg000003l:10002443-10003450 -            336 136118at33090        -            461   1.7e-10   37.5   5.8   1   6      0.19       9.9    2.0   0.0    36    68     4    34     2    42 0.83 -
h2tg000003l:10002443-10003450 -            336 136118at33090        -            461   1.7e-10   37.5   5.8   2   6      0.51        26    0.6   0.0   226   246    59    79    15   111 0.49 -
h2tg000003l:10002443-10003450 -            336 136118at33090        -            461   1.7e-10   37.5   5.8   3   6   1.1e-05   0.00059   15.9   1.4   216   279   124   187    70   207 0.82 -
h2tg000003l:10002443-10003450 -            336 136118at33090        -            461   1.7e-10   37.5   5.8   4   6    0.0031      0.16    7.9   0.0   215   278   166   232   158   236 0.76 -
h2tg000003l:10002443-10003450 -            336 136118at33090        -            461   1.7e-10   37.5   5.8   5   6     0.014      0.72    5.8   0.0   217   245   213   241   205   246 0.77 -
h2tg000003l:10002443-10003450 -            336 136118at33090        -            461   1.7e-10   37.5   5.8   6   6   0.00063     0.032   10.2   0.0    35    72   256   290   251   309 0.82 -
h2tg000002l:19259261-19259881 -            207 136118at33090        -            461   3.4e-10   36.5   3.3   1   3     0.033       1.7    4.6   0.2   217   251     5    40     2    49 0.72 -
h2tg000002l:19259261-19259881 -            207 136118at33090        -            461   3.4e-10   36.5   3.3   2   3   0.00016     0.008   12.2   0.0   135   171    42    80    39   102 0.76 -
h2tg000002l:19259261-19259881 -            207 136118at33090        -            461   3.4e-10   36.5   3.3   3   3   4.8e-07   2.5e-05   20.5   0.0   227   288   102   162    88   174 0.79 -
h2tg000004l:4268066-4268707   -            214 136118at33090        -            461   6.5e-10   35.6   1.5   1   4   3.4e-05    0.0018   14.4   0.2   218   279     3    63     1    76 0.87 -
h2tg000004l:4268066-4268707   -            214 136118at33090        -            461   6.5e-10   35.6   1.5   2   4     0.022       1.1    5.1   0.0    40    67    91   118    83   125 0.72 -
h2tg000004l:4268066-4268707   -            214 136118at33090        -            461   6.5e-10   35.6   1.5   3   4    0.0043      0.22    7.4   0.0    34    69   128   161   122   170 0.86 -
h2tg000004l:4268066-4268707   -            214 136118at33090        -            461   6.5e-10   35.6   1.5   4   4     0.036       1.8    4.4   0.0    35    67   171   211   165   214 0.73 -
h2tg000006l:14493153-14494034 -            294 136118at33090        -            461     1e-09   34.9   7.1   1   4   1.5e-06   7.8e-05   18.8   0.9   152   279    20   143     7   154 0.72 -
h2tg000006l:14493153-14494034 -            294 136118at33090        -            461     1e-09   34.9   7.1   2   4    0.0025      0.13    8.2   0.0    40    67   171   198   165   203 0.88 -
h2tg000006l:14493153-14494034 -            294 136118at33090        -            461     1e-09   34.9   7.1   3   4      0.03       1.5    4.7   0.0    31    72   205   244   199   251 0.77 -
h2tg000006l:14493153-14494034 -            294 136118at33090        -            461     1e-09   34.9   7.1   4   4      0.22        11    1.8   0.0    35    67   251   291   244   294 0.67 -
h2tg000003l:9021929-9022801   -            291 136118at33090        -            461   1.2e-09   34.7   1.4   1   4   0.00074     0.038   10.0   0.0   220   276     7    65     2    65 0.74 -
h2tg000003l:9021929-9022801   -            291 136118at33090        -            461   1.2e-09   34.7   1.4   2   4    0.0049      0.25    7.3   0.0   217   248    48    79    41   115 0.65 -
h2tg000003l:9021929-9022801   -            291 136118at33090        -            461   1.2e-09   34.7   1.4   3   4   0.00017    0.0088   12.1   0.2   197   296   107   212   103   222 0.70 -
h2tg000003l:9021929-9022801   -            291 136118at33090        -            461   1.2e-09   34.7   1.4   4   4     0.005      0.26    7.2   0.0   222   306   182   276   170   289 0.64 -
h2tg000015l:8743885-8744529   -            215 136118at33090        -            461   5.6e-09   32.5   7.0   1   4   9.5e-06   0.00049   16.2   0.4   218   278     3    63     1    67 0.82 -
h2tg000015l:8743885-8744529   -            215 136118at33090        -            461   5.6e-09   32.5   7.0   2   4    0.0098       0.5    6.3   0.0   215   244    43    71    33    81 0.82 -
h2tg000015l:8743885-8744529   -            215 136118at33090        -            461   5.6e-09   32.5   7.0   3   4    0.0034      0.17    7.8   0.1   217   245    90   118    81   124 0.87 -
h2tg000015l:8743885-8744529   -            215 136118at33090        -            461   5.6e-09   32.5   7.0   4   4    0.0022      0.11    8.4   0.1    35    67   130   160   122   211 0.82 -
h2tg000007l:22158771-22159517 -            249 136118at33090        -            461   1.9e-08   30.8   2.5   1   3     0.016      0.82    5.6   0.1   143   172    61    90    23   102 0.65 -
h2tg000007l:22158771-22159517 -            249 136118at33090        -            461   1.9e-08   30.8   2.5   2   3   8.4e-08   4.3e-06   23.0   2.8   143   279    61   193    43   204 0.78 -
h2tg000007l:22158771-22159517 -            249 136118at33090        -            461   1.9e-08   30.8   2.5   3   3      0.16       8.3    2.3   0.0    40    67   221   248   211   249 0.87 -
h2tg000015l:11809585-11810448 -            288 136118at33090        -            461   1.9e-08   30.8   3.1   1   3    0.0054      0.28    7.1   0.0   220   246    30    56    17    69 0.86 -
h2tg000015l:11809585-11810448 -            288 136118at33090        -            461   1.9e-08   30.8   3.1   2   3   6.4e-06   0.00033   16.8   0.2   196   287    83   178    70   198 0.73 -
h2tg000015l:11809585-11810448 -            288 136118at33090        -            461   1.9e-08   30.8   3.1   3   3     0.043       2.2    4.1   0.2   218   247   244   273   224   284 0.75 -
h2tg000019l:4632558-4633436   -            293 136118at33090        -            461   6.4e-08   29.0   0.1   1   3   0.00014    0.0072   12.4   0.1   220   247     2    29     1    42 0.90 -
h2tg000019l:4632558-4633436   -            293 136118at33090        -            461   6.4e-08   29.0   0.1   2   3   5.4e-05    0.0028   13.7   0.0   193   262   115   196   104   202 0.70 -
h2tg000019l:4632558-4633436   -            293 136118at33090        -            461   6.4e-08   29.0   0.1   3   3       3.1   1.6e+02   -2.0   0.0   264   292   228   256   209   280 0.66 -
h2tg000002l:477847-478440     -            198 136118at33090        -            461     2e-07   27.4   0.7   1   2   1.4e-08   7.2e-07   25.5   0.6   139   275     2   144     1   147 0.76 -
h2tg000002l:477847-478440     -            198 136118at33090        -            461     2e-07   27.4   0.7   2   2      0.15       7.9    2.3   0.0   218   246   129   157   120   168 0.90 -
h2tg000002l:13736070-13736441 -            124 136118at33090        -            461   4.6e-07   26.2   0.4   1   2    0.0015     0.078    8.9   0.1   217   246    21    50    10    55 0.90 -
h2tg000002l:13736070-13736441 -            124 136118at33090        -            461   4.6e-07   26.2   0.4   2   2   1.2e-05   0.00063   15.8   0.0   216   248    81   113    75   124 0.81 -
h2tg000011l:9498185-9499030   -            282 136118at33090        -            461   4.8e-07   26.1  15.8   1   4       1.1        58   -0.5   0.0    51    66     3    18     1    25 0.69 -
h2tg000011l:9498185-9499030   -            282 136118at33090        -            461   4.8e-07   26.1  15.8   2   4   4.9e-06   0.00025   17.2   1.2   134   214    29   117    25   130 0.80 -
h2tg000011l:9498185-9499030   -            282 136118at33090        -            461   4.8e-07   26.1  15.8   3   4     0.033       1.7    4.5   0.0   231   259   158   186   138   204 0.57 -
h2tg000011l:9498185-9499030   -            282 136118at33090        -            461   4.8e-07   26.1  15.8   4   4   0.00036     0.018   11.0   2.5   151   221   205   278   203   281 0.83 -
h2tg000012l:1687010-1687588   -            193 136118at33090        -            461   6.8e-07   25.6   2.5   1   2     6e-05    0.0031   13.6   0.1   218   277     9    67     1    69 0.87 -
h2tg000012l:1687010-1687588   -            193 136118at33090        -            461   6.8e-07   25.6   2.5   2   2   0.00012    0.0063   12.5   0.5   154   245    63   169    59   172 0.69 -
h2tg000071l:3888-4466         -            193 136118at33090        -            461   6.8e-07   25.6   2.5   1   2     6e-05    0.0031   13.6   0.1   218   277     9    67     1    69 0.87 -
h2tg000071l:3888-4466         -            193 136118at33090        -            461   6.8e-07   25.6   2.5   2   2   0.00012    0.0063   12.5   0.5   154   245    63   169    59   172 0.69 -
h2tg000011l:389004-389693     -            230 136118at33090        -            461   7.1e-07   25.6   0.4   1   2   0.00065     0.033   10.2   0.0    36    64    48    76    29    83 0.81 -
h2tg000011l:389004-389693     -            230 136118at33090        -            461   7.1e-07   25.6   0.4   2   2     0.018       0.9    5.4   0.0   218   249   106   137   101   158 0.78 -
h2tg000019l:10605266-10605835 -            190 136118at33090        -            461   7.8e-07   25.4   0.2   1   3   6.9e-05    0.0035   13.4   0.0   212   246    49    81    11    89 0.65 -
h2tg000019l:10605266-10605835 -            190 136118at33090        -            461   7.8e-07   25.4   0.2   2   3   5.7e-06   0.00029   16.9   0.0    36   107    48   120    29   126 0.77 -
h2tg000019l:10605266-10605835 -            190 136118at33090        -            461   7.8e-07   25.4   0.2   3   3      0.28        14    1.5   0.0   194   249   113   178    89   185 0.59 -
h2tg000016l:14244369-14244986 -            206 136118at33090        -            461     1e-06   25.0   0.1   1   4    0.0054      0.27    7.1   0.0    36    70     1    35     1    44 0.89 -
h2tg000016l:14244369-14244986 -            206 136118at33090        -            461     1e-06   25.0   0.1   2   4       3.1   1.6e+02   -2.0   0.0   225   253    53    81    47    89 0.75 -
h2tg000016l:14244369-14244986 -            206 136118at33090        -            461     1e-06   25.0   0.1   3   4    0.0001    0.0053   12.8   0.0    30    70    90   128    84   140 0.87 -
h2tg000016l:14244369-14244986 -            206 136118at33090        -            461     1e-06   25.0   0.1   4   4         1        53   -0.4   0.0    39    67   178   206   168   206 0.83 -
h2tg000025l:10688755-10689606 -            284 136118at33090        -            461   1.9e-06   24.2  15.1   1   3      0.11       5.9    2.8   0.1    45    67     5    27     1    36 0.74 -
h2tg000025l:10688755-10689606 -            284 136118at33090        -            461   1.9e-06   24.2  15.1   2   3   7.4e-05    0.0038   13.3   2.5   136   214    39   125    30   212 0.78 -
h2tg000025l:10688755-10689606 -            284 136118at33090        -            461   1.9e-06   24.2  15.1   3   3    0.0013     0.067    9.2   4.2   151   210   213   275   131   284 0.82 -
h2tg000014l:22234732-22235124 -            131 136118at33090        -            461     2e-06   24.1   0.0   1   1   1.5e-07   7.7e-06   22.2   0.0   138   248     4   121     1   128 0.81 -
h2tg000012l:1667604-1668266   -            221 136118at33090        -            461   2.3e-06   23.9   0.4   1   3    0.0091      0.47    6.4   0.0   217   247     2    32     1    48 0.83 -
h2tg000012l:1667604-1668266   -            221 136118at33090        -            461   2.3e-06   23.9   0.4   2   3   7.7e-05    0.0039   13.2   0.0   140   245    46   164    37   177 0.72 -
h2tg000012l:1667604-1668266   -            221 136118at33090        -            461   2.3e-06   23.9   0.4   3   3      0.64        32    0.3   0.0   227   246   194   213   180   217 0.76 -
h2tg000024l:1638615-1639352   -            246 136118at33090        -            461   2.7e-06   23.7  11.4   1   3   6.8e-05    0.0035   13.4   1.2   146   214    13    89     3   101 0.78 -
h2tg000024l:1638615-1639352   -            246 136118at33090        -            461   2.7e-06   23.7  11.4   2   3     0.029       1.5    4.7   0.0   231   260   130   159   119   176 0.51 -
h2tg000024l:1638615-1639352   -            246 136118at33090        -            461   2.7e-06   23.7  11.4   3   3   0.00045     0.023   10.7   2.0   151   210   177   239   159   246 0.83 -
h2tg000007l:8609591-8610196   -            202 136118at33090        -            461   3.1e-06   23.4   0.2   1   2   9.2e-05    0.0047   13.0   0.0   218   285     7    74     2    94 0.74 -
h2tg000007l:8609591-8610196   -            202 136118at33090        -            461   3.1e-06   23.4   0.2   2   2    0.0029      0.15    8.0   0.0   217   259   130   178    96   185 0.69 -
h2tg000017l:23755584-23756153 -            190 136118at33090        -            461   3.1e-06   23.4   0.1   1   2   3.8e-07   1.9e-05   20.8   0.0    35   107    47   120    25   125 0.83 -
h2tg000017l:23755584-23756153 -            190 136118at33090        -            461   3.1e-06   23.4   0.1   2   2      0.27        14    1.5   0.0   199   244   120   173   115   184 0.64 -
h2tg000015l:5369896-5370501   -            202 136118at33090        -            461     5e-06   22.8   0.0   1   1   2.9e-07   1.5e-05   21.2   0.0    31   175    31   167    15   180 0.80 -
h2tg000001l:22456238-22456444 -             69 136118at33090        -            461   5.7e-06   22.6   0.2   1   1   1.9e-07   9.7e-06   21.8   0.2   156   214     2    60     1    64 0.88 -
h2tg000003l:6865299-6866018   -            240 136118at33090        -            461   6.8e-06   22.3   3.9   1   4     0.049       2.5    4.0   0.1   218   278    19    76    10    87 0.77 -
h2tg000003l:6865299-6866018   -            240 136118at33090        -            461   6.8e-06   22.3   3.9   2   4   0.00042     0.021   10.8   0.4   156   246    32   132    27   140 0.65 -
h2tg000003l:6865299-6866018   -            240 136118at33090        -            461   6.8e-06   22.3   3.9   3   4     0.019      0.95    5.4   0.0    35    68   144   175   134   181 0.79 -
h2tg000003l:6865299-6866018   -            240 136118at33090        -            461   6.8e-06   22.3   3.9   4   4     0.051       2.6    3.9   0.0    35    68   187   227   183   233 0.71 -
h2tg000007l:18115414-18115797 -            128 136118at33090        -            461     1e-05   21.8   0.6   1   2    0.0065      0.33    6.9   0.1   217   247    24    54     2    63 0.66 -
h2tg000007l:18115414-18115797 -            128 136118at33090        -            461     1e-05   21.8   0.6   2   2   6.9e-05    0.0035   13.4   0.0   139   171    64    97    60   107 0.60 -
h2tg000006l:12852629-12853204 -            192 136118at33090        -            461   1.5e-05   21.2   0.5   1   3   0.00071     0.036   10.0   0.1   205   274    36   112    25   113 0.66 -
h2tg000006l:12852629-12853204 -            192 136118at33090        -            461   1.5e-05   21.2   0.5   2   3   0.00018    0.0093   12.0   0.0    37   170    94   127    90   138 0.51 -
h2tg000006l:12852629-12853204 -            192 136118at33090        -            461   1.5e-05   21.2   0.5   3   3       2.6   1.3e+02   -1.7   0.0    35    66   161   192   155   192 0.85 -
h2tg000004l:3687622-3687936   -            105 136118at33090        -            461   2.5e-05   20.5   0.0   1   1    0.0014     0.074    9.0   0.0   232   277     2    48     1    49 0.82 -
h2tg000007l:2626303-2627052   -            250 136118at33090        -            461   2.9e-05   20.3   0.6   1   2     0.068       3.5    3.5   0.0   194   247    21    82     9    89 0.64 -
h2tg000007l:2626303-2627052   -            250 136118at33090        -            461   2.9e-05   20.3   0.6   2   2     5e-05    0.0025   13.8   0.3    34   118    88   168    83   223 0.67 -
h2tg000005l:2585637-2586221   -            195 136118at33090        -            461   3.9e-05   19.8   2.5   1   3   1.9e-05   0.00095   15.3   0.2   217   249    11    43     4    52 0.88 -
h2tg000005l:2585637-2586221   -            195 136118at33090        -            461   3.9e-05   19.8   2.5   2   3       5.6   2.9e+02   -2.8   0.0    48    68    67    87    58    97 0.71 -
h2tg000005l:2585637-2586221   -            195 136118at33090        -            461   3.9e-05   19.8   2.5   3   3      0.18       9.3    2.1   0.0   209   247   155   193   150   194 0.86 -
h2tg000014l:19447986-19448666 -            227 136118at33090        -            461   6.1e-05   19.2   0.3   1   2   4.6e-05    0.0024   13.9   0.1   139   216    61   139    32   145 0.79 -
h2tg000014l:19447986-19448666 -            227 136118at33090        -            461   6.1e-05   19.2   0.3   2   2     0.079         4    3.3   0.0    87   113   195   222   183   226 0.75 -
h2tg000009l:599819-600379     -            187 136118at33090        -            461   9.3e-05   18.6   0.0   1   1   3.6e-06   0.00019   17.6   0.0    37   108     1    73     1    80 0.85 -
h2tg000007l:3445686-3452372   -            388 136118at33090        -            461   0.00011   18.4   0.3   1   2    0.0017     0.089    8.8   0.0   217   249    78   112    58   119 0.71 -
h2tg000007l:3445686-3452372   -            388 136118at33090        -            461   0.00011   18.4   0.3   2   2    0.0043      0.22    7.5   0.1   216   291   122   196   113   200 0.77 -
h2tg000030l:810735-826091     -           2515 136118at33090        -            461   0.00016   17.8   0.1   1   3      0.36        19    1.1   0.0   146   168   262   284   251   299 0.84 -
h2tg000030l:810735-826091     -           2515 136118at33090        -            461   0.00016   17.8   0.1   2   3      0.89        46   -0.2   0.0    43    82  2278  2318  2270  2340 0.73 -
h2tg000030l:810735-826091     -           2515 136118at33090        -            461   0.00016   17.8   0.1   3   3   0.00036     0.018   11.0   0.0   140   208  2420  2489  2416  2502 0.79 -
h2tg000009l:17822241-17823029 -            263 136118at33090        -            461   0.00024   17.2   0.8   1   2     0.012      0.61    6.0   0.2   161   225    79   144    55   190 0.65 -
h2tg000009l:17822241-17823029 -            263 136118at33090        -            461   0.00024   17.2   0.8   2   2    0.0013     0.069    9.1   0.0   138   173   189   224   181   263 0.87 -
h2tg000009l:17828510-17829169 -            220 136118at33090        -            461   0.00024   17.2   1.9   1   2     0.025       1.3    5.0   0.3   141   169    90   117    46   171 0.64 -
h2tg000009l:17828510-17829169 -            220 136118at33090        -            461   0.00024   17.2   1.9   2   2   0.00014    0.0073   12.3   0.3   138   171   175   208   105   214 0.68 -
h2tg000001l:24962951-24963796 -            282 136118at33090        -            461    0.0003   16.9   1.1   1   5       2.8   1.5e+02   -1.8   0.0   155   171    16    32    11    43 0.62 -
h2tg000001l:24962951-24963796 -            282 136118at33090        -            461    0.0003   16.9   1.1   2   5     0.065       3.3    3.6   0.0    38    67    60    89    35   102 0.72 -
h2tg000001l:24962951-24963796 -            282 136118at33090        -            461    0.0003   16.9   1.1   3   5     0.025       1.3    4.9   0.2   217   245   104   132    78   185 0.76 -
h2tg000001l:24962951-24963796 -            282 136118at33090        -            461    0.0003   16.9   1.1   4   5    0.0045      0.23    7.4   0.1   155   245   119   224   114   235 0.69 -
h2tg000001l:24962951-24963796 -            282 136118at33090        -            461    0.0003   16.9   1.1   5   5      0.61        31    0.4   0.0   231   247   262   278   247   280 0.86 -
h2tg000015l:11794973-11795512 -            180 136118at33090        -            461    0.0003   16.9   4.3   1   3     0.042       2.1    4.2   0.0   217   247    59    89    51   105 0.78 -
h2tg000015l:11794973-11795512 -            180 136118at33090        -            461    0.0003   16.9   4.3   2   3     0.097         5    3.0   0.0    36    67   101   130    94   134 0.67 -
h2tg000015l:11794973-11795512 -            180 136118at33090        -            461    0.0003   16.9   4.3   3   3      0.33        17    1.2   0.1    34    66   142   179   137   180 0.68 -
h2tg000009l:19881757-19882457 -             93 136118at33090        -            461   0.00042   16.4   0.0   1   1   1.4e-05   0.00071   15.7   0.0   219   275    10    66     5    82 0.78 -
h2tg000014l:17166856-17169621 -            338 136118at33090        -            461    0.0024   13.9   0.1   1   2     0.059         3    3.7   0.0   232   292    51   113    36   133 0.60 -
h2tg000014l:17166856-17169621 -            338 136118at33090        -            461    0.0024   13.9   0.1   2   2    0.0052      0.26    7.2   0.0   155   172   272   289   260   316 0.70 -
h2tg000030l:206406-206573     -             56 136118at33090        -            461    0.0066   12.5   0.0   1   1   0.00013    0.0066   12.5   0.0   220   249     1    30     1    45 0.83 -
h2tg000011l:4941022-4941498   -            159 136118at33090        -            461     0.011   11.7   0.2   1   2      0.61        31    0.4   0.0   220   251    11    42     3    53 0.53 -
h2tg000011l:4941022-4941498   -            159 136118at33090        -            461     0.011   11.7   0.2   2   2   0.00075     0.038   10.0   0.1   216   305    47   143    20   149 0.71 -
h2tg000004l:4031238-4053873   -            669 136118at33090        -            461     0.015   11.3   2.5   1   2    0.0062      0.32    6.9   0.3   197   307    84   195    15   198 0.71 -
h2tg000004l:4031238-4053873   -            669 136118at33090        -            461     0.015   11.3   2.5   2   2      0.13       6.8    2.5   0.1   155   172   202   219   196   225 0.84 -
h2tg000005l:1564059-1564265   -             69 136118at33090        -            461     0.019   11.0   0.0   1   2      0.77        39    0.0   0.0    55    67     4    16     2    21 0.70 -
h2tg000005l:1564059-1564265   -             69 136118at33090        -            461     0.019   11.0   0.0   2   2    0.0019     0.096    8.7   0.0   135   173    25    64    20    68 0.67 -
#
# Program:         hmmsearch
# Version:         3.3.2 (Nov 2020)
# Pipeline mode:   SEARCH
# Query file:      /work/sablok/grapevineassemblies/assemblyhifiasm/busco_hifiasmtriobinning/busco_downloads/lineages/viridiplantae_odb10/hmms/136118at33090.hmm
# Target file:     /work/sablok/grapevineassemblies/assemblyhifiasm/busco_hifiasmtriobinning/maternalpaternal.asm.dip.hap2.p_ctg.fa.busco/run_viridiplantae_odb10/metaeuk_output/initial_results/maternalpaternal.asm.dip.hap2.p_ctg.fa.modified.fas
# Option settings: hmmsearch --domtblout /work/sablok/grapevineassemblies/assemblyhifiasm/busco_hifiasmtriobinning/maternalpaternal.asm.dip.hap2.p_ctg.fa.busco/run_viridiplantae_odb10/hmmer_output/initial_run_results/136118at33090.out --cpu 1 /work/sablok/grapevineassemblies/assemblyhifiasm/busco_hifiasmtriobinning/busco_downloads/lineages/viridiplantae_odb10/hmms/136118at33090.hmm /work/sablok/grapevineassemblies/assemblyhifiasm/busco_hifiasmtriobinning/maternalpaternal.asm.dip.hap2.p_ctg.fa.busco/run_viridiplantae_odb10/metaeuk_output/initial_results/maternalpaternal.asm.dip.hap2.p_ctg.fa.modified.fas 
# Current dir:     /work/sablok/grapevineassemblies/assemblyhifiasm/busco_hifiasmtriobinning
# Date:            Thu Apr 18 11:36:30 2024
# [ok]
