#                                                                                     --- full sequence --- -------------- this domain -------------   hmm coord   ali coord   env coord
# target name                 accession   tlen query name           accession   qlen   E-value  score  bias   #  of  c-Evalue  i-Evalue  score  bias  from    to  from    to  from    to  acc description of target
#         ------------------- ---------- ----- -------------------- ---------- ----- --------- ------ ----- --- --- --------- --------- ------ ----- ----- ----- ----- ----- ----- ----- ---- ---------------------
h2tg000023l:63626-73891       -            344 138499at33090        -            158   1.2e-77  256.7   0.3   1   1   2.1e-80   1.6e-77  256.3   0.3     1   157   155   327   155   328 0.93 -
h2tg000015l:12038137-12038451 -            105 138499at33090        -            158     2e-08   31.7   0.2   1   2    0.0084       6.4    4.1   0.0   100   132    12    46     2    50 0.73 -
h2tg000015l:12038137-12038451 -            105 138499at33090        -            158     2e-08   31.7   0.2   2   2   1.6e-10   1.2e-07   29.2   0.1    89   151    33   102    27   104 0.76 -
h2tg000006l:12763021-12763320 -            100 138499at33090        -            158   1.1e-06   26.0   0.0   1   2     0.011       8.6    3.7   0.0   100   128    12    40     4    45 0.83 -
h2tg000006l:12763021-12763320 -            100 138499at33090        -            158   1.1e-06   26.0   0.0   2   2   6.2e-09   4.7e-06   24.0   0.0    80   147    29    96    16   100 0.79 -
h2tg000015l:2279932-2282423   -            105 138499at33090        -            158   0.00072   16.9   2.0   1   2    0.0021       1.6    6.1   1.0    98   147     4    56     2    63 0.78 -
h2tg000015l:2279932-2282423   -            105 138499at33090        -            158   0.00072   16.9   2.0   2   2   2.1e-05     0.016   12.6   0.1   104   151    44    94    36   102 0.81 -
#
# Program:         hmmsearch
# Version:         3.3.2 (Nov 2020)
# Pipeline mode:   SEARCH
# Query file:      /work/sablok/grapevineassemblies/assemblyhifiasm/busco_hifiasmtriobinning/busco_downloads/lineages/viridiplantae_odb10/hmms/138499at33090.hmm
# Target file:     /work/sablok/grapevineassemblies/assemblyhifiasm/busco_hifiasmtriobinning/maternalpaternal.asm.dip.hap2.p_ctg.fa.busco/run_viridiplantae_odb10/metaeuk_output/initial_results/maternalpaternal.asm.dip.hap2.p_ctg.fa.modified.fas
# Option settings: hmmsearch --domtblout /work/sablok/grapevineassemblies/assemblyhifiasm/busco_hifiasmtriobinning/maternalpaternal.asm.dip.hap2.p_ctg.fa.busco/run_viridiplantae_odb10/hmmer_output/initial_run_results/138499at33090.out --cpu 1 /work/sablok/grapevineassemblies/assemblyhifiasm/busco_hifiasmtriobinning/busco_downloads/lineages/viridiplantae_odb10/hmms/138499at33090.hmm /work/sablok/grapevineassemblies/assemblyhifiasm/busco_hifiasmtriobinning/maternalpaternal.asm.dip.hap2.p_ctg.fa.busco/run_viridiplantae_odb10/metaeuk_output/initial_results/maternalpaternal.asm.dip.hap2.p_ctg.fa.modified.fas 
# Current dir:     /work/sablok/grapevineassemblies/assemblyhifiasm/busco_hifiasmtriobinning
# Date:            Thu Apr 18 11:36:16 2024
# [ok]
