#                                                                                     --- full sequence --- -------------- this domain -------------   hmm coord   ali coord   env coord
# target name                 accession   tlen query name           accession   qlen   E-value  score  bias   #  of  c-Evalue  i-Evalue  score  bias  from    to  from    to  from    to  acc description of target
#         ------------------- ---------- ----- -------------------- ---------- ----- --------- ------ ----- --- --- --------- --------- ------ ----- ----- ----- ----- ----- ----- ----- ---- ---------------------
h2tg000001l:24111935-24115642 -            314 140876at33090        -            220  1.5e-102  339.2   3.0   1   2       1.4   1.4e+03   -4.0   0.0     6    18    79    91    77    93 0.83 -
h2tg000001l:24111935-24115642 -            314 140876at33090        -            220  1.5e-102  339.2   3.0   2   2    3e-105    3e-102  338.2   3.2    20   220   110   313   102   313 0.96 -
h2tg000001l:24111935-24115489 -            209 140876at33090        -            220   3.7e-71  236.6   3.6   1   3      0.54   5.6e+02   -2.7   0.0     6    19    28    41    25    45 0.83 -
h2tg000001l:24111935-24115489 -            209 140876at33090        -            220   3.7e-71  236.6   3.6   2   3   1.6e-62   1.6e-59  198.5   1.3    20   136    58   174    48   177 0.95 -
h2tg000001l:24111935-24115489 -            209 140876at33090        -            220   3.7e-71  236.6   3.6   3   3   1.8e-13   1.9e-10   38.1   0.1   189   220   177   208   174   208 0.97 -
h2tg000024l:28037925-28038962 -            290 140876at33090        -            220   1.4e-05   22.2   0.0   1   2      0.53   5.4e+02   -2.6   0.0    29    51   111   133   103   188 0.54 -
h2tg000024l:28037925-28038962 -            290 140876at33090        -            220   1.4e-05   22.2   0.0   2   2   2.6e-08   2.7e-05   21.3   0.0   152   204   242   289   200   290 0.85 -
#
# Program:         hmmsearch
# Version:         3.3.2 (Nov 2020)
# Pipeline mode:   SEARCH
# Query file:      /work/sablok/grapevineassemblies/assemblyhifiasm/busco_hifiasmtriobinning/busco_downloads/lineages/viridiplantae_odb10/hmms/140876at33090.hmm
# Target file:     /work/sablok/grapevineassemblies/assemblyhifiasm/busco_hifiasmtriobinning/maternalpaternal.asm.dip.hap2.p_ctg.fa.busco/run_viridiplantae_odb10/metaeuk_output/initial_results/maternalpaternal.asm.dip.hap2.p_ctg.fa.modified.fas
# Option settings: hmmsearch --domtblout /work/sablok/grapevineassemblies/assemblyhifiasm/busco_hifiasmtriobinning/maternalpaternal.asm.dip.hap2.p_ctg.fa.busco/run_viridiplantae_odb10/hmmer_output/initial_run_results/140876at33090.out --cpu 1 /work/sablok/grapevineassemblies/assemblyhifiasm/busco_hifiasmtriobinning/busco_downloads/lineages/viridiplantae_odb10/hmms/140876at33090.hmm /work/sablok/grapevineassemblies/assemblyhifiasm/busco_hifiasmtriobinning/maternalpaternal.asm.dip.hap2.p_ctg.fa.busco/run_viridiplantae_odb10/metaeuk_output/initial_results/maternalpaternal.asm.dip.hap2.p_ctg.fa.modified.fas 
# Current dir:     /work/sablok/grapevineassemblies/assemblyhifiasm/busco_hifiasmtriobinning
# Date:            Thu Apr 18 11:36:42 2024
# [ok]
