#                                                                                     --- full sequence --- -------------- this domain -------------   hmm coord   ali coord   env coord
# target name                 accession   tlen query name           accession   qlen   E-value  score  bias   #  of  c-Evalue  i-Evalue  score  bias  from    to  from    to  from    to  acc description of target
#         ------------------- ---------- ----- -------------------- ---------- ----- --------- ------ ----- --- --- --------- --------- ------ ----- ----- ----- ----- ----- ----- ----- ---- ---------------------
h2tg000003l:16835499-16969407 -           1683 1557at33090          -           1015         0 1408.9   6.0   1   3         0         0 1172.1   2.0     7   810   320  1327   316  1344 0.85 -
h2tg000003l:16835499-16969407 -           1683 1557at33090          -           1015         0 1408.9   6.0   2   3     5e-17   5.1e-14   48.3   0.1   813   862  1388  1438  1370  1441 0.87 -
h2tg000003l:16835499-16969407 -           1683 1557at33090          -           1015         0 1408.9   6.0   3   3   1.9e-54   1.9e-51  172.2   0.0   858  1014  1471  1665  1464  1666 0.84 -
h2tg000012l:14549792-14549959 -             56 1557at33090          -           1015     5e-26   88.1   0.2   1   1   5.3e-29   5.4e-26   88.0   0.2    42    97     1    56     1    56 0.99 -
h2tg000023l:9286180-9310905   -            333 1557at33090          -           1015   0.00017   16.8   0.2   1   3    0.0067       6.9    1.6   0.0   845   861    99   115    59   117 0.86 -
h2tg000023l:9286180-9310905   -            333 1557at33090          -           1015   0.00017   16.8   0.2   2   3    0.0024       2.4    3.1   0.1   861   881   147   167   130   204 0.87 -
h2tg000023l:9286180-9310905   -            333 1557at33090          -           1015   0.00017   16.8   0.2   3   3     5e-05     0.051    8.6   0.0   959  1014   267   322   245   323 0.86 -
#
# Program:         hmmsearch
# Version:         3.3.2 (Nov 2020)
# Pipeline mode:   SEARCH
# Query file:      /work/sablok/grapevineassemblies/assemblyhifiasm/busco_hifiasmtriobinning/busco_downloads/lineages/viridiplantae_odb10/hmms/1557at33090.hmm
# Target file:     /work/sablok/grapevineassemblies/assemblyhifiasm/busco_hifiasmtriobinning/maternalpaternal.asm.dip.hap2.p_ctg.fa.busco/run_viridiplantae_odb10/metaeuk_output/initial_results/maternalpaternal.asm.dip.hap2.p_ctg.fa.modified.fas
# Option settings: hmmsearch --domtblout /work/sablok/grapevineassemblies/assemblyhifiasm/busco_hifiasmtriobinning/maternalpaternal.asm.dip.hap2.p_ctg.fa.busco/run_viridiplantae_odb10/hmmer_output/initial_run_results/1557at33090.out --cpu 1 /work/sablok/grapevineassemblies/assemblyhifiasm/busco_hifiasmtriobinning/busco_downloads/lineages/viridiplantae_odb10/hmms/1557at33090.hmm /work/sablok/grapevineassemblies/assemblyhifiasm/busco_hifiasmtriobinning/maternalpaternal.asm.dip.hap2.p_ctg.fa.busco/run_viridiplantae_odb10/metaeuk_output/initial_results/maternalpaternal.asm.dip.hap2.p_ctg.fa.modified.fas 
# Current dir:     /work/sablok/grapevineassemblies/assemblyhifiasm/busco_hifiasmtriobinning
# Date:            Thu Apr 18 11:36:16 2024
# [ok]
