#                                                                                     --- full sequence --- -------------- this domain -------------   hmm coord   ali coord   env coord
# target name                 accession   tlen query name           accession   qlen   E-value  score  bias   #  of  c-Evalue  i-Evalue  score  bias  from    to  from    to  from    to  acc description of target
#         ------------------- ---------- ----- -------------------- ---------- ----- --------- ------ ----- --- --- --------- --------- ------ ----- ----- ----- ----- ----- ----- ----- ---- ---------------------
h2tg000017l:2560943-2563884   -            217 169007at33090        -            150   1.3e-76  253.4   2.2   1   1   3.8e-78   2.9e-75  249.0   2.2     1   148     5   172     5   174 0.93 -
h2tg000024l:305349-308488     -            392 169007at33090        -            150   6.2e-10   37.0   0.2   1   1   2.8e-11   2.1e-08   32.0   0.2    71   123   290   341   196   352 0.69 -
h2tg000005l:2670179-2671963   -            595 169007at33090        -            150   1.6e-08   32.4   0.0   1   3   4.1e-05     0.032   12.0   0.0     4    46   405   449   402   469 0.73 -
h2tg000005l:2670179-2671963   -            595 169007at33090        -            150   1.6e-08   32.4   0.0   2   3     0.038        29    2.4   0.0    72    99   497   524   490   532 0.88 -
h2tg000005l:2670179-2671963   -            595 169007at33090        -            150   1.6e-08   32.4   0.0   3   3   1.2e-05    0.0094   13.7   0.0   106   137   560   591   553   594 0.87 -
h2tg000007l:24441229-24455256 -            639 169007at33090        -            150   1.7e-08   32.3   0.0   1   2     0.008       6.1    4.6   0.0     4    29   142   167   139   191 0.81 -
h2tg000007l:24441229-24455256 -            639 169007at33090        -            150   1.7e-08   32.3   0.0   2   2   3.6e-09   2.8e-06   25.2   0.0    72   122   242   290   237   316 0.90 -
#
# Program:         hmmsearch
# Version:         3.3.2 (Nov 2020)
# Pipeline mode:   SEARCH
# Query file:      /work/sablok/grapevineassemblies/assemblyhifiasm/busco_hifiasmtriobinning/busco_downloads/lineages/viridiplantae_odb10/hmms/169007at33090.hmm
# Target file:     /work/sablok/grapevineassemblies/assemblyhifiasm/busco_hifiasmtriobinning/maternalpaternal.asm.dip.hap2.p_ctg.fa.busco/run_viridiplantae_odb10/metaeuk_output/initial_results/maternalpaternal.asm.dip.hap2.p_ctg.fa.modified.fas
# Option settings: hmmsearch --domtblout /work/sablok/grapevineassemblies/assemblyhifiasm/busco_hifiasmtriobinning/maternalpaternal.asm.dip.hap2.p_ctg.fa.busco/run_viridiplantae_odb10/hmmer_output/initial_run_results/169007at33090.out --cpu 1 /work/sablok/grapevineassemblies/assemblyhifiasm/busco_hifiasmtriobinning/busco_downloads/lineages/viridiplantae_odb10/hmms/169007at33090.hmm /work/sablok/grapevineassemblies/assemblyhifiasm/busco_hifiasmtriobinning/maternalpaternal.asm.dip.hap2.p_ctg.fa.busco/run_viridiplantae_odb10/metaeuk_output/initial_results/maternalpaternal.asm.dip.hap2.p_ctg.fa.modified.fas 
# Current dir:     /work/sablok/grapevineassemblies/assemblyhifiasm/busco_hifiasmtriobinning
# Date:            Thu Apr 18 11:36:18 2024
# [ok]
