#                                                                                     --- full sequence --- -------------- this domain -------------   hmm coord   ali coord   env coord
# target name                 accession   tlen query name           accession   qlen   E-value  score  bias   #  of  c-Evalue  i-Evalue  score  bias  from    to  from    to  from    to  acc description of target
#         ------------------- ---------- ----- -------------------- ---------- ----- --------- ------ ----- --- --- --------- --------- ------ ----- ----- ----- ----- ----- ----- ----- ---- ---------------------
h2tg000001l:25675017-25677835 -            234 181108at33090        -            172   4.3e-81  267.9   0.0   1   1   6.9e-84   5.3e-81  267.6   0.0     2   171    62   229    61   230 0.97 -
h2tg000016l:1412601-1419051   -            384 181108at33090        -            172   2.7e-15   53.7   0.0   1   3   3.4e-09   2.6e-06   24.5   0.0    11   171    71   242    62   243 0.72 -
h2tg000016l:1412601-1419051   -            384 181108at33090        -            172   2.7e-15   53.7   0.0   2   3      0.31   2.4e+02   -1.4   0.0    46    61   279   294   260   298 0.74 -
h2tg000016l:1412601-1419051   -            384 181108at33090        -            172   2.7e-15   53.7   0.0   3   3   1.8e-09   1.4e-06   25.4   0.0   102   171   306   382   299   383 0.82 -
h2tg000017l:7125973-7128411   -            293 181108at33090        -            172   4.1e-06   23.9   0.0   1   1   1.1e-06   0.00085   16.3   0.0     7   169    99   290    94   293 0.65 -
h2tg000019l:168334-173212     -            275 181108at33090        -            172   8.5e-05   19.6   0.0   1   2   1.9e-05     0.015   12.3   0.0     6   105    63   164    59   205 0.72 -
h2tg000019l:168334-173212     -            275 181108at33090        -            172   8.5e-05   19.6   0.0   2   2    0.0029       2.2    5.2   0.0   150   171   249   270   235   271 0.91 -
#
# Program:         hmmsearch
# Version:         3.3.2 (Nov 2020)
# Pipeline mode:   SEARCH
# Query file:      /work/sablok/grapevineassemblies/assemblyhifiasm/busco_hifiasmtriobinning/busco_downloads/lineages/viridiplantae_odb10/hmms/181108at33090.hmm
# Target file:     /work/sablok/grapevineassemblies/assemblyhifiasm/busco_hifiasmtriobinning/maternalpaternal.asm.dip.hap2.p_ctg.fa.busco/run_viridiplantae_odb10/metaeuk_output/initial_results/maternalpaternal.asm.dip.hap2.p_ctg.fa.modified.fas
# Option settings: hmmsearch --domtblout /work/sablok/grapevineassemblies/assemblyhifiasm/busco_hifiasmtriobinning/maternalpaternal.asm.dip.hap2.p_ctg.fa.busco/run_viridiplantae_odb10/hmmer_output/initial_run_results/181108at33090.out --cpu 1 /work/sablok/grapevineassemblies/assemblyhifiasm/busco_hifiasmtriobinning/busco_downloads/lineages/viridiplantae_odb10/hmms/181108at33090.hmm /work/sablok/grapevineassemblies/assemblyhifiasm/busco_hifiasmtriobinning/maternalpaternal.asm.dip.hap2.p_ctg.fa.busco/run_viridiplantae_odb10/metaeuk_output/initial_results/maternalpaternal.asm.dip.hap2.p_ctg.fa.modified.fas 
# Current dir:     /work/sablok/grapevineassemblies/assemblyhifiasm/busco_hifiasmtriobinning
# Date:            Thu Apr 18 11:36:20 2024
# [ok]
