#                                                                                     --- full sequence --- -------------- this domain -------------   hmm coord   ali coord   env coord
# target name                 accession   tlen query name           accession   qlen   E-value  score  bias   #  of  c-Evalue  i-Evalue  score  bias  from    to  from    to  from    to  acc description of target
#         ------------------- ---------- ----- -------------------- ---------- ----- --------- ------ ----- --- --- --------- --------- ------ ----- ----- ----- ----- ----- ----- ----- ---- ---------------------
h2tg000009l:7973623-7984360   -           1036 18801at33090         -            816         0 1118.7  33.2   1   4  1.7e-253  2.6e-250  830.2  17.4     1   551    13   624    13   638 0.92 -
h2tg000009l:7973623-7984360   -           1036 18801at33090         -            816         0 1118.7  33.2   2   4   1.5e-59   2.3e-56  188.7   0.0   556   687   667   807   642   813 0.85 -
h2tg000009l:7973623-7984360   -           1036 18801at33090         -            816         0 1118.7  33.2   3   4   2.7e-33   4.2e-30  101.9   0.9   680   810   825   970   820   974 0.84 -
h2tg000009l:7973623-7984360   -           1036 18801at33090         -            816         0 1118.7  33.2   4   4   0.00085       1.3    4.3   0.3   784   812   986  1014   982  1020 0.77 -
h2tg000007l:14117950-14133894 -            878 18801at33090         -            816  5.3e-267  885.4  21.3   1   4  4.2e-212  6.4e-209  693.3  10.5    38   551     5   550     1   564 0.92 -
h2tg000007l:14117950-14133894 -            878 18801at33090         -            816  5.3e-267  885.4  21.3   2   4   2.4e-58   3.7e-55  184.7   0.1   556   686   593   732   568   739 0.84 -
h2tg000007l:14117950-14133894 -            878 18801at33090         -            816  5.3e-267  885.4  21.3   3   4   0.00094       1.4    4.1   0.0   680   697   751   768   746   772 0.88 -
h2tg000007l:14117950-14133894 -            878 18801at33090         -            816  5.3e-267  885.4  21.3   4   4   0.00056      0.86    4.9   0.2   784   812   828   856   819   860 0.78 -
#
# Program:         hmmsearch
# Version:         3.3.2 (Nov 2020)
# Pipeline mode:   SEARCH
# Query file:      /work/sablok/grapevineassemblies/assemblyhifiasm/busco_hifiasmtriobinning/busco_downloads/lineages/viridiplantae_odb10/hmms/18801at33090.hmm
# Target file:     /work/sablok/grapevineassemblies/assemblyhifiasm/busco_hifiasmtriobinning/maternalpaternal.asm.dip.hap2.p_ctg.fa.busco/run_viridiplantae_odb10/metaeuk_output/initial_results/maternalpaternal.asm.dip.hap2.p_ctg.fa.modified.fas
# Option settings: hmmsearch --domtblout /work/sablok/grapevineassemblies/assemblyhifiasm/busco_hifiasmtriobinning/maternalpaternal.asm.dip.hap2.p_ctg.fa.busco/run_viridiplantae_odb10/hmmer_output/initial_run_results/18801at33090.out --cpu 1 /work/sablok/grapevineassemblies/assemblyhifiasm/busco_hifiasmtriobinning/busco_downloads/lineages/viridiplantae_odb10/hmms/18801at33090.hmm /work/sablok/grapevineassemblies/assemblyhifiasm/busco_hifiasmtriobinning/maternalpaternal.asm.dip.hap2.p_ctg.fa.busco/run_viridiplantae_odb10/metaeuk_output/initial_results/maternalpaternal.asm.dip.hap2.p_ctg.fa.modified.fas 
# Current dir:     /work/sablok/grapevineassemblies/assemblyhifiasm/busco_hifiasmtriobinning
# Date:            Thu Apr 18 11:36:18 2024
# [ok]
