#                                                                                     --- full sequence --- -------------- this domain -------------   hmm coord   ali coord   env coord
# target name                 accession   tlen query name           accession   qlen   E-value  score  bias   #  of  c-Evalue  i-Evalue  score  bias  from    to  from    to  from    to  acc description of target
#         ------------------- ---------- ----- -------------------- ---------- ----- --------- ------ ----- --- --- --------- --------- ------ ----- ----- ----- ----- ----- ----- ----- ---- ---------------------
h2tg000002l:10704078-10744012 -            277 196410at33090        -            224  6.1e-106  350.4   0.6   1   1  1.4e-107  6.2e-105  347.1   0.6     1   222     5   260     5   262 0.91 -
h2tg000016l:8382591-8383149   -            167 196410at33090        -            224   1.6e-68  228.0   0.5   1   1   2.1e-70   9.1e-68  225.6   0.5    18   167    11   167     5   167 0.93 -
h2tg000017l:14912666-14912926 -             87 196410at33090        -            224   1.5e-30  103.9   1.2   1   1   3.9e-32   1.7e-29  100.4   1.2    75   149     1    87     1    87 0.91 -
h2tg000017l:14912358-14912645 -             87 196410at33090        -            224   1.5e-21   74.4   0.1   1   1     4e-24   1.7e-21   74.2   0.1     1    62     8    69     8    76 0.97 -
h2tg000023l:5097858-5097980   -             41 196410at33090        -            224   3.7e-18   63.3   0.1   1   1   8.9e-21   3.9e-18   63.2   0.1   110   149     1    40     1    41 0.98 -
h2tg000001l:17251638-17251820 -             61 196410at33090        -            224   1.5e-14   51.5   0.3   1   1   3.7e-17   1.6e-14   51.4   0.3    17    62    10    55     3    59 0.93 -
h2tg000023l:5098003-5098200   -             62 196410at33090        -            224   3.7e-13   47.0   1.2   1   1   9.4e-16   4.1e-13   46.8   1.2     1    53     5    62     5    62 0.89 -
#
# Program:         hmmsearch
# Version:         3.3.2 (Nov 2020)
# Pipeline mode:   SEARCH
# Query file:      /work/sablok/grapevineassemblies/assemblyhifiasm/busco_hifiasmtriobinning/busco_downloads/lineages/viridiplantae_odb10/hmms/196410at33090.hmm
# Target file:     /work/sablok/grapevineassemblies/assemblyhifiasm/busco_hifiasmtriobinning/maternalpaternal.asm.dip.hap2.p_ctg.fa.busco/run_viridiplantae_odb10/metaeuk_output/initial_results/maternalpaternal.asm.dip.hap2.p_ctg.fa.modified.fas
# Option settings: hmmsearch --domtblout /work/sablok/grapevineassemblies/assemblyhifiasm/busco_hifiasmtriobinning/maternalpaternal.asm.dip.hap2.p_ctg.fa.busco/run_viridiplantae_odb10/hmmer_output/initial_run_results/196410at33090.out --cpu 1 /work/sablok/grapevineassemblies/assemblyhifiasm/busco_hifiasmtriobinning/busco_downloads/lineages/viridiplantae_odb10/hmms/196410at33090.hmm /work/sablok/grapevineassemblies/assemblyhifiasm/busco_hifiasmtriobinning/maternalpaternal.asm.dip.hap2.p_ctg.fa.busco/run_viridiplantae_odb10/metaeuk_output/initial_results/maternalpaternal.asm.dip.hap2.p_ctg.fa.modified.fas 
# Current dir:     /work/sablok/grapevineassemblies/assemblyhifiasm/busco_hifiasmtriobinning
# Date:            Thu Apr 18 11:36:33 2024
# [ok]
