#                                                                                     --- full sequence --- -------------- this domain -------------   hmm coord   ali coord   env coord
# target name                 accession   tlen query name           accession   qlen   E-value  score  bias   #  of  c-Evalue  i-Evalue  score  bias  from    to  from    to  from    to  acc description of target
#         ------------------- ---------- ----- -------------------- ---------- ----- --------- ------ ----- --- --- --------- --------- ------ ----- ----- ----- ----- ----- ----- ----- ---- ---------------------
h2tg000025l:1435713-1439075   -            423 199618at33090        -            326    2e-152  504.6   0.0   1   1  7.1e-155  3.1e-152  503.9   0.0     1   326    44   418    44   418 0.90 -
h2tg000004l:22528328-22529066 -             98 199618at33090        -            326   1.4e-28   97.5   0.1   1   1   3.9e-31   1.7e-28   97.3   0.1   247   326     1    93     1    93 0.89 -
h2tg000016l:19071764-19072502 -             98 199618at33090        -            326   1.4e-28   97.5   0.1   1   1   3.9e-31   1.7e-28   97.3   0.1   247   326     1    93     1    93 0.89 -
h2tg000023l:8292306-8293044   -             98 199618at33090        -            326   1.4e-28   97.5   0.1   1   1   3.9e-31   1.7e-28   97.3   0.1   247   326     1    93     1    93 0.89 -
h2tg000031l:136227-136966     -             98 199618at33090        -            326   1.8e-28   97.2   0.0   1   1   4.9e-31   2.2e-28   97.0   0.0   247   326     1    93     1    93 0.90 -
h2tg000011l:10775373-10776111 -             98 199618at33090        -            326   3.3e-28   96.4   0.0   1   1   8.7e-31   3.8e-28   96.1   0.0   247   326     1    93     1    93 0.92 -
h2tg000016l:18863767-18864505 -             98 199618at33090        -            326   5.5e-28   95.6   0.1   1   1   1.5e-30   6.6e-28   95.4   0.1   247   326     1    93     1    93 0.89 -
#
# Program:         hmmsearch
# Version:         3.3.2 (Nov 2020)
# Pipeline mode:   SEARCH
# Query file:      /work/sablok/grapevineassemblies/assemblyhifiasm/busco_hifiasmtriobinning/busco_downloads/lineages/viridiplantae_odb10/hmms/199618at33090.hmm
# Target file:     /work/sablok/grapevineassemblies/assemblyhifiasm/busco_hifiasmtriobinning/maternalpaternal.asm.dip.hap2.p_ctg.fa.busco/run_viridiplantae_odb10/metaeuk_output/initial_results/maternalpaternal.asm.dip.hap2.p_ctg.fa.modified.fas
# Option settings: hmmsearch --domtblout /work/sablok/grapevineassemblies/assemblyhifiasm/busco_hifiasmtriobinning/maternalpaternal.asm.dip.hap2.p_ctg.fa.busco/run_viridiplantae_odb10/hmmer_output/initial_run_results/199618at33090.out --cpu 1 /work/sablok/grapevineassemblies/assemblyhifiasm/busco_hifiasmtriobinning/busco_downloads/lineages/viridiplantae_odb10/hmms/199618at33090.hmm /work/sablok/grapevineassemblies/assemblyhifiasm/busco_hifiasmtriobinning/maternalpaternal.asm.dip.hap2.p_ctg.fa.busco/run_viridiplantae_odb10/metaeuk_output/initial_results/maternalpaternal.asm.dip.hap2.p_ctg.fa.modified.fas 
# Current dir:     /work/sablok/grapevineassemblies/assemblyhifiasm/busco_hifiasmtriobinning
# Date:            Thu Apr 18 11:36:24 2024
# [ok]
