#                                                                                     --- full sequence --- -------------- this domain -------------   hmm coord   ali coord   env coord
# target name                 accession   tlen query name           accession   qlen   E-value  score  bias   #  of  c-Evalue  i-Evalue  score  bias  from    to  from    to  from    to  acc description of target
#         ------------------- ---------- ----- -------------------- ---------- ----- --------- ------ ----- --- --- --------- --------- ------ ----- ----- ----- ----- ----- ----- ----- ---- ---------------------
h2tg000024l:28037925-28038962 -            290 212845at33090        -            181   1.7e-71  237.2   0.1   1   2   3.9e-55     4e-52  174.1   0.0     1   130    54   206    54   208 0.89 -
h2tg000024l:28037925-28038962 -            290 212845at33090        -            181   1.7e-71  237.2   0.1   2   2   2.5e-20   2.5e-17   60.7   0.0   135   174   232   273   221   288 0.83 -
h2tg000024l:29415441-29418175 -            280 212845at33090        -            181   4.4e-05   20.8   0.4   1   4      0.58   5.9e+02   -2.4   0.0    52    60   111   119    93   122 0.70 -
h2tg000024l:29415441-29418175 -            280 212845at33090        -            181   4.4e-05   20.8   0.4   2   4    0.0019       1.9    5.7   0.0   107   129   150   172   137   180 0.81 -
h2tg000024l:29415441-29418175 -            280 212845at33090        -            181   4.4e-05   20.8   0.4   3   4     0.019        20    2.4   0.1   134   154   201   222   181   230 0.77 -
h2tg000024l:29415441-29418175 -            280 212845at33090        -            181   4.4e-05   20.8   0.4   4   4   0.00024      0.25    8.6   0.0   145   172   231   258   226   264 0.91 -
h2tg000001l:24111935-24115642 -            314 212845at33090        -            181    0.0038   14.5   0.0   1   1   5.9e-06     0.006   13.8   0.0   146   175   253   282   197   287 0.89 -
#
# Program:         hmmsearch
# Version:         3.3.2 (Nov 2020)
# Pipeline mode:   SEARCH
# Query file:      /work/sablok/grapevineassemblies/assemblyhifiasm/busco_hifiasmtriobinning/busco_downloads/lineages/viridiplantae_odb10/hmms/212845at33090.hmm
# Target file:     /work/sablok/grapevineassemblies/assemblyhifiasm/busco_hifiasmtriobinning/maternalpaternal.asm.dip.hap2.p_ctg.fa.busco/run_viridiplantae_odb10/metaeuk_output/initial_results/maternalpaternal.asm.dip.hap2.p_ctg.fa.modified.fas
# Option settings: hmmsearch --domtblout /work/sablok/grapevineassemblies/assemblyhifiasm/busco_hifiasmtriobinning/maternalpaternal.asm.dip.hap2.p_ctg.fa.busco/run_viridiplantae_odb10/hmmer_output/initial_run_results/212845at33090.out --cpu 1 /work/sablok/grapevineassemblies/assemblyhifiasm/busco_hifiasmtriobinning/busco_downloads/lineages/viridiplantae_odb10/hmms/212845at33090.hmm /work/sablok/grapevineassemblies/assemblyhifiasm/busco_hifiasmtriobinning/maternalpaternal.asm.dip.hap2.p_ctg.fa.busco/run_viridiplantae_odb10/metaeuk_output/initial_results/maternalpaternal.asm.dip.hap2.p_ctg.fa.modified.fas 
# Current dir:     /work/sablok/grapevineassemblies/assemblyhifiasm/busco_hifiasmtriobinning
# Date:            Thu Apr 18 11:36:25 2024
# [ok]
