#                                                                                   --- full sequence --- -------------- this domain -------------   hmm coord   ali coord   env coord
# target name               accession   tlen query name           accession   qlen   E-value  score  bias   #  of  c-Evalue  i-Evalue  score  bias  from    to  from    to  from    to  acc description of target
#       ------------------- ---------- ----- -------------------- ---------- ----- --------- ------ ----- --- --- --------- --------- ------ ----- ----- ----- ----- ----- ----- ----- ---- ---------------------
h2tg000020l:8020037-8081724 -            587 32730at33090         -            453  1.2e-196  651.3  11.2   1   2  1.6e-199  1.2e-196  651.3  11.2     9   448    22   497    14   509 0.88 -
h2tg000020l:8020037-8081724 -            587 32730at33090         -            453  1.2e-196  651.3  11.2   2   2       0.4   3.1e+02   -2.6   0.4   401   451   522   572   521   574 0.82 -
h2tg000020l:8123810-8192464 -            585 32730at33090         -            453  3.7e-196  649.8  12.8   1   2  4.9e-199  3.7e-196  649.8  12.8     9   448    21   496    13   508 0.88 -
h2tg000020l:8123810-8192464 -            585 32730at33090         -            453  3.7e-196  649.8  12.8   2   2       0.4   3.1e+02   -2.6   0.4   401   451   521   571   520   573 0.82 -
h2tg000020l:7694993-7769810 -            586 32730at33090         -            453  3.5e-194  643.3  12.4   1   2  4.6e-197  3.5e-194  643.3  12.4     9   448    21   496    13   508 0.88 -
h2tg000020l:7694993-7769810 -            586 32730at33090         -            453  3.5e-194  643.3  12.4   2   2       0.4   3.1e+02   -2.6   0.4   401   451   521   571   520   573 0.82 -
h2tg000020l:8275662-8399260 -            547 32730at33090         -            453  2.4e-168  558.1   8.1   1   2  3.1e-171  2.4e-168  558.1   8.1    41   442    29   459    13   470 0.85 -
h2tg000020l:8275662-8399260 -            547 32730at33090         -            453  2.4e-168  558.1   8.1   2   2      0.51   3.9e+02   -3.0   0.4   401   450   483   532   482   534 0.78 -
#
# Program:         hmmsearch
# Version:         3.3.2 (Nov 2020)
# Pipeline mode:   SEARCH
# Query file:      /work/sablok/grapevineassemblies/assemblyhifiasm/busco_hifiasmtriobinning/busco_downloads/lineages/viridiplantae_odb10/hmms/32730at33090.hmm
# Target file:     /work/sablok/grapevineassemblies/assemblyhifiasm/busco_hifiasmtriobinning/maternalpaternal.asm.dip.hap2.p_ctg.fa.busco/run_viridiplantae_odb10/metaeuk_output/initial_results/maternalpaternal.asm.dip.hap2.p_ctg.fa.modified.fas
# Option settings: hmmsearch --domtblout /work/sablok/grapevineassemblies/assemblyhifiasm/busco_hifiasmtriobinning/maternalpaternal.asm.dip.hap2.p_ctg.fa.busco/run_viridiplantae_odb10/hmmer_output/initial_run_results/32730at33090.out --cpu 1 /work/sablok/grapevineassemblies/assemblyhifiasm/busco_hifiasmtriobinning/busco_downloads/lineages/viridiplantae_odb10/hmms/32730at33090.hmm /work/sablok/grapevineassemblies/assemblyhifiasm/busco_hifiasmtriobinning/maternalpaternal.asm.dip.hap2.p_ctg.fa.busco/run_viridiplantae_odb10/metaeuk_output/initial_results/maternalpaternal.asm.dip.hap2.p_ctg.fa.modified.fas 
# Current dir:     /work/sablok/grapevineassemblies/assemblyhifiasm/busco_hifiasmtriobinning
# Date:            Thu Apr 18 11:36:38 2024
# [ok]
