#                                                                                     --- full sequence --- -------------- this domain -------------   hmm coord   ali coord   env coord
# target name                 accession   tlen query name           accession   qlen   E-value  score  bias   #  of  c-Evalue  i-Evalue  score  bias  from    to  from    to  from    to  acc description of target
#         ------------------- ---------- ----- -------------------- ---------- ----- --------- ------ ----- --- --- --------- --------- ------ ----- ----- ----- ----- ----- ----- ----- ---- ---------------------
h2tg000002l:19409058-19414652 -            765 32923at33090         -            703         0 1217.1   1.3   1   3   5.4e-91   5.5e-88  293.3   0.0     5   198     4   201     1   207 0.97 -
h2tg000002l:19409058-19414652 -            765 32923at33090         -            703         0 1217.1   1.3   2   3   1.9e-63     2e-60  202.2   0.0   192   330   221   358   213   362 0.97 -
h2tg000002l:19409058-19414652 -            765 32923at33090         -            703         0 1217.1   1.3   3   3    2e-219  2.1e-216  717.8   1.7   328   702   384   764   375   765 0.97 -
h2tg000014l:9660387-9661317   -            208 32923at33090         -            703   2.6e-75  251.4   0.6   1   3   7.4e-59   7.6e-56  187.0   0.0    10   145     2   141     1   143 0.98 -
h2tg000014l:9660387-9661317   -            208 32923at33090         -            703   2.6e-75  251.4   0.6   2   3   2.2e-19   2.2e-16   56.6   0.1   221   265   142   186   141   187 0.97 -
h2tg000014l:9660387-9661317   -            208 32923at33090         -            703   2.6e-75  251.4   0.6   3   3   4.8e-05     0.049    9.2   0.1   289   313   183   206   182   208 0.89 -
h2tg000012l:15404740-15470212 -            466 32923at33090         -            703   1.3e-07   27.6   0.0   1   1   1.8e-10   1.8e-07   27.1   0.0   354   434    99   176    91   188 0.93 -
#
# Program:         hmmsearch
# Version:         3.3.2 (Nov 2020)
# Pipeline mode:   SEARCH
# Query file:      /work/sablok/grapevineassemblies/assemblyhifiasm/busco_hifiasmtriobinning/busco_downloads/lineages/viridiplantae_odb10/hmms/32923at33090.hmm
# Target file:     /work/sablok/grapevineassemblies/assemblyhifiasm/busco_hifiasmtriobinning/maternalpaternal.asm.dip.hap2.p_ctg.fa.busco/run_viridiplantae_odb10/metaeuk_output/initial_results/maternalpaternal.asm.dip.hap2.p_ctg.fa.modified.fas
# Option settings: hmmsearch --domtblout /work/sablok/grapevineassemblies/assemblyhifiasm/busco_hifiasmtriobinning/maternalpaternal.asm.dip.hap2.p_ctg.fa.busco/run_viridiplantae_odb10/hmmer_output/initial_run_results/32923at33090.out --cpu 1 /work/sablok/grapevineassemblies/assemblyhifiasm/busco_hifiasmtriobinning/busco_downloads/lineages/viridiplantae_odb10/hmms/32923at33090.hmm /work/sablok/grapevineassemblies/assemblyhifiasm/busco_hifiasmtriobinning/maternalpaternal.asm.dip.hap2.p_ctg.fa.busco/run_viridiplantae_odb10/metaeuk_output/initial_results/maternalpaternal.asm.dip.hap2.p_ctg.fa.modified.fas 
# Current dir:     /work/sablok/grapevineassemblies/assemblyhifiasm/busco_hifiasmtriobinning
# Date:            Thu Apr 18 11:36:38 2024
# [ok]
