#                                                                                     --- full sequence --- -------------- this domain -------------   hmm coord   ali coord   env coord
# target name                 accession   tlen query name           accession   qlen   E-value  score  bias   #  of  c-Evalue  i-Evalue  score  bias  from    to  from    to  from    to  acc description of target
#         ------------------- ---------- ----- -------------------- ---------- ----- --------- ------ ----- --- --- --------- --------- ------ ----- ----- ----- ----- ----- ----- ----- ---- ---------------------
h2tg000015l:1964375-1977667   -            704 35499at33090         -            559  2.4e-279  925.2   9.3   1   2   2.9e-38   1.5e-35  120.5   0.1     2   118    45   180    44   190 0.85 -
h2tg000015l:1964375-1977667   -            704 35499at33090         -            559  2.4e-279  925.2   9.3   2   2  1.9e-245  9.6e-243  804.4   4.7   118   559   216   704   193   704 0.93 -
h2tg000025l:6496258-6497199   -            314 35499at33090         -            559   0.00052   16.3   0.1   1   1   1.7e-06   0.00089   15.6   0.1   120   152    16    48     5    56 0.89 -
h2tg000024l:1517892-1523804   -            455 35499at33090         -            559    0.0024   14.1   0.1   1   1   7.5e-06    0.0039   13.4   0.1   105   157    26    80     9    86 0.79 -
h2tg000026l:1676069-1718546   -            971 35499at33090         -            559    0.0045   13.2   0.1   1   1   1.5e-05    0.0076   12.5   0.1   115   154   591   630   580   644 0.83 -
h2tg000007l:26462549-26502505 -           1005 35499at33090         -            559    0.0047   13.2   0.1   1   1   1.6e-05    0.0079   12.4   0.1   115   154   625   664   614   678 0.83 -
h2tg000017l:24333650-24354227 -            676 35499at33090         -            559     0.026   10.7   0.0   1   1   7.4e-05     0.038   10.2   0.0   122   156   143   183   131   187 0.74 -
#
# Program:         hmmsearch
# Version:         3.3.2 (Nov 2020)
# Pipeline mode:   SEARCH
# Query file:      /work/sablok/grapevineassemblies/assemblyhifiasm/busco_hifiasmtriobinning/busco_downloads/lineages/viridiplantae_odb10/hmms/35499at33090.hmm
# Target file:     /work/sablok/grapevineassemblies/assemblyhifiasm/busco_hifiasmtriobinning/maternalpaternal.asm.dip.hap2.p_ctg.fa.busco/run_viridiplantae_odb10/metaeuk_output/initial_results/maternalpaternal.asm.dip.hap2.p_ctg.fa.modified.fas
# Option settings: hmmsearch --domtblout /work/sablok/grapevineassemblies/assemblyhifiasm/busco_hifiasmtriobinning/maternalpaternal.asm.dip.hap2.p_ctg.fa.busco/run_viridiplantae_odb10/hmmer_output/initial_run_results/35499at33090.out --cpu 1 /work/sablok/grapevineassemblies/assemblyhifiasm/busco_hifiasmtriobinning/busco_downloads/lineages/viridiplantae_odb10/hmms/35499at33090.hmm /work/sablok/grapevineassemblies/assemblyhifiasm/busco_hifiasmtriobinning/maternalpaternal.asm.dip.hap2.p_ctg.fa.busco/run_viridiplantae_odb10/metaeuk_output/initial_results/maternalpaternal.asm.dip.hap2.p_ctg.fa.modified.fas 
# Current dir:     /work/sablok/grapevineassemblies/assemblyhifiasm/busco_hifiasmtriobinning
# Date:            Thu Apr 18 11:36:27 2024
# [ok]
