#                                                                                     --- full sequence --- -------------- this domain -------------   hmm coord   ali coord   env coord
# target name                 accession   tlen query name           accession   qlen   E-value  score  bias   #  of  c-Evalue  i-Evalue  score  bias  from    to  from    to  from    to  acc description of target
#         ------------------- ---------- ----- -------------------- ---------- ----- --------- ------ ----- --- --- --------- --------- ------ ----- ----- ----- ----- ----- ----- ----- ---- ---------------------
h2tg000014l:14132712-14147707 -            686 43683at33090         -            506    9e-236  780.7   2.9   1   3       4.4        38    0.0   0.0     1    19     9    28     9    39 0.84 -
h2tg000014l:14132712-14147707 -            686 43683at33090         -            506    9e-236  780.7   2.9   2   3  1.9e-119  1.6e-118  393.9   0.1    22   271    66   346    62   384 0.90 -
h2tg000014l:14132712-14147707 -            686 43683at33090         -            506    9e-236  780.7   2.9   3   3  8.4e-117  7.3e-116  385.1   0.1   263   506   405   686   379   686 0.90 -
h2tg000020l:7522115-7593510   -           2199 43683at33090         -            506     4e-43  145.1   0.0   1   2   1.3e-18   1.1e-17   61.2   0.0    17   174   625   796   615   803 0.82 -
h2tg000020l:7522115-7593510   -           2199 43683at33090         -            506     4e-43  145.1   0.0   2   2   8.3e-25   7.2e-24   81.6   0.0    17   262  1927  2198  1917  2199 0.78 -
h2tg000007l:5069788-5070715   -            240 43683at33090         -            506   6.8e-39  131.2   0.1   1   1     2e-38   1.7e-37  126.6   0.1   325   499    38   228     1   233 0.82 -
h2tg000017l:777562-778491     -            274 43683at33090         -            506   1.1e-38  130.5   0.0   1   1     3e-38   2.6e-37  125.9   0.0   286   500     2   268     1   273 0.75 -
h2tg000001l:27504393-27535461 -           1413 43683at33090         -            506   1.8e-38  129.8   0.1   1   4   4.8e-14   4.1e-13   46.1   0.0    49   155   340   468   317   490 0.74 -
h2tg000001l:27504393-27535461 -           1413 43683at33090         -            506   1.8e-38  129.8   0.1   2   4   5.7e-05   0.00049   16.2   0.0   177   264   520   612   513   622 0.79 -
h2tg000001l:27504393-27535461 -           1413 43683at33090         -            506   1.8e-38  129.8   0.1   3   4   6.9e-16   5.9e-15   52.2   0.0    49   155  1141  1269  1117  1303 0.75 -
h2tg000001l:27504393-27535461 -           1413 43683at33090         -            506   1.8e-38  129.8   0.1   4   4    0.0057     0.049    9.6   0.0   177   261  1321  1410  1313  1413 0.67 -
h2tg000005l:6638042-6639118   -            223 43683at33090         -            506   2.1e-38  129.5   0.0   1   1   2.9e-39   2.5e-38  129.3   0.0   308   494     1   221     1   223 0.80 -
h2tg000004l:11531385-11532200 -            272 43683at33090         -            506   6.8e-38  127.9   0.0   1   1   9.5e-39   8.2e-38  127.6   0.0    19   264     6   272     2   272 0.84 -
h2tg000015l:4809853-4810689   -            279 43683at33090         -            506   7.9e-38  127.7   0.0   1   1   1.1e-38   9.7e-38  127.4   0.0    18   264    12   279     3   279 0.82 -
h2tg000002l:24613013-24614707 -            208 43683at33090         -            506   1.6e-37  126.7   0.0   1   1     2e-38   1.7e-37  126.5   0.0    68   264     2   208     1   208 0.89 -
h2tg000015l:4900294-4901148   -            285 43683at33090         -            506   5.5e-37  124.9   0.0   1   1   7.8e-38   6.7e-37  124.6   0.0    16   265     4   274     1   279 0.83 -
h2tg000015l:2291374-2292171   -            266 43683at33090         -            506   3.6e-36  122.2   0.0   1   1   4.6e-37     4e-36  122.0   0.0    21   264     2   266     1   266 0.84 -
h2tg000023l:11781449-11782261 -            271 43683at33090         -            506   2.9e-35  119.2   0.0   1   1   3.9e-36   3.4e-35  119.0   0.0    20   264     7   271     2   271 0.84 -
h2tg000016l:7433195-7433835   -            168 43683at33090         -            506   7.9e-35  117.8   0.0   1   1   1.2e-35     1e-34  117.4   0.0   306   453     1   168     1   168 0.78 -
h2tg000015l:4821499-4822419   -            307 43683at33090         -            506   4.8e-34  115.2   0.0   1   1   7.1e-35   6.1e-34  114.8   0.0    18   264    12   280     4   301 0.82 -
h2tg000015l:1779182-1780081   -            300 43683at33090         -            506   1.6e-33  113.5   0.0   1   1   2.5e-34   2.1e-33  113.0   0.0    19   265     7   274     3   289 0.80 -
h2tg000004l:7867023-7867667   -            215 43683at33090         -            506   8.5e-33  111.1   0.0   1   1   1.1e-33   9.5e-33  110.9   0.0    17   207    10   213     2   215 0.86 -
h2tg000006l:22424173-22425168 -            332 43683at33090         -            506   9.3e-33  110.9   0.0   1   1   1.4e-33   1.2e-32  110.5   0.0    18   265     7   275     2   290 0.78 -
h2tg000002l:12537196-12537987 -            264 43683at33090         -            506     1e-32  110.8   0.0   1   1   1.3e-33   1.1e-32  110.7   0.0    22   264     3   264     1   264 0.84 -
h2tg000006l:22411246-22411998 -            251 43683at33090         -            506   1.1e-32  110.7   0.0   1   1   1.5e-33   1.3e-32  110.4   0.0    19   208    27   231    12   240 0.83 -
h2tg000006l:22480812-22481639 -            276 43683at33090         -            506   1.1e-32  110.7   0.0   1   1   1.5e-33   1.3e-32  110.4   0.0    18   264     7   274     2   276 0.78 -
h2tg000023l:4967044-4967892   -            283 43683at33090         -            506   2.6e-32  109.4   0.0   1   1   3.9e-33   3.4e-32  109.1   0.0    19   264     6   272     2   281 0.83 -
h2tg000004l:11840311-11841039 -            243 43683at33090         -            506   4.1e-32  108.8   0.0   1   1   5.8e-33     5e-32  108.5   0.0    17   203    28   228    15   237 0.84 -
h2tg000014l:17521104-17521955 -            284 43683at33090         -            506   7.1e-32  108.0   0.0   1   1     1e-32     9e-32  107.7   0.0    22   266     3   276     1   282 0.80 -
h2tg000006l:22415812-22416564 -            251 43683at33090         -            506   1.4e-31  107.0   0.0   1   1   2.1e-32   1.8e-31  106.7   0.0    19   201     7   203     3   219 0.83 -
h2tg000004l:11506304-11506969 -            222 43683at33090         -            506   1.6e-31  106.8   0.0   1   1   2.3e-32     2e-31  106.5   0.0    25   210     8   206     2   214 0.87 -
h2tg000006l:23657939-23658421 -            161 43683at33090         -            506   2.3e-31  106.4   0.0   1   1   2.9e-32   2.5e-31  106.2   0.0   360   497     3   160     1   161 0.82 -
h2tg000015l:4835780-4836475   -            232 43683at33090         -            506   4.4e-31  105.4   0.0   1   1   5.8e-32     5e-31  105.2   0.0    22   208     3   203     1   228 0.81 -
h2tg000024l:6486486-6487076   -            197 43683at33090         -            506   4.4e-31  105.4   0.0   1   1   5.8e-32     5e-31  105.2   0.0    20   195     8   196     2   197 0.81 -
h2tg000015l:7333258-7334094   -            279 43683at33090         -            506   4.8e-31  105.3   0.0   1   1   6.8e-32   5.9e-31  105.0   0.0    33   272    18   274     2   279 0.81 -
h2tg000001l:23580965-23581420 -            152 43683at33090         -            506   4.9e-31  105.3   0.0   1   1   6.2e-32   5.4e-31  105.1   0.0   368   497     1   151     1   152 0.83 -
h2tg000006l:22473493-22474164 -            224 43683at33090         -            506   8.4e-31  104.5   0.0   1   1   1.1e-31   9.8e-31  104.2   0.0    21   198     2   193     1   209 0.84 -
h2tg000007l:26407483-26408340 -            286 43683at33090         -            506     1e-30  104.2   0.0   1   1     2e-31   1.8e-30  103.4   0.0    22   272    11   281     3   285 0.79 -
h2tg000026l:1613157-1624798   -            335 43683at33090         -            506   1.1e-30  104.1   0.0   1   1   2.1e-31   1.8e-30  103.4   0.0    20   273    20   293     5   298 0.79 -
h2tg000031l:1144889-1145767   -            293 43683at33090         -            506   1.6e-30  103.6   0.0   1   1     3e-31   2.6e-30  102.9   0.0    28   270    14   273     5   283 0.79 -
h2tg000015l:4815006-4815734   -            243 43683at33090         -            506   2.2e-30  103.1   0.0   1   1     3e-31   2.6e-30  102.9   0.0    22   210     3   205     1   224 0.82 -
h2tg000009l:18949665-18950576 -            304 43683at33090         -            506   2.4e-30  103.0   0.0   1   1   3.4e-31     3e-30  102.7   0.0    20   271    14   286     4   294 0.80 -
h2tg000008l:16526377-16565300 -            285 43683at33090         -            506   2.9e-30  102.7   0.0   1   1   4.3e-31   3.7e-30  102.3   0.0    30   206    16   203     2   222 0.84 -
h2tg000027l:3874470-3875692   -            242 43683at33090         -            506   2.9e-30  102.7   4.8   1   2   4.8e-13   4.2e-12   42.8   1.4   279   389     1   142     1   144 0.68 -
h2tg000027l:3874470-3875692   -            242 43683at33090         -            506   2.9e-30  102.7   4.8   2   2   3.2e-17   2.8e-16   56.6   0.1   414   496   145   241   142   242 0.76 -
h2tg000004l:3057413-3058198   -            262 43683at33090         -            506   3.6e-30  102.4   0.0   1   1   5.1e-31   4.4e-30  102.1   0.0    34   264    11   258     5   262 0.79 -
h2tg000024l:6689153-6690205   -            351 43683at33090         -            506   4.5e-30  102.1   0.0   1   1   7.4e-31   6.3e-30  101.6   0.0    31   273     9   269     3   293 0.81 -
h2tg000024l:6836163-6836996   -            278 43683at33090         -            506   6.1e-30  101.6   0.0   1   1   9.7e-31   8.3e-30  101.2   0.0    33   270    19   271     1   277 0.78 -
h2tg000003l:3600776-3601585   -            270 43683at33090         -            506   6.3e-30  101.6   0.0   1   1   1.3e-30   1.2e-29  100.7   0.0    34   268     4   256     2   267 0.81 -
h2tg000024l:5695889-5696473   -            195 43683at33090         -            506   8.5e-30  101.2   0.0   1   1   1.2e-30   9.9e-30  100.9   0.0    33   195    24   195     2   195 0.81 -
h2tg000006l:17676840-17689498 -            284 43683at33090         -            506   8.9e-30  101.1   0.0   1   1   1.3e-30   1.1e-29  100.8   0.0    47   263    50   283    37   284 0.76 -
h2tg000024l:6954057-6954935   -            293 43683at33090         -            506   1.1e-29  100.8   0.0   1   1   1.7e-30   1.4e-29  100.4   0.0    31   271    23   281     4   292 0.78 -
h2tg000025l:2085032-2085583   -            184 43683at33090         -            506   1.3e-29  100.5   0.0   1   1   1.7e-30   1.4e-29  100.4   0.0    33   197    10   184     1   184 0.86 -
h2tg000002l:12933900-12934700 -            267 43683at33090         -            506     2e-29   99.9   0.0   1   1   2.5e-30   2.2e-29   99.8   0.0    35   263    20   265     1   267 0.82 -
h2tg000024l:6853305-6854210   -            302 43683at33090         -            506   2.5e-29   99.6   0.0   1   1   3.6e-30   3.1e-29   99.3   0.0    31   272    23   282     4   299 0.77 -
h2tg000024l:6904737-6905816   -            360 43683at33090         -            506   3.1e-29   99.3   0.0   1   1   4.6e-30     4e-29   98.9   0.0    32   274    39   299     8   331 0.75 -
h2tg000024l:6916426-6917322   -            299 43683at33090         -            506   3.2e-29   99.3   0.0   1   1   4.6e-30     4e-29   98.9   0.0    33   210    40   227     8   298 0.75 -
h2tg000003l:426412-426984     -            191 43683at33090         -            506   3.3e-29   99.2   0.0   1   1     4e-30   3.5e-29   99.1   0.0    34   195    19   190     1   191 0.81 -
h2tg000006l:877541-878176     -            212 43683at33090         -            506   3.3e-29   99.2   0.0   1   1   4.8e-30   4.1e-29   98.9   0.0    21   200     2   202     1   209 0.82 -
h2tg000007l:28544561-28545001 -            147 43683at33090         -            506   3.7e-29   99.1   0.0   1   1   4.8e-30   4.1e-29   98.9   0.0   369   494     2   147     1   147 0.83 -
h2tg000026l:3897516-3897956   -            147 43683at33090         -            506   3.7e-29   99.1   0.0   1   1   4.8e-30   4.1e-29   98.9   0.0   369   494     2   147     1   147 0.83 -
h2tg000016l:4743798-4744634   -            279 43683at33090         -            506   3.9e-29   99.0   0.0   1   1   5.5e-30   4.7e-29   98.7   0.0    33   268    10   262     1   269 0.77 -
h2tg000026l:1605518-1606084   -            189 43683at33090         -            506     4e-29   98.9   0.0   1   1     5e-30   4.3e-29   98.8   0.0    23   195     4   189     1   189 0.86 -
h2tg000011l:2509503-2512556   -           1018 43683at33090         -            506   4.7e-29   98.7   0.0   1   1   7.6e-30   6.6e-29   98.2   0.0    10   264   738  1014   730  1017 0.81 -
h2tg000007l:4651941-4652831   -            297 43683at33090         -            506   6.3e-29   98.3   0.0   1   1   9.8e-30   8.5e-29   97.9   0.0    27   264    29   287    11   296 0.71 -
h2tg000011l:3504985-3505779   -            265 43683at33090         -            506   6.9e-29   98.1   0.0   1   1   9.5e-30   8.2e-29   97.9   0.0    33   264    10   258     1   265 0.74 -
h2tg000007l:25089984-25116942 -            286 43683at33090         -            506   7.6e-29   98.0   0.0   1   1   1.3e-29   1.1e-28   97.5   0.0    20   200     2   198     1   214 0.82 -
h2tg000014l:11774008-11774643 -            212 43683at33090         -            506   8.4e-29   97.9   0.0   1   1   1.1e-29   9.8e-29   97.7   0.0    23   211     4   207     1   211 0.87 -
h2tg000008l:2305294-2306097   -            268 43683at33090         -            506   1.7e-28   96.9   0.0   1   1   2.1e-29   1.8e-28   96.8   0.0    23   265     4   265     1   268 0.81 -
h2tg000007l:26384848-26385873 -            342 43683at33090         -            506   1.7e-28   96.8   0.0   1   1   2.7e-29   2.4e-28   96.4   0.0    19   271     8   288     2   297 0.79 -
h2tg000026l:1594043-1595068   -            342 43683at33090         -            506   1.7e-28   96.8   0.0   1   1   2.7e-29   2.4e-28   96.4   0.0    19   271     8   288     2   297 0.79 -
h2tg000017l:3511008-3511580   -            191 43683at33090         -            506   2.7e-28   96.2   0.0   1   1   3.5e-29     3e-28   96.1   0.0    21   194     2   190     1   191 0.83 -
h2tg000015l:9381541-9381972   -            144 43683at33090         -            506   2.8e-28   96.2   0.0   1   1   3.5e-29     3e-28   96.0   0.0    69   205     2   142     1   144 0.86 -
h2tg000007l:5619230-5620624   -            465 43683at33090         -            506     3e-28   96.1   0.0   1   1   4.6e-29     4e-28   95.7   0.0    13   195   269   464   259   465 0.82 -
h2tg000017l:3580257-3581123   -            289 43683at33090         -            506   3.6e-28   95.8   0.0   1   2   1.4e-28   1.2e-27   94.1   0.0    17   197     9   204     3   233 0.85 -
h2tg000017l:3580257-3581123   -            289 43683at33090         -            506   3.6e-28   95.8   0.0   2   2       7.4        64   -0.7   0.0   244   267   263   286   243   288 0.87 -
h2tg000025l:3424414-3425232   -            273 43683at33090         -            506   3.8e-28   95.7   0.0   1   1   8.1e-29     7e-28   94.8   0.0    30   202    17   198     4   272 0.80 -
h2tg000017l:23495974-23496765 -            264 43683at33090         -            506   4.3e-28   95.5   0.0   1   1   6.3e-29   5.4e-28   95.2   0.0    20   197     2   198     1   209 0.81 -
h2tg000026l:1555186-1556181   -            332 43683at33090         -            506   5.2e-28   95.3   0.0   1   1     1e-28     9e-28   94.5   0.0    14   276    21   308    11   319 0.75 -
h2tg000008l:2315408-2316241   -            278 43683at33090         -            506   5.5e-28   95.2   0.0   1   1   7.4e-29   6.4e-28   95.0   0.0    20   265    12   275     4   278 0.80 -
h2tg000014l:15064232-15067915 -           1228 43683at33090         -            506   6.1e-28   95.0   0.0   1   1   9.6e-29   8.3e-28   94.6   0.0    15   263   956  1227   944  1228 0.81 -
h2tg000006l:16201468-16202313 -            282 43683at33090         -            506   8.5e-28   94.6   0.0   1   1   1.2e-28   1.1e-27   94.2   0.0    16   200    10   205     4   282 0.82 -
h2tg000017l:20273418-20275386 -            269 43683at33090         -            506   8.9e-28   94.5   0.0   1   1   1.1e-28   9.7e-28   94.4   0.0    21   258     3   264     1   269 0.79 -
h2tg000014l:13417598-13418416 -            273 43683at33090         -            506     9e-28   94.5   0.0   1   1   1.4e-28   1.2e-27   94.1   0.0    32   197    10   185     3   270 0.85 -
h2tg000003l:7847651-7869295   -            297 43683at33090         -            506   9.5e-28   94.4   0.0   1   1   1.6e-28   1.4e-27   93.9   0.0    34   199     9   183     2   268 0.78 -
h2tg000017l:3527620-3528390   -            257 43683at33090         -            506   1.2e-27   94.0   0.0   1   1   1.8e-28   1.5e-27   93.7   0.0    20   196     2   193     1   205 0.83 -
h2tg000007l:26326385-26327407 -            341 43683at33090         -            506   1.3e-27   94.0   0.0   1   1   2.6e-28   2.3e-27   93.2   0.0    19   197    52   249    38   334 0.76 -
h2tg000026l:1535626-1536648   -            341 43683at33090         -            506   1.3e-27   94.0   0.0   1   1   2.6e-28   2.3e-27   93.2   0.0    19   197    52   249    38   334 0.76 -
h2tg000022l:676120-693687     -            269 43683at33090         -            506   1.7e-27   93.6   0.0   1   1   2.6e-28   2.2e-27   93.2   0.0    27   204     9   198     2   207 0.85 -
h2tg000014l:22721138-22721965 -            276 43683at33090         -            506   2.4e-27   93.1   0.0   1   1   3.5e-28     3e-27   92.8   0.0    21   262     3   273     1   276 0.76 -
h2tg000006l:16227719-16228534 -            272 43683at33090         -            506     3e-27   92.8   0.0   1   1   8.2e-28   7.1e-27   91.5   0.0    20   215     1   211     1   272 0.75 -
h2tg000009l:22173055-22176693 -            376 43683at33090         -            506   4.4e-27   92.2   0.2   1   2   1.7e-14   1.4e-13   47.6   0.0   273   422    53   240    34   253 0.74 -
h2tg000009l:22173055-22176693 -            376 43683at33090         -            506   4.4e-27   92.2   0.2   2   2   4.8e-11   4.1e-10   36.2   0.1   424   496   270   335   265   341 0.87 -
h2tg000023l:6606060-6606935   -            292 43683at33090         -            506   4.5e-27   92.2   0.0   1   1   6.3e-28   5.4e-27   91.9   0.0    22   265     3   273     1   280 0.79 -
h2tg000002l:12688066-12688662 -            199 43683at33090         -            506   5.5e-27   91.9   0.0   1   1   7.7e-28   6.7e-27   91.6   0.0    19   196     8   199     3   199 0.86 -
h2tg000023l:6742605-6743582   -            326 43683at33090         -            506   9.4e-27   91.1   0.0   1   1   2.3e-27     2e-26   90.0   0.0    16   264    11   300     3   310 0.70 -
h2tg000001l:1902268-1902843   -            192 43683at33090         -            506     1e-26   91.0   0.0   1   1   1.3e-27   1.1e-26   90.9   0.0    18   193     2   190     1   192 0.83 -
h2tg000002l:20724646-20725632 -            329 43683at33090         -            506     1e-26   91.0   0.0   1   1   2.9e-27   2.5e-26   89.7   0.0    23   203     4   199     1   285 0.77 -
h2tg000025l:3656803-3657603   -            267 43683at33090         -            506   1.2e-26   90.8   0.0   1   1   1.7e-27   1.4e-26   90.5   0.0    23   259     5   267     2   267 0.79 -
h2tg000023l:6637809-6638468   -            220 43683at33090         -            506   1.5e-26   90.5   0.0   1   1   2.1e-27   1.8e-26   90.2   0.0    20   200     2   201     1   216 0.83 -
h2tg000002l:20645610-20646038 -            143 43683at33090         -            506   1.9e-26   90.1   0.0   1   1   2.9e-27   2.5e-26   89.7   0.0    66   204     1   143     1   143 0.85 -
h2tg000008l:1955427-1956251   -            275 43683at33090         -            506   2.1e-26   89.9   0.0   1   1   3.1e-27   2.7e-26   89.6   0.0    22   269     3   270     1   274 0.79 -
h2tg000001l:26464545-26466224 -            197 43683at33090         -            506   2.3e-26   89.9   0.0   1   1   1.4e-26   1.2e-25   87.5   0.0    20   202     1   196     1   197 0.78 -
h2tg000007l:26346015-26346626 -            204 43683at33090         -            506   2.9e-26   89.5   0.0   1   1   4.1e-27   3.5e-26   89.2   0.0    22   196     3   196     1   200 0.81 -
h2tg000025l:1597706-1598503   -            266 43683at33090         -            506   3.2e-26   89.4   0.0   1   1   4.5e-27   3.9e-26   89.1   0.0    22   261     3   261     1   265 0.72 -
h2tg000009l:21015461-21016252 -            264 43683at33090         -            506   4.1e-26   89.0   0.0   1   1   4.8e-27   4.1e-26   89.0   0.0    22   208     3   202     1   264 0.81 -
h2tg000007l:14553753-14554889 -            277 43683at33090         -            506   4.5e-26   88.9   0.0   1   1   9.1e-27   7.9e-26   88.1   0.0    34   197    13   187     8   208 0.85 -
h2tg000020l:667634-668464     -            277 43683at33090         -            506   5.1e-26   88.7   0.0   1   1   7.3e-27   6.3e-26   88.4   0.0    22   267     3   269     1   273 0.82 -
h2tg000025l:766917-767495     -            149 43683at33090         -            506   5.2e-26   88.7   0.1   1   1   7.6e-27   6.6e-26   88.3   0.1   306   443     1   149     1   149 0.76 -
h2tg000023l:6577123-6577884   -            254 43683at33090         -            506   5.3e-26   88.6   0.0   1   1   7.3e-27   6.3e-26   88.4   0.0    17   208     6   216     2   244 0.80 -
h2tg000004l:2503902-2504806   -            200 43683at33090         -            506   6.1e-26   88.4   0.0   1   1   8.3e-27   7.2e-26   88.2   0.0    19   195    13   199     5   200 0.86 -
h2tg000007l:26381076-26381693 -            206 43683at33090         -            506   7.3e-26   88.2   0.0   1   1     1e-26     9e-26   87.9   0.0    22   196     3   198     1   202 0.81 -
h2tg000026l:1590271-1590888   -            206 43683at33090         -            506   7.3e-26   88.2   0.0   1   1     1e-26     9e-26   87.9   0.0    22   196     3   198     1   202 0.81 -
h2tg000014l:15652676-15653545 -            290 43683at33090         -            506   7.7e-26   88.1   0.0   1   1   1.6e-26   1.4e-25   87.2   0.0    20   202     2   196     1   277 0.82 -
h2tg000009l:20568224-20570179 -            222 43683at33090         -            506   7.7e-26   88.1   6.7   1   3   8.2e-09   7.1e-08   28.8   1.3   306   388     1   109     1   112 0.66 -
h2tg000009l:20568224-20570179 -            222 43683at33090         -            506   7.7e-26   88.1   6.7   2   3   1.9e-14   1.6e-13   47.5   0.1   415   464   114   163   110   169 0.94 -
h2tg000009l:20568224-20570179 -            222 43683at33090         -            506   7.7e-26   88.1   6.7   3   3    0.0033     0.029   10.3   0.0   473   499   194   220   185   222 0.86 -
h2tg000007l:2467298-2468077   -            260 43683at33090         -            506   7.8e-26   88.1   0.0   1   1   9.4e-27   8.1e-26   88.0   0.0    33   198    10   188     1   259 0.81 -
h2tg000025l:5443692-5444399   -            236 43683at33090         -            506   8.1e-26   88.0   0.0   1   2   7.6e-23   6.6e-22   75.1   0.0    22   149     3   145     1   153 0.85 -
h2tg000025l:5443692-5444399   -            236 43683at33090         -            506   8.1e-26   88.0   0.0   2   2    0.0016     0.014   11.4   0.0   180   256   153   234   148   236 0.75 -
h2tg000017l:9380388-9381574   -            273 43683at33090         -            506   9.1e-26   87.9   0.0   1   1   1.7e-26   1.5e-25   87.2   0.0    34   197     9   182     4   185 0.86 -
h2tg000003l:7252460-7252898   -            111 43683at33090         -            506   9.2e-26   87.9   0.3   1   1   1.2e-26   9.9e-26   87.7   0.3   355   455     1   110     1   111 0.87 -
h2tg000002l:19112679-19113452 -            258 43683at33090         -            506   9.7e-26   87.8   0.0   1   1   1.5e-26   1.3e-25   87.4   0.0    22   206    10   207     2   219 0.86 -
h2tg000025l:551559-552422     -            288 43683at33090         -            506   1.1e-25   87.5   0.0   1   1   2.7e-26   2.3e-25   86.5   0.0    15   198     3   211     1   228 0.80 -
h2tg000023l:6832039-6833608   -            269 43683at33090         -            506   1.6e-25   87.0   0.0   1   1   2.1e-26   1.8e-25   86.9   0.0    35   265    22   260     2   269 0.80 -
h2tg000003l:18575836-18578793 -            986 43683at33090         -            506   1.7e-25   87.0   0.0   1   1   2.6e-26   2.3e-25   86.6   0.0     3   202   710   924   708   946 0.86 -
h2tg000008l:7528981-7681663   -            274 43683at33090         -            506   1.7e-25   87.0   0.0   1   1   2.4e-26   2.1e-25   86.7   0.0    33   198    18   186     3   265 0.84 -
h2tg000014l:12945305-12946087 -            261 43683at33090         -            506   2.2e-25   86.6   0.0   1   1   3.6e-26   3.1e-25   86.1   0.0    35   204    28   205     2   213 0.85 -
h2tg000002l:20718736-20719326 -            197 43683at33090         -            506   2.8e-25   86.3   0.0   1   1   3.8e-26   3.3e-25   86.0   0.0    19   195     6   197     2   197 0.82 -
h2tg000015l:7450054-7452648   -            865 43683at33090         -            506   2.9e-25   86.2   0.0   1   1   5.6e-26   4.8e-25   85.5   0.0    10   261   585   860   578   864 0.75 -
h2tg000009l:17096088-17099840 -           1251 43683at33090         -            506     3e-25   86.1   0.0   1   1   4.8e-26   4.1e-25   85.7   0.0    17   263   980  1249   968  1251 0.82 -
h2tg000016l:8503324-8504094   -            257 43683at33090         -            506   3.1e-25   86.1   0.0   1   1   4.6e-26   3.9e-25   85.8   0.0    34   205    27   206     3   219 0.87 -
h2tg000011l:4461596-4520224   -            301 43683at33090         -            506   3.3e-25   86.0   0.0   1   1   4.9e-26   4.2e-25   85.7   0.0    34   268    10   262     2   274 0.79 -
h2tg000015l:7451842-7452639   -            266 43683at33090         -            506   3.5e-25   86.0   0.0   1   1   4.6e-26     4e-25   85.7   0.0    23   260     2   263     1   266 0.74 -
h2tg000009l:14918884-14919708 -            275 43683at33090         -            506   3.6e-25   85.9   0.0   1   1   4.6e-26     4e-25   85.8   0.0    20   208     2   206     1   274 0.74 -
h2tg000017l:3562100-3563008   -            303 43683at33090         -            506   3.6e-25   85.9   0.0   1   1   8.2e-26     7e-25   84.9   0.0    18   196    26   219    16   233 0.83 -
h2tg000034l:2026925-2028492   -            262 43683at33090         -            506   3.9e-25   85.8   0.0   1   1   4.7e-26     4e-25   85.7   0.0    22   201     4   192     1   262 0.82 -
h2tg000002l:22388961-22496338 -            283 43683at33090         -            506   4.1e-25   85.7   0.0   1   1     6e-26   5.1e-25   85.4   0.0    34   264    20   266     2   274 0.74 -
h2tg000024l:25940216-25940839 -            208 43683at33090         -            506   4.5e-25   85.6   0.0   1   1     6e-26   5.2e-25   85.4   0.0    22   201     3   200     1   205 0.80 -
h2tg000015l:3586775-3590919   -            446 43683at33090         -            506   5.1e-25   85.4   0.0   1   1   8.8e-26   7.5e-25   84.8   0.0    34   198     9   183     5   196 0.81 -
h2tg000034l:1557203-1557917   -            143 43683at33090         -            506   5.2e-25   85.4   5.3   1   2   4.8e-08   4.2e-07   26.3   1.3   355   382     1    28     1    31 0.96 -
h2tg000034l:1557203-1557917   -            143 43683at33090         -            506   5.2e-25   85.4   5.3   2   2     5e-17   4.3e-16   55.9   0.1   407   496    33   142    30   143 0.76 -
h2tg000006l:24035466-24036131 -            222 43683at33090         -            506   5.2e-25   85.4   0.0   1   1   6.9e-26   5.9e-25   85.2   0.0    62   263     2   222     1   222 0.79 -
h2tg000016l:3978720-3979532   -            271 43683at33090         -            506   5.2e-25   85.4   0.0   1   1   7.1e-26   6.1e-25   85.1   0.0    21   227     2   228     1   270 0.71 -
h2tg000024l:2798567-2799680   -            265 43683at33090         -            506     7e-25   84.9   0.0   1   1   1.1e-25   9.3e-25   84.5   0.0    34   266     8   253     4   258 0.84 -
h2tg000014l:16314148-16315663 -            216 43683at33090         -            506     8e-25   84.7   0.0   1   2   4.6e-15   3.9e-14   49.5   0.0   305   423    23   154    18   170 0.82 -
h2tg000014l:16314148-16315663 -            216 43683at33090         -            506     8e-25   84.7   0.0   2   2   3.1e-10   2.7e-09   33.5   0.0   422   463   174   215   169   216 0.93 -
h2tg000014l:17701306-17701962 -            219 43683at33090         -            506   9.4e-25   84.5   0.0   1   1   1.3e-25   1.1e-24   84.3   0.0    22   197     3   190     1   195 0.83 -
h2tg000014l:12882098-12882892 -            265 43683at33090         -            506   9.8e-25   84.5   0.0   1   1   1.4e-25   1.2e-24   84.2   0.0    34   206    29   209     4   257 0.87 -
h2tg000004l:21329762-21353831 -            279 43683at33090         -            506     1e-24   84.4   0.0   1   2   7.5e-25   6.5e-24   81.8   0.0    34   197    10   186     3   192 0.83 -
h2tg000004l:21329762-21353831 -            279 43683at33090         -            506     1e-24   84.4   0.0   2   2       3.3        28    0.5   0.0   245   281   239   277   221   279 0.82 -
h2tg000016l:1637136-1637987   -            284 43683at33090         -            506   1.2e-24   84.2   0.0   1   1   1.8e-25   1.6e-24   83.8   0.0    20   268     1   270     1   277 0.79 -
h2tg000020l:641414-642256     -            281 43683at33090         -            506   1.4e-24   84.0   0.0   1   1   2.1e-25   1.8e-24   83.6   0.0    17   200     9   205     3   281 0.76 -
h2tg000016l:6207360-6208146   -            154 43683at33090         -            506   1.4e-24   83.9   3.1   1   2   1.1e-22   9.2e-22   74.7   0.4   355   466     1   102     1   106 0.86 -
h2tg000016l:6207360-6208146   -            154 43683at33090         -            506   1.4e-24   83.9   3.1   2   2      0.13       1.2    5.0   0.1   473   497   130   154   123   154 0.82 -
h2tg000001l:4795139-4796689   -            517 43683at33090         -            506   1.5e-24   83.9   0.0   1   1   2.1e-25   1.8e-24   83.6   0.0    47   197   354   516   312   517 0.84 -
h2tg000006l:12732058-12733527 -            490 43683at33090         -            506   1.7e-24   83.7   0.0   1   1   2.5e-25   2.1e-24   83.4   0.0    16   197   293   489   281   490 0.79 -
h2tg000012l:2031927-2083750   -            302 43683at33090         -            506     2e-24   83.5   0.0   1   1   3.4e-25   2.9e-24   82.9   0.0    34   268    10   248     4   267 0.81 -
h2tg000002l:23317778-23353631 -            461 43683at33090         -            506   2.3e-24   83.2   0.0   1   1   3.5e-25     3e-24   82.9   0.0    34   263    12   257     2   268 0.76 -
h2tg000032l:60534-61965       -            267 43683at33090         -            506   2.5e-24   83.1   0.0   1   1   6.7e-25   5.8e-24   81.9   0.0    34   199    10   185     2   267 0.72 -
h2tg000022l:676108-705981     -            897 43683at33090         -            506   3.1e-24   82.8   0.0   1   1   5.3e-25   4.6e-24   82.2   0.0    23   204   633   822   616   831 0.86 -
h2tg000014l:22712925-22713623 -            233 43683at33090         -            506   3.1e-24   82.8   0.0   1   1   4.4e-25   3.8e-24   82.5   0.0    22   215     4   218     1   226 0.80 -
h2tg000016l:20071070-20071993 -            308 43683at33090         -            506   3.2e-24   82.8   0.0   1   1   5.7e-25   4.9e-24   82.1   0.0    18   261    41   306    32   308 0.73 -
h2tg000012l:10342555-10343187 -            211 43683at33090         -            506   3.2e-24   82.7   0.0   1   1   4.1e-25   3.5e-24   82.6   0.0    35   203    33   209     6   211 0.85 -
h2tg000007l:8233099-8236066   -            959 43683at33090         -            506   3.5e-24   82.6   0.0   1   1   6.1e-25   5.3e-24   82.1   0.0    16   201   688   893   676   903 0.78 -
h2tg000017l:5575312-5576001   -            230 43683at33090         -            506   4.4e-24   82.3   0.0   1   1     6e-25   5.2e-24   82.1   0.0    17   202    17   228    10   230 0.76 -
h2tg000019l:17215426-17216359 -            279 43683at33090         -            506   4.5e-24   82.3   0.0   1   1   6.8e-25   5.9e-24   81.9   0.0    35   198    22   209     2   276 0.78 -
h2tg000006l:24113484-24114293 -            270 43683at33090         -            506   5.3e-24   82.0   0.0   1   1   8.5e-25   7.3e-24   81.6   0.0    53   265    22   260    14   269 0.79 -
h2tg000001l:22501680-22502408 -            243 43683at33090         -            506   5.4e-24   82.0   0.0   1   1   7.7e-25   6.6e-24   81.7   0.0    22   218     9   218     3   221 0.85 -
h2tg000017l:2616306-2617064   -            253 43683at33090         -            506   5.5e-24   82.0   0.0   1   2   2.3e-14     2e-13   47.1   0.0   301   383    33   127     9   151 0.79 -
h2tg000017l:2616306-2617064   -            253 43683at33090         -            506   5.5e-24   82.0   0.0   2   2   4.4e-10   3.8e-09   33.0   0.0   408   462   198   253   181   253 0.89 -
h2tg000009l:20734253-20734807 -            185 43683at33090         -            506   7.2e-24   81.6   0.0   1   1   9.1e-25   7.9e-24   81.5   0.0    22   188     2   185     1   185 0.82 -
h2tg000005l:11703688-11708275 -            190 43683at33090         -            506   7.6e-24   81.5   0.0   1   1   4.1e-24   3.6e-23   79.3   0.0    44   205    32   189     1   190 0.79 -
h2tg000024l:9849427-9850281   -            285 43683at33090         -            506     9e-24   81.3   0.0   1   1   1.3e-24   1.1e-23   81.0   0.0    19   268     5   281     1   284 0.75 -
h2tg000022l:2214553-2217414   -            905 43683at33090         -            506   1.1e-23   81.0   0.0   1   1   2.1e-24   1.8e-23   80.3   0.0    23   200   636   826   621   833 0.85 -
h2tg000014l:17765992-17766672 -            227 43683at33090         -            506   1.2e-23   80.9   0.0   1   1   1.6e-24   1.4e-23   80.7   0.0    16   195    36   227    22   227 0.84 -
h2tg000005l:9200082-9204194   -           1223 43683at33090         -            506   1.4e-23   80.7   0.0   1   1   2.7e-24   2.3e-23   79.9   0.0    18   265   950  1222   936  1223 0.77 -
h2tg000009l:17731551-17732399 -            283 43683at33090         -            506   1.4e-23   80.6   0.0   1   1   2.8e-24   2.4e-23   79.9   0.0    22   200     3   198     1   280 0.74 -
h2tg000013l:16597463-16598764 -            272 43683at33090         -            506   1.4e-23   80.6   0.0   1   1   3.1e-24   2.7e-23   79.7   0.0    34   263    10   256     2   264 0.73 -
h2tg000004l:21380576-21382018 -            266 43683at33090         -            506   1.8e-23   80.3   0.0   1   1     6e-24   5.1e-23   78.8   0.0    33   198     9   184     2   255 0.83 -
h2tg000005l:1610115-1610853   -            164 43683at33090         -            506   1.8e-23   80.3   2.5   1   2   6.5e-21   5.6e-20   68.8   0.6   355   460     3   108     1   114 0.91 -
h2tg000005l:1610115-1610853   -            164 43683at33090         -            506   1.8e-23   80.3   2.5   2   2    0.0014     0.012   11.6   0.0   471   494   139   162   133   164 0.86 -
h2tg000014l:15400296-15401018 -            241 43683at33090         -            506   1.9e-23   80.2   0.0   1   2   1.6e-20   1.4e-19   67.5   0.0    20   145     2   142     1   149 0.82 -
h2tg000014l:15400296-15401018 -            241 43683at33090         -            506   1.9e-23   80.2   0.0   2   2     0.003     0.026   10.5   0.0   180   260   154   239   150   240 0.69 -
h2tg000020l:662996-663565     -            190 43683at33090         -            506   1.9e-23   80.2   0.0   1   1   2.5e-24   2.1e-23   80.1   0.0    22   195     3   189     1   190 0.86 -
h2tg000001l:22831053-22831847 -            265 43683at33090         -            506   1.9e-23   80.2   0.0   1   1   2.7e-24   2.3e-23   79.9   0.0    28   262     9   264     1   265 0.73 -
h2tg000024l:19466447-19467064 -            206 43683at33090         -            506     2e-23   80.2   0.0   1   1   2.3e-24     2e-23   80.2   0.0    37   207    28   202     1   206 0.82 -
h2tg000009l:17783508-17784164 -            219 43683at33090         -            506   2.6e-23   79.8   0.0   1   1   3.4e-24   2.9e-23   79.6   0.0    21   196     3   195     1   207 0.84 -
h2tg000015l:11632222-11633661 -            480 43683at33090         -            506   3.5e-23   79.4   0.0   1   1   5.3e-24   4.6e-23   78.9   0.0    46   197   315   478   303   480 0.83 -
h2tg000002l:19128105-19128953 -            283 43683at33090         -            506   4.7e-23   78.9   0.0   1   1   6.9e-24     6e-23   78.6   0.0    20   204    11   208     4   217 0.86 -
h2tg000025l:1342284-1343027   -            248 43683at33090         -            506   4.8e-23   78.9   0.0   1   1   6.9e-24     6e-23   78.6   0.0    36   206    26   204     4   218 0.87 -
h2tg000016l:1633051-1633644   -            198 43683at33090         -            506     6e-23   78.6   0.0   1   1     8e-24   6.9e-23   78.4   0.0    22   196     3   187     1   197 0.84 -
h2tg000005l:7911343-7911972   -            210 43683at33090         -            506   6.6e-23   78.4   0.0   1   1   8.5e-24   7.3e-23   78.3   0.0    35   203    34   210     7   210 0.85 -
h2tg000009l:21033810-21034439 -            210 43683at33090         -            506   7.7e-23   78.2   0.0   1   1     1e-23   8.7e-23   78.0   0.0    11   197     6   209     2   210 0.82 -
h2tg000002l:13320822-13367218 -            877 43683at33090         -            506     8e-23   78.1   0.0   1   1   1.3e-23   1.1e-22   77.7   0.0    19   264   610   874   600   877 0.79 -
h2tg000009l:20881028-20881627 -            200 43683at33090         -            506     9e-23   78.0   0.0   1   1   1.1e-23   9.8e-23   77.9   0.0    17   195     5   200     1   200 0.83 -
h2tg000019l:16142807-16144081 -            276 43683at33090         -            506     1e-22   77.8   0.0   1   1   1.4e-23   1.2e-22   77.5   0.0    33   205     7   189     2   261 0.76 -
h2tg000012l:4681351-4682355   -            335 43683at33090         -            506   1.1e-22   77.8   0.0   1   1   1.8e-23   1.5e-22   77.2   0.0    15   266    20   292    11   311 0.76 -
h2tg000009l:6583558-6584286   -            243 43683at33090         -            506   1.1e-22   77.7   0.0   1   1   1.4e-23   1.2e-22   77.5   0.0    22   201     3   199     1   210 0.81 -
h2tg000034l:49618-52218       -            867 43683at33090         -            506   1.1e-22   77.7   0.0   1   1   1.7e-23   1.5e-22   77.3   0.0    17   201   603   802   587   867 0.81 -
h2tg000020l:657473-658087     -            205 43683at33090         -            506   1.2e-22   77.6   0.0   1   1   1.6e-23   1.4e-22   77.4   0.0    20   196     2   191     1   200 0.85 -
h2tg000012l:16170673-16173614 -            928 43683at33090         -            506   1.4e-22   77.3   0.0   1   1   2.6e-23   2.2e-22   76.7   0.0    18   248   637   893   621   905 0.79 -
h2tg000017l:6808705-6809394   -            230 43683at33090         -            506   1.5e-22   77.3   0.0   1   1   1.9e-23   1.6e-22   77.1   0.0    27   197     9   194     1   206 0.82 -
h2tg000003l:22811578-22812240 -            221 43683at33090         -            506   1.5e-22   77.3   0.0   1   1     2e-23   1.7e-22   77.1   0.0    63   199     1   145     1   221 0.76 -
h2tg000030l:2680854-2681537   -            228 43683at33090         -            506   1.6e-22   77.2   0.0   1   1   2.3e-23     2e-22   76.9   0.0    55   198     2   160     1   183 0.79 -
h2tg000026l:3544378-3547134   -            919 43683at33090         -            506   1.9e-22   76.9   0.0   1   1   3.5e-23     3e-22   76.2   0.0    15   201   677   879   665   891 0.83 -
h2tg000011l:11346481-11347200 -            240 43683at33090         -            506   2.2e-22   76.7   0.0   1   1   3.2e-23   2.8e-22   76.4   0.0    17   201    29   230    17   238 0.85 -
h2tg000025l:3562516-3563803   -            153 43683at33090         -            506   3.3e-22   76.1   4.7   1   3   3.4e-08     3e-07   26.8   0.3   355   388     1    39     1    45 0.84 -
h2tg000025l:3562516-3563803   -            153 43683at33090         -            506   3.3e-22   76.1   4.7   2   3   2.4e-13   2.1e-12   43.8   0.0   415   462    45    92    38    99 0.91 -
h2tg000025l:3562516-3563803   -            153 43683at33090         -            506   3.3e-22   76.1   4.7   3   3     0.033      0.29    7.1   0.1   474   497   130   153   122   153 0.83 -
h2tg000008l:11104353-11132203 -            117 43683at33090         -            506   3.3e-22   76.1   0.1   1   1   4.5e-23   3.9e-22   75.9   0.1   355   452    10   117     4   117 0.85 -
h2tg000008l:7748541-7749092   -            184 43683at33090         -            506   3.8e-22   75.9   0.0   1   1   4.7e-23   4.1e-22   75.8   0.0    35   197    13   184     1   184 0.80 -
h2tg000005l:1656576-1657277   -            234 43683at33090         -            506     4e-22   75.9   0.0   1   1   5.5e-23   4.8e-22   75.6   0.0    55   200     2   160     1   173 0.82 -
h2tg000008l:19977123-19978160 -            346 43683at33090         -            506   4.5e-22   75.7   0.0   1   1   1.1e-22   9.1e-22   74.7   0.0    17   197    25   236    14   244 0.75 -
h2tg000015l:17938271-17939566 -            274 43683at33090         -            506   5.1e-22   75.5   0.0   1   1     1e-22   8.7e-22   74.7   0.0    34   198     8   182     4   200 0.84 -
h2tg000001l:26727804-26728454 -            217 43683at33090         -            506   5.4e-22   75.4   0.0   1   1   6.7e-23   5.8e-22   75.3   0.0    55   259     2   216     1   217 0.80 -
h2tg000009l:20956286-20956921 -            212 43683at33090         -            506   6.1e-22   75.2   0.0   1   1   8.3e-23   7.1e-22   75.0   0.0    22   196     3   194     1   205 0.83 -
h2tg000023l:4800395-4800850   -            152 43683at33090         -            506   6.3e-22   75.2   0.0   1   1   8.3e-23   7.1e-22   75.0   0.0    57   197     1   151     1   152 0.83 -
h2tg000011l:4391869-4441022   -            311 43683at33090         -            506   6.5e-22   75.2   0.0   1   1   1.1e-22   9.2e-22   74.7   0.0    34   198    19   193     1   203 0.78 -
h2tg000005l:7315175-7327843   -            274 43683at33090         -            506   6.8e-22   75.1   0.0   1   1   1.2e-22   1.1e-21   74.4   0.0    34   266     8   262     5   269 0.73 -
h2tg000003l:3409456-3410307   -            284 43683at33090         -            506   7.8e-22   74.9   0.0   1   1   1.1e-22   9.8e-22   74.6   0.0    17   199    17   216     8   284 0.72 -
h2tg000006l:7085351-7086169   -            273 43683at33090         -            506   9.4e-22   74.6   0.0   1   1   1.4e-22   1.2e-21   74.2   0.0    24   264     5   270     1   273 0.69 -
h2tg000012l:10259815-10260981 -            389 43683at33090         -            506   1.2e-21   74.2   0.0   1   1   1.9e-22   1.6e-21   73.9   0.0    35   204    21   198     1   271 0.87 -
h2tg000016l:1646775-1647371   -            199 43683at33090         -            506   1.3e-21   74.2   0.0   1   1   1.7e-22   1.5e-21   74.0   0.0    19   195     2   192     1   198 0.81 -
h2tg000011l:9271660-9272322   -            221 43683at33090         -            506   1.5e-21   73.9   0.0   1   1   1.8e-22   1.6e-21   73.9   0.0    63   210     1   159     1   221 0.77 -
h2tg000005l:4365941-4367133   -            292 43683at33090         -            506   1.7e-21   73.8   0.0   1   2   4.3e-06   3.7e-05   19.9   0.0    35    95     4    64     2    74 0.92 -
h2tg000005l:4365941-4367133   -            292 43683at33090         -            506   1.7e-21   73.8   0.0   2   2   8.4e-16   7.3e-15   51.9   0.0    97   265   100   279    74   286 0.71 -
h2tg000024l:9571720-9598265   -            457 43683at33090         -            506   2.3e-21   73.3   0.0   1   1     4e-22   3.4e-21   72.8   0.0    34   198    10   184     3   252 0.76 -
h2tg000017l:4944916-4945581   -            222 43683at33090         -            506     3e-21   72.9   0.0   1   1   5.9e-22     5e-21   72.2   0.0    62   262     2   221     1   222 0.75 -
h2tg000020l:677585-678247     -            221 43683at33090         -            506   3.2e-21   72.9   0.0   1   1   4.2e-22   3.7e-21   72.7   0.0    63   265     1   218     1   221 0.79 -
h2tg000017l:21001343-21002164 -            274 43683at33090         -            506   3.3e-21   72.8   0.0   1   1   4.7e-22   4.1e-21   72.5   0.0    32   263    21   271     1   273 0.77 -
h2tg000008l:21470300-21470959 -            220 43683at33090         -            506   3.7e-21   72.6   0.0   1   1   5.9e-22   5.1e-21   72.2   0.0    63   197     2   148     1   220 0.80 -
h2tg000030l:2087587-2088435   -            283 43683at33090         -            506   4.2e-21   72.5   0.0   1   1   1.4e-21   1.2e-20   70.9   0.0    22   197     3   189     1   195 0.83 -
h2tg000016l:15091627-15092316 -            230 43683at33090         -            506   4.8e-21   72.3   0.0   1   1   6.3e-22   5.5e-21   72.1   0.0    51   257     5   228     2   230 0.79 -
h2tg000018l:1564486-1565172   -            229 43683at33090         -            506   5.7e-21   72.1   0.0   1   1   7.6e-22   6.6e-21   71.8   0.0    55   260     2   217     1   227 0.83 -
h2tg000008l:2558798-2598244   -            873 43683at33090         -            506   7.5e-21   71.6   0.0   1   1   1.3e-21   1.1e-20   71.1   0.0    19   215   610   816   602   829 0.84 -
h2tg000009l:20619947-20691273 -            185 43683at33090         -            506   8.7e-21   71.4   0.0   1   1   1.1e-21   9.5e-21   71.3   0.0    24   188     4   185     1   185 0.81 -
h2tg000001l:2162374-2163165   -            264 43683at33090         -            506   9.7e-21   71.3   0.0   1   1   1.3e-21   1.1e-20   71.0   0.0    27   198    13   193     1   264 0.74 -
h2tg000034l:1541505-1542158   -            218 43683at33090         -            506     1e-20   71.2   0.0   1   1   1.2e-21     1e-20   71.2   0.0    55   203     2   163     1   218 0.74 -
h2tg000017l:21029385-21029960 -            192 43683at33090         -            506   1.2e-20   71.0   0.0   1   1   1.5e-21   1.3e-20   70.8   0.0    22   196     3   192     1   192 0.81 -
h2tg000027l:756820-759453     -            844 43683at33090         -            506   1.5e-20   70.7   0.0   1   1   2.6e-21   2.2e-20   70.1   0.0    19   264   567   841   556   843 0.75 -
h2tg000001l:2169331-2169999   -            223 43683at33090         -            506   1.6e-20   70.6   0.0   1   1   1.8e-21   1.6e-20   70.6   0.0    51   196     1   154     1   223 0.87 -
h2tg000001l:27533629-27534624 -            332 43683at33090         -            506   2.3e-20   70.0   0.1   1   2     4e-15   3.5e-14   49.7   0.0    49   155    61   189    39   211 0.74 -
h2tg000001l:27533629-27534624 -            332 43683at33090         -            506   2.3e-20   70.0   0.1   2   2   1.7e-05   0.00015   17.9   0.0   177   261   241   330   234   332 0.78 -
h2tg000009l:15852528-15856608 -            148 43683at33090         -            506   2.3e-20   70.0   2.2   1   3   1.3e-07   1.1e-06   24.9   0.9   355   383     1    29     1    39 0.91 -
h2tg000009l:15852528-15856608 -            148 43683at33090         -            506   2.3e-20   70.0   2.2   2   3     1e-11     9e-11   38.4   0.0   416   462    40    86    30   109 0.87 -
h2tg000009l:15852528-15856608 -            148 43683at33090         -            506   2.3e-20   70.0   2.2   3   3      0.11      0.96    5.3   0.0   472   496   123   147   118   148 0.82 -
h2tg000001l:25453343-25454029 -            229 43683at33090         -            506   3.4e-20   69.5   0.0   1   1   4.5e-21   3.9e-20   69.3   0.0    55   257     2   214     1   227 0.79 -
h2tg000017l:9902751-9904253   -            501 43683at33090         -            506   4.3e-20   69.1   0.0   1   1   8.1e-21     7e-20   68.5   0.0     6   151   320   480   316   500 0.81 -
h2tg000026l:3618875-3619980   -            188 43683at33090         -            506   4.4e-20   69.1   0.0   1   1   6.3e-21   5.5e-20   68.8   0.0    21   197     3   182     1   187 0.78 -
h2tg000024l:9861531-9862115   -            195 43683at33090         -            506   6.5e-20   68.6   0.0   1   1   8.2e-21   7.1e-20   68.4   0.0    21   194     3   195     1   195 0.79 -
h2tg000016l:11795208-11795720 -            171 43683at33090         -            506   6.5e-20   68.5   0.0   1   1   8.3e-21   7.2e-20   68.4   0.0    20   173     2   171     1   171 0.78 -
h2tg000008l:8397379-8404860   -            783 43683at33090         -            506   8.5e-20   68.2   0.0   1   1   1.4e-20   1.2e-19   67.7   0.0    22   209   526   728   519   772 0.74 -
h2tg000003l:20379797-20381668 -            295 43683at33090         -            506   1.1e-19   67.8   0.0   1   1   1.6e-20   1.3e-19   67.5   0.0     8   199     9   213     3   235 0.76 -
h2tg000015l:1432079-1433564   -            257 43683at33090         -            506   1.5e-19   67.3   0.1   1   1   2.3e-20     2e-19   67.0   0.1    18   198     6   199     3   218 0.76 -
h2tg000011l:22164988-22165455 -            156 43683at33090         -            506     2e-19   66.9   0.0   1   1   2.8e-20   2.4e-19   66.7   0.0    20   148     1   146     1   151 0.81 -
h2tg000024l:9865477-9866250   -            258 43683at33090         -            506   2.1e-19   66.9   0.0   1   1   3.9e-20   3.4e-19   66.2   0.0    35   261     9   256     6   258 0.69 -
h2tg000022l:2220753-2222237   -            495 43683at33090         -            506   4.2e-19   65.9   0.0   1   1   6.7e-20   5.8e-19   65.4   0.0    23   172   329   488   313   492 0.85 -
h2tg000024l:27166897-27170433 -            993 43683at33090         -            506   4.4e-19   65.8   0.0   1   1   8.9e-20   7.7e-19   65.0   0.0    25   203   722   917   705   929 0.80 -
h2tg000001l:22985401-22985820 -            140 43683at33090         -            506   4.8e-19   65.7   0.0   1   1   6.2e-20   5.3e-19   65.5   0.0    61   194     1   139     1   140 0.84 -
h2tg000005l:7674193-7675095   -            301 43683at33090         -            506   5.7e-19   65.5   0.0   1   2    0.0025     0.021   10.8   0.0    33    97    18    82     1    92 0.81 -
h2tg000005l:7674193-7675095   -            301 43683at33090         -            506   5.7e-19   65.5   0.0   2   2   4.5e-16   3.8e-15   52.8   0.0   105   263   121   292   103   300 0.69 -
h2tg000024l:10064130-10064453 -            108 43683at33090         -            506   5.9e-19   65.4   0.1   1   1   8.2e-20   7.1e-19   65.1   0.1    53   147     2   106     1   107 0.81 -
h2tg000030l:1748976-1750067   -            364 43683at33090         -            506     6e-19   65.4   0.0   1   1   6.4e-19   5.5e-18   62.2   0.0    53   265    48   281    39   293 0.72 -
h2tg000014l:11770070-11770363 -             98 43683at33090         -            506   6.1e-19   65.3   0.0   1   1   8.3e-20   7.1e-19   65.1   0.0   112   197     5    96     1    97 0.85 -
h2tg000008l:5480796-5481440   -            215 43683at33090         -            506   6.8e-19   65.2   0.0   1   1   1.1e-19   9.5e-19   64.7   0.0    57   206     5   161     1   174 0.78 -
h2tg000011l:22208016-22209020 -            335 43683at33090         -            506   7.7e-19   65.0   0.0   1   2   3.5e-11     3e-10   36.7   0.1    43   145    43   152    28   159 0.80 -
h2tg000011l:22208016-22209020 -            335 43683at33090         -            506   7.7e-19   65.0   0.0   2   2     5e-08   4.3e-07   26.3   0.0   152   215   190   254   184   306 0.71 -
h2tg000006l:10544447-10547579 -           1008 43683at33090         -            506   1.2e-18   64.4   0.0   1   1   2.1e-19   1.8e-18   63.8   0.0    35   208   717   910   680   920 0.77 -
h2tg000008l:22373234-22374004 -            257 43683at33090         -            506   1.3e-18   64.3   0.0   1   1   1.6e-19   1.4e-18   64.1   0.0    49   208    33   207     3   254 0.74 -
h2tg000002l:16910566-16911087 -            174 43683at33090         -            506   1.3e-18   64.3   0.0   1   1   1.6e-19   1.4e-18   64.2   0.0    23   172     4   174     1   174 0.78 -
h2tg000001l:25352261-25352755 -            165 43683at33090         -            506   1.5e-18   64.0   0.0   1   1   1.9e-19   1.7e-18   63.9   0.0    20   147    21   164    10   165 0.72 -
h2tg000016l:7273467-7274150   -            228 43683at33090         -            506   1.7e-18   63.9   0.0   1   1   3.5e-19     3e-18   63.1   0.0    63   198     1   152     1   163 0.81 -
h2tg000024l:10894369-10924794 -            190 43683at33090         -            506   1.7e-18   63.9   0.0   1   1   3.5e-19     3e-18   63.1   0.0    18   148     7   146     3   186 0.86 -
h2tg000008l:3818205-3819299   -            245 43683at33090         -            506   2.3e-18   63.5   0.0   1   2   1.7e-14   1.4e-13   47.6   0.0    46   148    45   157    12   159 0.84 -
h2tg000008l:3818205-3819299   -            245 43683at33090         -            506   2.3e-18   63.5   0.0   2   2   9.7e-05   0.00084   15.4   0.0   179   201   157   179   155   192 0.89 -
h2tg000001l:109141-110464     -            260 43683at33090         -            506   2.7e-18   63.2   0.0   1   1   3.4e-19     3e-18   63.1   0.0    80   203    40   175    20   245 0.83 -
h2tg000012l:17542581-17543357 -            259 43683at33090         -            506   2.8e-18   63.1   0.0   1   1   4.6e-19     4e-18   62.7   0.0    45   257    38   249     2   254 0.71 -
h2tg000009l:7817379-7817837   -            153 43683at33090         -            506   3.7e-18   62.7   0.0   1   1   4.8e-19   4.1e-18   62.6   0.0    58   197     2   151     1   153 0.79 -
h2tg000008l:21979911-21984057 -            894 43683at33090         -            506   4.5e-18   62.5   0.0   1   2   3.3e-14   2.8e-13   46.7   0.0    18   135   666   794   658   802 0.83 -
h2tg000008l:21979911-21984057 -            894 43683at33090         -            506   4.5e-18   62.5   0.0   2   2   0.00029    0.0025   13.8   0.0   178   207   802   831   798   894 0.75 -
h2tg000014l:17402464-17402901 -            146 43683at33090         -            506   4.5e-18   62.5   0.0   1   1   5.4e-19   4.7e-18   62.4   0.0    30   148    16   144     1   146 0.85 -
h2tg000008l:11531922-11533376 -            485 43683at33090         -            506   4.6e-18   62.5   0.0   1   1   6.8e-19   5.9e-18   62.1   0.0    17   151   316   468   305   485 0.82 -
h2tg000007l:22104061-22104726 -            222 43683at33090         -            506   5.2e-18   62.3   0.0   1   1   9.6e-19   8.3e-18   61.6   0.0    62   202     2   153     1   168 0.79 -
h2tg000003l:5793213-5794130   -            306 43683at33090         -            506   6.2e-18   62.0   0.0   1   3     0.082       0.7    5.8   0.0    34    96    19    80     1    90 0.80 -
h2tg000003l:5793213-5794130   -            306 43683at33090         -            506   6.2e-18   62.0   0.0   2   3   9.1e-16   7.8e-15   51.8   0.0   104   197   110   209    97   220 0.85 -
h2tg000003l:5793213-5794130   -            306 43683at33090         -            506   6.2e-18   62.0   0.0   3   3       2.4        21    0.9   0.0   244   271   271   298   258   305 0.82 -
h2tg000014l:18587500-18590791 -            996 43683at33090         -            506   6.6e-18   61.9   0.0   1   1   1.2e-18   1.1e-17   61.2   0.0    20   217   688   917   677   923 0.75 -
h2tg000005l:12474977-12475453 -            159 43683at33090         -            506   7.7e-18   61.7   0.0   1   1   9.8e-19   8.4e-18   61.6   0.0    55   197     2   157     1   159 0.83 -
h2tg000006l:924026-924706     -            227 43683at33090         -            506   8.1e-18   61.6   0.0   1   2   1.3e-05   0.00012   18.2   0.0    20    93     2    83     1   104 0.74 -
h2tg000006l:924026-924706     -            227 43683at33090         -            506   8.1e-18   61.6   0.0   2   2   1.1e-12   9.3e-12   41.6   0.0   113   197   132   220   118   224 0.81 -
h2tg000027l:4110647-4111486   -            280 43683at33090         -            506   8.9e-18   61.5   0.0   1   1   1.7e-17   1.4e-16   57.5   0.0    49   273     3   249     1   257 0.68 -
h2tg000027l:3732324-3732614   -             97 43683at33090         -            506   9.3e-18   61.4   0.1   1   1   2.5e-18   2.1e-17   60.3   0.1   415   497     1    97     1    97 0.77 -
h2tg000008l:2496685-2497110   -            142 43683at33090         -            506   1.1e-17   61.3   0.0   1   1   1.3e-18   1.1e-17   61.1   0.0    21   147     2   141     1   142 0.87 -
h2tg000012l:16589412-16589906 -            165 43683at33090         -            506   1.1e-17   61.2   0.0   1   1   1.4e-18   1.2e-17   61.0   0.0    22   172     3   165     1   165 0.84 -
h2tg000008l:7056512-7083582   -            483 43683at33090         -            506   1.3e-17   61.0   0.0   1   1   2.2e-18   1.9e-17   60.4   0.0    36   266    11   256     5   272 0.73 -
h2tg000006l:19057908-19058816 -            303 43683at33090         -            506   1.5e-17   60.8   0.0   1   1   2.7e-18   2.3e-17   60.1   0.0    53   198    82   236    69   303 0.83 -
h2tg000008l:2521691-2522116   -            142 43683at33090         -            506   1.6e-17   60.7   0.0   1   1     2e-18   1.8e-17   60.5   0.0    21   147     2   141     1   142 0.87 -
h2tg000006l:10590363-10590797 -            145 43683at33090         -            506     3e-17   59.8   0.0   1   1   3.6e-18   3.1e-17   59.7   0.0    23   147     4   144     1   145 0.82 -
h2tg000007l:30900771-30901544 -            258 43683at33090         -            506   3.7e-17   59.5   0.0   1   1     5e-18   4.3e-17   59.3   0.0    35   214    46   246    18   251 0.69 -
h2tg000005l:9287362-9291165   -           1268 43683at33090         -            506   4.3e-17   59.3   0.0   1   1   6.6e-18   5.7e-17   58.9   0.0    19   151  1101  1251  1089  1268 0.79 -
h2tg000013l:16083992-16084423 -            144 43683at33090         -            506   4.7e-17   59.1   0.0   1   1   5.9e-18   5.1e-17   59.0   0.0    74   197     6   143     1   144 0.79 -
h2tg000008l:20381352-20382089 -            246 43683at33090         -            506   7.7e-17   58.4   0.0   1   1   1.1e-17   9.5e-17   58.1   0.0    35   208    16   200     6   222 0.79 -
h2tg000005l:9224063-9226480   -            806 43683at33090         -            506     8e-17   58.4   0.0   1   1   1.3e-17   1.1e-16   57.9   0.0    20   148   635   781   621   802 0.79 -
h2tg000009l:8304005-8304457   -            151 43683at33090         -            506     9e-17   58.2   0.0   1   1   1.1e-17   9.9e-17   58.1   0.0    22   148     3   149     1   151 0.81 -
h2tg000027l:2425166-2425600   -            145 43683at33090         -            506   1.1e-16   57.9   0.0   1   1   1.3e-17   1.1e-16   57.9   0.0    89   202     7   140     1   145 0.71 -
h2tg000008l:22332032-22332936 -            206 43683at33090         -            506   1.1e-16   57.9   0.0   1   1   1.6e-17   1.3e-16   57.6   0.0    18   197     3   200     1   203 0.70 -
h2tg000001l:11661190-11661633 -            148 43683at33090         -            506   1.4e-16   57.5   0.0   1   1   1.8e-17   1.6e-16   57.4   0.0    22   146     3   146     1   148 0.81 -
h2tg000017l:6477237-6477992   -            252 43683at33090         -            506   1.7e-16   57.3   0.0   1   1   2.2e-17   1.9e-16   57.1   0.0    52   213    48   211     2   223 0.83 -
h2tg000015l:1614129-1614893   -            255 43683at33090         -            506   2.2e-16   56.9   0.0   1   1   2.7e-17   2.3e-16   56.8   0.0    52   202    39   198     1   252 0.78 -
h2tg000012l:1002492-1002779   -             96 43683at33090         -            506   2.8e-16   56.6   0.1   1   1   8.7e-17   7.5e-16   55.1   0.1   416   496     1    95     1    96 0.82 -
h2tg000002l:16920917-16923199 -            761 43683at33090         -            506     3e-16   56.4   0.0   1   1   4.7e-17   4.1e-16   56.0   0.0    19   148   611   759   602   761 0.80 -
h2tg000023l:4716507-4719508   -            969 43683at33090         -            506   3.1e-16   56.4   0.0   1   1   5.2e-17   4.5e-16   55.9   0.0    17   200   669   879   658   884 0.76 -
h2tg000012l:16679271-16679702 -            144 43683at33090         -            506   3.8e-16   56.1   0.0   1   1   4.7e-17     4e-16   56.0   0.0    23   147     4   143     1   144 0.80 -
h2tg000024l:1415284-1415748   -            155 43683at33090         -            506   4.6e-16   55.9   0.0   1   1   6.1e-17   5.2e-16   55.7   0.0    20   146     9   153     3   155 0.78 -
h2tg000002l:4552560-4553093   -            178 43683at33090         -            506   5.4e-16   55.6   0.0   1   1   6.9e-17   5.9e-16   55.5   0.0    17   152     9   162     2   178 0.72 -
h2tg000024l:1195001-1196935   -            645 43683at33090         -            506   6.4e-16   55.4   0.0   1   1   9.5e-17   8.2e-16   55.0   0.0    15   172   471   642   459   645 0.77 -
h2tg000001l:27017670-27018185 -            172 43683at33090         -            506   8.9e-16   54.9   0.0   1   1   2.3e-16     2e-15   53.7   0.0    49   154    39   166    17   169 0.71 -
h2tg000006l:16383462-16386463 -            968 43683at33090         -            506   9.6e-16   54.8   0.0   1   1   1.6e-16   1.4e-15   54.3   0.0    17   200   669   878   658   883 0.75 -
h2tg000020l:12146964-12147677 -            238 43683at33090         -            506   1.1e-15   54.7   0.0   1   1   1.3e-16   1.2e-15   54.5   0.0    62   192    99   234    58   238 0.86 -
h2tg000015l:2799551-2803365   -            251 43683at33090         -            506   1.3e-15   54.4   0.0   1   1   2.2e-16   1.9e-15   53.8   0.0    35   195     6   167     2   178 0.81 -
h2tg000002l:25841853-25842317 -            155 43683at33090         -            506   1.3e-15   54.3   0.0   1   1   2.2e-16   1.9e-15   53.9   0.0   112   206    14   106     6   114 0.85 -
h2tg000003l:21692559-21693008 -            150 43683at33090         -            506     2e-15   53.7   0.0   1   1   2.6e-16   2.2e-15   53.6   0.0    22   146     3   149     1   150 0.74 -
h2tg000026l:301817-302251     -            145 43683at33090         -            506   2.3e-15   53.6   0.0   1   1   2.8e-16   2.4e-15   53.5   0.0    25   147     6   145     1   145 0.74 -
h2tg000001l:27618508-27618978 -            157 43683at33090         -            506   3.7e-15   52.8   0.0   1   1     6e-16   5.2e-15   52.4   0.0    35   147    21   156     1   157 0.70 -
h2tg000007l:7870512-7872617   -            702 43683at33090         -            506   6.8e-15   52.0   0.0   1   1   1.1e-15   9.8e-15   51.5   0.0    18   148   535   685   521   693 0.82 -
h2tg000002l:20261454-20261915 -            154 43683at33090         -            506   8.1e-15   51.7   0.0   1   1   9.9e-16   8.5e-15   51.7   0.0    23   147     4   153     1   154 0.74 -
h2tg000015l:7472168-7472959   -            264 43683at33090         -            506   1.7e-14   50.7   0.0   1   1   2.7e-15   2.3e-14   50.2   0.0    79   207    71   207    66   222 0.79 -
h2tg000027l:1199805-1200257   -            151 43683at33090         -            506   1.8e-14   50.6   0.0   1   1   2.4e-15   2.1e-14   50.4   0.0    37   146    33   151    23   151 0.85 -
h2tg000017l:17804770-17818420 -            921 43683at33090         -            506   1.8e-14   50.6   0.0   1   2   4.7e-13     4e-12   42.8   0.0    17   135   662   795   649   798 0.83 -
h2tg000017l:17804770-17818420 -            921 43683at33090         -            506   1.8e-14   50.6   0.0   2   2     0.097      0.84    5.5   0.0   181   217   806   843   802   854 0.80 -
h2tg000011l:9753402-9756538   -            964 43683at33090         -            506   2.6e-14   50.1   0.0   1   2   1.5e-10   1.3e-09   34.6   0.0    15   139   729   861   722   865 0.80 -
h2tg000011l:9753402-9756538   -            964 43683at33090         -            506   2.6e-14   50.1   0.0   2   2   0.00027    0.0023   13.9   0.0   176   201   863   888   860   962 0.88 -
h2tg000016l:7438685-7439536   -            284 43683at33090         -            506   4.2e-14   49.4   0.0   1   1   6.7e-15   5.8e-14   48.9   0.0   111   208   136   239    49   246 0.83 -
h2tg000025l:278641-281625     -            923 43683at33090         -            506   4.4e-14   49.3   0.0   1   2   7.9e-11   6.8e-10   35.5   0.0    19   135   686   817   675   820 0.82 -
h2tg000025l:278641-281625     -            923 43683at33090         -            506   4.4e-14   49.3   0.0   2   2    0.0013     0.011   11.7   0.0   180   223   827   871   824   921 0.77 -
h2tg000025l:303435-306566     -           1044 43683at33090         -            506   5.1e-14   49.1   0.0   1   2   1.3e-10   1.1e-09   34.8   0.0    20   175   681   867   671   880 0.70 -
h2tg000025l:303435-306566     -           1044 43683at33090         -            506   5.1e-14   49.1   0.0   2   2    0.0011    0.0093   12.0   0.0   179   213   924   959   919   968 0.88 -
h2tg000008l:4082283-4082771   -            163 43683at33090         -            506   1.1e-13   48.0   0.0   1   2     0.011     0.098    8.6   0.0   304   328     3    27     1    47 0.84 -
h2tg000008l:4082283-4082771   -            163 43683at33090         -            506   1.1e-13   48.0   0.0   2   2   1.5e-11   1.3e-10   37.9   0.0   326   401    79   161    60   163 0.83 -
h2tg000020l:7590658-7592712   -            685 43683at33090         -            506   1.4e-13   47.7   0.0   1   1   2.1e-14   1.8e-13   47.3   0.0    17   135   553   685   542   685 0.85 -
h2tg000017l:2768288-2772626   -            219 43683at33090         -            506   1.7e-13   47.4   0.1   1   2   5.9e-14   5.1e-13   45.8   0.0    17   149     4   152     1   156 0.77 -
h2tg000017l:2768288-2772626   -            219 43683at33090         -            506   1.7e-13   47.4   0.1   2   2       8.6        74   -0.9   0.0   178   198   153   173   151   180 0.88 -
h2tg000016l:2139244-2140350   -            369 43683at33090         -            506   1.8e-13   47.3   0.0   1   2     5e-08   4.3e-07   26.3   0.0    44   147    48   162    32   169 0.73 -
h2tg000016l:2139244-2140350   -            369 43683at33090         -            506   1.8e-13   47.3   0.0   2   2     8e-06   6.9e-05   19.0   0.0   157   214   227   286   217   327 0.88 -
h2tg000007l:29328822-29347058 -            455 43683at33090         -            506   2.9e-13   46.6   0.0   1   1   4.5e-14   3.9e-13   46.2   0.0    35   196    59   232    31   244 0.75 -
h2tg000001l:17479180-17479611 -            144 43683at33090         -            506   3.3e-13   46.5   0.0   1   1   3.9e-14   3.4e-13   46.4   0.0    27   146     5   142     1   144 0.74 -
h2tg000024l:4114331-4115086   -            252 43683at33090         -            506   4.1e-13   46.1   0.0   1   1   6.8e-14   5.8e-13   45.6   0.0    61   203    62   226    23   232 0.75 -
h2tg000030l:2243192-2244437   -            132 43683at33090         -            506   4.3e-13   46.1   0.0   1   1   5.9e-14   5.1e-13   45.8   0.0   114   198    22   108     9   115 0.82 -
h2tg000026l:2241319-2242170   -            284 43683at33090         -            506   5.6e-13   45.7   0.0   1   1   8.5e-14   7.3e-13   45.3   0.0    79   198    73   198    26   213 0.74 -
h2tg000007l:27030229-27031077 -            283 43683at33090         -            506   5.7e-13   45.6   0.0   1   1   8.6e-14   7.5e-13   45.3   0.0    79   198    68   193    22   208 0.75 -
h2tg000027l:4806008-4806670   -            123 43683at33090         -            506   5.8e-13   45.6   0.0   1   1   8.1e-14     7e-13   45.4   0.0   114   197     6    91     3   108 0.82 -
h2tg000023l:8897084-8897407   -            108 43683at33090         -            506   6.3e-13   45.5   0.0   1   1   8.6e-14   7.4e-13   45.3   0.0   114   197    10    96     3   105 0.83 -
h2tg000003l:3710501-3711097   -            199 43683at33090         -            506   7.4e-13   45.3   0.1   1   2   2.2e-06   1.9e-05   20.8   0.0   111   151     6    53     1    66 0.77 -
h2tg000003l:3710501-3711097   -            199 43683at33090         -            506   7.4e-13   45.3   0.1   2   2   6.4e-07   5.5e-06   22.6   0.0   168   260    94   196    78   199 0.74 -
h2tg000008l:20564047-20564880 -            278 43683at33090         -            506   8.8e-13   45.0   0.0   1   1   1.5e-13   1.3e-12   44.5   0.0    79   208    68   205     2   218 0.72 -
h2tg000019l:10148375-10150385 -            166 43683at33090         -            506   8.8e-13   45.0   0.0   1   2     0.024       0.2    7.5   0.0    18    70     6    65     1    67 0.79 -
h2tg000019l:10148375-10150385 -            166 43683at33090         -            506   8.8e-13   45.0   0.0   2   2   6.6e-11   5.7e-10   35.8   0.0   115   196    67   147    65   157 0.80 -
h2tg000017l:25477896-25478192 -             99 43683at33090         -            506   9.9e-13   44.9   0.0   1   1   1.4e-13   1.2e-12   44.6   0.0   114   195     6    89     2    95 0.82 -
h2tg000016l:4484070-4484384   -            105 43683at33090         -            506   1.3e-12   44.5   0.0   1   1   1.7e-13   1.4e-12   44.3   0.0   114   195    12    95     2   101 0.81 -
h2tg000003l:3631547-3631888   -            114 43683at33090         -            506   1.5e-12   44.3   0.0   1   1     2e-13   1.7e-12   44.1   0.0   108   188    25   114    14   114 0.79 -
h2tg000026l:273850-276243     -            798 43683at33090         -            506   1.8e-12   44.0   0.0   1   1   2.7e-13   2.4e-12   43.6   0.0    17   135   668   798   656   798 0.82 -
h2tg000015l:2167277-2169415   -            713 43683at33090         -            506   1.8e-12   44.0   0.0   1   1   2.8e-13   2.4e-12   43.6   0.0    20   135   586   713   571   713 0.84 -
h2tg000025l:1931755-1931991   -             79 43683at33090         -            506   1.9e-12   43.9   0.0   1   2       0.6       5.2    2.9   0.0   410   423     1    14     1    30 0.85 -
h2tg000025l:1931755-1931991   -             79 43683at33090         -            506   1.9e-12   43.9   0.0   2   2   4.6e-12     4e-11   39.6   0.0   421   464    33    76    27    78 0.94 -
h2tg000014l:19993501-19994031 -            177 43683at33090         -            506   2.3e-12   43.7   0.0   1   2   1.7e-06   1.5e-05   21.2   0.0   115   146    13    48     4    56 0.79 -
h2tg000014l:19993501-19994031 -            177 43683at33090         -            506   2.3e-12   43.7   0.0   2   2   2.5e-06   2.1e-05   20.7   0.0   161   201   133   175   117   177 0.84 -
h2tg000015l:7373124-7373417   -             98 43683at33090         -            506   2.3e-12   43.6   0.0   1   1   3.1e-13   2.7e-12   43.4   0.0   114   197     4    91     1    94 0.82 -
h2tg000016l:4318338-4318646   -            103 43683at33090         -            506   2.6e-12   43.5   0.0   1   1   3.4e-13     3e-12   43.3   0.0   114   196    10    94     2   100 0.80 -
h2tg000015l:2493959-2496527   -            199 43683at33090         -            506   2.7e-12   43.4   0.0   1   1   5.9e-13   5.1e-12   42.5   0.0    19   149     7   152     1   157 0.75 -
h2tg000001l:5486579-5487322   -            248 43683at33090         -            506   3.2e-12   43.2   0.0   1   1   4.8e-13   4.1e-12   42.8   0.0   111   198    54   144    44   171 0.78 -
h2tg000006l:13245660-13246190 -            177 43683at33090         -            506   3.2e-12   43.2   0.0   1   1   4.3e-13   3.7e-12   43.0   0.0   115   197     4    89     1   112 0.79 -
h2tg000005l:9090780-9093759   -            879 43683at33090         -            506   3.5e-12   43.0   0.0   1   2     1e-09     9e-09   31.8   0.0    18   139   637   771   622   777 0.80 -
h2tg000005l:9090780-9093759   -            879 43683at33090         -            506   3.5e-12   43.0   0.0   2   2    0.0057     0.049    9.6   0.0   176   218   776   819   773   879 0.76 -
h2tg000024l:366597-366923     -            109 43683at33090         -            506   5.7e-12   42.3   0.0   1   1   7.6e-13   6.5e-12   42.2   0.0   114   198    10    98     2   107 0.81 -
h2tg000008l:4384656-4384967   -            104 43683at33090         -            506   7.9e-12   41.9   0.0   1   1   1.1e-12   9.1e-12   41.7   0.0   114   197    10    97     3   102 0.86 -
h2tg000009l:21252668-21255718 -            935 43683at33090         -            506   8.3e-12   41.8   0.0   1   2   4.1e-10   3.5e-09   33.1   0.0    18   135   687   824   677   829 0.78 -
h2tg000009l:21252668-21255718 -            935 43683at33090         -            506   8.3e-12   41.8   0.0   2   2     0.046       0.4    6.6   0.0   177   210   831   865   826   881 0.77 -
h2tg000012l:7270738-7273524   -            929 43683at33090         -            506   9.8e-12   41.6   0.0   1   1   1.5e-12   1.3e-11   41.2   0.0    22   135   807   929   793   929 0.87 -
h2tg000019l:4149640-4150386   -            249 43683at33090         -            506   1.2e-11   41.3   0.0   1   2   2.9e-05   0.00025   17.1   0.0   116   146     1    35     1    43 0.79 -
h2tg000019l:4149640-4150386   -            249 43683at33090         -            506   1.2e-11   41.3   0.0   2   2   8.2e-07     7e-06   22.3   0.0   161   206   123   170   112   183 0.80 -
h2tg000027l:496500-497466     -            258 43683at33090         -            506   1.9e-11   40.6   0.0   1   1   2.9e-12   2.5e-11   40.2   0.0    35   203    21   205     6   225 0.75 -
h2tg000015l:536827-537162     -            112 43683at33090         -            506     2e-11   40.6   0.0   1   1   2.6e-12   2.3e-11   40.4   0.0   114   197    10    97     2   105 0.81 -
h2tg000003l:15661434-15663749 -            772 43683at33090         -            506     2e-11   40.6   0.0   1   1   3.1e-12   2.6e-11   40.1   0.0    14   135   633   772   624   772 0.74 -
h2tg000020l:13294823-13295299 -            159 43683at33090         -            506   2.2e-11   40.4   0.1   1   1   2.8e-12   2.4e-11   40.3   0.1    37   139    41   145    28   159 0.87 -
h2tg000019l:960228-960755     -            176 43683at33090         -            506   2.3e-11   40.4   0.0   1   1     3e-12   2.6e-11   40.2   0.0    18   146    30   176    19   176 0.76 -
h2tg000031l:1254471-1254695   -             75 43683at33090         -            506   3.1e-11   39.9   0.0   1   1   4.8e-11   4.1e-10   36.2   0.0   422   462    35    75     1    75 0.95 -
h2tg000011l:2709788-2710105   -            106 43683at33090         -            506   3.2e-11   39.9   0.0   1   1   4.2e-12   3.6e-11   39.7   0.0   114   197    12    99     2   104 0.81 -
h2tg000017l:17634072-17636978 -            857 43683at33090         -            506   4.9e-11   39.3   0.0   1   2   6.9e-10   5.9e-09   32.4   0.0    50   135   704   799   677   802 0.81 -
h2tg000017l:17634072-17636978 -            857 43683at33090         -            506   4.9e-11   39.3   0.0   2   2      0.17       1.5    4.7   0.0   181   211   810   841   806   856 0.78 -
h2tg000014l:273590-276206     -            241 43683at33090         -            506   5.3e-11   39.2   0.0   1   1   7.8e-12   6.7e-11   38.8   0.0    20   187    20   209    12   216 0.65 -
h2tg000016l:3001255-3002247   -            331 43683at33090         -            506   5.6e-11   39.1   0.1   1   2   8.3e-06   7.2e-05   18.9   0.0    45   137    20   124     8   136 0.77 -
h2tg000016l:3001255-3002247   -            331 43683at33090         -            506   5.6e-11   39.1   0.1   2   2   2.7e-05   0.00023   17.2   0.0   165   201   197   235   190   257 0.84 -
h2tg000004l:6619992-6620237   -             82 43683at33090         -            506     2e-10   37.3   0.0   1   2       2.7        24    0.7   0.0   410   422     1    13     1    23 0.88 -
h2tg000004l:6619992-6620237   -             82 43683at33090         -            506     2e-10   37.3   0.0   2   2   1.4e-10   1.2e-09   34.6   0.0   421   462    33    74    29    81 0.93 -
h2tg000023l:356933-357412     -            160 43683at33090         -            506   5.7e-10   35.8   0.1   1   1   7.9e-11   6.8e-10   35.5   0.1    37   140    38   143    25   159 0.82 -
h2tg000026l:1199144-1199380   -             79 43683at33090         -            506   6.6e-10   35.6   0.0   1   1     2e-10   1.7e-09   34.2   0.0   421   462    32    73    29    78 0.93 -
h2tg000017l:22368778-22369095 -            106 43683at33090         -            506   9.8e-10   35.0   0.0   1   1   1.3e-10   1.1e-09   34.8   0.0   114   197    12    99     2   104 0.80 -
h2tg000003l:6019663-6019980   -            106 43683at33090         -            506   1.3e-09   34.6   0.0   1   1   1.7e-10   1.4e-09   34.4   0.0   114   197    12    99     2   104 0.81 -
h2tg000013l:4692035-4692352   -            106 43683at33090         -            506   2.6e-09   33.6   0.0   1   1   3.7e-10   3.1e-09   33.3   0.0   114   196    12    98     2   103 0.80 -
h2tg000001l:27454661-27457087 -            809 43683at33090         -            506   8.3e-09   31.9   0.0   1   1   1.7e-09   1.5e-08   31.1   0.0    35   135   689   809   659   809 0.69 -
h2tg000004l:9188520-9190877   -            786 43683at33090         -            506   1.8e-08   30.8   0.0   1   1     3e-09   2.5e-08   30.3   0.0    50   135   695   786   683   786 0.85 -
h2tg000005l:5814763-5815185   -            141 43683at33090         -            506   2.7e-06   23.6   0.0   1   1   3.3e-07   2.9e-06   23.5   0.0   105   194    47   140    19   141 0.83 -
h2tg000005l:3132251-3134999   -            317 43683at33090         -            506   2.7e-06   23.6   0.0   1   1   6.1e-07   5.3e-06   22.7   0.0   107   146   122   165    21   210 0.77 -
h2tg000003l:2995543-3000345   -            184 43683at33090         -            506    0.0045   13.0   0.0   1   1    0.0006    0.0052   12.8   0.0   114   136   162   184   115   184 0.80 -
#
# Program:         hmmsearch
# Version:         3.3.2 (Nov 2020)
# Pipeline mode:   SEARCH
# Query file:      /work/sablok/grapevineassemblies/assemblyhifiasm/busco_hifiasmtriobinning/busco_downloads/lineages/viridiplantae_odb10/hmms/43683at33090.hmm
# Target file:     /work/sablok/grapevineassemblies/assemblyhifiasm/busco_hifiasmtriobinning/maternalpaternal.asm.dip.hap2.p_ctg.fa.busco/run_viridiplantae_odb10/metaeuk_output/initial_results/maternalpaternal.asm.dip.hap2.p_ctg.fa.modified.fas
# Option settings: hmmsearch --domtblout /work/sablok/grapevineassemblies/assemblyhifiasm/busco_hifiasmtriobinning/maternalpaternal.asm.dip.hap2.p_ctg.fa.busco/run_viridiplantae_odb10/hmmer_output/initial_run_results/43683at33090.out --cpu 1 /work/sablok/grapevineassemblies/assemblyhifiasm/busco_hifiasmtriobinning/busco_downloads/lineages/viridiplantae_odb10/hmms/43683at33090.hmm /work/sablok/grapevineassemblies/assemblyhifiasm/busco_hifiasmtriobinning/maternalpaternal.asm.dip.hap2.p_ctg.fa.busco/run_viridiplantae_odb10/metaeuk_output/initial_results/maternalpaternal.asm.dip.hap2.p_ctg.fa.modified.fas 
# Current dir:     /work/sablok/grapevineassemblies/assemblyhifiasm/busco_hifiasmtriobinning
# Date:            Thu Apr 18 11:36:45 2024
# [ok]
