#                                                                                     --- full sequence --- -------------- this domain -------------   hmm coord   ali coord   env coord
# target name                 accession   tlen query name           accession   qlen   E-value  score  bias   #  of  c-Evalue  i-Evalue  score  bias  from    to  from    to  from    to  acc description of target
#         ------------------- ---------- ----- -------------------- ---------- ----- --------- ------ ----- --- --- --------- --------- ------ ----- ----- ----- ----- ----- ----- ----- ---- ---------------------
h2tg000009l:20023296-20037447 -           1157 6512at33090          -            693  4.8e-240  796.1  28.3   1   6  5.9e-103  9.1e-100  332.4   0.5     1   256     4   309     4   311 0.88 -
h2tg000009l:20023296-20037447 -           1157 6512at33090          -            693  4.8e-240  796.1  28.3   2   6   2.1e-25   3.3e-22   76.1   0.9   250   310   330   391   319   405 0.91 -
h2tg000009l:20023296-20037447 -           1157 6512at33090          -            693  4.8e-240  796.1  28.3   3   6   4.7e-68   7.2e-65  217.1   0.4   305   446   415   562   401   569 0.94 -
h2tg000009l:20023296-20037447 -           1157 6512at33090          -            693  4.8e-240  796.1  28.3   4   6   2.7e-35   4.1e-32  108.8   0.2   445   511   663   729   654   744 0.90 -
h2tg000009l:20023296-20037447 -           1157 6512at33090          -            693  4.8e-240  796.1  28.3   5   6     6e-15   9.1e-12   41.6   0.2   584   631   792   842   764   851 0.81 -
h2tg000009l:20023296-20037447 -           1157 6512at33090          -            693  4.8e-240  796.1  28.3   6   6   2.3e-13   3.5e-10   36.4   0.2   629   685   895   960   877   965 0.78 -
h2tg000009l:7168605-7168835   -             77 6512at33090          -            693    0.0012   14.7   0.0   1   1   8.2e-07    0.0013   14.7   0.0   644   679     6    47     1    58 0.68 -
#
# Program:         hmmsearch
# Version:         3.3.2 (Nov 2020)
# Pipeline mode:   SEARCH
# Query file:      /work/sablok/grapevineassemblies/assemblyhifiasm/busco_hifiasmtriobinning/busco_downloads/lineages/viridiplantae_odb10/hmms/6512at33090.hmm
# Target file:     /work/sablok/grapevineassemblies/assemblyhifiasm/busco_hifiasmtriobinning/maternalpaternal.asm.dip.hap2.p_ctg.fa.busco/run_viridiplantae_odb10/metaeuk_output/initial_results/maternalpaternal.asm.dip.hap2.p_ctg.fa.modified.fas
# Option settings: hmmsearch --domtblout /work/sablok/grapevineassemblies/assemblyhifiasm/busco_hifiasmtriobinning/maternalpaternal.asm.dip.hap2.p_ctg.fa.busco/run_viridiplantae_odb10/hmmer_output/initial_run_results/6512at33090.out --cpu 1 /work/sablok/grapevineassemblies/assemblyhifiasm/busco_hifiasmtriobinning/busco_downloads/lineages/viridiplantae_odb10/hmms/6512at33090.hmm /work/sablok/grapevineassemblies/assemblyhifiasm/busco_hifiasmtriobinning/maternalpaternal.asm.dip.hap2.p_ctg.fa.busco/run_viridiplantae_odb10/metaeuk_output/initial_results/maternalpaternal.asm.dip.hap2.p_ctg.fa.modified.fas 
# Current dir:     /work/sablok/grapevineassemblies/assemblyhifiasm/busco_hifiasmtriobinning
# Date:            Thu Apr 18 11:36:29 2024
# [ok]
