#                                                                                     --- full sequence --- -------------- this domain -------------   hmm coord   ali coord   env coord
# target name                 accession   tlen query name           accession   qlen   E-value  score  bias   #  of  c-Evalue  i-Evalue  score  bias  from    to  from    to  from    to  acc description of target
#         ------------------- ---------- ----- -------------------- ---------- ----- --------- ------ ----- --- --- --------- --------- ------ ----- ----- ----- ----- ----- ----- ----- ---- ---------------------
h2tg000014l:21085679-21098692 -            909 87347at33090         -            735         0 1184.8  28.9   1   4  2.8e-100   1.3e-98  328.7   3.5     1   191     1   219     1   238 0.91 -
h2tg000014l:21085679-21098692 -            909 87347at33090         -            735         0 1184.8  28.9   2   4   3.7e-27   1.7e-25   86.9   2.8   181   258   240   318   228   324 0.90 -
h2tg000014l:21085679-21098692 -            909 87347at33090         -            735         0 1184.8  28.9   3   4    3e-206  1.3e-204  679.1   4.5   253   631   344   771   340   774 0.90 -
h2tg000014l:21085679-21098692 -            909 87347at33090         -            735         0 1184.8  28.9   4   4   1.4e-30   6.3e-29   98.3   0.0   660   735   775   856   771   856 0.95 -
h2tg000007l:25012109-25017803 -            308 87347at33090         -            735   3.1e-45  152.2   9.7   1   3   4.9e-22   2.2e-20   70.0   1.7    72   188    15   134     9   134 0.87 -
h2tg000007l:25012109-25017803 -            308 87347at33090         -            735   3.1e-45  152.2   9.7   2   3   9.1e-21   4.1e-19   65.8   0.1    75   193   103   224   102   239 0.84 -
h2tg000007l:25012109-25017803 -            308 87347at33090         -            735   3.1e-45  152.2   9.7   3   3     2e-11   9.2e-10   34.9   0.1   417   522   197   307   191   308 0.75 -
h2tg000026l:192171-198373     -            308 87347at33090         -            735   3.1e-45  152.2   9.7   1   3   4.9e-22   2.2e-20   70.0   1.7    72   188    15   134     9   134 0.87 -
h2tg000026l:192171-198373     -            308 87347at33090         -            735   3.1e-45  152.2   9.7   2   3   9.1e-21   4.1e-19   65.8   0.1    75   193   103   224   102   239 0.84 -
h2tg000026l:192171-198373     -            308 87347at33090         -            735   3.1e-45  152.2   9.7   3   3     2e-11   9.2e-10   34.9   0.1   417   522   197   307   191   308 0.75 -
h2tg000017l:25359201-25360232 -            344 87347at33090         -            735   4.5e-40  135.1   0.4   1   3   2.2e-18   9.7e-17   58.0   0.1    74   167    48   144    34   150 0.91 -
h2tg000017l:25359201-25360232 -            344 87347at33090         -            735   4.5e-40  135.1   0.4   2   3   9.8e-16   4.4e-14   49.2   0.1    52   163   154   270   148   274 0.88 -
h2tg000017l:25359201-25360232 -            344 87347at33090         -            735   4.5e-40  135.1   0.4   3   3   6.6e-09     3e-07   26.6   0.0    72   144   261   339   258   344 0.80 -
h2tg000015l:2660830-2661591   -            254 87347at33090         -            735   4.6e-34  115.3  12.2   1   3   3.1e-16   1.4e-14   50.9   1.6    75   216     4   154     1   159 0.81 -
h2tg000015l:2660830-2661591   -            254 87347at33090         -            735   4.6e-34  115.3  12.2   2   3     4e-17   1.8e-15   53.8   0.8   451   570    95   218    90   223 0.92 -
h2tg000015l:2660830-2661591   -            254 87347at33090         -            735   4.6e-34  115.3  12.2   3   3   4.1e-10   1.9e-08   30.6   0.1    53   118   160   227   156   254 0.74 -
h2tg000012l:3855031-3861108   -            898 87347at33090         -            735   1.4e-29  100.4   4.3   1   3     3e-06   0.00013   17.8   0.0   411   534    50   178    33   193 0.81 -
h2tg000012l:3855031-3861108   -            898 87347at33090         -            735   1.4e-29  100.4   4.3   2   3   1.7e-15   7.8e-14   48.4   0.3   442   560   377   496   369   499 0.80 -
h2tg000012l:3855031-3861108   -            898 87347at33090         -            735   1.4e-29  100.4   4.3   3   3   1.6e-11   7.2e-10   35.3   0.1    52   148   489   588   485   603 0.89 -
h2tg000007l:1677804-1678478   -            225 87347at33090         -            735   5.1e-29   98.6   4.9   1   2   8.8e-24     4e-22   75.8   1.8   448   568    25   145    20   154 0.92 -
h2tg000007l:1677804-1678478   -            225 87347at33090         -            735   5.1e-29   98.6   4.9   2   2   1.1e-09   5.1e-08   29.2   0.1   436   518   139   222   138   225 0.89 -
h2tg000014l:17311477-17348306 -            847 87347at33090         -            735   8.3e-26   88.0   9.3   1   3   6.6e-14     3e-12   43.1   0.1    45   215   188   368   173   376 0.82 -
h2tg000014l:17311477-17348306 -            847 87347at33090         -            735   8.3e-26   88.0   9.3   2   3     0.024       1.1    4.9   0.0   341   400   442   511   431   518 0.69 -
h2tg000014l:17311477-17348306 -            847 87347at33090         -            735   8.3e-26   88.0   9.3   3   3   1.8e-14   7.9e-13   45.0   3.6    49   185   493   628   480   641 0.81 -
h2tg000003l:9021929-9022801   -            291 87347at33090         -            735   5.5e-25   85.3   1.4   1   3     7e-13   3.2e-11   39.7   0.2    78   159     2    87     1   104 0.86 -
h2tg000003l:9021929-9022801   -            291 87347at33090         -            735   5.5e-25   85.3   1.4   2   3   3.7e-13   1.7e-11   40.7   0.0    92   191   106   206   101   220 0.92 -
h2tg000003l:9021929-9022801   -            291 87347at33090         -            735   5.5e-25   85.3   1.4   3   3      0.11         5    2.7   0.0   378   416   230   268   211   276 0.66 -
h2tg000015l:11821086-11821976 -            297 87347at33090         -            735   7.5e-25   84.8  15.8   1   3   1.8e-13   8.2e-12   41.7   2.0    71   180     4   115     2   117 0.91 -
h2tg000015l:11821086-11821976 -            297 87347at33090         -            735   7.5e-25   84.8  15.8   2   3   7.6e-13   3.4e-11   39.6   1.4    45   159   105   220   104   231 0.87 -
h2tg000015l:11821086-11821976 -            297 87347at33090         -            735   7.5e-25   84.8  15.8   3   3   9.1e-06   0.00041   16.2   0.8    50    99   239   290   229   297 0.79 -
h2tg000034l:1302346-1309566   -            291 87347at33090         -            735   4.9e-24   82.1   9.0   1   2   4.3e-16     2e-14   50.4   2.1    57   193    34   169    25   179 0.89 -
h2tg000034l:1302346-1309566   -            291 87347at33090         -            735   4.9e-24   82.1   9.0   2   2   6.7e-11     3e-09   33.2   0.6    52   147   192   291   182   291 0.89 -
h2tg000003l:10002443-10003450 -            336 87347at33090         -            735   1.3e-23   80.7  11.0   1   3   5.5e-07   2.5e-05   20.3   0.1    75   156     3    86     1    96 0.76 -
h2tg000003l:10002443-10003450 -            336 87347at33090         -            735   1.3e-23   80.7  11.0   2   3   6.1e-15   2.8e-13   46.6   6.9   432   569    97   243    51   247 0.70 -
h2tg000003l:10002443-10003450 -            336 87347at33090         -            735   1.3e-23   80.7  11.0   3   3   3.3e-05    0.0015   14.4   0.1   451   483   257   287   249   311 0.69 -
h2tg000015l:11809585-11810448 -            288 87347at33090         -            735     2e-21   73.4   3.0   1   2   6.1e-17   2.7e-15   53.2   0.4    73   191    20   141    13   164 0.90 -
h2tg000015l:11809585-11810448 -            288 87347at33090         -            735     2e-21   73.4   3.0   2   2   1.5e-08   6.6e-07   25.5   0.6   312   458   132   288   132   288 0.80 -
h2tg000004l:4268066-4268707   -            214 87347at33090         -            735   8.3e-21   71.4   7.3   1   2   2.1e-14   9.4e-13   44.8   1.2   458   569     5   121     1   125 0.88 -
h2tg000004l:4268066-4268707   -            214 87347at33090         -            735   8.3e-21   71.4   7.3   2   2   4.5e-12     2e-10   37.1   0.6    50   148   103   212    90   214 0.76 -
h2tg000015l:8743885-8744529   -            215 87347at33090         -            735     2e-20   70.1   7.3   1   2   1.2e-16   5.6e-15   52.2   2.3   458   568     5   119     1   127 0.87 -
h2tg000015l:8743885-8744529   -            215 87347at33090         -            735     2e-20   70.1   7.3   2   2   3.4e-07   1.5e-05   21.0   0.2    46   106   141   214   120   215 0.75 -
h2tg000012l:1667604-1668266   -            221 87347at33090         -            735   5.2e-20   68.8   3.5   1   3   5.2e-10   2.3e-08   30.3   0.3   119   190     1    72     1    89 0.94 -
h2tg000012l:1667604-1668266   -            221 87347at33090         -            735   5.2e-20   68.8   3.5   2   3   6.4e-10   2.9e-08   30.0   0.1   508   574   103   171    93   174 0.86 -
h2tg000012l:1667604-1668266   -            221 87347at33090         -            735   5.2e-20   68.8   3.5   3   3    0.0018      0.08    8.7   0.0   532   567   175   212   170   215 0.77 -
h2tg000006l:16785399-16791562 -            439 87347at33090         -            735   9.4e-20   68.0   3.5   1   3    0.0023       0.1    8.3   0.0   147   192    28    74    19    89 0.84 -
h2tg000006l:16785399-16791562 -            439 87347at33090         -            735   9.4e-20   68.0   3.5   2   3   1.4e-11   6.3e-10   35.4   1.3    52   163   118   234   100   238 0.86 -
h2tg000006l:16785399-16791562 -            439 87347at33090         -            735   9.4e-20   68.0   3.5   3   3   1.3e-07   5.8e-06   22.3   0.0   366   483   309   430   303   438 0.84 -
h2tg000006l:14493153-14494034 -            294 87347at33090         -            735   1.4e-19   67.3  11.8   1   2     2e-11   9.2e-10   34.9   1.7    47   193    17   154     6   162 0.81 -
h2tg000006l:14493153-14494034 -            294 87347at33090         -            735   1.4e-19   67.3  11.8   2   2   7.2e-12   3.2e-10   36.4   2.8    48   149   181   293   166   294 0.78 -
h2tg000005l:1559037-1559723   -            229 87347at33090         -            735     4e-19   65.9   1.0   1   3       1.8        79   -1.2   0.0    54    69    29    44    19    60 0.63 -
h2tg000005l:1559037-1559723   -            229 87347at33090         -            735     4e-19   65.9   1.0   2   3   1.2e-09   5.4e-08   29.1   0.1   415   481    70   137    28   139 0.90 -
h2tg000005l:1559037-1559723   -            229 87347at33090         -            735     4e-19   65.9   1.0   3   3   1.2e-12   5.5e-11   39.0   0.3   426   506   124   204   117   229 0.68 -
h2tg000003l:6865299-6866018   -            240 87347at33090         -            735   2.6e-18   63.2   7.3   1   2   6.9e-15   3.1e-13   46.4   1.6   465   570    27   134    15   140 0.87 -
h2tg000003l:6865299-6866018   -            240 87347at33090         -            735   2.6e-18   63.2   7.3   2   2   6.7e-07     3e-05   20.0   0.6    73   151   142   230   134   234 0.76 -
h2tg000011l:9951958-9955950   -            304 87347at33090         -            735   3.9e-17   59.3   1.2   1   2   8.8e-14     4e-12   42.7   1.1    75   197    14   142     8   176 0.79 -
h2tg000011l:9951958-9955950   -            304 87347at33090         -            735   3.9e-17   59.3   1.2   2   2   1.7e-05   0.00077   15.3   0.0   346   447   164   266   152   297 0.69 -
h2tg000007l:2626303-2627052   -            250 87347at33090         -            735   7.4e-17   58.4   2.0   1   2   1.1e-11   4.9e-10   35.8   0.1    52   123    23    97    10   100 0.91 -
h2tg000007l:2626303-2627052   -            250 87347at33090         -            735   7.4e-17   58.4   2.0   2   2   1.2e-07   5.5e-06   22.4   0.4    48   549   105   190    96   228 0.53 -
h2tg000017l:23755584-23756153 -            190 87347at33090         -            735   1.5e-16   57.3   4.0   1   2     8e-12   3.6e-10   36.3   0.5    77   151     8    83     2    91 0.91 -
h2tg000017l:23755584-23756153 -            190 87347at33090         -            735   1.5e-16   57.3   4.0   2   2   1.5e-07   6.8e-06   22.1   0.2   290   343    97   154    94   157 0.81 -
h2tg000001l:24962951-24963796 -            282 87347at33090         -            735     1e-15   54.6   5.3   1   3       0.3        13    1.3   0.0   549   572    11    34     3    42 0.60 -
h2tg000001l:24962951-24963796 -            282 87347at33090         -            735     1e-15   54.6   5.3   2   3     1e-11   4.6e-10   35.9   1.0   454   568    61   181    55   185 0.84 -
h2tg000001l:24962951-24963796 -            282 87347at33090         -            735     1e-15   54.6   5.3   3   3   1.3e-08   5.8e-07   25.7   0.1    52   149   166   277   160   280 0.74 -
h2tg000014l:22234732-22235124 -            131 87347at33090         -            735   1.3e-15   54.2   0.0   1   2   1.1e-07     5e-06   22.6   0.0   115   185     2    71     1    73 0.94 -
h2tg000014l:22234732-22235124 -            131 87347at33090         -            735   1.3e-15   54.2   0.0   2   2   1.1e-11   4.8e-10   35.8   0.0    53   160    22   130    20   131 0.79 -
h2tg000012l:1687010-1687588   -            193 87347at33090         -            735   1.4e-15   54.2   0.6   1   1   5.8e-17   2.6e-15   53.2   0.4   416   570    13   172     1   177 0.84 -
h2tg000071l:3888-4466         -            193 87347at33090         -            735   1.4e-15   54.2   0.6   1   1   5.8e-17   2.6e-15   53.2   0.4   416   570    13   172     1   177 0.84 -
h2tg000019l:10605266-10605835 -            190 87347at33090         -            735   1.5e-15   54.1   3.1   1   2   5.6e-11   2.5e-09   33.5   0.4    77   149     8    81     2    87 0.90 -
h2tg000019l:10605266-10605835 -            190 87347at33090         -            735   1.5e-15   54.1   3.1   2   2   2.8e-07   1.3e-05   21.2   0.2   291   344    98   155    90   188 0.82 -
h2tg000007l:18115414-18115797 -            128 87347at33090         -            735   1.2e-14   51.1   0.8   1   1   2.8e-16   1.3e-14   51.0   0.8    98   195     2    99     1   117 0.94 -
h2tg000015l:11794973-11795512 -            180 87347at33090         -            735     8e-14   48.3   3.6   1   1   3.1e-15   1.4e-13   47.6   3.6    33   188     8   179     4   180 0.73 -
h2tg000007l:8351376-8355879   -            675 87347at33090         -            735   1.5e-13   47.5   0.2   1   2    0.0018     0.081    8.6   0.0   534   567   203   236   198   241 0.83 -
h2tg000007l:8351376-8355879   -            675 87347at33090         -            735   1.5e-13   47.5   0.2   2   2   9.2e-12   4.1e-10   36.1   0.0    51   182   323   469   314   494 0.76 -
h2tg000006l:12852629-12853204 -            192 87347at33090         -            735   1.5e-13   47.4   4.3   1   2   4.2e-15   1.9e-13   47.1   3.5   464   567    22   125     4   131 0.90 -
h2tg000006l:12852629-12853204 -            192 87347at33090         -            735   1.5e-13   47.4   4.3   2   2       3.5   1.6e+02   -2.2   0.0   535   563   162   190   154   192 0.46 -
h2tg000002l:19259261-19259881 -            207 87347at33090         -            735   4.1e-13   46.0   3.2   1   2     0.014      0.62    5.7   0.1   117   169     2    55     1    67 0.68 -
h2tg000002l:19259261-19259881 -            207 87347at33090         -            735   4.1e-13   46.0   3.2   2   2   2.6e-13   1.2e-11   41.2   0.9    51   164    62   180    54   207 0.84 -
h2tg000001l:22456238-22456444 -             69 87347at33090         -            735   5.2e-13   45.7   0.1   1   1   1.3e-14   5.8e-13   45.5   0.1    53   119     1    69     1    69 0.94 -
h2tg000016l:14244369-14244986 -            206 87347at33090         -            735   6.2e-13   45.4   3.2   1   2   7.2e-05    0.0033   13.3   0.0   116   188     1    71     1    81 0.64 -
h2tg000016l:14244369-14244986 -            206 87347at33090         -            735   6.2e-13   45.4   3.2   2   2   2.9e-10   1.3e-08   31.1   2.1   446   565    91   205    74   206 0.83 -
h2tg000007l:8609591-8610196   -            202 87347at33090         -            735   6.6e-13   45.3   0.2   1   2   3.7e-10   1.7e-08   30.8   0.0   116   192     2    78     1    82 0.97 -
h2tg000007l:8609591-8610196   -            202 87347at33090         -            735   6.6e-13   45.3   0.2   2   2   9.4e-05    0.0042   12.9   0.0   453   551    89   186    82   201 0.79 -
h2tg000014l:17166856-17169621 -            338 87347at33090         -            735   6.8e-13   45.3   0.0   1   2     1e-09   4.5e-08   29.3   0.0    78   188    36   151    20   163 0.83 -
h2tg000014l:17166856-17169621 -            338 87347at33090         -            735   6.8e-13   45.3   0.0   2   2     5e-05    0.0023   13.8   0.0    66   151   193   288   184   293 0.73 -
h2tg000020l:3776894-3777469   -            192 87347at33090         -            735   7.9e-13   45.0   4.5   1   3   6.3e-08   2.8e-06   23.4   1.2   471   567     2   100     1   104 0.84 -
h2tg000020l:3776894-3777469   -            192 87347at33090         -            735   7.9e-13   45.0   4.5   2   3   1.9e-09   8.6e-08   28.4   0.3   467   569    38   146    33   151 0.80 -
h2tg000020l:3776894-3777469   -            192 87347at33090         -            735   7.9e-13   45.0   4.5   3   3    0.0092      0.41    6.3   0.0   536   566   158   192   151   192 0.70 -
h2tg000015l:5369896-5370501   -            202 87347at33090         -            735     2e-12   43.7   0.2   1   2   6.8e-08   3.1e-06   23.3   0.1    50   127    10    90     3    96 0.84 -
h2tg000015l:5369896-5370501   -            202 87347at33090         -            735     2e-12   43.7   0.2   2   2   1.2e-06   5.6e-05   19.1   0.0   419   486    95   163    89   187 0.79 -
h2tg000007l:22158771-22159517 -            249 87347at33090         -            735   4.4e-12   42.6   6.8   1   3    0.0069      0.31    6.7   0.0   547   568    28    49    17    56 0.60 -
h2tg000007l:22158771-22159517 -            249 87347at33090         -            735   4.4e-12   42.6   6.8   2   3   1.8e-09   8.3e-08   28.4   4.0    47   193    67   204    56   207 0.81 -
h2tg000007l:22158771-22159517 -            249 87347at33090         -            735   4.4e-12   42.6   6.8   3   3   0.00031     0.014   11.2   0.1   132   189   185   248   173   249 0.54 -
h2tg000011l:389004-389693     -            230 87347at33090         -            735   2.3e-11   40.2   0.0   1   2   1.5e-08   6.9e-07   25.4   0.0    54   185    26   169    16   176 0.80 -
h2tg000011l:389004-389693     -            230 87347at33090         -            735   2.3e-11   40.2   0.0   2   2   7.7e-07   3.5e-05   19.8   0.0   290   399   102   226    93   230 0.74 -
h2tg000008l:1620558-1621193   -            212 87347at33090         -            735   2.4e-11   40.2   0.9   1   1   7.9e-11   3.6e-09   33.0   1.0   449   579    10   141     3   210 0.63 -
h2tg000009l:17822241-17823029 -            263 87347at33090         -            735   2.2e-09   33.6   0.0   1   2       1.4        65   -1.0   0.0   169   195     2    28     1    48 0.75 -
h2tg000009l:17822241-17823029 -            263 87347at33090         -            735   2.2e-09   33.6   0.0   2   2   1.4e-10   6.4e-09   32.1   0.0    54   163   118   234    76   263 0.76 -
h2tg000007l:3445686-3452372   -            388 87347at33090         -            735     3e-09   33.2   2.2   1   2      0.47        21    0.7   0.0   306   328    50    72    39    85 0.77 -
h2tg000007l:3445686-3452372   -            388 87347at33090         -            735     3e-09   33.2   2.2   2   2   4.1e-09   1.8e-07   27.3   1.8    52   148    94   195    91   216 0.81 -
h2tg000009l:599819-600379     -            187 87347at33090         -            735   5.5e-09   32.3   1.4   1   2   5.4e-05    0.0024   13.7   0.0    77   138     1    70     1    74 0.71 -
h2tg000009l:599819-600379     -            187 87347at33090         -            735   5.5e-09   32.3   1.4   2   2   5.2e-07   2.3e-05   20.3   0.4   291   344    50   107    47   141 0.84 -
h2tg000004l:4031238-4053873   -            669 87347at33090         -            735   7.3e-09   31.9   6.6   1   3    0.0026      0.12    8.1   0.0   114   151    12    48     4    79 0.77 -
h2tg000004l:4031238-4053873   -            669 87347at33090         -            735   7.3e-09   31.9   6.6   2   3   3.6e-07   1.6e-05   20.9   1.3    93   147    84   135    60   165 0.85 -
h2tg000004l:4031238-4053873   -            669 87347at33090         -            735   7.3e-09   31.9   6.6   3   3     0.052       2.3    3.8   0.3   117   153   185   220   134   229 0.59 -
h2tg000002l:477847-478440     -            198 87347at33090         -            735   8.3e-09   31.8   1.1   1   2   6.9e-05    0.0031   13.3   0.0   291   335     2    48     1    56 0.75 -
h2tg000002l:477847-478440     -            198 87347at33090         -            735   8.3e-09   31.8   1.1   2   2   4.3e-06   0.00019   17.3   0.2    93   190    61   156    54   173 0.88 -
h2tg000009l:17828510-17829169 -            220 87347at33090         -            735   1.3e-08   31.1   0.0   1   1   3.3e-10   1.5e-08   30.9   0.0    54   161   104   218    60   220 0.82 -
h2tg000004l:3687622-3687936   -            105 87347at33090         -            735   3.6e-08   29.6   0.0   1   1   1.6e-09   7.3e-08   28.6   0.0    92   163     1    73     1   105 0.86 -
h2tg000025l:10688755-10689606 -            284 87347at33090         -            735   4.4e-08   29.4   8.5   1   2   1.8e-06   8.1e-05   18.6   0.2    85   190     7   121     3   127 0.80 -
h2tg000025l:10688755-10689606 -            284 87347at33090         -            735   4.4e-08   29.4   8.5   2   2   0.00017    0.0078   12.0   3.1   469   566   166   274   160   277 0.75 -
h2tg000011l:9498185-9499030   -            282 87347at33090         -            735   9.7e-08   28.2  10.8   1   2   1.2e-06   5.3e-05   19.2   0.8    88   190     2   113     1   129 0.81 -
h2tg000011l:9498185-9499030   -            282 87347at33090         -            735   9.7e-08   28.2  10.8   2   2   0.00017    0.0075   12.1   3.2   469   567   158   267   152   271 0.75 -
h2tg000002l:13736070-13736441 -            124 87347at33090         -            735     1e-07   28.1   2.5   1   1   4.7e-08   2.1e-06   23.8   2.5   488   573    12   117     9   121 0.79 -
h2tg000009l:1408718-1408909   -             64 87347at33090         -            735   1.3e-07   27.8   0.1   1   1   2.9e-09   1.3e-07   27.8   0.1    87   139    12    64     1    64 0.79 -
h2tg000024l:1638615-1639352   -            246 87347at33090         -            735   8.2e-07   25.2   6.7   1   2   0.00013    0.0056   12.5   0.1   114   190     2    85     1   103 0.80 -
h2tg000024l:1638615-1639352   -            246 87347at33090         -            735   8.2e-07   25.2   6.7   2   2   0.00011    0.0048   12.7   3.0   469   567   130   239   125   243 0.75 -
h2tg000005l:2585637-2586221   -            195 87347at33090         -            735   1.6e-06   24.2   0.2   1   2     2e-06   9.2e-05   18.4   0.1   288   360     6    89     2   110 0.69 -
h2tg000005l:2585637-2586221   -            195 87347at33090         -            735   1.6e-06   24.2   0.2   2   2     0.046       2.1    4.0   0.0    96   149   137   192   121   194 0.62 -
h2tg000002l:21886430-21909255 -            771 87347at33090         -            735     9e-06   21.7   0.0   1   2   1.8e-06   8.2e-05   18.5   0.0   419   470    67   118    40   124 0.90 -
h2tg000002l:21886430-21909255 -            771 87347at33090         -            735     9e-06   21.7   0.0   2   2      0.51        23    0.5   0.0   250   280   711   741   701   766 0.88 -
h2tg000005l:1564059-1564265   -             69 87347at33090         -            735   1.4e-05   21.1   0.0   1   1   3.2e-07   1.4e-05   21.0   0.0   385   449     4    67     1    69 0.90 -
h2tg000014l:19447986-19448666 -            227 87347at33090         -            735   6.1e-05   19.0   1.8   1   2   5.2e-05    0.0023   13.7   0.7    62   152    39   137    27   148 0.60 -
h2tg000014l:19447986-19448666 -            227 87347at33090         -            735   6.1e-05   19.0   1.8   2   2    0.0043      0.19    7.4   0.0    54   149   121   225   117   227 0.70 -
h2tg000027l:3970520-3980645   -            790 87347at33090         -            735   7.1e-05   18.8   1.0   1   2   0.00098     0.044    9.5   0.3    63   149   456   552   419   615 0.53 -
h2tg000027l:3970520-3980645   -            790 87347at33090         -            735   7.1e-05   18.8   1.0   2   2    0.0034      0.15    7.7   0.0   155   192   738   775   686   782 0.90 -
h2tg000011l:4941022-4941498   -            159 87347at33090         -            735   0.00019   17.3   0.6   1   2      0.15       6.7    2.3   0.1   119   159     7    47     3    67 0.73 -
h2tg000011l:4941022-4941498   -            159 87347at33090         -            735   0.00019   17.3   0.6   2   2   4.5e-05     0.002   13.9   0.0    50   113    62   134    53   145 0.77 -
h2tg000025l:152905-153522     -            206 87347at33090         -            735   0.00019   17.3   0.0   1   1   5.7e-06   0.00026   16.9   0.0   291   391    85   189    76   199 0.78 -
h2tg000012l:1670315-1670554   -             80 87347at33090         -            735   0.00025   16.9   0.1   1   1   1.4e-05   0.00062   15.6   0.1   535   573     1    37     1    40 0.71 -
h2tg000007l:3255567-3256193   -            209 87347at33090         -            735     0.001   14.9   0.0   1   1   3.2e-05    0.0014   14.4   0.0   291   390    91   194    72   206 0.78 -
h2tg000030l:206406-206573     -             56 87347at33090         -            735    0.0018   14.2   0.0   1   1   3.9e-05    0.0018   14.2   0.0    50    82    10    42     1    53 0.73 -
h2tg000009l:19881757-19882457 -             93 87347at33090         -            735    0.0046   12.8   0.0   1   1   0.00011    0.0052   12.6   0.0    89   149    19    79     7    89 0.41 -
h2tg000030l:810735-826091     -           2515 87347at33090         -            735     0.009   11.8   0.0   1   3       1.4        63   -0.9   0.0    48    70   741   763   722   771 0.80 -
h2tg000030l:810735-826091     -           2515 87347at33090         -            735     0.009   11.8   0.0   2   3    0.0017     0.079    8.7   0.0   368   399  2417  2450  2403  2467 0.81 -
h2tg000030l:810735-826091     -           2515 87347at33090         -            735     0.009   11.8   0.0   3   3         8   3.6e+02   -3.4   0.0   373   398  2482  2507  2479  2509 0.89 -
h2tg000003l:3742837-3743019   -             61 87347at33090         -            735     0.014   11.2   0.0   1   1    0.0003     0.014   11.2   0.0   472   507     1    39     1    61 0.76 -
h2tg000019l:4632558-4633436   -            293 87347at33090         -            735     0.016   11.0   1.1   1   2      0.27        12    1.4   0.1   464   485     8    29     1    40 0.60 -
h2tg000019l:4632558-4633436   -            293 87347at33090         -            735     0.016   11.0   1.1   2   2     0.003      0.14    7.9   0.1   346   398   120   175   106   278 0.74 -
#
# Program:         hmmsearch
# Version:         3.3.2 (Nov 2020)
# Pipeline mode:   SEARCH
# Query file:      /work/sablok/grapevineassemblies/assemblyhifiasm/busco_hifiasmtriobinning/busco_downloads/lineages/viridiplantae_odb10/hmms/87347at33090.hmm
# Target file:     /work/sablok/grapevineassemblies/assemblyhifiasm/busco_hifiasmtriobinning/maternalpaternal.asm.dip.hap2.p_ctg.fa.busco/run_viridiplantae_odb10/metaeuk_output/initial_results/maternalpaternal.asm.dip.hap2.p_ctg.fa.modified.fas
# Option settings: hmmsearch --domtblout /work/sablok/grapevineassemblies/assemblyhifiasm/busco_hifiasmtriobinning/maternalpaternal.asm.dip.hap2.p_ctg.fa.busco/run_viridiplantae_odb10/hmmer_output/initial_run_results/87347at33090.out --cpu 1 /work/sablok/grapevineassemblies/assemblyhifiasm/busco_hifiasmtriobinning/busco_downloads/lineages/viridiplantae_odb10/hmms/87347at33090.hmm /work/sablok/grapevineassemblies/assemblyhifiasm/busco_hifiasmtriobinning/maternalpaternal.asm.dip.hap2.p_ctg.fa.busco/run_viridiplantae_odb10/metaeuk_output/initial_results/maternalpaternal.asm.dip.hap2.p_ctg.fa.modified.fas 
# Current dir:     /work/sablok/grapevineassemblies/assemblyhifiasm/busco_hifiasmtriobinning
# Date:            Thu Apr 18 11:36:38 2024
# [ok]
