/home/gaurav/miniconda3/envs/quast/lib/python3.6/site-packages/quast-5.0.2-py3.6.egg-info/scripts/quast.py maternalpaternal.asm.dip.hap2.p_ctg.fa -o hap2.quast

Version: 5.0.2

System information:
  OS: Linux-5.15.0-102-generic-x86_64-with-debian-bookworm-sid (linux_64)
  Python version: 3.6.13
  CPUs number: 12

Started: 2024-04-18 10:27:00

Logging to /home/gaurav/Desktop/hap2.quast/quast.log
NOTICE: Maximum number of threads is set to 3 (use --threads option to set it manually)

CWD: /home/gaurav/Desktop
Main parameters: 
  MODE: default, threads: 3, minimum contig length: 500, minimum alignment length: 65, \
  ambiguity: one, threshold for extensive misassembly size: 1000

Contigs:
  Pre-processing...
  maternalpaternal.asm.dip.hap2.p_ctg.fa ==> maternalpaternal.asm.dip.hap2.p_ctg

2024-04-18 10:27:06
Running Basic statistics processor...
  Contig files: 
    maternalpaternal.asm.dip.hap2.p_ctg
  Calculating N50 and L50...
    maternalpaternal.asm.dip.hap2.p_ctg, N50 = 23599708, L50 = 10, Total length = 502852466, GC % = 35.28, # N's per 100 kbp =  0.00
  Drawing Nx plot...
    saved to /home/gaurav/Desktop/hap2.quast/basic_stats/Nx_plot.pdf
  Drawing cumulative plot...
    saved to /home/gaurav/Desktop/hap2.quast/basic_stats/cumulative_plot.pdf
  Drawing GC content plot...
    saved to /home/gaurav/Desktop/hap2.quast/basic_stats/GC_content_plot.pdf
  Drawing maternalpaternal.asm.dip.hap2.p_ctg GC content plot...
    saved to /home/gaurav/Desktop/hap2.quast/basic_stats/maternalpaternal.asm.dip.hap2.p_ctg_GC_content_plot.pdf
Done.

NOTICE: Genes are not predicted by default. Use --gene-finding or --glimmer option to enable it.

2024-04-18 10:27:17
Creating large visual summaries...
This may take a while: press Ctrl-C to skip this step..
  1 of 2: Creating Icarus viewers...
  2 of 2: Creating PDF with all tables and plots...
Done

2024-04-18 10:27:20
RESULTS:
  Text versions of total report are saved to /home/gaurav/Desktop/hap2.quast/report.txt, report.tsv, and report.tex
  Text versions of transposed total report are saved to /home/gaurav/Desktop/hap2.quast/transposed_report.txt, transposed_report.tsv, and transposed_report.tex
  HTML version (interactive tables and plots) is saved to /home/gaurav/Desktop/hap2.quast/report.html
  PDF version (tables and plots) is saved to /home/gaurav/Desktop/hap2.quast/report.pdf
  Icarus (contig browser) is saved to /home/gaurav/Desktop/hap2.quast/icarus.html
  Log is saved to /home/gaurav/Desktop/hap2.quast/quast.log

Finished: 2024-04-18 10:27:20
Elapsed time: 0:00:19.429868
NOTICEs: 2; WARNINGs: 0; non-fatal ERRORs: 0

Thank you for using QUAST!
